<?xml version="1.0" encoding="UTF-8"?>
<testsuite xmlns:xsi="http://www.w3.org/2001/XMLSchema-instance" xsi:noNamespaceSchemaLocation="https://maven.apache.org/surefire/maven-surefire-plugin/xsd/surefire-test-report.xsd" name="com.revature.wordsaway.services.BoardServiceTest" time="16.277" tests="3587" errors="0" skipped="0" failures="0">
  <properties>
    <property name="gopherProxySet" value="false"/>
    <property name="awt.toolkit" value="sun.lwawt.macosx.LWCToolkit"/>
    <property name="file.encoding.pkg" value="sun.io"/>
    <property name="java.specification.version" value="1.8"/>
    <property name="sun.cpu.isalist" value=""/>
    <property name="sun.jnu.encoding" value="UTF-8"/>
    <property name="java.class.path" value="/Users/koukaakiva/Work/WordsAway-P2-Backend/target/test-classes:/Users/koukaakiva/Work/WordsAway-P2-Backend/target/classes:/Users/koukaakiva/.m2/repository/org/springframework/boot/spring-boot-starter-web/2.7.3/spring-boot-starter-web-2.7.3.jar:/Users/koukaakiva/.m2/repository/org/springframework/boot/spring-boot-starter/2.7.3/spring-boot-starter-2.7.3.jar:/Users/koukaakiva/.m2/repository/org/springframework/boot/spring-boot/2.7.3/spring-boot-2.7.3.jar:/Users/koukaakiva/.m2/repository/org/springframework/boot/spring-boot-autoconfigure/2.7.3/spring-boot-autoconfigure-2.7.3.jar:/Users/koukaakiva/.m2/repository/org/springframework/boot/spring-boot-starter-logging/2.7.3/spring-boot-starter-logging-2.7.3.jar:/Users/koukaakiva/.m2/repository/ch/qos/logback/logback-classic/1.2.11/logback-classic-1.2.11.jar:/Users/koukaakiva/.m2/repository/ch/qos/logback/logback-core/1.2.11/logback-core-1.2.11.jar:/Users/koukaakiva/.m2/repository/org/apache/logging/log4j/log4j-to-slf4j/2.17.2/log4j-to-slf4j-2.17.2.jar:/Users/koukaakiva/.m2/repository/org/apache/logging/log4j/log4j-api/2.17.2/log4j-api-2.17.2.jar:/Users/koukaakiva/.m2/repository/org/slf4j/jul-to-slf4j/1.7.36/jul-to-slf4j-1.7.36.jar:/Users/koukaakiva/.m2/repository/jakarta/annotation/jakarta.annotation-api/1.3.5/jakarta.annotation-api-1.3.5.jar:/Users/koukaakiva/.m2/repository/org/springframework/spring-core/5.3.22/spring-core-5.3.22.jar:/Users/koukaakiva/.m2/repository/org/springframework/spring-jcl/5.3.22/spring-jcl-5.3.22.jar:/Users/koukaakiva/.m2/repository/org/yaml/snakeyaml/1.30/snakeyaml-1.30.jar:/Users/koukaakiva/.m2/repository/org/springframework/boot/spring-boot-starter-json/2.7.3/spring-boot-starter-json-2.7.3.jar:/Users/koukaakiva/.m2/repository/com/fasterxml/jackson/datatype/jackson-datatype-jdk8/2.13.3/jackson-datatype-jdk8-2.13.3.jar:/Users/koukaakiva/.m2/repository/com/fasterxml/jackson/datatype/jackson-datatype-jsr310/2.13.3/jackson-datatype-jsr310-2.13.3.jar:/Users/koukaakiva/.m2/repository/com/fasterxml/jackson/module/jackson-module-parameter-names/2.13.3/jackson-module-parameter-names-2.13.3.jar:/Users/koukaakiva/.m2/repository/org/springframework/boot/spring-boot-starter-tomcat/2.7.3/spring-boot-starter-tomcat-2.7.3.jar:/Users/koukaakiva/.m2/repository/org/apache/tomcat/embed/tomcat-embed-core/9.0.65/tomcat-embed-core-9.0.65.jar:/Users/koukaakiva/.m2/repository/org/apache/tomcat/embed/tomcat-embed-el/9.0.65/tomcat-embed-el-9.0.65.jar:/Users/koukaakiva/.m2/repository/org/apache/tomcat/embed/tomcat-embed-websocket/9.0.65/tomcat-embed-websocket-9.0.65.jar:/Users/koukaakiva/.m2/repository/org/springframework/spring-web/5.3.22/spring-web-5.3.22.jar:/Users/koukaakiva/.m2/repository/org/springframework/spring-beans/5.3.22/spring-beans-5.3.22.jar:/Users/koukaakiva/.m2/repository/org/springframework/spring-webmvc/5.3.22/spring-webmvc-5.3.22.jar:/Users/koukaakiva/.m2/repository/org/springframework/spring-aop/5.3.22/spring-aop-5.3.22.jar:/Users/koukaakiva/.m2/repository/org/springframework/spring-context/5.3.22/spring-context-5.3.22.jar:/Users/koukaakiva/.m2/repository/org/springframework/spring-expression/5.3.22/spring-expression-5.3.22.jar:/Users/koukaakiva/.m2/repository/org/springframework/boot/spring-boot-starter-data-jpa/2.7.3/spring-boot-starter-data-jpa-2.7.3.jar:/Users/koukaakiva/.m2/repository/org/springframework/boot/spring-boot-starter-aop/2.7.3/spring-boot-starter-aop-2.7.3.jar:/Users/koukaakiva/.m2/repository/org/aspectj/aspectjweaver/1.9.7/aspectjweaver-1.9.7.jar:/Users/koukaakiva/.m2/repository/org/springframework/boot/spring-boot-starter-jdbc/2.7.3/spring-boot-starter-jdbc-2.7.3.jar:/Users/koukaakiva/.m2/repository/com/zaxxer/HikariCP/4.0.3/HikariCP-4.0.3.jar:/Users/koukaakiva/.m2/repository/org/springframework/spring-jdbc/5.3.22/spring-jdbc-5.3.22.jar:/Users/koukaakiva/.m2/repository/jakarta/transaction/jakarta.transaction-api/1.3.3/jakarta.transaction-api-1.3.3.jar:/Users/koukaakiva/.m2/repository/jakarta/persistence/jakarta.persistence-api/2.2.3/jakarta.persistence-api-2.2.3.jar:/Users/koukaakiva/.m2/repository/org/hibernate/hibernate-core/5.6.10.Final/hibernate-core-5.6.10.Final.jar:/Users/koukaakiva/.m2/repository/org/jboss/logging/jboss-logging/3.4.3.Final/jboss-logging-3.4.3.Final.jar:/Users/koukaakiva/.m2/repository/net/bytebuddy/byte-buddy/1.12.13/byte-buddy-1.12.13.jar:/Users/koukaakiva/.m2/repository/antlr/antlr/2.7.7/antlr-2.7.7.jar:/Users/koukaakiva/.m2/repository/org/jboss/jandex/2.4.2.Final/jandex-2.4.2.Final.jar:/Users/koukaakiva/.m2/repository/com/fasterxml/classmate/1.5.1/classmate-1.5.1.jar:/Users/koukaakiva/.m2/repository/org/hibernate/common/hibernate-commons-annotations/5.1.2.Final/hibernate-commons-annotations-5.1.2.Final.jar:/Users/koukaakiva/.m2/repository/org/glassfish/jaxb/jaxb-runtime/2.3.6/jaxb-runtime-2.3.6.jar:/Users/koukaakiva/.m2/repository/jakarta/xml/bind/jakarta.xml.bind-api/2.3.3/jakarta.xml.bind-api-2.3.3.jar:/Users/koukaakiva/.m2/repository/org/glassfish/jaxb/txw2/2.3.6/txw2-2.3.6.jar:/Users/koukaakiva/.m2/repository/com/sun/istack/istack-commons-runtime/3.0.12/istack-commons-runtime-3.0.12.jar:/Users/koukaakiva/.m2/repository/com/sun/activation/jakarta.activation/1.2.2/jakarta.activation-1.2.2.jar:/Users/koukaakiva/.m2/repository/org/springframework/data/spring-data-jpa/2.7.2/spring-data-jpa-2.7.2.jar:/Users/koukaakiva/.m2/repository/org/springframework/data/spring-data-commons/2.7.2/spring-data-commons-2.7.2.jar:/Users/koukaakiva/.m2/repository/org/springframework/spring-orm/5.3.22/spring-orm-5.3.22.jar:/Users/koukaakiva/.m2/repository/org/springframework/spring-tx/5.3.22/spring-tx-5.3.22.jar:/Users/koukaakiva/.m2/repository/org/slf4j/slf4j-api/1.7.36/slf4j-api-1.7.36.jar:/Users/koukaakiva/.m2/repository/org/springframework/spring-aspects/5.3.22/spring-aspects-5.3.22.jar:/Users/koukaakiva/.m2/repository/org/postgresql/postgresql/42.5.0/postgresql-42.5.0.jar:/Users/koukaakiva/.m2/repository/org/checkerframework/checker-qual/3.5.0/checker-qual-3.5.0.jar:/Users/koukaakiva/.m2/repository/io/jsonwebtoken/jjwt/0.9.1/jjwt-0.9.1.jar:/Users/koukaakiva/.m2/repository/net/sourceforge/htmlunit/htmlunit/2.64.0/htmlunit-2.64.0.jar:/Users/koukaakiva/.m2/repository/xalan/xalan/2.7.2/xalan-2.7.2.jar:/Users/koukaakiva/.m2/repository/xalan/serializer/2.7.2/serializer-2.7.2.jar:/Users/koukaakiva/.m2/repository/org/apache/httpcomponents/httpmime/4.5.13/httpmime-4.5.13.jar:/Users/koukaakiva/.m2/repository/org/apache/httpcomponents/httpclient/4.5.13/httpclient-4.5.13.jar:/Users/koukaakiva/.m2/repository/org/apache/httpcomponents/httpcore/4.4.15/httpcore-4.4.15.jar:/Users/koukaakiva/.m2/repository/net/sourceforge/htmlunit/htmlunit-core-js/2.64.0/htmlunit-core-js-2.64.0.jar:/Users/koukaakiva/.m2/repository/net/sourceforge/htmlunit/neko-htmlunit/2.64.0/neko-htmlunit-2.64.0.jar:/Users/koukaakiva/.m2/repository/xerces/xercesImpl/2.12.2/xercesImpl-2.12.2.jar:/Users/koukaakiva/.m2/repository/xml-apis/xml-apis/1.4.01/xml-apis-1.4.01.jar:/Users/koukaakiva/.m2/repository/net/sourceforge/htmlunit/htmlunit-cssparser/1.12.0/htmlunit-cssparser-1.12.0.jar:/Users/koukaakiva/.m2/repository/org/apache/commons/commons-lang3/3.12.0/commons-lang3-3.12.0.jar:/Users/koukaakiva/.m2/repository/org/apache/commons/commons-text/1.9/commons-text-1.9.jar:/Users/koukaakiva/.m2/repository/commons-io/commons-io/2.10.0/commons-io-2.10.0.jar:/Users/koukaakiva/.m2/repository/commons-net/commons-net/3.8.0/commons-net-3.8.0.jar:/Users/koukaakiva/.m2/repository/commons-codec/commons-codec/1.15/commons-codec-1.15.jar:/Users/koukaakiva/.m2/repository/org/brotli/dec/0.1.2/dec-0.1.2.jar:/Users/koukaakiva/.m2/repository/com/shapesecurity/salvation2/3.0.1/salvation2-3.0.1.jar:/Users/koukaakiva/.m2/repository/org/eclipse/jetty/websocket/websocket-client/9.4.48.v20220622/websocket-client-9.4.48.v20220622.jar:/Users/koukaakiva/.m2/repository/org/eclipse/jetty/jetty-client/9.4.48.v20220622/jetty-client-9.4.48.v20220622.jar:/Users/koukaakiva/.m2/repository/org/eclipse/jetty/jetty-http/9.4.48.v20220622/jetty-http-9.4.48.v20220622.jar:/Users/koukaakiva/.m2/repository/org/eclipse/jetty/jetty-util/9.4.48.v20220622/jetty-util-9.4.48.v20220622.jar:/Users/koukaakiva/.m2/repository/org/eclipse/jetty/jetty-io/9.4.48.v20220622/jetty-io-9.4.48.v20220622.jar:/Users/koukaakiva/.m2/repository/org/eclipse/jetty/websocket/websocket-common/9.4.48.v20220622/websocket-common-9.4.48.v20220622.jar:/Users/koukaakiva/.m2/repository/org/eclipse/jetty/websocket/websocket-api/9.4.48.v20220622/websocket-api-9.4.48.v20220622.jar:/Users/koukaakiva/.m2/repository/com/fasterxml/jackson/core/jackson-databind/2.13.4/jackson-databind-2.13.4.jar:/Users/koukaakiva/.m2/repository/com/fasterxml/jackson/core/jackson-annotations/2.13.3/jackson-annotations-2.13.3.jar:/Users/koukaakiva/.m2/repository/com/fasterxml/jackson/core/jackson-core/2.13.3/jackson-core-2.13.3.jar:/Users/koukaakiva/.m2/repository/org/mockito/mockito-inline/4.8.0/mockito-inline-4.8.0.jar:/Users/koukaakiva/.m2/repository/org/mockito/mockito-core/4.5.1/mockito-core-4.5.1.jar:/Users/koukaakiva/.m2/repository/net/bytebuddy/byte-buddy-agent/1.12.13/byte-buddy-agent-1.12.13.jar:/Users/koukaakiva/.m2/repository/org/objenesis/objenesis/3.2/objenesis-3.2.jar:/Users/koukaakiva/.m2/repository/org/junit/jupiter/junit-jupiter/5.8.2/junit-jupiter-5.8.2.jar:/Users/koukaakiva/.m2/repository/org/junit/jupiter/junit-jupiter-api/5.8.2/junit-jupiter-api-5.8.2.jar:/Users/koukaakiva/.m2/repository/org/opentest4j/opentest4j/1.2.0/opentest4j-1.2.0.jar:/Users/koukaakiva/.m2/repository/org/junit/platform/junit-platform-commons/1.8.2/junit-platform-commons-1.8.2.jar:/Users/koukaakiva/.m2/repository/org/apiguardian/apiguardian-api/1.1.2/apiguardian-api-1.1.2.jar:/Users/koukaakiva/.m2/repository/org/junit/jupiter/junit-jupiter-params/5.8.2/junit-jupiter-params-5.8.2.jar:/Users/koukaakiva/.m2/repository/org/junit/jupiter/junit-jupiter-engine/5.8.2/junit-jupiter-engine-5.8.2.jar:/Users/koukaakiva/.m2/repository/org/junit/platform/junit-platform-engine/1.8.2/junit-platform-engine-1.8.2.jar:/Users/koukaakiva/.m2/repository/junit/junit/4.13.2/junit-4.13.2.jar:/Users/koukaakiva/.m2/repository/org/hamcrest/hamcrest-core/2.2/hamcrest-core-2.2.jar:/Users/koukaakiva/.m2/repository/org/hamcrest/hamcrest/2.2/hamcrest-2.2.jar:"/>
    <property name="java.vm.vendor" value="Oracle Corporation"/>
    <property name="sun.arch.data.model" value="64"/>
    <property name="java.vendor.url" value="http://java.oracle.com/"/>
    <property name="user.timezone" value=""/>
    <property name="java.vm.specification.version" value="1.8"/>
    <property name="os.name" value="Mac OS X"/>
    <property name="user.country" value="US"/>
    <property name="sun.java.launcher" value="SUN_STANDARD"/>
    <property name="sun.boot.library.path" value="/Library/Java/JavaVirtualMachines/jdk1.8.0_341.jdk/Contents/Home/jre/lib"/>
    <property name="sun.java.command" value="/Users/koukaakiva/Work/WordsAway-P2-Backend/target/surefire/surefirebooter5457933327870683720.jar /Users/koukaakiva/Work/WordsAway-P2-Backend/target/surefire 2022-09-25T12-35-55_434-jvmRun1 surefire7840432337027338559tmp surefire_06519017811042233585tmp"/>
    <property name="http.nonProxyHosts" value="local|*.local|169.254/16|*.169.254/16"/>
    <property name="surefire.test.class.path" value="/Users/koukaakiva/Work/WordsAway-P2-Backend/target/test-classes:/Users/koukaakiva/Work/WordsAway-P2-Backend/target/classes:/Users/koukaakiva/.m2/repository/org/springframework/boot/spring-boot-starter-web/2.7.3/spring-boot-starter-web-2.7.3.jar:/Users/koukaakiva/.m2/repository/org/springframework/boot/spring-boot-starter/2.7.3/spring-boot-starter-2.7.3.jar:/Users/koukaakiva/.m2/repository/org/springframework/boot/spring-boot/2.7.3/spring-boot-2.7.3.jar:/Users/koukaakiva/.m2/repository/org/springframework/boot/spring-boot-autoconfigure/2.7.3/spring-boot-autoconfigure-2.7.3.jar:/Users/koukaakiva/.m2/repository/org/springframework/boot/spring-boot-starter-logging/2.7.3/spring-boot-starter-logging-2.7.3.jar:/Users/koukaakiva/.m2/repository/ch/qos/logback/logback-classic/1.2.11/logback-classic-1.2.11.jar:/Users/koukaakiva/.m2/repository/ch/qos/logback/logback-core/1.2.11/logback-core-1.2.11.jar:/Users/koukaakiva/.m2/repository/org/apache/logging/log4j/log4j-to-slf4j/2.17.2/log4j-to-slf4j-2.17.2.jar:/Users/koukaakiva/.m2/repository/org/apache/logging/log4j/log4j-api/2.17.2/log4j-api-2.17.2.jar:/Users/koukaakiva/.m2/repository/org/slf4j/jul-to-slf4j/1.7.36/jul-to-slf4j-1.7.36.jar:/Users/koukaakiva/.m2/repository/jakarta/annotation/jakarta.annotation-api/1.3.5/jakarta.annotation-api-1.3.5.jar:/Users/koukaakiva/.m2/repository/org/springframework/spring-core/5.3.22/spring-core-5.3.22.jar:/Users/koukaakiva/.m2/repository/org/springframework/spring-jcl/5.3.22/spring-jcl-5.3.22.jar:/Users/koukaakiva/.m2/repository/org/yaml/snakeyaml/1.30/snakeyaml-1.30.jar:/Users/koukaakiva/.m2/repository/org/springframework/boot/spring-boot-starter-json/2.7.3/spring-boot-starter-json-2.7.3.jar:/Users/koukaakiva/.m2/repository/com/fasterxml/jackson/datatype/jackson-datatype-jdk8/2.13.3/jackson-datatype-jdk8-2.13.3.jar:/Users/koukaakiva/.m2/repository/com/fasterxml/jackson/datatype/jackson-datatype-jsr310/2.13.3/jackson-datatype-jsr310-2.13.3.jar:/Users/koukaakiva/.m2/repository/com/fasterxml/jackson/module/jackson-module-parameter-names/2.13.3/jackson-module-parameter-names-2.13.3.jar:/Users/koukaakiva/.m2/repository/org/springframework/boot/spring-boot-starter-tomcat/2.7.3/spring-boot-starter-tomcat-2.7.3.jar:/Users/koukaakiva/.m2/repository/org/apache/tomcat/embed/tomcat-embed-core/9.0.65/tomcat-embed-core-9.0.65.jar:/Users/koukaakiva/.m2/repository/org/apache/tomcat/embed/tomcat-embed-el/9.0.65/tomcat-embed-el-9.0.65.jar:/Users/koukaakiva/.m2/repository/org/apache/tomcat/embed/tomcat-embed-websocket/9.0.65/tomcat-embed-websocket-9.0.65.jar:/Users/koukaakiva/.m2/repository/org/springframework/spring-web/5.3.22/spring-web-5.3.22.jar:/Users/koukaakiva/.m2/repository/org/springframework/spring-beans/5.3.22/spring-beans-5.3.22.jar:/Users/koukaakiva/.m2/repository/org/springframework/spring-webmvc/5.3.22/spring-webmvc-5.3.22.jar:/Users/koukaakiva/.m2/repository/org/springframework/spring-aop/5.3.22/spring-aop-5.3.22.jar:/Users/koukaakiva/.m2/repository/org/springframework/spring-context/5.3.22/spring-context-5.3.22.jar:/Users/koukaakiva/.m2/repository/org/springframework/spring-expression/5.3.22/spring-expression-5.3.22.jar:/Users/koukaakiva/.m2/repository/org/springframework/boot/spring-boot-starter-data-jpa/2.7.3/spring-boot-starter-data-jpa-2.7.3.jar:/Users/koukaakiva/.m2/repository/org/springframework/boot/spring-boot-starter-aop/2.7.3/spring-boot-starter-aop-2.7.3.jar:/Users/koukaakiva/.m2/repository/org/aspectj/aspectjweaver/1.9.7/aspectjweaver-1.9.7.jar:/Users/koukaakiva/.m2/repository/org/springframework/boot/spring-boot-starter-jdbc/2.7.3/spring-boot-starter-jdbc-2.7.3.jar:/Users/koukaakiva/.m2/repository/com/zaxxer/HikariCP/4.0.3/HikariCP-4.0.3.jar:/Users/koukaakiva/.m2/repository/org/springframework/spring-jdbc/5.3.22/spring-jdbc-5.3.22.jar:/Users/koukaakiva/.m2/repository/jakarta/transaction/jakarta.transaction-api/1.3.3/jakarta.transaction-api-1.3.3.jar:/Users/koukaakiva/.m2/repository/jakarta/persistence/jakarta.persistence-api/2.2.3/jakarta.persistence-api-2.2.3.jar:/Users/koukaakiva/.m2/repository/org/hibernate/hibernate-core/5.6.10.Final/hibernate-core-5.6.10.Final.jar:/Users/koukaakiva/.m2/repository/org/jboss/logging/jboss-logging/3.4.3.Final/jboss-logging-3.4.3.Final.jar:/Users/koukaakiva/.m2/repository/net/bytebuddy/byte-buddy/1.12.13/byte-buddy-1.12.13.jar:/Users/koukaakiva/.m2/repository/antlr/antlr/2.7.7/antlr-2.7.7.jar:/Users/koukaakiva/.m2/repository/org/jboss/jandex/2.4.2.Final/jandex-2.4.2.Final.jar:/Users/koukaakiva/.m2/repository/com/fasterxml/classmate/1.5.1/classmate-1.5.1.jar:/Users/koukaakiva/.m2/repository/org/hibernate/common/hibernate-commons-annotations/5.1.2.Final/hibernate-commons-annotations-5.1.2.Final.jar:/Users/koukaakiva/.m2/repository/org/glassfish/jaxb/jaxb-runtime/2.3.6/jaxb-runtime-2.3.6.jar:/Users/koukaakiva/.m2/repository/jakarta/xml/bind/jakarta.xml.bind-api/2.3.3/jakarta.xml.bind-api-2.3.3.jar:/Users/koukaakiva/.m2/repository/org/glassfish/jaxb/txw2/2.3.6/txw2-2.3.6.jar:/Users/koukaakiva/.m2/repository/com/sun/istack/istack-commons-runtime/3.0.12/istack-commons-runtime-3.0.12.jar:/Users/koukaakiva/.m2/repository/com/sun/activation/jakarta.activation/1.2.2/jakarta.activation-1.2.2.jar:/Users/koukaakiva/.m2/repository/org/springframework/data/spring-data-jpa/2.7.2/spring-data-jpa-2.7.2.jar:/Users/koukaakiva/.m2/repository/org/springframework/data/spring-data-commons/2.7.2/spring-data-commons-2.7.2.jar:/Users/koukaakiva/.m2/repository/org/springframework/spring-orm/5.3.22/spring-orm-5.3.22.jar:/Users/koukaakiva/.m2/repository/org/springframework/spring-tx/5.3.22/spring-tx-5.3.22.jar:/Users/koukaakiva/.m2/repository/org/slf4j/slf4j-api/1.7.36/slf4j-api-1.7.36.jar:/Users/koukaakiva/.m2/repository/org/springframework/spring-aspects/5.3.22/spring-aspects-5.3.22.jar:/Users/koukaakiva/.m2/repository/org/postgresql/postgresql/42.5.0/postgresql-42.5.0.jar:/Users/koukaakiva/.m2/repository/org/checkerframework/checker-qual/3.5.0/checker-qual-3.5.0.jar:/Users/koukaakiva/.m2/repository/io/jsonwebtoken/jjwt/0.9.1/jjwt-0.9.1.jar:/Users/koukaakiva/.m2/repository/net/sourceforge/htmlunit/htmlunit/2.64.0/htmlunit-2.64.0.jar:/Users/koukaakiva/.m2/repository/xalan/xalan/2.7.2/xalan-2.7.2.jar:/Users/koukaakiva/.m2/repository/xalan/serializer/2.7.2/serializer-2.7.2.jar:/Users/koukaakiva/.m2/repository/org/apache/httpcomponents/httpmime/4.5.13/httpmime-4.5.13.jar:/Users/koukaakiva/.m2/repository/org/apache/httpcomponents/httpclient/4.5.13/httpclient-4.5.13.jar:/Users/koukaakiva/.m2/repository/org/apache/httpcomponents/httpcore/4.4.15/httpcore-4.4.15.jar:/Users/koukaakiva/.m2/repository/net/sourceforge/htmlunit/htmlunit-core-js/2.64.0/htmlunit-core-js-2.64.0.jar:/Users/koukaakiva/.m2/repository/net/sourceforge/htmlunit/neko-htmlunit/2.64.0/neko-htmlunit-2.64.0.jar:/Users/koukaakiva/.m2/repository/xerces/xercesImpl/2.12.2/xercesImpl-2.12.2.jar:/Users/koukaakiva/.m2/repository/xml-apis/xml-apis/1.4.01/xml-apis-1.4.01.jar:/Users/koukaakiva/.m2/repository/net/sourceforge/htmlunit/htmlunit-cssparser/1.12.0/htmlunit-cssparser-1.12.0.jar:/Users/koukaakiva/.m2/repository/org/apache/commons/commons-lang3/3.12.0/commons-lang3-3.12.0.jar:/Users/koukaakiva/.m2/repository/org/apache/commons/commons-text/1.9/commons-text-1.9.jar:/Users/koukaakiva/.m2/repository/commons-io/commons-io/2.10.0/commons-io-2.10.0.jar:/Users/koukaakiva/.m2/repository/commons-net/commons-net/3.8.0/commons-net-3.8.0.jar:/Users/koukaakiva/.m2/repository/commons-codec/commons-codec/1.15/commons-codec-1.15.jar:/Users/koukaakiva/.m2/repository/org/brotli/dec/0.1.2/dec-0.1.2.jar:/Users/koukaakiva/.m2/repository/com/shapesecurity/salvation2/3.0.1/salvation2-3.0.1.jar:/Users/koukaakiva/.m2/repository/org/eclipse/jetty/websocket/websocket-client/9.4.48.v20220622/websocket-client-9.4.48.v20220622.jar:/Users/koukaakiva/.m2/repository/org/eclipse/jetty/jetty-client/9.4.48.v20220622/jetty-client-9.4.48.v20220622.jar:/Users/koukaakiva/.m2/repository/org/eclipse/jetty/jetty-http/9.4.48.v20220622/jetty-http-9.4.48.v20220622.jar:/Users/koukaakiva/.m2/repository/org/eclipse/jetty/jetty-util/9.4.48.v20220622/jetty-util-9.4.48.v20220622.jar:/Users/koukaakiva/.m2/repository/org/eclipse/jetty/jetty-io/9.4.48.v20220622/jetty-io-9.4.48.v20220622.jar:/Users/koukaakiva/.m2/repository/org/eclipse/jetty/websocket/websocket-common/9.4.48.v20220622/websocket-common-9.4.48.v20220622.jar:/Users/koukaakiva/.m2/repository/org/eclipse/jetty/websocket/websocket-api/9.4.48.v20220622/websocket-api-9.4.48.v20220622.jar:/Users/koukaakiva/.m2/repository/com/fasterxml/jackson/core/jackson-databind/2.13.4/jackson-databind-2.13.4.jar:/Users/koukaakiva/.m2/repository/com/fasterxml/jackson/core/jackson-annotations/2.13.3/jackson-annotations-2.13.3.jar:/Users/koukaakiva/.m2/repository/com/fasterxml/jackson/core/jackson-core/2.13.3/jackson-core-2.13.3.jar:/Users/koukaakiva/.m2/repository/org/mockito/mockito-inline/4.8.0/mockito-inline-4.8.0.jar:/Users/koukaakiva/.m2/repository/org/mockito/mockito-core/4.5.1/mockito-core-4.5.1.jar:/Users/koukaakiva/.m2/repository/net/bytebuddy/byte-buddy-agent/1.12.13/byte-buddy-agent-1.12.13.jar:/Users/koukaakiva/.m2/repository/org/objenesis/objenesis/3.2/objenesis-3.2.jar:/Users/koukaakiva/.m2/repository/org/junit/jupiter/junit-jupiter/5.8.2/junit-jupiter-5.8.2.jar:/Users/koukaakiva/.m2/repository/org/junit/jupiter/junit-jupiter-api/5.8.2/junit-jupiter-api-5.8.2.jar:/Users/koukaakiva/.m2/repository/org/opentest4j/opentest4j/1.2.0/opentest4j-1.2.0.jar:/Users/koukaakiva/.m2/repository/org/junit/platform/junit-platform-commons/1.8.2/junit-platform-commons-1.8.2.jar:/Users/koukaakiva/.m2/repository/org/apiguardian/apiguardian-api/1.1.2/apiguardian-api-1.1.2.jar:/Users/koukaakiva/.m2/repository/org/junit/jupiter/junit-jupiter-params/5.8.2/junit-jupiter-params-5.8.2.jar:/Users/koukaakiva/.m2/repository/org/junit/jupiter/junit-jupiter-engine/5.8.2/junit-jupiter-engine-5.8.2.jar:/Users/koukaakiva/.m2/repository/org/junit/platform/junit-platform-engine/1.8.2/junit-platform-engine-1.8.2.jar:/Users/koukaakiva/.m2/repository/junit/junit/4.13.2/junit-4.13.2.jar:/Users/koukaakiva/.m2/repository/org/hamcrest/hamcrest-core/2.2/hamcrest-core-2.2.jar:/Users/koukaakiva/.m2/repository/org/hamcrest/hamcrest/2.2/hamcrest-2.2.jar:"/>
    <property name="sun.cpu.endian" value="little"/>
    <property name="user.home" value="/Users/koukaakiva"/>
    <property name="user.language" value="en"/>
    <property name="java.specification.vendor" value="Oracle Corporation"/>
    <property name="java.home" value="/Library/Java/JavaVirtualMachines/jdk1.8.0_341.jdk/Contents/Home/jre"/>
    <property name="basedir" value="/Users/koukaakiva/Work/WordsAway-P2-Backend"/>
    <property name="file.separator" value="/"/>
    <property name="line.separator" value="&#10;"/>
    <property name="java.vm.specification.vendor" value="Oracle Corporation"/>
    <property name="java.specification.name" value="Java Platform API Specification"/>
    <property name="java.awt.graphicsenv" value="sun.awt.CGraphicsEnvironment"/>
    <property name="surefire.real.class.path" value="/Users/koukaakiva/Work/WordsAway-P2-Backend/target/surefire/surefirebooter5457933327870683720.jar"/>
    <property name="sun.boot.class.path" value="/Library/Java/JavaVirtualMachines/jdk1.8.0_341.jdk/Contents/Home/jre/lib/resources.jar:/Library/Java/JavaVirtualMachines/jdk1.8.0_341.jdk/Contents/Home/jre/lib/rt.jar:/Library/Java/JavaVirtualMachines/jdk1.8.0_341.jdk/Contents/Home/jre/lib/jsse.jar:/Library/Java/JavaVirtualMachines/jdk1.8.0_341.jdk/Contents/Home/jre/lib/jce.jar:/Library/Java/JavaVirtualMachines/jdk1.8.0_341.jdk/Contents/Home/jre/lib/charsets.jar:/Library/Java/JavaVirtualMachines/jdk1.8.0_341.jdk/Contents/Home/jre/lib/jfr.jar:/Library/Java/JavaVirtualMachines/jdk1.8.0_341.jdk/Contents/Home/jre/classes"/>
    <property name="sun.management.compiler" value="HotSpot 64-Bit Tiered Compilers"/>
    <property name="ftp.nonProxyHosts" value="local|*.local|169.254/16|*.169.254/16"/>
    <property name="java.runtime.version" value="1.8.0_341-b10"/>
    <property name="user.name" value="koukaakiva"/>
    <property name="path.separator" value=":"/>
    <property name="os.version" value="12.6"/>
    <property name="java.endorsed.dirs" value="/Library/Java/JavaVirtualMachines/jdk1.8.0_341.jdk/Contents/Home/jre/lib/endorsed"/>
    <property name="java.runtime.name" value="Java(TM) SE Runtime Environment"/>
    <property name="file.encoding" value="UTF-8"/>
    <property name="java.vm.name" value="Java HotSpot(TM) 64-Bit Server VM"/>
    <property name="localRepository" value="/Users/koukaakiva/.m2/repository"/>
    <property name="java.vendor.url.bug" value="http://bugreport.sun.com/bugreport/"/>
    <property name="java.io.tmpdir" value="/var/folders/jy/s_6n9hvj4gzfv7zp6hyd_h7c0000gn/T/"/>
    <property name="java.version" value="1.8.0_341"/>
    <property name="user.dir" value="/Users/koukaakiva/Work/WordsAway-P2-Backend"/>
    <property name="os.arch" value="x86_64"/>
    <property name="java.vm.specification.name" value="Java Virtual Machine Specification"/>
    <property name="java.awt.printerjob" value="sun.lwawt.macosx.CPrinterJob"/>
    <property name="sun.os.patch.level" value="unknown"/>
    <property name="java.library.path" value="/Users/koukaakiva/Library/Java/Extensions:/Library/Java/Extensions:/Network/Library/Java/Extensions:/System/Library/Java/Extensions:/usr/lib/java:."/>
    <property name="java.vm.info" value="mixed mode"/>
    <property name="java.vendor" value="Oracle Corporation"/>
    <property name="java.vm.version" value="25.341-b10"/>
    <property name="java.ext.dirs" value="/Users/koukaakiva/Library/Java/Extensions:/Library/Java/JavaVirtualMachines/jdk1.8.0_341.jdk/Contents/Home/jre/lib/ext:/Library/Java/Extensions:/Network/Library/Java/Extensions:/System/Library/Java/Extensions:/usr/lib/java"/>
    <property name="sun.io.unicode.encoding" value="UnicodeBig"/>
    <property name="java.class.version" value="52.0"/>
    <property name="socksNonProxyHosts" value="local|*.local|169.254/16|*.169.254/16"/>
  </properties>
  <testcase name="test_endGame_succeed" classname="com.revature.wordsaway.services.BoardServiceTest" time="0.751"/>
  <testcase name="test_getByID_succeed" classname="com.revature.wordsaway.services.BoardServiceTest" time="0.019"/>
  <testcase name="test_calculateELO_WinWithLessELO_succeed" classname="com.revature.wordsaway.services.BoardServiceTest" time="0.004"/>
  <testcase name="test_register_succeed" classname="com.revature.wordsaway.services.BoardServiceTest" time="0.044"/>
  <testcase name="test_validateMove_TwoAsteriskSameRowMoveOnBlankBoard_fail{RepetitionInfo}[1]" classname="com.revature.wordsaway.services.BoardServiceTest" time="0.031"/>
  <testcase name="test_validateMove_TwoAsteriskSameRowMoveOnBlankBoard_fail{RepetitionInfo}[2]" classname="com.revature.wordsaway.services.BoardServiceTest" time="0.011"/>
  <testcase name="test_validateMove_TwoAsteriskSameRowMoveOnBlankBoard_fail{RepetitionInfo}[3]" classname="com.revature.wordsaway.services.BoardServiceTest" time="0.015"/>
  <testcase name="test_validateMove_TwoAsteriskSameRowMoveOnBlankBoard_fail{RepetitionInfo}[4]" classname="com.revature.wordsaway.services.BoardServiceTest" time="0.008"/>
  <testcase name="test_validateMove_TwoAsteriskSameRowMoveOnBlankBoard_fail{RepetitionInfo}[5]" classname="com.revature.wordsaway.services.BoardServiceTest" time="0.009"/>
  <testcase name="test_validateMove_TwoAsteriskSameRowMoveOnBlankBoard_fail{RepetitionInfo}[6]" classname="com.revature.wordsaway.services.BoardServiceTest" time="0.01"/>
  <testcase name="test_validateMove_TwoAsteriskSameRowMoveOnBlankBoard_fail{RepetitionInfo}[7]" classname="com.revature.wordsaway.services.BoardServiceTest" time="0.01"/>
  <testcase name="test_validateMove_TwoAsteriskSameRowMoveOnBlankBoard_fail{RepetitionInfo}[8]" classname="com.revature.wordsaway.services.BoardServiceTest" time="0.009"/>
  <testcase name="test_validateMove_TwoAsteriskSameRowMoveOnBlankBoard_fail{RepetitionInfo}[9]" classname="com.revature.wordsaway.services.BoardServiceTest" time="0.028"/>
  <testcase name="test_validateMove_TwoAsteriskSameRowMoveOnBlankBoard_fail{RepetitionInfo}[10]" classname="com.revature.wordsaway.services.BoardServiceTest" time="0.02"/>
  <testcase name="test_validateMove_TwoAsteriskSameRowMoveOnBlankBoard_fail{RepetitionInfo}[11]" classname="com.revature.wordsaway.services.BoardServiceTest" time="0.015"/>
  <testcase name="test_validateMove_TwoAsteriskSameRowMoveOnBlankBoard_fail{RepetitionInfo}[12]" classname="com.revature.wordsaway.services.BoardServiceTest" time="0.017"/>
  <testcase name="test_validateMove_TwoAsteriskSameRowMoveOnBlankBoard_fail{RepetitionInfo}[13]" classname="com.revature.wordsaway.services.BoardServiceTest" time="0.008"/>
  <testcase name="test_validateMove_TwoAsteriskSameRowMoveOnBlankBoard_fail{RepetitionInfo}[14]" classname="com.revature.wordsaway.services.BoardServiceTest" time="0.007"/>
  <testcase name="test_validateMove_TwoAsteriskSameRowMoveOnBlankBoard_fail{RepetitionInfo}[15]" classname="com.revature.wordsaway.services.BoardServiceTest" time="0.006"/>
  <testcase name="test_validateMove_TwoAsteriskSameRowMoveOnBlankBoard_fail{RepetitionInfo}[16]" classname="com.revature.wordsaway.services.BoardServiceTest" time="0.002"/>
  <testcase name="test_validateMove_TwoAsteriskSameRowMoveOnBlankBoard_fail{RepetitionInfo}[17]" classname="com.revature.wordsaway.services.BoardServiceTest" time="0.008"/>
  <testcase name="test_validateMove_TwoAsteriskSameRowMoveOnBlankBoard_fail{RepetitionInfo}[18]" classname="com.revature.wordsaway.services.BoardServiceTest" time="0.014"/>
  <testcase name="test_validateMove_TwoAsteriskSameRowMoveOnBlankBoard_fail{RepetitionInfo}[19]" classname="com.revature.wordsaway.services.BoardServiceTest" time="0.005"/>
  <testcase name="test_validateMove_TwoAsteriskSameRowMoveOnBlankBoard_fail{RepetitionInfo}[20]" classname="com.revature.wordsaway.services.BoardServiceTest" time="0.015"/>
  <testcase name="test_validateMove_TwoAsteriskSameRowMoveOnBlankBoard_fail{RepetitionInfo}[21]" classname="com.revature.wordsaway.services.BoardServiceTest" time="0.012"/>
  <testcase name="test_validateMove_TwoAsteriskSameRowMoveOnBlankBoard_fail{RepetitionInfo}[22]" classname="com.revature.wordsaway.services.BoardServiceTest" time="0.011"/>
  <testcase name="test_validateMove_TwoAsteriskSameRowMoveOnBlankBoard_fail{RepetitionInfo}[23]" classname="com.revature.wordsaway.services.BoardServiceTest" time="0.012"/>
  <testcase name="test_validateMove_TwoAsteriskSameRowMoveOnBlankBoard_fail{RepetitionInfo}[24]" classname="com.revature.wordsaway.services.BoardServiceTest" time="0.01"/>
  <testcase name="test_validateMove_TwoAsteriskSameRowMoveOnBlankBoard_fail{RepetitionInfo}[25]" classname="com.revature.wordsaway.services.BoardServiceTest" time="0.006"/>
  <testcase name="test_validateMove_TwoAsteriskSameRowMoveOnBlankBoard_fail{RepetitionInfo}[26]" classname="com.revature.wordsaway.services.BoardServiceTest" time="0.006"/>
  <testcase name="test_validateMove_TwoAsteriskSameRowMoveOnBlankBoard_fail{RepetitionInfo}[27]" classname="com.revature.wordsaway.services.BoardServiceTest" time="0.007"/>
  <testcase name="test_validateMove_TwoAsteriskSameRowMoveOnBlankBoard_fail{RepetitionInfo}[28]" classname="com.revature.wordsaway.services.BoardServiceTest" time="0.012"/>
  <testcase name="test_validateMove_TwoAsteriskSameRowMoveOnBlankBoard_fail{RepetitionInfo}[29]" classname="com.revature.wordsaway.services.BoardServiceTest" time="0.008"/>
  <testcase name="test_validateMove_TwoAsteriskSameRowMoveOnBlankBoard_fail{RepetitionInfo}[30]" classname="com.revature.wordsaway.services.BoardServiceTest" time="0.006"/>
  <testcase name="test_validateMove_TwoAsteriskSameRowMoveOnBlankBoard_fail{RepetitionInfo}[31]" classname="com.revature.wordsaway.services.BoardServiceTest" time="0.007"/>
  <testcase name="test_validateMove_TwoAsteriskSameRowMoveOnBlankBoard_fail{RepetitionInfo}[32]" classname="com.revature.wordsaway.services.BoardServiceTest" time="0.001"/>
  <testcase name="test_validateMove_TwoAsteriskSameRowMoveOnBlankBoard_fail{RepetitionInfo}[33]" classname="com.revature.wordsaway.services.BoardServiceTest" time="0.006"/>
  <testcase name="test_validateMove_TwoAsteriskSameRowMoveOnBlankBoard_fail{RepetitionInfo}[34]" classname="com.revature.wordsaway.services.BoardServiceTest" time="0.006"/>
  <testcase name="test_validateMove_TwoAsteriskSameRowMoveOnBlankBoard_fail{RepetitionInfo}[35]" classname="com.revature.wordsaway.services.BoardServiceTest" time="0.006"/>
  <testcase name="test_validateMove_TwoAsteriskSameRowMoveOnBlankBoard_fail{RepetitionInfo}[36]" classname="com.revature.wordsaway.services.BoardServiceTest" time="0.004"/>
  <testcase name="test_validateMove_TwoAsteriskSameRowMoveOnBlankBoard_fail{RepetitionInfo}[37]" classname="com.revature.wordsaway.services.BoardServiceTest" time="0.006"/>
  <testcase name="test_validateMove_TwoAsteriskSameRowMoveOnBlankBoard_fail{RepetitionInfo}[38]" classname="com.revature.wordsaway.services.BoardServiceTest" time="0.005"/>
  <testcase name="test_validateMove_TwoAsteriskSameRowMoveOnBlankBoard_fail{RepetitionInfo}[39]" classname="com.revature.wordsaway.services.BoardServiceTest" time="0.008"/>
  <testcase name="test_validateMove_TwoAsteriskSameRowMoveOnBlankBoard_fail{RepetitionInfo}[40]" classname="com.revature.wordsaway.services.BoardServiceTest" time="0.006"/>
  <testcase name="test_validateMove_TwoAsteriskSameRowMoveOnBlankBoard_fail{RepetitionInfo}[41]" classname="com.revature.wordsaway.services.BoardServiceTest" time="0.005"/>
  <testcase name="test_validateMove_TwoAsteriskSameRowMoveOnBlankBoard_fail{RepetitionInfo}[42]" classname="com.revature.wordsaway.services.BoardServiceTest" time="0.005"/>
  <testcase name="test_validateMove_TwoAsteriskSameRowMoveOnBlankBoard_fail{RepetitionInfo}[43]" classname="com.revature.wordsaway.services.BoardServiceTest" time="0.004"/>
  <testcase name="test_validateMove_TwoAsteriskSameRowMoveOnBlankBoard_fail{RepetitionInfo}[44]" classname="com.revature.wordsaway.services.BoardServiceTest" time="0.005"/>
  <testcase name="test_validateMove_TwoAsteriskSameRowMoveOnBlankBoard_fail{RepetitionInfo}[45]" classname="com.revature.wordsaway.services.BoardServiceTest" time="0.008"/>
  <testcase name="test_validateMove_TwoAsteriskSameRowMoveOnBlankBoard_fail{RepetitionInfo}[46]" classname="com.revature.wordsaway.services.BoardServiceTest" time="0.01"/>
  <testcase name="test_validateMove_TwoAsteriskSameRowMoveOnBlankBoard_fail{RepetitionInfo}[47]" classname="com.revature.wordsaway.services.BoardServiceTest" time="0.016"/>
  <testcase name="test_validateMove_TwoAsteriskSameRowMoveOnBlankBoard_fail{RepetitionInfo}[48]" classname="com.revature.wordsaway.services.BoardServiceTest" time="0.004"/>
  <testcase name="test_validateMove_TwoAsteriskSameRowMoveOnBlankBoard_fail{RepetitionInfo}[49]" classname="com.revature.wordsaway.services.BoardServiceTest" time="0.005"/>
  <testcase name="test_validateMove_TwoAsteriskSameRowMoveOnBlankBoard_fail{RepetitionInfo}[50]" classname="com.revature.wordsaway.services.BoardServiceTest" time="0.006"/>
  <testcase name="test_validateMove_TwoAsteriskSameRowMoveOnBlankBoard_fail{RepetitionInfo}[51]" classname="com.revature.wordsaway.services.BoardServiceTest" time="0.007"/>
  <testcase name="test_validateMove_TwoAsteriskSameRowMoveOnBlankBoard_fail{RepetitionInfo}[52]" classname="com.revature.wordsaway.services.BoardServiceTest" time="0.005"/>
  <testcase name="test_validateMove_TwoAsteriskSameRowMoveOnBlankBoard_fail{RepetitionInfo}[53]" classname="com.revature.wordsaway.services.BoardServiceTest" time="0.008"/>
  <testcase name="test_validateMove_TwoAsteriskSameRowMoveOnBlankBoard_fail{RepetitionInfo}[54]" classname="com.revature.wordsaway.services.BoardServiceTest" time="0.009"/>
  <testcase name="test_validateMove_TwoAsteriskSameRowMoveOnBlankBoard_fail{RepetitionInfo}[55]" classname="com.revature.wordsaway.services.BoardServiceTest" time="0.005"/>
  <testcase name="test_validateMove_TwoAsteriskSameRowMoveOnBlankBoard_fail{RepetitionInfo}[56]" classname="com.revature.wordsaway.services.BoardServiceTest" time="0.008"/>
  <testcase name="test_validateMove_TwoAsteriskSameRowMoveOnBlankBoard_fail{RepetitionInfo}[57]" classname="com.revature.wordsaway.services.BoardServiceTest" time="0.007"/>
  <testcase name="test_validateMove_TwoAsteriskSameRowMoveOnBlankBoard_fail{RepetitionInfo}[58]" classname="com.revature.wordsaway.services.BoardServiceTest" time="0.005"/>
  <testcase name="test_validateMove_TwoAsteriskSameRowMoveOnBlankBoard_fail{RepetitionInfo}[59]" classname="com.revature.wordsaway.services.BoardServiceTest" time="0.007"/>
  <testcase name="test_validateMove_TwoAsteriskSameRowMoveOnBlankBoard_fail{RepetitionInfo}[60]" classname="com.revature.wordsaway.services.BoardServiceTest" time="0.007"/>
  <testcase name="test_validateMove_TwoAsteriskSameRowMoveOnBlankBoard_fail{RepetitionInfo}[61]" classname="com.revature.wordsaway.services.BoardServiceTest" time="0.007"/>
  <testcase name="test_validateMove_TwoAsteriskSameRowMoveOnBlankBoard_fail{RepetitionInfo}[62]" classname="com.revature.wordsaway.services.BoardServiceTest" time="0.005"/>
  <testcase name="test_validateMove_TwoAsteriskSameRowMoveOnBlankBoard_fail{RepetitionInfo}[63]" classname="com.revature.wordsaway.services.BoardServiceTest" time="0.008"/>
  <testcase name="test_validateMove_TwoAsteriskSameRowMoveOnBlankBoard_fail{RepetitionInfo}[64]" classname="com.revature.wordsaway.services.BoardServiceTest" time="0.001"/>
  <testcase name="test_validateMove_TwoAsteriskSameRowMoveOnBlankBoard_fail{RepetitionInfo}[65]" classname="com.revature.wordsaway.services.BoardServiceTest" time="0.006"/>
  <testcase name="test_validateMove_TwoAsteriskSameRowMoveOnBlankBoard_fail{RepetitionInfo}[66]" classname="com.revature.wordsaway.services.BoardServiceTest" time="0.006"/>
  <testcase name="test_validateMove_TwoAsteriskSameRowMoveOnBlankBoard_fail{RepetitionInfo}[67]" classname="com.revature.wordsaway.services.BoardServiceTest" time="0.006"/>
  <testcase name="test_validateMove_TwoAsteriskSameRowMoveOnBlankBoard_fail{RepetitionInfo}[68]" classname="com.revature.wordsaway.services.BoardServiceTest" time="0.005"/>
  <testcase name="test_validateMove_TwoAsteriskSameRowMoveOnBlankBoard_fail{RepetitionInfo}[69]" classname="com.revature.wordsaway.services.BoardServiceTest" time="0.005"/>
  <testcase name="test_validateMove_TwoAsteriskSameRowMoveOnBlankBoard_fail{RepetitionInfo}[70]" classname="com.revature.wordsaway.services.BoardServiceTest" time="0.006"/>
  <testcase name="test_validateMove_TwoAsteriskSameRowMoveOnBlankBoard_fail{RepetitionInfo}[71]" classname="com.revature.wordsaway.services.BoardServiceTest" time="0.005"/>
  <testcase name="test_validateMove_TwoAsteriskSameRowMoveOnBlankBoard_fail{RepetitionInfo}[72]" classname="com.revature.wordsaway.services.BoardServiceTest" time="0.007"/>
  <testcase name="test_validateMove_TwoAsteriskSameRowMoveOnBlankBoard_fail{RepetitionInfo}[73]" classname="com.revature.wordsaway.services.BoardServiceTest" time="0.008"/>
  <testcase name="test_validateMove_TwoAsteriskSameRowMoveOnBlankBoard_fail{RepetitionInfo}[74]" classname="com.revature.wordsaway.services.BoardServiceTest" time="0.005"/>
  <testcase name="test_validateMove_TwoAsteriskSameRowMoveOnBlankBoard_fail{RepetitionInfo}[75]" classname="com.revature.wordsaway.services.BoardServiceTest" time="0.005"/>
  <testcase name="test_validateMove_TwoAsteriskSameRowMoveOnBlankBoard_fail{RepetitionInfo}[76]" classname="com.revature.wordsaway.services.BoardServiceTest" time="0.005"/>
  <testcase name="test_validateMove_TwoAsteriskSameRowMoveOnBlankBoard_fail{RepetitionInfo}[77]" classname="com.revature.wordsaway.services.BoardServiceTest" time="0.005"/>
  <testcase name="test_validateMove_TwoAsteriskSameRowMoveOnBlankBoard_fail{RepetitionInfo}[78]" classname="com.revature.wordsaway.services.BoardServiceTest" time="0.004"/>
  <testcase name="test_validateMove_TwoAsteriskSameRowMoveOnBlankBoard_fail{RepetitionInfo}[79]" classname="com.revature.wordsaway.services.BoardServiceTest" time="0.005"/>
  <testcase name="test_validateMove_TwoAsteriskSameRowMoveOnBlankBoard_fail{RepetitionInfo}[80]" classname="com.revature.wordsaway.services.BoardServiceTest" time="0.001"/>
  <testcase name="test_validateMove_TwoAsteriskSameRowMoveOnBlankBoard_fail{RepetitionInfo}[81]" classname="com.revature.wordsaway.services.BoardServiceTest" time="0.005"/>
  <testcase name="test_validateMove_TwoAsteriskSameRowMoveOnBlankBoard_fail{RepetitionInfo}[82]" classname="com.revature.wordsaway.services.BoardServiceTest" time="0.004"/>
  <testcase name="test_validateMove_TwoAsteriskSameRowMoveOnBlankBoard_fail{RepetitionInfo}[83]" classname="com.revature.wordsaway.services.BoardServiceTest" time="0.005"/>
  <testcase name="test_validateMove_TwoAsteriskSameRowMoveOnBlankBoard_fail{RepetitionInfo}[84]" classname="com.revature.wordsaway.services.BoardServiceTest" time="0.01"/>
  <testcase name="test_validateMove_TwoAsteriskSameRowMoveOnBlankBoard_fail{RepetitionInfo}[85]" classname="com.revature.wordsaway.services.BoardServiceTest" time="0.005"/>
  <testcase name="test_validateMove_TwoAsteriskSameRowMoveOnBlankBoard_fail{RepetitionInfo}[86]" classname="com.revature.wordsaway.services.BoardServiceTest" time="0.007"/>
  <testcase name="test_validateMove_TwoAsteriskSameRowMoveOnBlankBoard_fail{RepetitionInfo}[87]" classname="com.revature.wordsaway.services.BoardServiceTest" time="0.006"/>
  <testcase name="test_validateMove_TwoAsteriskSameRowMoveOnBlankBoard_fail{RepetitionInfo}[88]" classname="com.revature.wordsaway.services.BoardServiceTest" time="0.005"/>
  <testcase name="test_validateMove_TwoAsteriskSameRowMoveOnBlankBoard_fail{RepetitionInfo}[89]" classname="com.revature.wordsaway.services.BoardServiceTest" time="0.006"/>
  <testcase name="test_validateMove_TwoAsteriskSameRowMoveOnBlankBoard_fail{RepetitionInfo}[90]" classname="com.revature.wordsaway.services.BoardServiceTest" time="0.007"/>
  <testcase name="test_validateMove_TwoAsteriskSameRowMoveOnBlankBoard_fail{RepetitionInfo}[91]" classname="com.revature.wordsaway.services.BoardServiceTest" time="0.002"/>
  <testcase name="test_validateMove_TwoAsteriskSameRowMoveOnBlankBoard_fail{RepetitionInfo}[92]" classname="com.revature.wordsaway.services.BoardServiceTest" time="0.005"/>
  <testcase name="test_validateMove_TwoAsteriskSameRowMoveOnBlankBoard_fail{RepetitionInfo}[93]" classname="com.revature.wordsaway.services.BoardServiceTest" time="0.004"/>
  <testcase name="test_validateMove_TwoAsteriskSameRowMoveOnBlankBoard_fail{RepetitionInfo}[94]" classname="com.revature.wordsaway.services.BoardServiceTest" time="0.004"/>
  <testcase name="test_validateMove_TwoAsteriskSameRowMoveOnBlankBoard_fail{RepetitionInfo}[95]" classname="com.revature.wordsaway.services.BoardServiceTest" time="0.007"/>
  <testcase name="test_validateMove_TwoAsteriskSameRowMoveOnBlankBoard_fail{RepetitionInfo}[96]" classname="com.revature.wordsaway.services.BoardServiceTest" time="0.002"/>
  <testcase name="test_validateMove_TwoAsteriskSameRowMoveOnBlankBoard_fail{RepetitionInfo}[97]" classname="com.revature.wordsaway.services.BoardServiceTest" time="0.007"/>
  <testcase name="test_validateMove_TwoAsteriskSameRowMoveOnBlankBoard_fail{RepetitionInfo}[98]" classname="com.revature.wordsaway.services.BoardServiceTest" time="0.005"/>
  <testcase name="test_validateMove_TwoAsteriskSameRowMoveOnBlankBoard_fail{RepetitionInfo}[99]" classname="com.revature.wordsaway.services.BoardServiceTest" time="0.004"/>
  <testcase name="test_validateMove_TwoAsteriskSameRowMoveOnBlankBoard_fail{RepetitionInfo}[100]" classname="com.revature.wordsaway.services.BoardServiceTest" time="0.004"/>
  <testcase name="test_validateMove_TwoAsteriskSameRowMoveOnBlankBoard_fail{RepetitionInfo}[101]" classname="com.revature.wordsaway.services.BoardServiceTest" time="0.005"/>
  <testcase name="test_validateMove_TwoAsteriskSameRowMoveOnBlankBoard_fail{RepetitionInfo}[102]" classname="com.revature.wordsaway.services.BoardServiceTest" time="0.005"/>
  <testcase name="test_validateMove_TwoAsteriskSameRowMoveOnBlankBoard_fail{RepetitionInfo}[103]" classname="com.revature.wordsaway.services.BoardServiceTest" time="0.005"/>
  <testcase name="test_validateMove_TwoAsteriskSameRowMoveOnBlankBoard_fail{RepetitionInfo}[104]" classname="com.revature.wordsaway.services.BoardServiceTest" time="0.005"/>
  <testcase name="test_validateMove_TwoAsteriskSameRowMoveOnBlankBoard_fail{RepetitionInfo}[105]" classname="com.revature.wordsaway.services.BoardServiceTest" time="0.006"/>
  <testcase name="test_validateMove_TwoAsteriskSameRowMoveOnBlankBoard_fail{RepetitionInfo}[106]" classname="com.revature.wordsaway.services.BoardServiceTest" time="0.008"/>
  <testcase name="test_validateMove_TwoAsteriskSameRowMoveOnBlankBoard_fail{RepetitionInfo}[107]" classname="com.revature.wordsaway.services.BoardServiceTest" time="0.005"/>
  <testcase name="test_validateMove_TwoAsteriskSameRowMoveOnBlankBoard_fail{RepetitionInfo}[108]" classname="com.revature.wordsaway.services.BoardServiceTest" time="0.005"/>
  <testcase name="test_validateMove_TwoAsteriskSameRowMoveOnBlankBoard_fail{RepetitionInfo}[109]" classname="com.revature.wordsaway.services.BoardServiceTest" time="0.004"/>
  <testcase name="test_validateMove_TwoAsteriskSameRowMoveOnBlankBoard_fail{RepetitionInfo}[110]" classname="com.revature.wordsaway.services.BoardServiceTest" time="0.008"/>
  <testcase name="test_validateMove_TwoAsteriskSameRowMoveOnBlankBoard_fail{RepetitionInfo}[111]" classname="com.revature.wordsaway.services.BoardServiceTest" time="0.006"/>
  <testcase name="test_validateMove_TwoAsteriskSameRowMoveOnBlankBoard_fail{RepetitionInfo}[112]" classname="com.revature.wordsaway.services.BoardServiceTest" time="0.001"/>
  <testcase name="test_validateMove_TwoAsteriskSameRowMoveOnBlankBoard_fail{RepetitionInfo}[113]" classname="com.revature.wordsaway.services.BoardServiceTest" time="0.005"/>
  <testcase name="test_validateMove_TwoAsteriskSameRowMoveOnBlankBoard_fail{RepetitionInfo}[114]" classname="com.revature.wordsaway.services.BoardServiceTest" time="0.006"/>
  <testcase name="test_validateMove_TwoAsteriskSameRowMoveOnBlankBoard_fail{RepetitionInfo}[115]" classname="com.revature.wordsaway.services.BoardServiceTest" time="0.013"/>
  <testcase name="test_validateMove_TwoAsteriskSameRowMoveOnBlankBoard_fail{RepetitionInfo}[116]" classname="com.revature.wordsaway.services.BoardServiceTest" time="0.01"/>
  <testcase name="test_validateMove_TwoAsteriskSameRowMoveOnBlankBoard_fail{RepetitionInfo}[117]" classname="com.revature.wordsaway.services.BoardServiceTest" time="0.007"/>
  <testcase name="test_validateMove_TwoAsteriskSameRowMoveOnBlankBoard_fail{RepetitionInfo}[118]" classname="com.revature.wordsaway.services.BoardServiceTest" time="0.004"/>
  <testcase name="test_validateMove_TwoAsteriskSameRowMoveOnBlankBoard_fail{RepetitionInfo}[119]" classname="com.revature.wordsaway.services.BoardServiceTest" time="0.005"/>
  <testcase name="test_validateMove_TwoAsteriskSameRowMoveOnBlankBoard_fail{RepetitionInfo}[120]" classname="com.revature.wordsaway.services.BoardServiceTest" time="0.005"/>
  <testcase name="test_validateMove_TwoAsteriskSameRowMoveOnBlankBoard_fail{RepetitionInfo}[121]" classname="com.revature.wordsaway.services.BoardServiceTest" time="0.004"/>
  <testcase name="test_validateMove_TwoAsteriskSameRowMoveOnBlankBoard_fail{RepetitionInfo}[122]" classname="com.revature.wordsaway.services.BoardServiceTest" time="0.005"/>
  <testcase name="test_validateMove_TwoAsteriskSameRowMoveOnBlankBoard_fail{RepetitionInfo}[123]" classname="com.revature.wordsaway.services.BoardServiceTest" time="0.004"/>
  <testcase name="test_validateMove_TwoAsteriskSameRowMoveOnBlankBoard_fail{RepetitionInfo}[124]" classname="com.revature.wordsaway.services.BoardServiceTest" time="0.004"/>
  <testcase name="test_validateMove_TwoAsteriskSameRowMoveOnBlankBoard_fail{RepetitionInfo}[125]" classname="com.revature.wordsaway.services.BoardServiceTest" time="0.005"/>
  <testcase name="test_validateMove_TwoAsteriskSameRowMoveOnBlankBoard_fail{RepetitionInfo}[126]" classname="com.revature.wordsaway.services.BoardServiceTest" time="0.006"/>
  <testcase name="test_validateMove_TwoAsteriskSameRowMoveOnBlankBoard_fail{RepetitionInfo}[127]" classname="com.revature.wordsaway.services.BoardServiceTest" time="0.005"/>
  <testcase name="test_validateMove_TwoAsteriskSameRowMoveOnBlankBoard_fail{RepetitionInfo}[128]" classname="com.revature.wordsaway.services.BoardServiceTest" time="0.002"/>
  <testcase name="test_validateMove_TwoAsteriskSameRowMoveOnBlankBoard_fail{RepetitionInfo}[129]" classname="com.revature.wordsaway.services.BoardServiceTest" time="0.005"/>
  <testcase name="test_validateMove_TwoAsteriskSameRowMoveOnBlankBoard_fail{RepetitionInfo}[130]" classname="com.revature.wordsaway.services.BoardServiceTest" time="0.005"/>
  <testcase name="test_validateMove_TwoAsteriskSameRowMoveOnBlankBoard_fail{RepetitionInfo}[131]" classname="com.revature.wordsaway.services.BoardServiceTest" time="0.005"/>
  <testcase name="test_validateMove_TwoAsteriskSameRowMoveOnBlankBoard_fail{RepetitionInfo}[132]" classname="com.revature.wordsaway.services.BoardServiceTest" time="0.005"/>
  <testcase name="test_validateMove_TwoAsteriskSameRowMoveOnBlankBoard_fail{RepetitionInfo}[133]" classname="com.revature.wordsaway.services.BoardServiceTest" time="0.006"/>
  <testcase name="test_validateMove_TwoAsteriskSameRowMoveOnBlankBoard_fail{RepetitionInfo}[134]" classname="com.revature.wordsaway.services.BoardServiceTest" time="0.005"/>
  <testcase name="test_validateMove_TwoAsteriskSameRowMoveOnBlankBoard_fail{RepetitionInfo}[135]" classname="com.revature.wordsaway.services.BoardServiceTest" time="0.005"/>
  <testcase name="test_validateMove_TwoAsteriskSameRowMoveOnBlankBoard_fail{RepetitionInfo}[136]" classname="com.revature.wordsaway.services.BoardServiceTest" time="0.005"/>
  <testcase name="test_validateMove_TwoAsteriskSameRowMoveOnBlankBoard_fail{RepetitionInfo}[137]" classname="com.revature.wordsaway.services.BoardServiceTest" time="0.006"/>
  <testcase name="test_validateMove_TwoAsteriskSameRowMoveOnBlankBoard_fail{RepetitionInfo}[138]" classname="com.revature.wordsaway.services.BoardServiceTest" time="0.005"/>
  <testcase name="test_validateMove_TwoAsteriskSameRowMoveOnBlankBoard_fail{RepetitionInfo}[139]" classname="com.revature.wordsaway.services.BoardServiceTest" time="0.005"/>
  <testcase name="test_validateMove_TwoAsteriskSameRowMoveOnBlankBoard_fail{RepetitionInfo}[140]" classname="com.revature.wordsaway.services.BoardServiceTest" time="0.056"/>
  <testcase name="test_validateMove_TwoAsteriskSameRowMoveOnBlankBoard_fail{RepetitionInfo}[141]" classname="com.revature.wordsaway.services.BoardServiceTest" time="0.007"/>
  <testcase name="test_validateMove_TwoAsteriskSameRowMoveOnBlankBoard_fail{RepetitionInfo}[142]" classname="com.revature.wordsaway.services.BoardServiceTest" time="0.007"/>
  <testcase name="test_validateMove_TwoAsteriskSameRowMoveOnBlankBoard_fail{RepetitionInfo}[143]" classname="com.revature.wordsaway.services.BoardServiceTest" time="0.014"/>
  <testcase name="test_validateMove_TwoAsteriskSameRowMoveOnBlankBoard_fail{RepetitionInfo}[144]" classname="com.revature.wordsaway.services.BoardServiceTest" time="0.009"/>
  <testcase name="test_validateMove_TwoAsteriskSameRowMoveOnBlankBoard_fail{RepetitionInfo}[145]" classname="com.revature.wordsaway.services.BoardServiceTest" time="0.007"/>
  <testcase name="test_validateMove_TwoAsteriskSameRowMoveOnBlankBoard_fail{RepetitionInfo}[146]" classname="com.revature.wordsaway.services.BoardServiceTest" time="0.009"/>
  <testcase name="test_validateMove_TwoAsteriskSameRowMoveOnBlankBoard_fail{RepetitionInfo}[147]" classname="com.revature.wordsaway.services.BoardServiceTest" time="0.007"/>
  <testcase name="test_validateMove_TwoAsteriskSameRowMoveOnBlankBoard_fail{RepetitionInfo}[148]" classname="com.revature.wordsaway.services.BoardServiceTest" time="0.01"/>
  <testcase name="test_validateMove_TwoAsteriskSameRowMoveOnBlankBoard_fail{RepetitionInfo}[149]" classname="com.revature.wordsaway.services.BoardServiceTest" time="0.007"/>
  <testcase name="test_validateMove_TwoAsteriskSameRowMoveOnBlankBoard_fail{RepetitionInfo}[150]" classname="com.revature.wordsaway.services.BoardServiceTest" time="0.004"/>
  <testcase name="test_validateMove_TwoAsteriskSameRowMoveOnBlankBoard_fail{RepetitionInfo}[151]" classname="com.revature.wordsaway.services.BoardServiceTest" time="0.004"/>
  <testcase name="test_validateMove_TwoAsteriskSameRowMoveOnBlankBoard_fail{RepetitionInfo}[152]" classname="com.revature.wordsaway.services.BoardServiceTest" time="0.004"/>
  <testcase name="test_validateMove_TwoAsteriskSameRowMoveOnBlankBoard_fail{RepetitionInfo}[153]" classname="com.revature.wordsaway.services.BoardServiceTest" time="0.004"/>
  <testcase name="test_validateMove_TwoAsteriskSameRowMoveOnBlankBoard_fail{RepetitionInfo}[154]" classname="com.revature.wordsaway.services.BoardServiceTest" time="0.004"/>
  <testcase name="test_validateMove_TwoAsteriskSameRowMoveOnBlankBoard_fail{RepetitionInfo}[155]" classname="com.revature.wordsaway.services.BoardServiceTest" time="0.004"/>
  <testcase name="test_validateMove_TwoAsteriskSameRowMoveOnBlankBoard_fail{RepetitionInfo}[156]" classname="com.revature.wordsaway.services.BoardServiceTest" time="0.005"/>
  <testcase name="test_validateMove_TwoAsteriskSameRowMoveOnBlankBoard_fail{RepetitionInfo}[157]" classname="com.revature.wordsaway.services.BoardServiceTest" time="0.006"/>
  <testcase name="test_validateMove_TwoAsteriskSameRowMoveOnBlankBoard_fail{RepetitionInfo}[158]" classname="com.revature.wordsaway.services.BoardServiceTest" time="0.005"/>
  <testcase name="test_validateMove_TwoAsteriskSameRowMoveOnBlankBoard_fail{RepetitionInfo}[159]" classname="com.revature.wordsaway.services.BoardServiceTest" time="0.006"/>
  <testcase name="test_validateMove_TwoAsteriskSameRowMoveOnBlankBoard_fail{RepetitionInfo}[160]" classname="com.revature.wordsaway.services.BoardServiceTest" time="0"/>
  <testcase name="test_validateMove_TwoAsteriskSameRowMoveOnBlankBoard_fail{RepetitionInfo}[161]" classname="com.revature.wordsaway.services.BoardServiceTest" time="0.005"/>
  <testcase name="test_validateMove_TwoAsteriskSameRowMoveOnBlankBoard_fail{RepetitionInfo}[162]" classname="com.revature.wordsaway.services.BoardServiceTest" time="0.004"/>
  <testcase name="test_validateMove_TwoAsteriskSameRowMoveOnBlankBoard_fail{RepetitionInfo}[163]" classname="com.revature.wordsaway.services.BoardServiceTest" time="0.005"/>
  <testcase name="test_validateMove_TwoAsteriskSameRowMoveOnBlankBoard_fail{RepetitionInfo}[164]" classname="com.revature.wordsaway.services.BoardServiceTest" time="0.004"/>
  <testcase name="test_validateMove_TwoAsteriskSameRowMoveOnBlankBoard_fail{RepetitionInfo}[165]" classname="com.revature.wordsaway.services.BoardServiceTest" time="0.005"/>
  <testcase name="test_validateMove_TwoAsteriskSameRowMoveOnBlankBoard_fail{RepetitionInfo}[166]" classname="com.revature.wordsaway.services.BoardServiceTest" time="0.005"/>
  <testcase name="test_validateMove_TwoAsteriskSameRowMoveOnBlankBoard_fail{RepetitionInfo}[167]" classname="com.revature.wordsaway.services.BoardServiceTest" time="0.012"/>
  <testcase name="test_validateMove_TwoAsteriskSameRowMoveOnBlankBoard_fail{RepetitionInfo}[168]" classname="com.revature.wordsaway.services.BoardServiceTest" time="0.007"/>
  <testcase name="test_validateMove_TwoAsteriskSameRowMoveOnBlankBoard_fail{RepetitionInfo}[169]" classname="com.revature.wordsaway.services.BoardServiceTest" time="0.008"/>
  <testcase name="test_validateMove_TwoAsteriskSameRowMoveOnBlankBoard_fail{RepetitionInfo}[170]" classname="com.revature.wordsaway.services.BoardServiceTest" time="0.004"/>
  <testcase name="test_validateMove_TwoAsteriskSameRowMoveOnBlankBoard_fail{RepetitionInfo}[171]" classname="com.revature.wordsaway.services.BoardServiceTest" time="0.004"/>
  <testcase name="test_validateMove_TwoAsteriskSameRowMoveOnBlankBoard_fail{RepetitionInfo}[172]" classname="com.revature.wordsaway.services.BoardServiceTest" time="0.004"/>
  <testcase name="test_validateMove_TwoAsteriskSameRowMoveOnBlankBoard_fail{RepetitionInfo}[173]" classname="com.revature.wordsaway.services.BoardServiceTest" time="0.004"/>
  <testcase name="test_validateMove_TwoAsteriskSameRowMoveOnBlankBoard_fail{RepetitionInfo}[174]" classname="com.revature.wordsaway.services.BoardServiceTest" time="0.005"/>
  <testcase name="test_validateMove_TwoAsteriskSameRowMoveOnBlankBoard_fail{RepetitionInfo}[175]" classname="com.revature.wordsaway.services.BoardServiceTest" time="0.007"/>
  <testcase name="test_validateMove_TwoAsteriskSameRowMoveOnBlankBoard_fail{RepetitionInfo}[176]" classname="com.revature.wordsaway.services.BoardServiceTest" time="0.002"/>
  <testcase name="test_validateMove_TwoAsteriskSameRowMoveOnBlankBoard_fail{RepetitionInfo}[177]" classname="com.revature.wordsaway.services.BoardServiceTest" time="0.005"/>
  <testcase name="test_validateMove_TwoAsteriskSameRowMoveOnBlankBoard_fail{RepetitionInfo}[178]" classname="com.revature.wordsaway.services.BoardServiceTest" time="0.008"/>
  <testcase name="test_validateMove_TwoAsteriskSameRowMoveOnBlankBoard_fail{RepetitionInfo}[179]" classname="com.revature.wordsaway.services.BoardServiceTest" time="0.004"/>
  <testcase name="test_validateMove_TwoAsteriskSameRowMoveOnBlankBoard_fail{RepetitionInfo}[180]" classname="com.revature.wordsaway.services.BoardServiceTest" time="0.004"/>
  <testcase name="test_validateMove_TwoAsteriskSameRowMoveOnBlankBoard_fail{RepetitionInfo}[181]" classname="com.revature.wordsaway.services.BoardServiceTest" time="0.004"/>
  <testcase name="test_validateMove_TwoAsteriskSameRowMoveOnBlankBoard_fail{RepetitionInfo}[182]" classname="com.revature.wordsaway.services.BoardServiceTest" time="0.004"/>
  <testcase name="test_validateMove_TwoAsteriskSameRowMoveOnBlankBoard_fail{RepetitionInfo}[183]" classname="com.revature.wordsaway.services.BoardServiceTest" time="0.004"/>
  <testcase name="test_validateMove_TwoAsteriskSameRowMoveOnBlankBoard_fail{RepetitionInfo}[184]" classname="com.revature.wordsaway.services.BoardServiceTest" time="0.005"/>
  <testcase name="test_validateMove_TwoAsteriskSameRowMoveOnBlankBoard_fail{RepetitionInfo}[185]" classname="com.revature.wordsaway.services.BoardServiceTest" time="0.004"/>
  <testcase name="test_validateMove_TwoAsteriskSameRowMoveOnBlankBoard_fail{RepetitionInfo}[186]" classname="com.revature.wordsaway.services.BoardServiceTest" time="0.004"/>
  <testcase name="test_validateMove_TwoAsteriskSameRowMoveOnBlankBoard_fail{RepetitionInfo}[187]" classname="com.revature.wordsaway.services.BoardServiceTest" time="0.004"/>
  <testcase name="test_validateMove_TwoAsteriskSameRowMoveOnBlankBoard_fail{RepetitionInfo}[188]" classname="com.revature.wordsaway.services.BoardServiceTest" time="0.004"/>
  <testcase name="test_validateMove_TwoAsteriskSameRowMoveOnBlankBoard_fail{RepetitionInfo}[189]" classname="com.revature.wordsaway.services.BoardServiceTest" time="0.004"/>
  <testcase name="test_validateMove_TwoAsteriskSameRowMoveOnBlankBoard_fail{RepetitionInfo}[190]" classname="com.revature.wordsaway.services.BoardServiceTest" time="0.007"/>
  <testcase name="test_validateMove_TwoAsteriskSameRowMoveOnBlankBoard_fail{RepetitionInfo}[191]" classname="com.revature.wordsaway.services.BoardServiceTest" time="0.004"/>
  <testcase name="test_validateMove_TwoAsteriskSameRowMoveOnBlankBoard_fail{RepetitionInfo}[192]" classname="com.revature.wordsaway.services.BoardServiceTest" time="0"/>
  <testcase name="test_validateMove_TwoAsteriskSameRowMoveOnBlankBoard_fail{RepetitionInfo}[193]" classname="com.revature.wordsaway.services.BoardServiceTest" time="0.005"/>
  <testcase name="test_validateMove_TwoAsteriskSameRowMoveOnBlankBoard_fail{RepetitionInfo}[194]" classname="com.revature.wordsaway.services.BoardServiceTest" time="0.004"/>
  <testcase name="test_validateMove_TwoAsteriskSameRowMoveOnBlankBoard_fail{RepetitionInfo}[195]" classname="com.revature.wordsaway.services.BoardServiceTest" time="0.004"/>
  <testcase name="test_validateMove_TwoAsteriskSameRowMoveOnBlankBoard_fail{RepetitionInfo}[196]" classname="com.revature.wordsaway.services.BoardServiceTest" time="0.005"/>
  <testcase name="test_validateMove_TwoAsteriskSameRowMoveOnBlankBoard_fail{RepetitionInfo}[197]" classname="com.revature.wordsaway.services.BoardServiceTest" time="0.004"/>
  <testcase name="test_validateMove_TwoAsteriskSameRowMoveOnBlankBoard_fail{RepetitionInfo}[198]" classname="com.revature.wordsaway.services.BoardServiceTest" time="0.005"/>
  <testcase name="test_validateMove_TwoAsteriskSameRowMoveOnBlankBoard_fail{RepetitionInfo}[199]" classname="com.revature.wordsaway.services.BoardServiceTest" time="0.006"/>
  <testcase name="test_validateMove_TwoAsteriskSameRowMoveOnBlankBoard_fail{RepetitionInfo}[200]" classname="com.revature.wordsaway.services.BoardServiceTest" time="0.005"/>
  <testcase name="test_validateMove_TwoAsteriskSameRowMoveOnBlankBoard_fail{RepetitionInfo}[201]" classname="com.revature.wordsaway.services.BoardServiceTest" time="0.004"/>
  <testcase name="test_validateMove_TwoAsteriskSameRowMoveOnBlankBoard_fail{RepetitionInfo}[202]" classname="com.revature.wordsaway.services.BoardServiceTest" time="0.004"/>
  <testcase name="test_validateMove_TwoAsteriskSameRowMoveOnBlankBoard_fail{RepetitionInfo}[203]" classname="com.revature.wordsaway.services.BoardServiceTest" time="0.004"/>
  <testcase name="test_validateMove_TwoAsteriskSameRowMoveOnBlankBoard_fail{RepetitionInfo}[204]" classname="com.revature.wordsaway.services.BoardServiceTest" time="0.005"/>
  <testcase name="test_validateMove_TwoAsteriskSameRowMoveOnBlankBoard_fail{RepetitionInfo}[205]" classname="com.revature.wordsaway.services.BoardServiceTest" time="0.005"/>
  <testcase name="test_validateMove_TwoAsteriskSameRowMoveOnBlankBoard_fail{RepetitionInfo}[206]" classname="com.revature.wordsaway.services.BoardServiceTest" time="0.005"/>
  <testcase name="test_validateMove_TwoAsteriskSameRowMoveOnBlankBoard_fail{RepetitionInfo}[207]" classname="com.revature.wordsaway.services.BoardServiceTest" time="0.005"/>
  <testcase name="test_validateMove_TwoAsteriskSameRowMoveOnBlankBoard_fail{RepetitionInfo}[208]" classname="com.revature.wordsaway.services.BoardServiceTest" time="0.004"/>
  <testcase name="test_validateMove_TwoAsteriskSameRowMoveOnBlankBoard_fail{RepetitionInfo}[209]" classname="com.revature.wordsaway.services.BoardServiceTest" time="0.004"/>
  <testcase name="test_validateMove_TwoAsteriskSameRowMoveOnBlankBoard_fail{RepetitionInfo}[210]" classname="com.revature.wordsaway.services.BoardServiceTest" time="0.004"/>
  <testcase name="test_validateMove_TwoAsteriskSameRowMoveOnBlankBoard_fail{RepetitionInfo}[211]" classname="com.revature.wordsaway.services.BoardServiceTest" time="0.005"/>
  <testcase name="test_validateMove_TwoAsteriskSameRowMoveOnBlankBoard_fail{RepetitionInfo}[212]" classname="com.revature.wordsaway.services.BoardServiceTest" time="0.006"/>
  <testcase name="test_validateMove_TwoAsteriskSameRowMoveOnBlankBoard_fail{RepetitionInfo}[213]" classname="com.revature.wordsaway.services.BoardServiceTest" time="0.005"/>
  <testcase name="test_validateMove_TwoAsteriskSameRowMoveOnBlankBoard_fail{RepetitionInfo}[214]" classname="com.revature.wordsaway.services.BoardServiceTest" time="0.006"/>
  <testcase name="test_validateMove_TwoAsteriskSameRowMoveOnBlankBoard_fail{RepetitionInfo}[215]" classname="com.revature.wordsaway.services.BoardServiceTest" time="0.004"/>
  <testcase name="test_validateMove_TwoAsteriskSameRowMoveOnBlankBoard_fail{RepetitionInfo}[216]" classname="com.revature.wordsaway.services.BoardServiceTest" time="0.004"/>
  <testcase name="test_validateMove_TwoAsteriskSameRowMoveOnBlankBoard_fail{RepetitionInfo}[217]" classname="com.revature.wordsaway.services.BoardServiceTest" time="0.004"/>
  <testcase name="test_validateMove_TwoAsteriskSameRowMoveOnBlankBoard_fail{RepetitionInfo}[218]" classname="com.revature.wordsaway.services.BoardServiceTest" time="0.004"/>
  <testcase name="test_validateMove_TwoAsteriskSameRowMoveOnBlankBoard_fail{RepetitionInfo}[219]" classname="com.revature.wordsaway.services.BoardServiceTest" time="0.004"/>
  <testcase name="test_validateMove_TwoAsteriskSameRowMoveOnBlankBoard_fail{RepetitionInfo}[220]" classname="com.revature.wordsaway.services.BoardServiceTest" time="0.005"/>
  <testcase name="test_validateMove_TwoAsteriskSameRowMoveOnBlankBoard_fail{RepetitionInfo}[221]" classname="com.revature.wordsaway.services.BoardServiceTest" time="0.007"/>
  <testcase name="test_validateMove_TwoAsteriskSameRowMoveOnBlankBoard_fail{RepetitionInfo}[222]" classname="com.revature.wordsaway.services.BoardServiceTest" time="0.005"/>
  <testcase name="test_validateMove_TwoAsteriskSameRowMoveOnBlankBoard_fail{RepetitionInfo}[223]" classname="com.revature.wordsaway.services.BoardServiceTest" time="0.007"/>
  <testcase name="test_validateMove_TwoAsteriskSameRowMoveOnBlankBoard_fail{RepetitionInfo}[224]" classname="com.revature.wordsaway.services.BoardServiceTest" time="0.001"/>
  <testcase name="test_validateMove_TwoAsteriskSameRowMoveOnBlankBoard_fail{RepetitionInfo}[225]" classname="com.revature.wordsaway.services.BoardServiceTest" time="0.005"/>
  <testcase name="test_validateMove_TwoAsteriskSameRowMoveOnBlankBoard_fail{RepetitionInfo}[226]" classname="com.revature.wordsaway.services.BoardServiceTest" time="0.005"/>
  <testcase name="test_validateMove_TwoAsteriskSameRowMoveOnBlankBoard_fail{RepetitionInfo}[227]" classname="com.revature.wordsaway.services.BoardServiceTest" time="0.005"/>
  <testcase name="test_validateMove_TwoAsteriskSameRowMoveOnBlankBoard_fail{RepetitionInfo}[228]" classname="com.revature.wordsaway.services.BoardServiceTest" time="0.004"/>
  <testcase name="test_validateMove_TwoAsteriskSameRowMoveOnBlankBoard_fail{RepetitionInfo}[229]" classname="com.revature.wordsaway.services.BoardServiceTest" time="0.005"/>
  <testcase name="test_validateMove_TwoAsteriskSameRowMoveOnBlankBoard_fail{RepetitionInfo}[230]" classname="com.revature.wordsaway.services.BoardServiceTest" time="0.004"/>
  <testcase name="test_validateMove_TwoAsteriskSameRowMoveOnBlankBoard_fail{RepetitionInfo}[231]" classname="com.revature.wordsaway.services.BoardServiceTest" time="0.004"/>
  <testcase name="test_validateMove_TwoAsteriskSameRowMoveOnBlankBoard_fail{RepetitionInfo}[232]" classname="com.revature.wordsaway.services.BoardServiceTest" time="0.005"/>
  <testcase name="test_validateMove_TwoAsteriskSameRowMoveOnBlankBoard_fail{RepetitionInfo}[233]" classname="com.revature.wordsaway.services.BoardServiceTest" time="0.004"/>
  <testcase name="test_validateMove_TwoAsteriskSameRowMoveOnBlankBoard_fail{RepetitionInfo}[234]" classname="com.revature.wordsaway.services.BoardServiceTest" time="0.004"/>
  <testcase name="test_validateMove_TwoAsteriskSameRowMoveOnBlankBoard_fail{RepetitionInfo}[235]" classname="com.revature.wordsaway.services.BoardServiceTest" time="0.004"/>
  <testcase name="test_validateMove_TwoAsteriskSameRowMoveOnBlankBoard_fail{RepetitionInfo}[236]" classname="com.revature.wordsaway.services.BoardServiceTest" time="0.004"/>
  <testcase name="test_validateMove_TwoAsteriskSameRowMoveOnBlankBoard_fail{RepetitionInfo}[237]" classname="com.revature.wordsaway.services.BoardServiceTest" time="0.006"/>
  <testcase name="test_validateMove_TwoAsteriskSameRowMoveOnBlankBoard_fail{RepetitionInfo}[238]" classname="com.revature.wordsaway.services.BoardServiceTest" time="0.004"/>
  <testcase name="test_validateMove_TwoAsteriskSameRowMoveOnBlankBoard_fail{RepetitionInfo}[239]" classname="com.revature.wordsaway.services.BoardServiceTest" time="0.004"/>
  <testcase name="test_validateMove_TwoAsteriskSameRowMoveOnBlankBoard_fail{RepetitionInfo}[240]" classname="com.revature.wordsaway.services.BoardServiceTest" time="0"/>
  <testcase name="test_validateMove_TwoAsteriskSameRowMoveOnBlankBoard_fail{RepetitionInfo}[241]" classname="com.revature.wordsaway.services.BoardServiceTest" time="0.005"/>
  <testcase name="test_validateMove_TwoAsteriskSameRowMoveOnBlankBoard_fail{RepetitionInfo}[242]" classname="com.revature.wordsaway.services.BoardServiceTest" time="0.005"/>
  <testcase name="test_validateMove_TwoAsteriskSameRowMoveOnBlankBoard_fail{RepetitionInfo}[243]" classname="com.revature.wordsaway.services.BoardServiceTest" time="0.004"/>
  <testcase name="test_validateMove_TwoAsteriskSameRowMoveOnBlankBoard_fail{RepetitionInfo}[244]" classname="com.revature.wordsaway.services.BoardServiceTest" time="0.004"/>
  <testcase name="test_validateMove_TwoAsteriskSameRowMoveOnBlankBoard_fail{RepetitionInfo}[245]" classname="com.revature.wordsaway.services.BoardServiceTest" time="0.004"/>
  <testcase name="test_validateMove_TwoAsteriskSameRowMoveOnBlankBoard_fail{RepetitionInfo}[246]" classname="com.revature.wordsaway.services.BoardServiceTest" time="0.005"/>
  <testcase name="test_validateMove_TwoAsteriskSameRowMoveOnBlankBoard_fail{RepetitionInfo}[247]" classname="com.revature.wordsaway.services.BoardServiceTest" time="0.006"/>
  <testcase name="test_validateMove_TwoAsteriskSameRowMoveOnBlankBoard_fail{RepetitionInfo}[248]" classname="com.revature.wordsaway.services.BoardServiceTest" time="0.005"/>
  <testcase name="test_validateMove_TwoAsteriskSameRowMoveOnBlankBoard_fail{RepetitionInfo}[249]" classname="com.revature.wordsaway.services.BoardServiceTest" time="0.005"/>
  <testcase name="test_validateMove_TwoAsteriskSameRowMoveOnBlankBoard_fail{RepetitionInfo}[250]" classname="com.revature.wordsaway.services.BoardServiceTest" time="0.004"/>
  <testcase name="test_validateMove_TwoAsteriskSameRowMoveOnBlankBoard_fail{RepetitionInfo}[251]" classname="com.revature.wordsaway.services.BoardServiceTest" time="0.005"/>
  <testcase name="test_validateMove_TwoAsteriskSameRowMoveOnBlankBoard_fail{RepetitionInfo}[252]" classname="com.revature.wordsaway.services.BoardServiceTest" time="0.004"/>
  <testcase name="test_validateMove_TwoAsteriskSameRowMoveOnBlankBoard_fail{RepetitionInfo}[253]" classname="com.revature.wordsaway.services.BoardServiceTest" time="0.015"/>
  <testcase name="test_validateMove_TwoAsteriskSameRowMoveOnBlankBoard_fail{RepetitionInfo}[254]" classname="com.revature.wordsaway.services.BoardServiceTest" time="0.006"/>
  <testcase name="test_validateMove_TwoAsteriskSameRowMoveOnBlankBoard_fail{RepetitionInfo}[255]" classname="com.revature.wordsaway.services.BoardServiceTest" time="0.006"/>
  <testcase name="test_validateMove_TwoAsteriskSameRowMoveOnBlankBoard_fail{RepetitionInfo}[256]" classname="com.revature.wordsaway.services.BoardServiceTest" time="0"/>
  <testcase name="test_validateMove_TwoLongSameRowMoveOnBlankBoard_succeed" classname="com.revature.wordsaway.services.BoardServiceTest" time="0.007"/>
  <testcase name="test_makeMove_user" classname="com.revature.wordsaway.services.BoardServiceTest" time="0.602"/>
  <testcase name="test_validateMove_ConnectedShortHorizontalFrontMoveOnBoardWithOneAsterisk_succeed" classname="com.revature.wordsaway.services.BoardServiceTest" time="0.059"/>
  <testcase name="test_getRandomChar_succeed[1]" classname="com.revature.wordsaway.services.BoardServiceTest" time="0.006"/>
  <testcase name="test_getRandomChar_succeed[2]" classname="com.revature.wordsaway.services.BoardServiceTest" time="0.002"/>
  <testcase name="test_getRandomChar_succeed[3]" classname="com.revature.wordsaway.services.BoardServiceTest" time="0.001"/>
  <testcase name="test_getRandomChar_succeed[4]" classname="com.revature.wordsaway.services.BoardServiceTest" time="0"/>
  <testcase name="test_getRandomChar_succeed[5]" classname="com.revature.wordsaway.services.BoardServiceTest" time="0.001"/>
  <testcase name="test_getRandomChar_succeed[6]" classname="com.revature.wordsaway.services.BoardServiceTest" time="0"/>
  <testcase name="test_getRandomChar_succeed[7]" classname="com.revature.wordsaway.services.BoardServiceTest" time="0.002"/>
  <testcase name="test_getRandomChar_succeed[8]" classname="com.revature.wordsaway.services.BoardServiceTest" time="0.001"/>
  <testcase name="test_getRandomChar_succeed[9]" classname="com.revature.wordsaway.services.BoardServiceTest" time="0.001"/>
  <testcase name="test_getRandomChar_succeed[10]" classname="com.revature.wordsaway.services.BoardServiceTest" time="0.002"/>
  <testcase name="test_getRandomChar_succeed[11]" classname="com.revature.wordsaway.services.BoardServiceTest" time="0.001"/>
  <testcase name="test_getRandomChar_succeed[12]" classname="com.revature.wordsaway.services.BoardServiceTest" time="0.001"/>
  <testcase name="test_getRandomChar_succeed[13]" classname="com.revature.wordsaway.services.BoardServiceTest" time="0"/>
  <testcase name="test_getRandomChar_succeed[14]" classname="com.revature.wordsaway.services.BoardServiceTest" time="0.001"/>
  <testcase name="test_getRandomChar_succeed[15]" classname="com.revature.wordsaway.services.BoardServiceTest" time="0.001"/>
  <testcase name="test_getRandomChar_succeed[16]" classname="com.revature.wordsaway.services.BoardServiceTest" time="0.006"/>
  <testcase name="test_getRandomChar_succeed[17]" classname="com.revature.wordsaway.services.BoardServiceTest" time="0.001"/>
  <testcase name="test_getRandomChar_succeed[18]" classname="com.revature.wordsaway.services.BoardServiceTest" time="0.001"/>
  <testcase name="test_getRandomChar_succeed[19]" classname="com.revature.wordsaway.services.BoardServiceTest" time="0.008"/>
  <testcase name="test_getRandomChar_succeed[20]" classname="com.revature.wordsaway.services.BoardServiceTest" time="0.003"/>
  <testcase name="test_getRandomChar_succeed[21]" classname="com.revature.wordsaway.services.BoardServiceTest" time="0"/>
  <testcase name="test_getRandomChar_succeed[22]" classname="com.revature.wordsaway.services.BoardServiceTest" time="0.001"/>
  <testcase name="test_getRandomChar_succeed[23]" classname="com.revature.wordsaway.services.BoardServiceTest" time="0"/>
  <testcase name="test_getRandomChar_succeed[24]" classname="com.revature.wordsaway.services.BoardServiceTest" time="0"/>
  <testcase name="test_getRandomChar_succeed[25]" classname="com.revature.wordsaway.services.BoardServiceTest" time="0"/>
  <testcase name="test_getRandomChar_succeed[26]" classname="com.revature.wordsaway.services.BoardServiceTest" time="0"/>
  <testcase name="test_getRandomChar_succeed[27]" classname="com.revature.wordsaway.services.BoardServiceTest" time="0"/>
  <testcase name="test_getRandomChar_succeed[28]" classname="com.revature.wordsaway.services.BoardServiceTest" time="0"/>
  <testcase name="test_getRandomChar_succeed[29]" classname="com.revature.wordsaway.services.BoardServiceTest" time="0.001"/>
  <testcase name="test_getRandomChar_succeed[30]" classname="com.revature.wordsaway.services.BoardServiceTest" time="0"/>
  <testcase name="test_getRandomChar_succeed[31]" classname="com.revature.wordsaway.services.BoardServiceTest" time="0.001"/>
  <testcase name="test_getRandomChar_succeed[32]" classname="com.revature.wordsaway.services.BoardServiceTest" time="0"/>
  <testcase name="test_getRandomChar_succeed[33]" classname="com.revature.wordsaway.services.BoardServiceTest" time="0.001"/>
  <testcase name="test_getRandomChar_succeed[34]" classname="com.revature.wordsaway.services.BoardServiceTest" time="0"/>
  <testcase name="test_getRandomChar_succeed[35]" classname="com.revature.wordsaway.services.BoardServiceTest" time="0"/>
  <testcase name="test_getRandomChar_succeed[36]" classname="com.revature.wordsaway.services.BoardServiceTest" time="0.002"/>
  <testcase name="test_getRandomChar_succeed[37]" classname="com.revature.wordsaway.services.BoardServiceTest" time="0.001"/>
  <testcase name="test_getRandomChar_succeed[38]" classname="com.revature.wordsaway.services.BoardServiceTest" time="0"/>
  <testcase name="test_getRandomChar_succeed[39]" classname="com.revature.wordsaway.services.BoardServiceTest" time="0"/>
  <testcase name="test_getRandomChar_succeed[40]" classname="com.revature.wordsaway.services.BoardServiceTest" time="0.001"/>
  <testcase name="test_getRandomChar_succeed[41]" classname="com.revature.wordsaway.services.BoardServiceTest" time="0"/>
  <testcase name="test_getRandomChar_succeed[42]" classname="com.revature.wordsaway.services.BoardServiceTest" time="0.003"/>
  <testcase name="test_getRandomChar_succeed[43]" classname="com.revature.wordsaway.services.BoardServiceTest" time="0.001"/>
  <testcase name="test_getRandomChar_succeed[44]" classname="com.revature.wordsaway.services.BoardServiceTest" time="0"/>
  <testcase name="test_getRandomChar_succeed[45]" classname="com.revature.wordsaway.services.BoardServiceTest" time="0"/>
  <testcase name="test_getRandomChar_succeed[46]" classname="com.revature.wordsaway.services.BoardServiceTest" time="0"/>
  <testcase name="test_getRandomChar_succeed[47]" classname="com.revature.wordsaway.services.BoardServiceTest" time="0.001"/>
  <testcase name="test_getRandomChar_succeed[48]" classname="com.revature.wordsaway.services.BoardServiceTest" time="0.001"/>
  <testcase name="test_getRandomChar_succeed[49]" classname="com.revature.wordsaway.services.BoardServiceTest" time="0.001"/>
  <testcase name="test_getRandomChar_succeed[50]" classname="com.revature.wordsaway.services.BoardServiceTest" time="0"/>
  <testcase name="test_getRandomChar_succeed[51]" classname="com.revature.wordsaway.services.BoardServiceTest" time="0"/>
  <testcase name="test_getRandomChar_succeed[52]" classname="com.revature.wordsaway.services.BoardServiceTest" time="0"/>
  <testcase name="test_getRandomChar_succeed[53]" classname="com.revature.wordsaway.services.BoardServiceTest" time="0"/>
  <testcase name="test_getRandomChar_succeed[54]" classname="com.revature.wordsaway.services.BoardServiceTest" time="0"/>
  <testcase name="test_getRandomChar_succeed[55]" classname="com.revature.wordsaway.services.BoardServiceTest" time="0"/>
  <testcase name="test_getRandomChar_succeed[56]" classname="com.revature.wordsaway.services.BoardServiceTest" time="0.001"/>
  <testcase name="test_getRandomChar_succeed[57]" classname="com.revature.wordsaway.services.BoardServiceTest" time="0.001"/>
  <testcase name="test_getRandomChar_succeed[58]" classname="com.revature.wordsaway.services.BoardServiceTest" time="0"/>
  <testcase name="test_getRandomChar_succeed[59]" classname="com.revature.wordsaway.services.BoardServiceTest" time="0"/>
  <testcase name="test_getRandomChar_succeed[60]" classname="com.revature.wordsaway.services.BoardServiceTest" time="0.001"/>
  <testcase name="test_getRandomChar_succeed[61]" classname="com.revature.wordsaway.services.BoardServiceTest" time="0"/>
  <testcase name="test_getRandomChar_succeed[62]" classname="com.revature.wordsaway.services.BoardServiceTest" time="0"/>
  <testcase name="test_getRandomChar_succeed[63]" classname="com.revature.wordsaway.services.BoardServiceTest" time="0.001"/>
  <testcase name="test_getRandomChar_succeed[64]" classname="com.revature.wordsaway.services.BoardServiceTest" time="0"/>
  <testcase name="test_getRandomChar_succeed[65]" classname="com.revature.wordsaway.services.BoardServiceTest" time="0"/>
  <testcase name="test_getRandomChar_succeed[66]" classname="com.revature.wordsaway.services.BoardServiceTest" time="0"/>
  <testcase name="test_getRandomChar_succeed[67]" classname="com.revature.wordsaway.services.BoardServiceTest" time="0"/>
  <testcase name="test_getRandomChar_succeed[68]" classname="com.revature.wordsaway.services.BoardServiceTest" time="0"/>
  <testcase name="test_getRandomChar_succeed[69]" classname="com.revature.wordsaway.services.BoardServiceTest" time="0.001"/>
  <testcase name="test_getRandomChar_succeed[70]" classname="com.revature.wordsaway.services.BoardServiceTest" time="0"/>
  <testcase name="test_getRandomChar_succeed[71]" classname="com.revature.wordsaway.services.BoardServiceTest" time="0.001"/>
  <testcase name="test_getRandomChar_succeed[72]" classname="com.revature.wordsaway.services.BoardServiceTest" time="0.002"/>
  <testcase name="test_getRandomChar_succeed[73]" classname="com.revature.wordsaway.services.BoardServiceTest" time="0.001"/>
  <testcase name="test_getRandomChar_succeed[74]" classname="com.revature.wordsaway.services.BoardServiceTest" time="0.001"/>
  <testcase name="test_getRandomChar_succeed[75]" classname="com.revature.wordsaway.services.BoardServiceTest" time="0.001"/>
  <testcase name="test_getRandomChar_succeed[76]" classname="com.revature.wordsaway.services.BoardServiceTest" time="0.001"/>
  <testcase name="test_getRandomChar_succeed[77]" classname="com.revature.wordsaway.services.BoardServiceTest" time="0.002"/>
  <testcase name="test_getRandomChar_succeed[78]" classname="com.revature.wordsaway.services.BoardServiceTest" time="0.001"/>
  <testcase name="test_getRandomChar_succeed[79]" classname="com.revature.wordsaway.services.BoardServiceTest" time="0.001"/>
  <testcase name="test_getRandomChar_succeed[80]" classname="com.revature.wordsaway.services.BoardServiceTest" time="0"/>
  <testcase name="test_getRandomChar_succeed[81]" classname="com.revature.wordsaway.services.BoardServiceTest" time="0.001"/>
  <testcase name="test_getRandomChar_succeed[82]" classname="com.revature.wordsaway.services.BoardServiceTest" time="0.001"/>
  <testcase name="test_getRandomChar_succeed[83]" classname="com.revature.wordsaway.services.BoardServiceTest" time="0"/>
  <testcase name="test_getRandomChar_succeed[84]" classname="com.revature.wordsaway.services.BoardServiceTest" time="0.001"/>
  <testcase name="test_getRandomChar_succeed[85]" classname="com.revature.wordsaway.services.BoardServiceTest" time="0"/>
  <testcase name="test_getRandomChar_succeed[86]" classname="com.revature.wordsaway.services.BoardServiceTest" time="0"/>
  <testcase name="test_getRandomChar_succeed[87]" classname="com.revature.wordsaway.services.BoardServiceTest" time="0.001"/>
  <testcase name="test_getRandomChar_succeed[88]" classname="com.revature.wordsaway.services.BoardServiceTest" time="0"/>
  <testcase name="test_getRandomChar_succeed[89]" classname="com.revature.wordsaway.services.BoardServiceTest" time="0.001"/>
  <testcase name="test_getRandomChar_succeed[90]" classname="com.revature.wordsaway.services.BoardServiceTest" time="0"/>
  <testcase name="test_getRandomChar_succeed[91]" classname="com.revature.wordsaway.services.BoardServiceTest" time="0"/>
  <testcase name="test_getRandomChar_succeed[92]" classname="com.revature.wordsaway.services.BoardServiceTest" time="0"/>
  <testcase name="test_getRandomChar_succeed[93]" classname="com.revature.wordsaway.services.BoardServiceTest" time="0"/>
  <testcase name="test_getRandomChar_succeed[94]" classname="com.revature.wordsaway.services.BoardServiceTest" time="0.003"/>
  <testcase name="test_getRandomChar_succeed[95]" classname="com.revature.wordsaway.services.BoardServiceTest" time="0"/>
  <testcase name="test_getRandomChar_succeed[96]" classname="com.revature.wordsaway.services.BoardServiceTest" time="0.001"/>
  <testcase name="test_getRandomChar_succeed[97]" classname="com.revature.wordsaway.services.BoardServiceTest" time="0"/>
  <testcase name="test_getRandomChar_succeed[98]" classname="com.revature.wordsaway.services.BoardServiceTest" time="0"/>
  <testcase name="test_getRandomChar_succeed[99]" classname="com.revature.wordsaway.services.BoardServiceTest" time="0.001"/>
  <testcase name="test_getRandomChar_succeed[100]" classname="com.revature.wordsaway.services.BoardServiceTest" time="0"/>
  <testcase name="test_gameOver_duringGame" classname="com.revature.wordsaway.services.BoardServiceTest" time="0.006"/>
  <testcase name="test_validateMove_ConnectedShortVerticalFrontMoveOnBoardWithOneAsterisk_succeed" classname="com.revature.wordsaway.services.BoardServiceTest" time="0.006"/>
  <testcase name="test_validateMove_ConnectedLongVerticalFrontMoveOnBoardWithOneAsterisk_succeed" classname="com.revature.wordsaway.services.BoardServiceTest" time="0.005"/>
  <testcase name="test_validateMove_ConnectedShortVerticalFrontMoveOnBoardWithOneLetter_succeed" classname="com.revature.wordsaway.services.BoardServiceTest" time="0.007"/>
  <testcase name="test_validateMove_LongVerticalMoveOnBlankBoard_succeed{RepetitionInfo}[1]" classname="com.revature.wordsaway.services.BoardServiceTest" time="0.009"/>
  <testcase name="test_validateMove_LongVerticalMoveOnBlankBoard_succeed{RepetitionInfo}[2]" classname="com.revature.wordsaway.services.BoardServiceTest" time="0.004"/>
  <testcase name="test_validateMove_LongVerticalMoveOnBlankBoard_succeed{RepetitionInfo}[3]" classname="com.revature.wordsaway.services.BoardServiceTest" time="0.007"/>
  <testcase name="test_validateMove_LongVerticalMoveOnBlankBoard_succeed{RepetitionInfo}[4]" classname="com.revature.wordsaway.services.BoardServiceTest" time="0.008"/>
  <testcase name="test_validateMove_LongVerticalMoveOnBlankBoard_succeed{RepetitionInfo}[5]" classname="com.revature.wordsaway.services.BoardServiceTest" time="0.005"/>
  <testcase name="test_validateMove_LongVerticalMoveOnBlankBoard_succeed{RepetitionInfo}[6]" classname="com.revature.wordsaway.services.BoardServiceTest" time="0.006"/>
  <testcase name="test_validateMove_LongVerticalMoveOnBlankBoard_succeed{RepetitionInfo}[7]" classname="com.revature.wordsaway.services.BoardServiceTest" time="0.004"/>
  <testcase name="test_validateMove_LongVerticalMoveOnBlankBoard_succeed{RepetitionInfo}[8]" classname="com.revature.wordsaway.services.BoardServiceTest" time="0.005"/>
  <testcase name="test_validateMove_LongVerticalMoveOnBlankBoard_succeed{RepetitionInfo}[9]" classname="com.revature.wordsaway.services.BoardServiceTest" time="0.005"/>
  <testcase name="test_validateMove_LongVerticalMoveOnBlankBoard_succeed{RepetitionInfo}[10]" classname="com.revature.wordsaway.services.BoardServiceTest" time="0.004"/>
  <testcase name="test_validateMove_LongVerticalMoveOnBlankBoard_succeed{RepetitionInfo}[11]" classname="com.revature.wordsaway.services.BoardServiceTest" time="0.004"/>
  <testcase name="test_validateMove_LongVerticalMoveOnBlankBoard_succeed{RepetitionInfo}[12]" classname="com.revature.wordsaway.services.BoardServiceTest" time="0.004"/>
  <testcase name="test_validateMove_LongVerticalMoveOnBlankBoard_succeed{RepetitionInfo}[13]" classname="com.revature.wordsaway.services.BoardServiceTest" time="0.004"/>
  <testcase name="test_validateMove_LongVerticalMoveOnBlankBoard_succeed{RepetitionInfo}[14]" classname="com.revature.wordsaway.services.BoardServiceTest" time="0.004"/>
  <testcase name="test_validateMove_LongVerticalMoveOnBlankBoard_succeed{RepetitionInfo}[15]" classname="com.revature.wordsaway.services.BoardServiceTest" time="0.003"/>
  <testcase name="test_validateMove_LongVerticalMoveOnBlankBoard_succeed{RepetitionInfo}[16]" classname="com.revature.wordsaway.services.BoardServiceTest" time="0.005"/>
  <testcase name="test_validateMove_LongVerticalMoveOnBlankBoard_succeed{RepetitionInfo}[17]" classname="com.revature.wordsaway.services.BoardServiceTest" time="0.006"/>
  <testcase name="test_validateMove_LongVerticalMoveOnBlankBoard_succeed{RepetitionInfo}[18]" classname="com.revature.wordsaway.services.BoardServiceTest" time="0.004"/>
  <testcase name="test_validateMove_LongVerticalMoveOnBlankBoard_succeed{RepetitionInfo}[19]" classname="com.revature.wordsaway.services.BoardServiceTest" time="0.012"/>
  <testcase name="test_validateMove_LongVerticalMoveOnBlankBoard_succeed{RepetitionInfo}[20]" classname="com.revature.wordsaway.services.BoardServiceTest" time="0.009"/>
  <testcase name="test_validateMove_LongVerticalMoveOnBlankBoard_succeed{RepetitionInfo}[21]" classname="com.revature.wordsaway.services.BoardServiceTest" time="0.008"/>
  <testcase name="test_validateMove_LongVerticalMoveOnBlankBoard_succeed{RepetitionInfo}[22]" classname="com.revature.wordsaway.services.BoardServiceTest" time="0.004"/>
  <testcase name="test_validateMove_LongVerticalMoveOnBlankBoard_succeed{RepetitionInfo}[23]" classname="com.revature.wordsaway.services.BoardServiceTest" time="0.004"/>
  <testcase name="test_validateMove_LongVerticalMoveOnBlankBoard_succeed{RepetitionInfo}[24]" classname="com.revature.wordsaway.services.BoardServiceTest" time="0.007"/>
  <testcase name="test_validateMove_LongVerticalMoveOnBlankBoard_succeed{RepetitionInfo}[25]" classname="com.revature.wordsaway.services.BoardServiceTest" time="0.005"/>
  <testcase name="test_validateMove_LongVerticalMoveOnBlankBoard_succeed{RepetitionInfo}[26]" classname="com.revature.wordsaway.services.BoardServiceTest" time="0.004"/>
  <testcase name="test_validateMove_LongVerticalMoveOnBlankBoard_succeed{RepetitionInfo}[27]" classname="com.revature.wordsaway.services.BoardServiceTest" time="0.004"/>
  <testcase name="test_validateMove_LongVerticalMoveOnBlankBoard_succeed{RepetitionInfo}[28]" classname="com.revature.wordsaway.services.BoardServiceTest" time="0.005"/>
  <testcase name="test_validateMove_LongVerticalMoveOnBlankBoard_succeed{RepetitionInfo}[29]" classname="com.revature.wordsaway.services.BoardServiceTest" time="0.005"/>
  <testcase name="test_validateMove_LongVerticalMoveOnBlankBoard_succeed{RepetitionInfo}[30]" classname="com.revature.wordsaway.services.BoardServiceTest" time="0.004"/>
  <testcase name="test_validateMove_LongVerticalMoveOnBlankBoard_succeed{RepetitionInfo}[31]" classname="com.revature.wordsaway.services.BoardServiceTest" time="0.004"/>
  <testcase name="test_validateMove_LongVerticalMoveOnBlankBoard_succeed{RepetitionInfo}[32]" classname="com.revature.wordsaway.services.BoardServiceTest" time="0.004"/>
  <testcase name="test_validateMove_LongVerticalMoveOnBlankBoard_succeed{RepetitionInfo}[33]" classname="com.revature.wordsaway.services.BoardServiceTest" time="0.003"/>
  <testcase name="test_validateMove_LongVerticalMoveOnBlankBoard_succeed{RepetitionInfo}[34]" classname="com.revature.wordsaway.services.BoardServiceTest" time="0.003"/>
  <testcase name="test_validateMove_LongVerticalMoveOnBlankBoard_succeed{RepetitionInfo}[35]" classname="com.revature.wordsaway.services.BoardServiceTest" time="0.006"/>
  <testcase name="test_validateMove_LongVerticalMoveOnBlankBoard_succeed{RepetitionInfo}[36]" classname="com.revature.wordsaway.services.BoardServiceTest" time="0.005"/>
  <testcase name="test_validateMove_LongVerticalMoveOnBlankBoard_succeed{RepetitionInfo}[37]" classname="com.revature.wordsaway.services.BoardServiceTest" time="0.004"/>
  <testcase name="test_validateMove_LongVerticalMoveOnBlankBoard_succeed{RepetitionInfo}[38]" classname="com.revature.wordsaway.services.BoardServiceTest" time="0.004"/>
  <testcase name="test_validateMove_LongVerticalMoveOnBlankBoard_succeed{RepetitionInfo}[39]" classname="com.revature.wordsaway.services.BoardServiceTest" time="0.004"/>
  <testcase name="test_validateMove_LongVerticalMoveOnBlankBoard_succeed{RepetitionInfo}[40]" classname="com.revature.wordsaway.services.BoardServiceTest" time="0.004"/>
  <testcase name="test_validateMove_LongVerticalMoveOnBlankBoard_succeed{RepetitionInfo}[41]" classname="com.revature.wordsaway.services.BoardServiceTest" time="0.004"/>
  <testcase name="test_validateMove_LongVerticalMoveOnBlankBoard_succeed{RepetitionInfo}[42]" classname="com.revature.wordsaway.services.BoardServiceTest" time="0.004"/>
  <testcase name="test_validateMove_LongVerticalMoveOnBlankBoard_succeed{RepetitionInfo}[43]" classname="com.revature.wordsaway.services.BoardServiceTest" time="0.004"/>
  <testcase name="test_validateMove_LongVerticalMoveOnBlankBoard_succeed{RepetitionInfo}[44]" classname="com.revature.wordsaway.services.BoardServiceTest" time="0.003"/>
  <testcase name="test_validateMove_LongVerticalMoveOnBlankBoard_succeed{RepetitionInfo}[45]" classname="com.revature.wordsaway.services.BoardServiceTest" time="0.004"/>
  <testcase name="test_validateMove_LongVerticalMoveOnBlankBoard_succeed{RepetitionInfo}[46]" classname="com.revature.wordsaway.services.BoardServiceTest" time="0.004"/>
  <testcase name="test_validateMove_LongVerticalMoveOnBlankBoard_succeed{RepetitionInfo}[47]" classname="com.revature.wordsaway.services.BoardServiceTest" time="0.005"/>
  <testcase name="test_validateMove_LongVerticalMoveOnBlankBoard_succeed{RepetitionInfo}[48]" classname="com.revature.wordsaway.services.BoardServiceTest" time="0.004"/>
  <testcase name="test_validateMove_LongVerticalMoveOnBlankBoard_succeed{RepetitionInfo}[49]" classname="com.revature.wordsaway.services.BoardServiceTest" time="0.005"/>
  <testcase name="test_validateMove_LongVerticalMoveOnBlankBoard_succeed{RepetitionInfo}[50]" classname="com.revature.wordsaway.services.BoardServiceTest" time="0.004"/>
  <testcase name="test_validateMove_LongVerticalMoveOnBlankBoard_succeed{RepetitionInfo}[51]" classname="com.revature.wordsaway.services.BoardServiceTest" time="0.005"/>
  <testcase name="test_validateMove_LongVerticalMoveOnBlankBoard_succeed{RepetitionInfo}[52]" classname="com.revature.wordsaway.services.BoardServiceTest" time="0.005"/>
  <testcase name="test_validateMove_LongVerticalMoveOnBlankBoard_succeed{RepetitionInfo}[53]" classname="com.revature.wordsaway.services.BoardServiceTest" time="0.004"/>
  <testcase name="test_validateMove_LongVerticalMoveOnBlankBoard_succeed{RepetitionInfo}[54]" classname="com.revature.wordsaway.services.BoardServiceTest" time="0.004"/>
  <testcase name="test_validateMove_LongVerticalMoveOnBlankBoard_succeed{RepetitionInfo}[55]" classname="com.revature.wordsaway.services.BoardServiceTest" time="0.005"/>
  <testcase name="test_validateMove_LongVerticalMoveOnBlankBoard_succeed{RepetitionInfo}[56]" classname="com.revature.wordsaway.services.BoardServiceTest" time="0.005"/>
  <testcase name="test_validateMove_LongVerticalMoveOnBlankBoard_succeed{RepetitionInfo}[57]" classname="com.revature.wordsaway.services.BoardServiceTest" time="0.004"/>
  <testcase name="test_validateMove_LongVerticalMoveOnBlankBoard_succeed{RepetitionInfo}[58]" classname="com.revature.wordsaway.services.BoardServiceTest" time="0.004"/>
  <testcase name="test_validateMove_LongVerticalMoveOnBlankBoard_succeed{RepetitionInfo}[59]" classname="com.revature.wordsaway.services.BoardServiceTest" time="0.004"/>
  <testcase name="test_validateMove_LongVerticalMoveOnBlankBoard_succeed{RepetitionInfo}[60]" classname="com.revature.wordsaway.services.BoardServiceTest" time="0.004"/>
  <testcase name="test_validateMove_LongVerticalMoveOnBlankBoard_succeed{RepetitionInfo}[61]" classname="com.revature.wordsaway.services.BoardServiceTest" time="0.004"/>
  <testcase name="test_validateMove_LongVerticalMoveOnBlankBoard_succeed{RepetitionInfo}[62]" classname="com.revature.wordsaway.services.BoardServiceTest" time="0.004"/>
  <testcase name="test_validateMove_LongVerticalMoveOnBlankBoard_succeed{RepetitionInfo}[63]" classname="com.revature.wordsaway.services.BoardServiceTest" time="0.004"/>
  <testcase name="test_validateMove_LongVerticalMoveOnBlankBoard_succeed{RepetitionInfo}[64]" classname="com.revature.wordsaway.services.BoardServiceTest" time="0.004"/>
  <testcase name="test_validateMove_LongVerticalMoveOnBlankBoard_succeed{RepetitionInfo}[65]" classname="com.revature.wordsaway.services.BoardServiceTest" time="0.004"/>
  <testcase name="test_validateMove_LongVerticalMoveOnBlankBoard_succeed{RepetitionInfo}[66]" classname="com.revature.wordsaway.services.BoardServiceTest" time="0.004"/>
  <testcase name="test_validateMove_LongVerticalMoveOnBlankBoard_succeed{RepetitionInfo}[67]" classname="com.revature.wordsaway.services.BoardServiceTest" time="0.004"/>
  <testcase name="test_validateMove_LongVerticalMoveOnBlankBoard_succeed{RepetitionInfo}[68]" classname="com.revature.wordsaway.services.BoardServiceTest" time="0.004"/>
  <testcase name="test_validateMove_LongVerticalMoveOnBlankBoard_succeed{RepetitionInfo}[69]" classname="com.revature.wordsaway.services.BoardServiceTest" time="0.005"/>
  <testcase name="test_validateMove_LongVerticalMoveOnBlankBoard_succeed{RepetitionInfo}[70]" classname="com.revature.wordsaway.services.BoardServiceTest" time="0.004"/>
  <testcase name="test_validateMove_LongVerticalMoveOnBlankBoard_succeed{RepetitionInfo}[71]" classname="com.revature.wordsaway.services.BoardServiceTest" time="0.004"/>
  <testcase name="test_validateMove_LongVerticalMoveOnBlankBoard_succeed{RepetitionInfo}[72]" classname="com.revature.wordsaway.services.BoardServiceTest" time="0.005"/>
  <testcase name="test_validateMove_LongVerticalMoveOnBlankBoard_succeed{RepetitionInfo}[73]" classname="com.revature.wordsaway.services.BoardServiceTest" time="0.005"/>
  <testcase name="test_validateMove_LongVerticalMoveOnBlankBoard_succeed{RepetitionInfo}[74]" classname="com.revature.wordsaway.services.BoardServiceTest" time="0.005"/>
  <testcase name="test_validateMove_LongVerticalMoveOnBlankBoard_succeed{RepetitionInfo}[75]" classname="com.revature.wordsaway.services.BoardServiceTest" time="0.005"/>
  <testcase name="test_validateMove_LongVerticalMoveOnBlankBoard_succeed{RepetitionInfo}[76]" classname="com.revature.wordsaway.services.BoardServiceTest" time="0.005"/>
  <testcase name="test_validateMove_LongVerticalMoveOnBlankBoard_succeed{RepetitionInfo}[77]" classname="com.revature.wordsaway.services.BoardServiceTest" time="0.005"/>
  <testcase name="test_validateMove_LongVerticalMoveOnBlankBoard_succeed{RepetitionInfo}[78]" classname="com.revature.wordsaway.services.BoardServiceTest" time="0.004"/>
  <testcase name="test_validateMove_LongVerticalMoveOnBlankBoard_succeed{RepetitionInfo}[79]" classname="com.revature.wordsaway.services.BoardServiceTest" time="0.004"/>
  <testcase name="test_validateMove_LongVerticalMoveOnBlankBoard_succeed{RepetitionInfo}[80]" classname="com.revature.wordsaway.services.BoardServiceTest" time="0.004"/>
  <testcase name="test_validateMove_LongVerticalMoveOnBlankBoard_succeed{RepetitionInfo}[81]" classname="com.revature.wordsaway.services.BoardServiceTest" time="0.005"/>
  <testcase name="test_validateMove_LongVerticalMoveOnBlankBoard_succeed{RepetitionInfo}[82]" classname="com.revature.wordsaway.services.BoardServiceTest" time="0.004"/>
  <testcase name="test_validateMove_LongVerticalMoveOnBlankBoard_succeed{RepetitionInfo}[83]" classname="com.revature.wordsaway.services.BoardServiceTest" time="0.004"/>
  <testcase name="test_validateMove_LongVerticalMoveOnBlankBoard_succeed{RepetitionInfo}[84]" classname="com.revature.wordsaway.services.BoardServiceTest" time="0.004"/>
  <testcase name="test_validateMove_LongVerticalMoveOnBlankBoard_succeed{RepetitionInfo}[85]" classname="com.revature.wordsaway.services.BoardServiceTest" time="0.005"/>
  <testcase name="test_validateMove_LongVerticalMoveOnBlankBoard_succeed{RepetitionInfo}[86]" classname="com.revature.wordsaway.services.BoardServiceTest" time="0.006"/>
  <testcase name="test_validateMove_LongVerticalMoveOnBlankBoard_succeed{RepetitionInfo}[87]" classname="com.revature.wordsaway.services.BoardServiceTest" time="0.005"/>
  <testcase name="test_validateMove_LongVerticalMoveOnBlankBoard_succeed{RepetitionInfo}[88]" classname="com.revature.wordsaway.services.BoardServiceTest" time="0.004"/>
  <testcase name="test_validateMove_LongVerticalMoveOnBlankBoard_succeed{RepetitionInfo}[89]" classname="com.revature.wordsaway.services.BoardServiceTest" time="0.005"/>
  <testcase name="test_validateMove_LongVerticalMoveOnBlankBoard_succeed{RepetitionInfo}[90]" classname="com.revature.wordsaway.services.BoardServiceTest" time="0.004"/>
  <testcase name="test_validateMove_LongVerticalMoveOnBlankBoard_succeed{RepetitionInfo}[91]" classname="com.revature.wordsaway.services.BoardServiceTest" time="0.005"/>
  <testcase name="test_validateMove_LongVerticalMoveOnBlankBoard_succeed{RepetitionInfo}[92]" classname="com.revature.wordsaway.services.BoardServiceTest" time="0.005"/>
  <testcase name="test_validateMove_LongVerticalMoveOnBlankBoard_succeed{RepetitionInfo}[93]" classname="com.revature.wordsaway.services.BoardServiceTest" time="0.006"/>
  <testcase name="test_validateMove_LongVerticalMoveOnBlankBoard_succeed{RepetitionInfo}[94]" classname="com.revature.wordsaway.services.BoardServiceTest" time="0.005"/>
  <testcase name="test_validateMove_LongVerticalMoveOnBlankBoard_succeed{RepetitionInfo}[95]" classname="com.revature.wordsaway.services.BoardServiceTest" time="0.005"/>
  <testcase name="test_validateMove_LongVerticalMoveOnBlankBoard_succeed{RepetitionInfo}[96]" classname="com.revature.wordsaway.services.BoardServiceTest" time="0.005"/>
  <testcase name="test_validateMove_LongVerticalMoveOnBlankBoard_succeed{RepetitionInfo}[97]" classname="com.revature.wordsaway.services.BoardServiceTest" time="0.014"/>
  <testcase name="test_validateMove_LongVerticalMoveOnBlankBoard_succeed{RepetitionInfo}[98]" classname="com.revature.wordsaway.services.BoardServiceTest" time="0.008"/>
  <testcase name="test_validateMove_LongVerticalMoveOnBlankBoard_succeed{RepetitionInfo}[99]" classname="com.revature.wordsaway.services.BoardServiceTest" time="0.005"/>
  <testcase name="test_validateMove_LongVerticalMoveOnBlankBoard_succeed{RepetitionInfo}[100]" classname="com.revature.wordsaway.services.BoardServiceTest" time="0.006"/>
  <testcase name="test_validateMove_LongVerticalMoveOnBlankBoard_succeed{RepetitionInfo}[101]" classname="com.revature.wordsaway.services.BoardServiceTest" time="0.005"/>
  <testcase name="test_validateMove_LongVerticalMoveOnBlankBoard_succeed{RepetitionInfo}[102]" classname="com.revature.wordsaway.services.BoardServiceTest" time="0.005"/>
  <testcase name="test_validateMove_LongVerticalMoveOnBlankBoard_succeed{RepetitionInfo}[103]" classname="com.revature.wordsaway.services.BoardServiceTest" time="0.004"/>
  <testcase name="test_validateMove_LongVerticalMoveOnBlankBoard_succeed{RepetitionInfo}[104]" classname="com.revature.wordsaway.services.BoardServiceTest" time="0.005"/>
  <testcase name="test_validateMove_LongVerticalMoveOnBlankBoard_succeed{RepetitionInfo}[105]" classname="com.revature.wordsaway.services.BoardServiceTest" time="0.013"/>
  <testcase name="test_validateMove_LongVerticalMoveOnBlankBoard_succeed{RepetitionInfo}[106]" classname="com.revature.wordsaway.services.BoardServiceTest" time="0.006"/>
  <testcase name="test_validateMove_LongVerticalMoveOnBlankBoard_succeed{RepetitionInfo}[107]" classname="com.revature.wordsaway.services.BoardServiceTest" time="0.005"/>
  <testcase name="test_validateMove_LongVerticalMoveOnBlankBoard_succeed{RepetitionInfo}[108]" classname="com.revature.wordsaway.services.BoardServiceTest" time="0.054"/>
  <testcase name="test_validateMove_LongVerticalMoveOnBlankBoard_succeed{RepetitionInfo}[109]" classname="com.revature.wordsaway.services.BoardServiceTest" time="0.012"/>
  <testcase name="test_validateMove_LongVerticalMoveOnBlankBoard_succeed{RepetitionInfo}[110]" classname="com.revature.wordsaway.services.BoardServiceTest" time="0.005"/>
  <testcase name="test_validateMove_LongVerticalMoveOnBlankBoard_succeed{RepetitionInfo}[111]" classname="com.revature.wordsaway.services.BoardServiceTest" time="0.011"/>
  <testcase name="test_validateMove_LongVerticalMoveOnBlankBoard_succeed{RepetitionInfo}[112]" classname="com.revature.wordsaway.services.BoardServiceTest" time="0.008"/>
  <testcase name="test_validateMove_LongVerticalMoveOnBlankBoard_succeed{RepetitionInfo}[113]" classname="com.revature.wordsaway.services.BoardServiceTest" time="0.007"/>
  <testcase name="test_validateMove_LongVerticalMoveOnBlankBoard_succeed{RepetitionInfo}[114]" classname="com.revature.wordsaway.services.BoardServiceTest" time="0.01"/>
  <testcase name="test_validateMove_LongVerticalMoveOnBlankBoard_succeed{RepetitionInfo}[115]" classname="com.revature.wordsaway.services.BoardServiceTest" time="0.009"/>
  <testcase name="test_validateMove_LongVerticalMoveOnBlankBoard_succeed{RepetitionInfo}[116]" classname="com.revature.wordsaway.services.BoardServiceTest" time="0.009"/>
  <testcase name="test_validateMove_LongVerticalMoveOnBlankBoard_succeed{RepetitionInfo}[117]" classname="com.revature.wordsaway.services.BoardServiceTest" time="0.006"/>
  <testcase name="test_validateMove_LongVerticalMoveOnBlankBoard_succeed{RepetitionInfo}[118]" classname="com.revature.wordsaway.services.BoardServiceTest" time="0.004"/>
  <testcase name="test_validateMove_LongVerticalMoveOnBlankBoard_succeed{RepetitionInfo}[119]" classname="com.revature.wordsaway.services.BoardServiceTest" time="0.004"/>
  <testcase name="test_validateMove_LongVerticalMoveOnBlankBoard_succeed{RepetitionInfo}[120]" classname="com.revature.wordsaway.services.BoardServiceTest" time="0.003"/>
  <testcase name="test_validateMove_LongVerticalMoveOnBlankBoard_succeed{RepetitionInfo}[121]" classname="com.revature.wordsaway.services.BoardServiceTest" time="0.004"/>
  <testcase name="test_validateMove_LongVerticalMoveOnBlankBoard_succeed{RepetitionInfo}[122]" classname="com.revature.wordsaway.services.BoardServiceTest" time="0.004"/>
  <testcase name="test_validateMove_LongVerticalMoveOnBlankBoard_succeed{RepetitionInfo}[123]" classname="com.revature.wordsaway.services.BoardServiceTest" time="0.004"/>
  <testcase name="test_validateMove_LongVerticalMoveOnBlankBoard_succeed{RepetitionInfo}[124]" classname="com.revature.wordsaway.services.BoardServiceTest" time="0.004"/>
  <testcase name="test_validateMove_LongVerticalMoveOnBlankBoard_succeed{RepetitionInfo}[125]" classname="com.revature.wordsaway.services.BoardServiceTest" time="0.003"/>
  <testcase name="test_validateMove_LongVerticalMoveOnBlankBoard_succeed{RepetitionInfo}[126]" classname="com.revature.wordsaway.services.BoardServiceTest" time="0.003"/>
  <testcase name="test_validateMove_LongVerticalMoveOnBlankBoard_succeed{RepetitionInfo}[127]" classname="com.revature.wordsaway.services.BoardServiceTest" time="0.008"/>
  <testcase name="test_validateMove_LongVerticalMoveOnBlankBoard_succeed{RepetitionInfo}[128]" classname="com.revature.wordsaway.services.BoardServiceTest" time="0.008"/>
  <testcase name="test_validateMove_LongVerticalMoveOnBlankBoard_succeed{RepetitionInfo}[129]" classname="com.revature.wordsaway.services.BoardServiceTest" time="0.005"/>
  <testcase name="test_validateMove_LongVerticalMoveOnBlankBoard_succeed{RepetitionInfo}[130]" classname="com.revature.wordsaway.services.BoardServiceTest" time="0.004"/>
  <testcase name="test_validateMove_LongVerticalMoveOnBlankBoard_succeed{RepetitionInfo}[131]" classname="com.revature.wordsaway.services.BoardServiceTest" time="0.004"/>
  <testcase name="test_validateMove_LongVerticalMoveOnBlankBoard_succeed{RepetitionInfo}[132]" classname="com.revature.wordsaway.services.BoardServiceTest" time="0.003"/>
  <testcase name="test_validateMove_LongVerticalMoveOnBlankBoard_succeed{RepetitionInfo}[133]" classname="com.revature.wordsaway.services.BoardServiceTest" time="0.004"/>
  <testcase name="test_validateMove_LongVerticalMoveOnBlankBoard_succeed{RepetitionInfo}[134]" classname="com.revature.wordsaway.services.BoardServiceTest" time="0.004"/>
  <testcase name="test_validateMove_LongVerticalMoveOnBlankBoard_succeed{RepetitionInfo}[135]" classname="com.revature.wordsaway.services.BoardServiceTest" time="0.005"/>
  <testcase name="test_validateMove_LongVerticalMoveOnBlankBoard_succeed{RepetitionInfo}[136]" classname="com.revature.wordsaway.services.BoardServiceTest" time="0.003"/>
  <testcase name="test_validateMove_LongVerticalMoveOnBlankBoard_succeed{RepetitionInfo}[137]" classname="com.revature.wordsaway.services.BoardServiceTest" time="0.004"/>
  <testcase name="test_validateMove_LongVerticalMoveOnBlankBoard_succeed{RepetitionInfo}[138]" classname="com.revature.wordsaway.services.BoardServiceTest" time="0.004"/>
  <testcase name="test_validateMove_LongVerticalMoveOnBlankBoard_succeed{RepetitionInfo}[139]" classname="com.revature.wordsaway.services.BoardServiceTest" time="0.004"/>
  <testcase name="test_validateMove_LongVerticalMoveOnBlankBoard_succeed{RepetitionInfo}[140]" classname="com.revature.wordsaway.services.BoardServiceTest" time="0.004"/>
  <testcase name="test_validateMove_LongVerticalMoveOnBlankBoard_succeed{RepetitionInfo}[141]" classname="com.revature.wordsaway.services.BoardServiceTest" time="0.004"/>
  <testcase name="test_validateMove_LongVerticalMoveOnBlankBoard_succeed{RepetitionInfo}[142]" classname="com.revature.wordsaway.services.BoardServiceTest" time="0.003"/>
  <testcase name="test_validateMove_LongVerticalMoveOnBlankBoard_succeed{RepetitionInfo}[143]" classname="com.revature.wordsaway.services.BoardServiceTest" time="0.003"/>
  <testcase name="test_validateMove_LongVerticalMoveOnBlankBoard_succeed{RepetitionInfo}[144]" classname="com.revature.wordsaway.services.BoardServiceTest" time="0.004"/>
  <testcase name="test_validateMove_LongVerticalMoveOnBlankBoard_succeed{RepetitionInfo}[145]" classname="com.revature.wordsaway.services.BoardServiceTest" time="0.004"/>
  <testcase name="test_validateMove_LongVerticalMoveOnBlankBoard_succeed{RepetitionInfo}[146]" classname="com.revature.wordsaway.services.BoardServiceTest" time="0.004"/>
  <testcase name="test_validateMove_LongVerticalMoveOnBlankBoard_succeed{RepetitionInfo}[147]" classname="com.revature.wordsaway.services.BoardServiceTest" time="0.004"/>
  <testcase name="test_validateMove_LongVerticalMoveOnBlankBoard_succeed{RepetitionInfo}[148]" classname="com.revature.wordsaway.services.BoardServiceTest" time="0.004"/>
  <testcase name="test_validateMove_LongVerticalMoveOnBlankBoard_succeed{RepetitionInfo}[149]" classname="com.revature.wordsaway.services.BoardServiceTest" time="0.005"/>
  <testcase name="test_validateMove_LongVerticalMoveOnBlankBoard_succeed{RepetitionInfo}[150]" classname="com.revature.wordsaway.services.BoardServiceTest" time="0.003"/>
  <testcase name="test_validateMove_LongVerticalMoveOnBlankBoard_succeed{RepetitionInfo}[151]" classname="com.revature.wordsaway.services.BoardServiceTest" time="0.003"/>
  <testcase name="test_validateMove_LongVerticalMoveOnBlankBoard_succeed{RepetitionInfo}[152]" classname="com.revature.wordsaway.services.BoardServiceTest" time="0.004"/>
  <testcase name="test_validateMove_LongVerticalMoveOnBlankBoard_succeed{RepetitionInfo}[153]" classname="com.revature.wordsaway.services.BoardServiceTest" time="0.004"/>
  <testcase name="test_validateMove_LongVerticalMoveOnBlankBoard_succeed{RepetitionInfo}[154]" classname="com.revature.wordsaway.services.BoardServiceTest" time="0.004"/>
  <testcase name="test_validateMove_LongVerticalMoveOnBlankBoard_succeed{RepetitionInfo}[155]" classname="com.revature.wordsaway.services.BoardServiceTest" time="0.005"/>
  <testcase name="test_validateMove_LongVerticalMoveOnBlankBoard_succeed{RepetitionInfo}[156]" classname="com.revature.wordsaway.services.BoardServiceTest" time="0.004"/>
  <testcase name="test_validateMove_LongVerticalMoveOnBlankBoard_succeed{RepetitionInfo}[157]" classname="com.revature.wordsaway.services.BoardServiceTest" time="0.005"/>
  <testcase name="test_validateMove_LongVerticalMoveOnBlankBoard_succeed{RepetitionInfo}[158]" classname="com.revature.wordsaway.services.BoardServiceTest" time="0.004"/>
  <testcase name="test_validateMove_LongVerticalMoveOnBlankBoard_succeed{RepetitionInfo}[159]" classname="com.revature.wordsaway.services.BoardServiceTest" time="0.004"/>
  <testcase name="test_validateMove_LongVerticalMoveOnBlankBoard_succeed{RepetitionInfo}[160]" classname="com.revature.wordsaway.services.BoardServiceTest" time="0.004"/>
  <testcase name="test_validateMove_LongVerticalMoveOnBlankBoard_succeed{RepetitionInfo}[161]" classname="com.revature.wordsaway.services.BoardServiceTest" time="0.004"/>
  <testcase name="test_validateMove_LongVerticalMoveOnBlankBoard_succeed{RepetitionInfo}[162]" classname="com.revature.wordsaway.services.BoardServiceTest" time="0.005"/>
  <testcase name="test_validateMove_LongVerticalMoveOnBlankBoard_succeed{RepetitionInfo}[163]" classname="com.revature.wordsaway.services.BoardServiceTest" time="0.004"/>
  <testcase name="test_validateMove_LongVerticalMoveOnBlankBoard_succeed{RepetitionInfo}[164]" classname="com.revature.wordsaway.services.BoardServiceTest" time="0.004"/>
  <testcase name="test_validateMove_LongVerticalMoveOnBlankBoard_succeed{RepetitionInfo}[165]" classname="com.revature.wordsaway.services.BoardServiceTest" time="0.004"/>
  <testcase name="test_validateMove_LongVerticalMoveOnBlankBoard_succeed{RepetitionInfo}[166]" classname="com.revature.wordsaway.services.BoardServiceTest" time="0.004"/>
  <testcase name="test_validateMove_LongVerticalMoveOnBlankBoard_succeed{RepetitionInfo}[167]" classname="com.revature.wordsaway.services.BoardServiceTest" time="0.004"/>
  <testcase name="test_validateMove_LongVerticalMoveOnBlankBoard_succeed{RepetitionInfo}[168]" classname="com.revature.wordsaway.services.BoardServiceTest" time="0.004"/>
  <testcase name="test_validateMove_LongVerticalMoveOnBlankBoard_succeed{RepetitionInfo}[169]" classname="com.revature.wordsaway.services.BoardServiceTest" time="0.004"/>
  <testcase name="test_validateMove_LongVerticalMoveOnBlankBoard_succeed{RepetitionInfo}[170]" classname="com.revature.wordsaway.services.BoardServiceTest" time="0.004"/>
  <testcase name="test_validateMove_LongVerticalMoveOnBlankBoard_succeed{RepetitionInfo}[171]" classname="com.revature.wordsaway.services.BoardServiceTest" time="0.005"/>
  <testcase name="test_validateMove_LongVerticalMoveOnBlankBoard_succeed{RepetitionInfo}[172]" classname="com.revature.wordsaway.services.BoardServiceTest" time="0.004"/>
  <testcase name="test_validateMove_LongVerticalMoveOnBlankBoard_succeed{RepetitionInfo}[173]" classname="com.revature.wordsaway.services.BoardServiceTest" time="0.005"/>
  <testcase name="test_validateMove_LongVerticalMoveOnBlankBoard_succeed{RepetitionInfo}[174]" classname="com.revature.wordsaway.services.BoardServiceTest" time="0.005"/>
  <testcase name="test_validateMove_LongVerticalMoveOnBlankBoard_succeed{RepetitionInfo}[175]" classname="com.revature.wordsaway.services.BoardServiceTest" time="0.005"/>
  <testcase name="test_validateMove_LongVerticalMoveOnBlankBoard_succeed{RepetitionInfo}[176]" classname="com.revature.wordsaway.services.BoardServiceTest" time="0.005"/>
  <testcase name="test_validateMove_LongVerticalMoveOnBlankBoard_succeed{RepetitionInfo}[177]" classname="com.revature.wordsaway.services.BoardServiceTest" time="0.004"/>
  <testcase name="test_validateMove_LongVerticalMoveOnBlankBoard_succeed{RepetitionInfo}[178]" classname="com.revature.wordsaway.services.BoardServiceTest" time="0.004"/>
  <testcase name="test_validateMove_LongVerticalMoveOnBlankBoard_succeed{RepetitionInfo}[179]" classname="com.revature.wordsaway.services.BoardServiceTest" time="0.004"/>
  <testcase name="test_validateMove_LongVerticalMoveOnBlankBoard_succeed{RepetitionInfo}[180]" classname="com.revature.wordsaway.services.BoardServiceTest" time="0.004"/>
  <testcase name="test_validateMove_LongVerticalMoveOnBlankBoard_succeed{RepetitionInfo}[181]" classname="com.revature.wordsaway.services.BoardServiceTest" time="0.004"/>
  <testcase name="test_validateMove_LongVerticalMoveOnBlankBoard_succeed{RepetitionInfo}[182]" classname="com.revature.wordsaway.services.BoardServiceTest" time="0.004"/>
  <testcase name="test_validateMove_LongVerticalMoveOnBlankBoard_succeed{RepetitionInfo}[183]" classname="com.revature.wordsaway.services.BoardServiceTest" time="0.004"/>
  <testcase name="test_validateMove_LongVerticalMoveOnBlankBoard_succeed{RepetitionInfo}[184]" classname="com.revature.wordsaway.services.BoardServiceTest" time="0.004"/>
  <testcase name="test_validateMove_LongVerticalMoveOnBlankBoard_succeed{RepetitionInfo}[185]" classname="com.revature.wordsaway.services.BoardServiceTest" time="0.004"/>
  <testcase name="test_validateMove_LongVerticalMoveOnBlankBoard_succeed{RepetitionInfo}[186]" classname="com.revature.wordsaway.services.BoardServiceTest" time="0.004"/>
  <testcase name="test_validateMove_LongVerticalMoveOnBlankBoard_succeed{RepetitionInfo}[187]" classname="com.revature.wordsaway.services.BoardServiceTest" time="0.004"/>
  <testcase name="test_validateMove_LongVerticalMoveOnBlankBoard_succeed{RepetitionInfo}[188]" classname="com.revature.wordsaway.services.BoardServiceTest" time="0.004"/>
  <testcase name="test_validateMove_LongVerticalMoveOnBlankBoard_succeed{RepetitionInfo}[189]" classname="com.revature.wordsaway.services.BoardServiceTest" time="0.004"/>
  <testcase name="test_validateMove_LongVerticalMoveOnBlankBoard_succeed{RepetitionInfo}[190]" classname="com.revature.wordsaway.services.BoardServiceTest" time="0.004"/>
  <testcase name="test_validateMove_LongVerticalMoveOnBlankBoard_succeed{RepetitionInfo}[191]" classname="com.revature.wordsaway.services.BoardServiceTest" time="0.004"/>
  <testcase name="test_validateMove_LongVerticalMoveOnBlankBoard_succeed{RepetitionInfo}[192]" classname="com.revature.wordsaway.services.BoardServiceTest" time="0.004"/>
  <testcase name="test_validateMove_LongVerticalMoveOnBlankBoard_succeed{RepetitionInfo}[193]" classname="com.revature.wordsaway.services.BoardServiceTest" time="0.004"/>
  <testcase name="test_validateMove_LongVerticalMoveOnBlankBoard_succeed{RepetitionInfo}[194]" classname="com.revature.wordsaway.services.BoardServiceTest" time="0.004"/>
  <testcase name="test_validateMove_LongVerticalMoveOnBlankBoard_succeed{RepetitionInfo}[195]" classname="com.revature.wordsaway.services.BoardServiceTest" time="0.004"/>
  <testcase name="test_validateMove_LongVerticalMoveOnBlankBoard_succeed{RepetitionInfo}[196]" classname="com.revature.wordsaway.services.BoardServiceTest" time="0.004"/>
  <testcase name="test_validateMove_LongVerticalMoveOnBlankBoard_succeed{RepetitionInfo}[197]" classname="com.revature.wordsaway.services.BoardServiceTest" time="0.003"/>
  <testcase name="test_validateMove_LongVerticalMoveOnBlankBoard_succeed{RepetitionInfo}[198]" classname="com.revature.wordsaway.services.BoardServiceTest" time="0.003"/>
  <testcase name="test_validateMove_LongVerticalMoveOnBlankBoard_succeed{RepetitionInfo}[199]" classname="com.revature.wordsaway.services.BoardServiceTest" time="0.006"/>
  <testcase name="test_validateMove_LongVerticalMoveOnBlankBoard_succeed{RepetitionInfo}[200]" classname="com.revature.wordsaway.services.BoardServiceTest" time="0.005"/>
  <testcase name="test_validateMove_LongVerticalMoveOnBlankBoard_succeed{RepetitionInfo}[201]" classname="com.revature.wordsaway.services.BoardServiceTest" time="0.004"/>
  <testcase name="test_validateMove_LongVerticalMoveOnBlankBoard_succeed{RepetitionInfo}[202]" classname="com.revature.wordsaway.services.BoardServiceTest" time="0.004"/>
  <testcase name="test_validateMove_LongVerticalMoveOnBlankBoard_succeed{RepetitionInfo}[203]" classname="com.revature.wordsaway.services.BoardServiceTest" time="0.004"/>
  <testcase name="test_validateMove_LongVerticalMoveOnBlankBoard_succeed{RepetitionInfo}[204]" classname="com.revature.wordsaway.services.BoardServiceTest" time="0.005"/>
  <testcase name="test_validateMove_LongVerticalMoveOnBlankBoard_succeed{RepetitionInfo}[205]" classname="com.revature.wordsaway.services.BoardServiceTest" time="0.004"/>
  <testcase name="test_validateMove_LongVerticalMoveOnBlankBoard_succeed{RepetitionInfo}[206]" classname="com.revature.wordsaway.services.BoardServiceTest" time="0.004"/>
  <testcase name="test_validateMove_LongVerticalMoveOnBlankBoard_succeed{RepetitionInfo}[207]" classname="com.revature.wordsaway.services.BoardServiceTest" time="0.005"/>
  <testcase name="test_validateMove_LongVerticalMoveOnBlankBoard_succeed{RepetitionInfo}[208]" classname="com.revature.wordsaway.services.BoardServiceTest" time="0.004"/>
  <testcase name="test_validateMove_LongVerticalMoveOnBlankBoard_succeed{RepetitionInfo}[209]" classname="com.revature.wordsaway.services.BoardServiceTest" time="0.001"/>
  <testcase name="test_validateMove_LongVerticalMoveOnBlankBoard_succeed{RepetitionInfo}[210]" classname="com.revature.wordsaway.services.BoardServiceTest" time="0"/>
  <testcase name="test_validateMove_LongVerticalMoveOnBlankBoard_succeed{RepetitionInfo}[211]" classname="com.revature.wordsaway.services.BoardServiceTest" time="0"/>
  <testcase name="test_validateMove_LongVerticalMoveOnBlankBoard_succeed{RepetitionInfo}[212]" classname="com.revature.wordsaway.services.BoardServiceTest" time="0"/>
  <testcase name="test_validateMove_LongVerticalMoveOnBlankBoard_succeed{RepetitionInfo}[213]" classname="com.revature.wordsaway.services.BoardServiceTest" time="0.001"/>
  <testcase name="test_validateMove_LongVerticalMoveOnBlankBoard_succeed{RepetitionInfo}[214]" classname="com.revature.wordsaway.services.BoardServiceTest" time="0"/>
  <testcase name="test_validateMove_LongVerticalMoveOnBlankBoard_succeed{RepetitionInfo}[215]" classname="com.revature.wordsaway.services.BoardServiceTest" time="0.001"/>
  <testcase name="test_validateMove_LongVerticalMoveOnBlankBoard_succeed{RepetitionInfo}[216]" classname="com.revature.wordsaway.services.BoardServiceTest" time="0"/>
  <testcase name="test_validateMove_LongVerticalMoveOnBlankBoard_succeed{RepetitionInfo}[217]" classname="com.revature.wordsaway.services.BoardServiceTest" time="0.001"/>
  <testcase name="test_validateMove_LongVerticalMoveOnBlankBoard_succeed{RepetitionInfo}[218]" classname="com.revature.wordsaway.services.BoardServiceTest" time="0.001"/>
  <testcase name="test_validateMove_LongVerticalMoveOnBlankBoard_succeed{RepetitionInfo}[219]" classname="com.revature.wordsaway.services.BoardServiceTest" time="0"/>
  <testcase name="test_validateMove_LongVerticalMoveOnBlankBoard_succeed{RepetitionInfo}[220]" classname="com.revature.wordsaway.services.BoardServiceTest" time="0.001"/>
  <testcase name="test_validateMove_LongVerticalMoveOnBlankBoard_succeed{RepetitionInfo}[221]" classname="com.revature.wordsaway.services.BoardServiceTest" time="0"/>
  <testcase name="test_validateMove_LongVerticalMoveOnBlankBoard_succeed{RepetitionInfo}[222]" classname="com.revature.wordsaway.services.BoardServiceTest" time="0.001"/>
  <testcase name="test_validateMove_LongVerticalMoveOnBlankBoard_succeed{RepetitionInfo}[223]" classname="com.revature.wordsaway.services.BoardServiceTest" time="0"/>
  <testcase name="test_validateMove_LongVerticalMoveOnBlankBoard_succeed{RepetitionInfo}[224]" classname="com.revature.wordsaway.services.BoardServiceTest" time="0.001"/>
  <testcase name="test_validateMove_LongVerticalMoveOnBlankBoard_succeed{RepetitionInfo}[225]" classname="com.revature.wordsaway.services.BoardServiceTest" time="0"/>
  <testcase name="test_validateMove_LongVerticalMoveOnBlankBoard_succeed{RepetitionInfo}[226]" classname="com.revature.wordsaway.services.BoardServiceTest" time="0.001"/>
  <testcase name="test_validateMove_LongVerticalMoveOnBlankBoard_succeed{RepetitionInfo}[227]" classname="com.revature.wordsaway.services.BoardServiceTest" time="0.001"/>
  <testcase name="test_validateMove_LongVerticalMoveOnBlankBoard_succeed{RepetitionInfo}[228]" classname="com.revature.wordsaway.services.BoardServiceTest" time="0.003"/>
  <testcase name="test_validateMove_LongVerticalMoveOnBlankBoard_succeed{RepetitionInfo}[229]" classname="com.revature.wordsaway.services.BoardServiceTest" time="0.002"/>
  <testcase name="test_validateMove_LongVerticalMoveOnBlankBoard_succeed{RepetitionInfo}[230]" classname="com.revature.wordsaway.services.BoardServiceTest" time="0.001"/>
  <testcase name="test_validateMove_LongVerticalMoveOnBlankBoard_succeed{RepetitionInfo}[231]" classname="com.revature.wordsaway.services.BoardServiceTest" time="0"/>
  <testcase name="test_validateMove_LongVerticalMoveOnBlankBoard_succeed{RepetitionInfo}[232]" classname="com.revature.wordsaway.services.BoardServiceTest" time="0.001"/>
  <testcase name="test_validateMove_LongVerticalMoveOnBlankBoard_succeed{RepetitionInfo}[233]" classname="com.revature.wordsaway.services.BoardServiceTest" time="0"/>
  <testcase name="test_validateMove_LongVerticalMoveOnBlankBoard_succeed{RepetitionInfo}[234]" classname="com.revature.wordsaway.services.BoardServiceTest" time="0.001"/>
  <testcase name="test_validateMove_LongVerticalMoveOnBlankBoard_succeed{RepetitionInfo}[235]" classname="com.revature.wordsaway.services.BoardServiceTest" time="0.001"/>
  <testcase name="test_validateMove_LongVerticalMoveOnBlankBoard_succeed{RepetitionInfo}[236]" classname="com.revature.wordsaway.services.BoardServiceTest" time="0.001"/>
  <testcase name="test_validateMove_LongVerticalMoveOnBlankBoard_succeed{RepetitionInfo}[237]" classname="com.revature.wordsaway.services.BoardServiceTest" time="0.001"/>
  <testcase name="test_validateMove_LongVerticalMoveOnBlankBoard_succeed{RepetitionInfo}[238]" classname="com.revature.wordsaway.services.BoardServiceTest" time="0.001"/>
  <testcase name="test_validateMove_LongVerticalMoveOnBlankBoard_succeed{RepetitionInfo}[239]" classname="com.revature.wordsaway.services.BoardServiceTest" time="0"/>
  <testcase name="test_validateMove_LongVerticalMoveOnBlankBoard_succeed{RepetitionInfo}[240]" classname="com.revature.wordsaway.services.BoardServiceTest" time="0.001"/>
  <testcase name="test_validateMove_LongVerticalMoveOnBlankBoard_succeed{RepetitionInfo}[241]" classname="com.revature.wordsaway.services.BoardServiceTest" time="0"/>
  <testcase name="test_validateMove_LongVerticalMoveOnBlankBoard_succeed{RepetitionInfo}[242]" classname="com.revature.wordsaway.services.BoardServiceTest" time="0.001"/>
  <testcase name="test_validateMove_LongVerticalMoveOnBlankBoard_succeed{RepetitionInfo}[243]" classname="com.revature.wordsaway.services.BoardServiceTest" time="0"/>
  <testcase name="test_validateMove_LongVerticalMoveOnBlankBoard_succeed{RepetitionInfo}[244]" classname="com.revature.wordsaway.services.BoardServiceTest" time="0.001"/>
  <testcase name="test_validateMove_LongVerticalMoveOnBlankBoard_succeed{RepetitionInfo}[245]" classname="com.revature.wordsaway.services.BoardServiceTest" time="0"/>
  <testcase name="test_validateMove_LongVerticalMoveOnBlankBoard_succeed{RepetitionInfo}[246]" classname="com.revature.wordsaway.services.BoardServiceTest" time="0.001"/>
  <testcase name="test_validateMove_LongVerticalMoveOnBlankBoard_succeed{RepetitionInfo}[247]" classname="com.revature.wordsaway.services.BoardServiceTest" time="0"/>
  <testcase name="test_validateMove_LongVerticalMoveOnBlankBoard_succeed{RepetitionInfo}[248]" classname="com.revature.wordsaway.services.BoardServiceTest" time="0.001"/>
  <testcase name="test_validateMove_LongVerticalMoveOnBlankBoard_succeed{RepetitionInfo}[249]" classname="com.revature.wordsaway.services.BoardServiceTest" time="0"/>
  <testcase name="test_validateMove_LongVerticalMoveOnBlankBoard_succeed{RepetitionInfo}[250]" classname="com.revature.wordsaway.services.BoardServiceTest" time="0.001"/>
  <testcase name="test_validateMove_LongVerticalMoveOnBlankBoard_succeed{RepetitionInfo}[251]" classname="com.revature.wordsaway.services.BoardServiceTest" time="0"/>
  <testcase name="test_validateMove_LongVerticalMoveOnBlankBoard_succeed{RepetitionInfo}[252]" classname="com.revature.wordsaway.services.BoardServiceTest" time="0.001"/>
  <testcase name="test_validateMove_LongVerticalMoveOnBlankBoard_succeed{RepetitionInfo}[253]" classname="com.revature.wordsaway.services.BoardServiceTest" time="0"/>
  <testcase name="test_validateMove_LongVerticalMoveOnBlankBoard_succeed{RepetitionInfo}[254]" classname="com.revature.wordsaway.services.BoardServiceTest" time="0"/>
  <testcase name="test_validateMove_LongVerticalMoveOnBlankBoard_succeed{RepetitionInfo}[255]" classname="com.revature.wordsaway.services.BoardServiceTest" time="0"/>
  <testcase name="test_validateMove_LongVerticalMoveOnBlankBoard_succeed{RepetitionInfo}[256]" classname="com.revature.wordsaway.services.BoardServiceTest" time="0"/>
  <testcase name="test_validateMove_ConnectedLongHorizontalBackMoveOnBoardWithOneAsterisk_succeed" classname="com.revature.wordsaway.services.BoardServiceTest" time="0.012"/>
  <testcase name="test_getByGameID_fail" classname="com.revature.wordsaway.services.BoardServiceTest" time="0.009"/>
  <testcase name="test_calculateELO_LossWithEqualELO_succeed" classname="com.revature.wordsaway.services.BoardServiceTest" time="0.002"/>
  <testcase name="test_validateMove_ConnectedAsteriskVerticalFrontMoveOnBoardWithOneLetter_succeed" classname="com.revature.wordsaway.services.BoardServiceTest" time="0.005"/>
  <testcase name="test_validateMove_ConnectedLongVerticalBetweenMoveOnBoardWithThreeLetters_succeed" classname="com.revature.wordsaway.services.BoardServiceTest" time="0.005"/>
  <testcase name="test_getOpposingBoard_succeed" classname="com.revature.wordsaway.services.BoardServiceTest" time="0.001"/>
  <testcase name="test_validateMove_TwoUnconnectedLetterMoveOnBlankBoard_fail{RepetitionInfo}[1]" classname="com.revature.wordsaway.services.BoardServiceTest" time="0.001"/>
  <testcase name="test_validateMove_TwoUnconnectedLetterMoveOnBlankBoard_fail{RepetitionInfo}[2]" classname="com.revature.wordsaway.services.BoardServiceTest" time="0.002"/>
  <testcase name="test_validateMove_TwoUnconnectedLetterMoveOnBlankBoard_fail{RepetitionInfo}[3]" classname="com.revature.wordsaway.services.BoardServiceTest" time="0"/>
  <testcase name="test_validateMove_TwoUnconnectedLetterMoveOnBlankBoard_fail{RepetitionInfo}[4]" classname="com.revature.wordsaway.services.BoardServiceTest" time="0.001"/>
  <testcase name="test_validateMove_TwoUnconnectedLetterMoveOnBlankBoard_fail{RepetitionInfo}[5]" classname="com.revature.wordsaway.services.BoardServiceTest" time="0"/>
  <testcase name="test_validateMove_TwoUnconnectedLetterMoveOnBlankBoard_fail{RepetitionInfo}[6]" classname="com.revature.wordsaway.services.BoardServiceTest" time="0.001"/>
  <testcase name="test_validateMove_TwoUnconnectedLetterMoveOnBlankBoard_fail{RepetitionInfo}[7]" classname="com.revature.wordsaway.services.BoardServiceTest" time="0"/>
  <testcase name="test_validateMove_TwoUnconnectedLetterMoveOnBlankBoard_fail{RepetitionInfo}[8]" classname="com.revature.wordsaway.services.BoardServiceTest" time="0.001"/>
  <testcase name="test_validateMove_TwoUnconnectedLetterMoveOnBlankBoard_fail{RepetitionInfo}[9]" classname="com.revature.wordsaway.services.BoardServiceTest" time="0"/>
  <testcase name="test_validateMove_TwoUnconnectedLetterMoveOnBlankBoard_fail{RepetitionInfo}[10]" classname="com.revature.wordsaway.services.BoardServiceTest" time="0.001"/>
  <testcase name="test_validateMove_TwoUnconnectedLetterMoveOnBlankBoard_fail{RepetitionInfo}[11]" classname="com.revature.wordsaway.services.BoardServiceTest" time="0"/>
  <testcase name="test_validateMove_TwoUnconnectedLetterMoveOnBlankBoard_fail{RepetitionInfo}[12]" classname="com.revature.wordsaway.services.BoardServiceTest" time="0.001"/>
  <testcase name="test_validateMove_TwoUnconnectedLetterMoveOnBlankBoard_fail{RepetitionInfo}[13]" classname="com.revature.wordsaway.services.BoardServiceTest" time="0"/>
  <testcase name="test_validateMove_TwoUnconnectedLetterMoveOnBlankBoard_fail{RepetitionInfo}[14]" classname="com.revature.wordsaway.services.BoardServiceTest" time="0.001"/>
  <testcase name="test_validateMove_TwoUnconnectedLetterMoveOnBlankBoard_fail{RepetitionInfo}[15]" classname="com.revature.wordsaway.services.BoardServiceTest" time="0"/>
  <testcase name="test_validateMove_TwoUnconnectedLetterMoveOnBlankBoard_fail{RepetitionInfo}[16]" classname="com.revature.wordsaway.services.BoardServiceTest" time="0.002"/>
  <testcase name="test_validateMove_TwoUnconnectedLetterMoveOnBlankBoard_fail{RepetitionInfo}[17]" classname="com.revature.wordsaway.services.BoardServiceTest" time="0"/>
  <testcase name="test_validateMove_TwoUnconnectedLetterMoveOnBlankBoard_fail{RepetitionInfo}[18]" classname="com.revature.wordsaway.services.BoardServiceTest" time="0.004"/>
  <testcase name="test_validateMove_TwoUnconnectedLetterMoveOnBlankBoard_fail{RepetitionInfo}[19]" classname="com.revature.wordsaway.services.BoardServiceTest" time="0.004"/>
  <testcase name="test_validateMove_TwoUnconnectedLetterMoveOnBlankBoard_fail{RepetitionInfo}[20]" classname="com.revature.wordsaway.services.BoardServiceTest" time="0.004"/>
  <testcase name="test_validateMove_TwoUnconnectedLetterMoveOnBlankBoard_fail{RepetitionInfo}[21]" classname="com.revature.wordsaway.services.BoardServiceTest" time="0.004"/>
  <testcase name="test_validateMove_TwoUnconnectedLetterMoveOnBlankBoard_fail{RepetitionInfo}[22]" classname="com.revature.wordsaway.services.BoardServiceTest" time="0.005"/>
  <testcase name="test_validateMove_TwoUnconnectedLetterMoveOnBlankBoard_fail{RepetitionInfo}[23]" classname="com.revature.wordsaway.services.BoardServiceTest" time="0.004"/>
  <testcase name="test_validateMove_TwoUnconnectedLetterMoveOnBlankBoard_fail{RepetitionInfo}[24]" classname="com.revature.wordsaway.services.BoardServiceTest" time="0.004"/>
  <testcase name="test_validateMove_TwoUnconnectedLetterMoveOnBlankBoard_fail{RepetitionInfo}[25]" classname="com.revature.wordsaway.services.BoardServiceTest" time="0.003"/>
  <testcase name="test_validateMove_TwoUnconnectedLetterMoveOnBlankBoard_fail{RepetitionInfo}[26]" classname="com.revature.wordsaway.services.BoardServiceTest" time="0.005"/>
  <testcase name="test_validateMove_TwoUnconnectedLetterMoveOnBlankBoard_fail{RepetitionInfo}[27]" classname="com.revature.wordsaway.services.BoardServiceTest" time="0.005"/>
  <testcase name="test_validateMove_TwoUnconnectedLetterMoveOnBlankBoard_fail{RepetitionInfo}[28]" classname="com.revature.wordsaway.services.BoardServiceTest" time="0.005"/>
  <testcase name="test_validateMove_TwoUnconnectedLetterMoveOnBlankBoard_fail{RepetitionInfo}[29]" classname="com.revature.wordsaway.services.BoardServiceTest" time="0.004"/>
  <testcase name="test_validateMove_TwoUnconnectedLetterMoveOnBlankBoard_fail{RepetitionInfo}[30]" classname="com.revature.wordsaway.services.BoardServiceTest" time="0.004"/>
  <testcase name="test_validateMove_TwoUnconnectedLetterMoveOnBlankBoard_fail{RepetitionInfo}[31]" classname="com.revature.wordsaway.services.BoardServiceTest" time="0.006"/>
  <testcase name="test_validateMove_TwoUnconnectedLetterMoveOnBlankBoard_fail{RepetitionInfo}[32]" classname="com.revature.wordsaway.services.BoardServiceTest" time="0.004"/>
  <testcase name="test_validateMove_TwoUnconnectedLetterMoveOnBlankBoard_fail{RepetitionInfo}[33]" classname="com.revature.wordsaway.services.BoardServiceTest" time="0.001"/>
  <testcase name="test_validateMove_TwoUnconnectedLetterMoveOnBlankBoard_fail{RepetitionInfo}[34]" classname="com.revature.wordsaway.services.BoardServiceTest" time="0.004"/>
  <testcase name="test_validateMove_TwoUnconnectedLetterMoveOnBlankBoard_fail{RepetitionInfo}[35]" classname="com.revature.wordsaway.services.BoardServiceTest" time="0.009"/>
  <testcase name="test_validateMove_TwoUnconnectedLetterMoveOnBlankBoard_fail{RepetitionInfo}[36]" classname="com.revature.wordsaway.services.BoardServiceTest" time="0.005"/>
  <testcase name="test_validateMove_TwoUnconnectedLetterMoveOnBlankBoard_fail{RepetitionInfo}[37]" classname="com.revature.wordsaway.services.BoardServiceTest" time="0.004"/>
  <testcase name="test_validateMove_TwoUnconnectedLetterMoveOnBlankBoard_fail{RepetitionInfo}[38]" classname="com.revature.wordsaway.services.BoardServiceTest" time="0.005"/>
  <testcase name="test_validateMove_TwoUnconnectedLetterMoveOnBlankBoard_fail{RepetitionInfo}[39]" classname="com.revature.wordsaway.services.BoardServiceTest" time="0.007"/>
  <testcase name="test_validateMove_TwoUnconnectedLetterMoveOnBlankBoard_fail{RepetitionInfo}[40]" classname="com.revature.wordsaway.services.BoardServiceTest" time="0.005"/>
  <testcase name="test_validateMove_TwoUnconnectedLetterMoveOnBlankBoard_fail{RepetitionInfo}[41]" classname="com.revature.wordsaway.services.BoardServiceTest" time="0.006"/>
  <testcase name="test_validateMove_TwoUnconnectedLetterMoveOnBlankBoard_fail{RepetitionInfo}[42]" classname="com.revature.wordsaway.services.BoardServiceTest" time="0.004"/>
  <testcase name="test_validateMove_TwoUnconnectedLetterMoveOnBlankBoard_fail{RepetitionInfo}[43]" classname="com.revature.wordsaway.services.BoardServiceTest" time="0.004"/>
  <testcase name="test_validateMove_TwoUnconnectedLetterMoveOnBlankBoard_fail{RepetitionInfo}[44]" classname="com.revature.wordsaway.services.BoardServiceTest" time="0.003"/>
  <testcase name="test_validateMove_TwoUnconnectedLetterMoveOnBlankBoard_fail{RepetitionInfo}[45]" classname="com.revature.wordsaway.services.BoardServiceTest" time="0.003"/>
  <testcase name="test_validateMove_TwoUnconnectedLetterMoveOnBlankBoard_fail{RepetitionInfo}[46]" classname="com.revature.wordsaway.services.BoardServiceTest" time="0.004"/>
  <testcase name="test_validateMove_TwoUnconnectedLetterMoveOnBlankBoard_fail{RepetitionInfo}[47]" classname="com.revature.wordsaway.services.BoardServiceTest" time="0.004"/>
  <testcase name="test_validateMove_TwoUnconnectedLetterMoveOnBlankBoard_fail{RepetitionInfo}[48]" classname="com.revature.wordsaway.services.BoardServiceTest" time="0.003"/>
  <testcase name="test_validateMove_TwoUnconnectedLetterMoveOnBlankBoard_fail{RepetitionInfo}[49]" classname="com.revature.wordsaway.services.BoardServiceTest" time="0.001"/>
  <testcase name="test_validateMove_TwoUnconnectedLetterMoveOnBlankBoard_fail{RepetitionInfo}[50]" classname="com.revature.wordsaway.services.BoardServiceTest" time="0.004"/>
  <testcase name="test_validateMove_TwoUnconnectedLetterMoveOnBlankBoard_fail{RepetitionInfo}[51]" classname="com.revature.wordsaway.services.BoardServiceTest" time="0.004"/>
  <testcase name="test_validateMove_TwoUnconnectedLetterMoveOnBlankBoard_fail{RepetitionInfo}[52]" classname="com.revature.wordsaway.services.BoardServiceTest" time="0.004"/>
  <testcase name="test_validateMove_TwoUnconnectedLetterMoveOnBlankBoard_fail{RepetitionInfo}[53]" classname="com.revature.wordsaway.services.BoardServiceTest" time="0.003"/>
  <testcase name="test_validateMove_TwoUnconnectedLetterMoveOnBlankBoard_fail{RepetitionInfo}[54]" classname="com.revature.wordsaway.services.BoardServiceTest" time="0.004"/>
  <testcase name="test_validateMove_TwoUnconnectedLetterMoveOnBlankBoard_fail{RepetitionInfo}[55]" classname="com.revature.wordsaway.services.BoardServiceTest" time="0.004"/>
  <testcase name="test_validateMove_TwoUnconnectedLetterMoveOnBlankBoard_fail{RepetitionInfo}[56]" classname="com.revature.wordsaway.services.BoardServiceTest" time="0.003"/>
  <testcase name="test_validateMove_TwoUnconnectedLetterMoveOnBlankBoard_fail{RepetitionInfo}[57]" classname="com.revature.wordsaway.services.BoardServiceTest" time="0.004"/>
  <testcase name="test_validateMove_TwoUnconnectedLetterMoveOnBlankBoard_fail{RepetitionInfo}[58]" classname="com.revature.wordsaway.services.BoardServiceTest" time="0.004"/>
  <testcase name="test_validateMove_TwoUnconnectedLetterMoveOnBlankBoard_fail{RepetitionInfo}[59]" classname="com.revature.wordsaway.services.BoardServiceTest" time="0.004"/>
  <testcase name="test_validateMove_TwoUnconnectedLetterMoveOnBlankBoard_fail{RepetitionInfo}[60]" classname="com.revature.wordsaway.services.BoardServiceTest" time="0.004"/>
  <testcase name="test_validateMove_TwoUnconnectedLetterMoveOnBlankBoard_fail{RepetitionInfo}[61]" classname="com.revature.wordsaway.services.BoardServiceTest" time="0.003"/>
  <testcase name="test_validateMove_TwoUnconnectedLetterMoveOnBlankBoard_fail{RepetitionInfo}[62]" classname="com.revature.wordsaway.services.BoardServiceTest" time="0.004"/>
  <testcase name="test_validateMove_TwoUnconnectedLetterMoveOnBlankBoard_fail{RepetitionInfo}[63]" classname="com.revature.wordsaway.services.BoardServiceTest" time="0.005"/>
  <testcase name="test_validateMove_TwoUnconnectedLetterMoveOnBlankBoard_fail{RepetitionInfo}[64]" classname="com.revature.wordsaway.services.BoardServiceTest" time="0.006"/>
  <testcase name="test_validateMove_TwoUnconnectedLetterMoveOnBlankBoard_fail{RepetitionInfo}[65]" classname="com.revature.wordsaway.services.BoardServiceTest" time="0.001"/>
  <testcase name="test_validateMove_TwoUnconnectedLetterMoveOnBlankBoard_fail{RepetitionInfo}[66]" classname="com.revature.wordsaway.services.BoardServiceTest" time="0.004"/>
  <testcase name="test_validateMove_TwoUnconnectedLetterMoveOnBlankBoard_fail{RepetitionInfo}[67]" classname="com.revature.wordsaway.services.BoardServiceTest" time="0.004"/>
  <testcase name="test_validateMove_TwoUnconnectedLetterMoveOnBlankBoard_fail{RepetitionInfo}[68]" classname="com.revature.wordsaway.services.BoardServiceTest" time="0.004"/>
  <testcase name="test_validateMove_TwoUnconnectedLetterMoveOnBlankBoard_fail{RepetitionInfo}[69]" classname="com.revature.wordsaway.services.BoardServiceTest" time="0.004"/>
  <testcase name="test_validateMove_TwoUnconnectedLetterMoveOnBlankBoard_fail{RepetitionInfo}[70]" classname="com.revature.wordsaway.services.BoardServiceTest" time="0.004"/>
  <testcase name="test_validateMove_TwoUnconnectedLetterMoveOnBlankBoard_fail{RepetitionInfo}[71]" classname="com.revature.wordsaway.services.BoardServiceTest" time="0.004"/>
  <testcase name="test_validateMove_TwoUnconnectedLetterMoveOnBlankBoard_fail{RepetitionInfo}[72]" classname="com.revature.wordsaway.services.BoardServiceTest" time="0.003"/>
  <testcase name="test_validateMove_TwoUnconnectedLetterMoveOnBlankBoard_fail{RepetitionInfo}[73]" classname="com.revature.wordsaway.services.BoardServiceTest" time="0.004"/>
  <testcase name="test_validateMove_TwoUnconnectedLetterMoveOnBlankBoard_fail{RepetitionInfo}[74]" classname="com.revature.wordsaway.services.BoardServiceTest" time="0.004"/>
  <testcase name="test_validateMove_TwoUnconnectedLetterMoveOnBlankBoard_fail{RepetitionInfo}[75]" classname="com.revature.wordsaway.services.BoardServiceTest" time="0.004"/>
  <testcase name="test_validateMove_TwoUnconnectedLetterMoveOnBlankBoard_fail{RepetitionInfo}[76]" classname="com.revature.wordsaway.services.BoardServiceTest" time="0.005"/>
  <testcase name="test_validateMove_TwoUnconnectedLetterMoveOnBlankBoard_fail{RepetitionInfo}[77]" classname="com.revature.wordsaway.services.BoardServiceTest" time="0.004"/>
  <testcase name="test_validateMove_TwoUnconnectedLetterMoveOnBlankBoard_fail{RepetitionInfo}[78]" classname="com.revature.wordsaway.services.BoardServiceTest" time="0.004"/>
  <testcase name="test_validateMove_TwoUnconnectedLetterMoveOnBlankBoard_fail{RepetitionInfo}[79]" classname="com.revature.wordsaway.services.BoardServiceTest" time="0.004"/>
  <testcase name="test_validateMove_TwoUnconnectedLetterMoveOnBlankBoard_fail{RepetitionInfo}[80]" classname="com.revature.wordsaway.services.BoardServiceTest" time="0.004"/>
  <testcase name="test_validateMove_TwoUnconnectedLetterMoveOnBlankBoard_fail{RepetitionInfo}[81]" classname="com.revature.wordsaway.services.BoardServiceTest" time="0.001"/>
  <testcase name="test_validateMove_TwoUnconnectedLetterMoveOnBlankBoard_fail{RepetitionInfo}[82]" classname="com.revature.wordsaway.services.BoardServiceTest" time="0.004"/>
  <testcase name="test_validateMove_TwoUnconnectedLetterMoveOnBlankBoard_fail{RepetitionInfo}[83]" classname="com.revature.wordsaway.services.BoardServiceTest" time="0.004"/>
  <testcase name="test_validateMove_TwoUnconnectedLetterMoveOnBlankBoard_fail{RepetitionInfo}[84]" classname="com.revature.wordsaway.services.BoardServiceTest" time="0.004"/>
  <testcase name="test_validateMove_TwoUnconnectedLetterMoveOnBlankBoard_fail{RepetitionInfo}[85]" classname="com.revature.wordsaway.services.BoardServiceTest" time="0.004"/>
  <testcase name="test_validateMove_TwoUnconnectedLetterMoveOnBlankBoard_fail{RepetitionInfo}[86]" classname="com.revature.wordsaway.services.BoardServiceTest" time="0.004"/>
  <testcase name="test_validateMove_TwoUnconnectedLetterMoveOnBlankBoard_fail{RepetitionInfo}[87]" classname="com.revature.wordsaway.services.BoardServiceTest" time="0.004"/>
  <testcase name="test_validateMove_TwoUnconnectedLetterMoveOnBlankBoard_fail{RepetitionInfo}[88]" classname="com.revature.wordsaway.services.BoardServiceTest" time="0.004"/>
  <testcase name="test_validateMove_TwoUnconnectedLetterMoveOnBlankBoard_fail{RepetitionInfo}[89]" classname="com.revature.wordsaway.services.BoardServiceTest" time="0.003"/>
  <testcase name="test_validateMove_TwoUnconnectedLetterMoveOnBlankBoard_fail{RepetitionInfo}[90]" classname="com.revature.wordsaway.services.BoardServiceTest" time="0.004"/>
  <testcase name="test_validateMove_TwoUnconnectedLetterMoveOnBlankBoard_fail{RepetitionInfo}[91]" classname="com.revature.wordsaway.services.BoardServiceTest" time="0.004"/>
  <testcase name="test_validateMove_TwoUnconnectedLetterMoveOnBlankBoard_fail{RepetitionInfo}[92]" classname="com.revature.wordsaway.services.BoardServiceTest" time="0.003"/>
  <testcase name="test_validateMove_TwoUnconnectedLetterMoveOnBlankBoard_fail{RepetitionInfo}[93]" classname="com.revature.wordsaway.services.BoardServiceTest" time="0.007"/>
  <testcase name="test_validateMove_TwoUnconnectedLetterMoveOnBlankBoard_fail{RepetitionInfo}[94]" classname="com.revature.wordsaway.services.BoardServiceTest" time="0.004"/>
  <testcase name="test_validateMove_TwoUnconnectedLetterMoveOnBlankBoard_fail{RepetitionInfo}[95]" classname="com.revature.wordsaway.services.BoardServiceTest" time="0.003"/>
  <testcase name="test_validateMove_TwoUnconnectedLetterMoveOnBlankBoard_fail{RepetitionInfo}[96]" classname="com.revature.wordsaway.services.BoardServiceTest" time="0.004"/>
  <testcase name="test_validateMove_TwoUnconnectedLetterMoveOnBlankBoard_fail{RepetitionInfo}[97]" classname="com.revature.wordsaway.services.BoardServiceTest" time="0"/>
  <testcase name="test_validateMove_TwoUnconnectedLetterMoveOnBlankBoard_fail{RepetitionInfo}[98]" classname="com.revature.wordsaway.services.BoardServiceTest" time="0.004"/>
  <testcase name="test_validateMove_TwoUnconnectedLetterMoveOnBlankBoard_fail{RepetitionInfo}[99]" classname="com.revature.wordsaway.services.BoardServiceTest" time="0.009"/>
  <testcase name="test_validateMove_TwoUnconnectedLetterMoveOnBlankBoard_fail{RepetitionInfo}[100]" classname="com.revature.wordsaway.services.BoardServiceTest" time="0.007"/>
  <testcase name="test_validateMove_TwoUnconnectedLetterMoveOnBlankBoard_fail{RepetitionInfo}[101]" classname="com.revature.wordsaway.services.BoardServiceTest" time="0.003"/>
  <testcase name="test_validateMove_TwoUnconnectedLetterMoveOnBlankBoard_fail{RepetitionInfo}[102]" classname="com.revature.wordsaway.services.BoardServiceTest" time="0.009"/>
  <testcase name="test_validateMove_TwoUnconnectedLetterMoveOnBlankBoard_fail{RepetitionInfo}[103]" classname="com.revature.wordsaway.services.BoardServiceTest" time="0.006"/>
  <testcase name="test_validateMove_TwoUnconnectedLetterMoveOnBlankBoard_fail{RepetitionInfo}[104]" classname="com.revature.wordsaway.services.BoardServiceTest" time="0.005"/>
  <testcase name="test_validateMove_TwoUnconnectedLetterMoveOnBlankBoard_fail{RepetitionInfo}[105]" classname="com.revature.wordsaway.services.BoardServiceTest" time="0.004"/>
  <testcase name="test_validateMove_TwoUnconnectedLetterMoveOnBlankBoard_fail{RepetitionInfo}[106]" classname="com.revature.wordsaway.services.BoardServiceTest" time="0.004"/>
  <testcase name="test_validateMove_TwoUnconnectedLetterMoveOnBlankBoard_fail{RepetitionInfo}[107]" classname="com.revature.wordsaway.services.BoardServiceTest" time="0.004"/>
  <testcase name="test_validateMove_TwoUnconnectedLetterMoveOnBlankBoard_fail{RepetitionInfo}[108]" classname="com.revature.wordsaway.services.BoardServiceTest" time="0.003"/>
  <testcase name="test_validateMove_TwoUnconnectedLetterMoveOnBlankBoard_fail{RepetitionInfo}[109]" classname="com.revature.wordsaway.services.BoardServiceTest" time="0.004"/>
  <testcase name="test_validateMove_TwoUnconnectedLetterMoveOnBlankBoard_fail{RepetitionInfo}[110]" classname="com.revature.wordsaway.services.BoardServiceTest" time="0.004"/>
  <testcase name="test_validateMove_TwoUnconnectedLetterMoveOnBlankBoard_fail{RepetitionInfo}[111]" classname="com.revature.wordsaway.services.BoardServiceTest" time="0.005"/>
  <testcase name="test_validateMove_TwoUnconnectedLetterMoveOnBlankBoard_fail{RepetitionInfo}[112]" classname="com.revature.wordsaway.services.BoardServiceTest" time="0.007"/>
  <testcase name="test_validateMove_TwoUnconnectedLetterMoveOnBlankBoard_fail{RepetitionInfo}[113]" classname="com.revature.wordsaway.services.BoardServiceTest" time="0.001"/>
  <testcase name="test_validateMove_TwoUnconnectedLetterMoveOnBlankBoard_fail{RepetitionInfo}[114]" classname="com.revature.wordsaway.services.BoardServiceTest" time="0.003"/>
  <testcase name="test_validateMove_TwoUnconnectedLetterMoveOnBlankBoard_fail{RepetitionInfo}[115]" classname="com.revature.wordsaway.services.BoardServiceTest" time="0.003"/>
  <testcase name="test_validateMove_TwoUnconnectedLetterMoveOnBlankBoard_fail{RepetitionInfo}[116]" classname="com.revature.wordsaway.services.BoardServiceTest" time="0.004"/>
  <testcase name="test_validateMove_TwoUnconnectedLetterMoveOnBlankBoard_fail{RepetitionInfo}[117]" classname="com.revature.wordsaway.services.BoardServiceTest" time="0.004"/>
  <testcase name="test_validateMove_TwoUnconnectedLetterMoveOnBlankBoard_fail{RepetitionInfo}[118]" classname="com.revature.wordsaway.services.BoardServiceTest" time="0.003"/>
  <testcase name="test_validateMove_TwoUnconnectedLetterMoveOnBlankBoard_fail{RepetitionInfo}[119]" classname="com.revature.wordsaway.services.BoardServiceTest" time="0.004"/>
  <testcase name="test_validateMove_TwoUnconnectedLetterMoveOnBlankBoard_fail{RepetitionInfo}[120]" classname="com.revature.wordsaway.services.BoardServiceTest" time="0.004"/>
  <testcase name="test_validateMove_TwoUnconnectedLetterMoveOnBlankBoard_fail{RepetitionInfo}[121]" classname="com.revature.wordsaway.services.BoardServiceTest" time="0.004"/>
  <testcase name="test_validateMove_TwoUnconnectedLetterMoveOnBlankBoard_fail{RepetitionInfo}[122]" classname="com.revature.wordsaway.services.BoardServiceTest" time="0.004"/>
  <testcase name="test_validateMove_TwoUnconnectedLetterMoveOnBlankBoard_fail{RepetitionInfo}[123]" classname="com.revature.wordsaway.services.BoardServiceTest" time="0.004"/>
  <testcase name="test_validateMove_TwoUnconnectedLetterMoveOnBlankBoard_fail{RepetitionInfo}[124]" classname="com.revature.wordsaway.services.BoardServiceTest" time="0.007"/>
  <testcase name="test_validateMove_TwoUnconnectedLetterMoveOnBlankBoard_fail{RepetitionInfo}[125]" classname="com.revature.wordsaway.services.BoardServiceTest" time="0.007"/>
  <testcase name="test_validateMove_TwoUnconnectedLetterMoveOnBlankBoard_fail{RepetitionInfo}[126]" classname="com.revature.wordsaway.services.BoardServiceTest" time="0.004"/>
  <testcase name="test_validateMove_TwoUnconnectedLetterMoveOnBlankBoard_fail{RepetitionInfo}[127]" classname="com.revature.wordsaway.services.BoardServiceTest" time="0.004"/>
  <testcase name="test_validateMove_TwoUnconnectedLetterMoveOnBlankBoard_fail{RepetitionInfo}[128]" classname="com.revature.wordsaway.services.BoardServiceTest" time="0.003"/>
  <testcase name="test_validateMove_TwoUnconnectedLetterMoveOnBlankBoard_fail{RepetitionInfo}[129]" classname="com.revature.wordsaway.services.BoardServiceTest" time="0.001"/>
  <testcase name="test_validateMove_TwoUnconnectedLetterMoveOnBlankBoard_fail{RepetitionInfo}[130]" classname="com.revature.wordsaway.services.BoardServiceTest" time="0.003"/>
  <testcase name="test_validateMove_TwoUnconnectedLetterMoveOnBlankBoard_fail{RepetitionInfo}[131]" classname="com.revature.wordsaway.services.BoardServiceTest" time="0.003"/>
  <testcase name="test_validateMove_TwoUnconnectedLetterMoveOnBlankBoard_fail{RepetitionInfo}[132]" classname="com.revature.wordsaway.services.BoardServiceTest" time="0.004"/>
  <testcase name="test_validateMove_TwoUnconnectedLetterMoveOnBlankBoard_fail{RepetitionInfo}[133]" classname="com.revature.wordsaway.services.BoardServiceTest" time="0.003"/>
  <testcase name="test_validateMove_TwoUnconnectedLetterMoveOnBlankBoard_fail{RepetitionInfo}[134]" classname="com.revature.wordsaway.services.BoardServiceTest" time="0.004"/>
  <testcase name="test_validateMove_TwoUnconnectedLetterMoveOnBlankBoard_fail{RepetitionInfo}[135]" classname="com.revature.wordsaway.services.BoardServiceTest" time="0.004"/>
  <testcase name="test_validateMove_TwoUnconnectedLetterMoveOnBlankBoard_fail{RepetitionInfo}[136]" classname="com.revature.wordsaway.services.BoardServiceTest" time="0.003"/>
  <testcase name="test_validateMove_TwoUnconnectedLetterMoveOnBlankBoard_fail{RepetitionInfo}[137]" classname="com.revature.wordsaway.services.BoardServiceTest" time="0.004"/>
  <testcase name="test_validateMove_TwoUnconnectedLetterMoveOnBlankBoard_fail{RepetitionInfo}[138]" classname="com.revature.wordsaway.services.BoardServiceTest" time="0.005"/>
  <testcase name="test_validateMove_TwoUnconnectedLetterMoveOnBlankBoard_fail{RepetitionInfo}[139]" classname="com.revature.wordsaway.services.BoardServiceTest" time="0.006"/>
  <testcase name="test_validateMove_TwoUnconnectedLetterMoveOnBlankBoard_fail{RepetitionInfo}[140]" classname="com.revature.wordsaway.services.BoardServiceTest" time="0.004"/>
  <testcase name="test_validateMove_TwoUnconnectedLetterMoveOnBlankBoard_fail{RepetitionInfo}[141]" classname="com.revature.wordsaway.services.BoardServiceTest" time="0.004"/>
  <testcase name="test_validateMove_TwoUnconnectedLetterMoveOnBlankBoard_fail{RepetitionInfo}[142]" classname="com.revature.wordsaway.services.BoardServiceTest" time="0.004"/>
  <testcase name="test_validateMove_TwoUnconnectedLetterMoveOnBlankBoard_fail{RepetitionInfo}[143]" classname="com.revature.wordsaway.services.BoardServiceTest" time="0.004"/>
  <testcase name="test_validateMove_TwoUnconnectedLetterMoveOnBlankBoard_fail{RepetitionInfo}[144]" classname="com.revature.wordsaway.services.BoardServiceTest" time="0.004"/>
  <testcase name="test_validateMove_TwoUnconnectedLetterMoveOnBlankBoard_fail{RepetitionInfo}[145]" classname="com.revature.wordsaway.services.BoardServiceTest" time="0.001"/>
  <testcase name="test_validateMove_TwoUnconnectedLetterMoveOnBlankBoard_fail{RepetitionInfo}[146]" classname="com.revature.wordsaway.services.BoardServiceTest" time="0.004"/>
  <testcase name="test_validateMove_TwoUnconnectedLetterMoveOnBlankBoard_fail{RepetitionInfo}[147]" classname="com.revature.wordsaway.services.BoardServiceTest" time="0.007"/>
  <testcase name="test_validateMove_TwoUnconnectedLetterMoveOnBlankBoard_fail{RepetitionInfo}[148]" classname="com.revature.wordsaway.services.BoardServiceTest" time="0.005"/>
  <testcase name="test_validateMove_TwoUnconnectedLetterMoveOnBlankBoard_fail{RepetitionInfo}[149]" classname="com.revature.wordsaway.services.BoardServiceTest" time="0.004"/>
  <testcase name="test_validateMove_TwoUnconnectedLetterMoveOnBlankBoard_fail{RepetitionInfo}[150]" classname="com.revature.wordsaway.services.BoardServiceTest" time="0.006"/>
  <testcase name="test_validateMove_TwoUnconnectedLetterMoveOnBlankBoard_fail{RepetitionInfo}[151]" classname="com.revature.wordsaway.services.BoardServiceTest" time="0.005"/>
  <testcase name="test_validateMove_TwoUnconnectedLetterMoveOnBlankBoard_fail{RepetitionInfo}[152]" classname="com.revature.wordsaway.services.BoardServiceTest" time="0.058"/>
  <testcase name="test_validateMove_TwoUnconnectedLetterMoveOnBlankBoard_fail{RepetitionInfo}[153]" classname="com.revature.wordsaway.services.BoardServiceTest" time="0.008"/>
  <testcase name="test_validateMove_TwoUnconnectedLetterMoveOnBlankBoard_fail{RepetitionInfo}[154]" classname="com.revature.wordsaway.services.BoardServiceTest" time="0.004"/>
  <testcase name="test_validateMove_TwoUnconnectedLetterMoveOnBlankBoard_fail{RepetitionInfo}[155]" classname="com.revature.wordsaway.services.BoardServiceTest" time="0.004"/>
  <testcase name="test_validateMove_TwoUnconnectedLetterMoveOnBlankBoard_fail{RepetitionInfo}[156]" classname="com.revature.wordsaway.services.BoardServiceTest" time="0.006"/>
  <testcase name="test_validateMove_TwoUnconnectedLetterMoveOnBlankBoard_fail{RepetitionInfo}[157]" classname="com.revature.wordsaway.services.BoardServiceTest" time="0.008"/>
  <testcase name="test_validateMove_TwoUnconnectedLetterMoveOnBlankBoard_fail{RepetitionInfo}[158]" classname="com.revature.wordsaway.services.BoardServiceTest" time="0.006"/>
  <testcase name="test_validateMove_TwoUnconnectedLetterMoveOnBlankBoard_fail{RepetitionInfo}[159]" classname="com.revature.wordsaway.services.BoardServiceTest" time="0.003"/>
  <testcase name="test_validateMove_TwoUnconnectedLetterMoveOnBlankBoard_fail{RepetitionInfo}[160]" classname="com.revature.wordsaway.services.BoardServiceTest" time="0.004"/>
  <testcase name="test_validateMove_TwoUnconnectedLetterMoveOnBlankBoard_fail{RepetitionInfo}[161]" classname="com.revature.wordsaway.services.BoardServiceTest" time="0.001"/>
  <testcase name="test_validateMove_TwoUnconnectedLetterMoveOnBlankBoard_fail{RepetitionInfo}[162]" classname="com.revature.wordsaway.services.BoardServiceTest" time="0.004"/>
  <testcase name="test_validateMove_TwoUnconnectedLetterMoveOnBlankBoard_fail{RepetitionInfo}[163]" classname="com.revature.wordsaway.services.BoardServiceTest" time="0.004"/>
  <testcase name="test_validateMove_TwoUnconnectedLetterMoveOnBlankBoard_fail{RepetitionInfo}[164]" classname="com.revature.wordsaway.services.BoardServiceTest" time="0.004"/>
  <testcase name="test_validateMove_TwoUnconnectedLetterMoveOnBlankBoard_fail{RepetitionInfo}[165]" classname="com.revature.wordsaway.services.BoardServiceTest" time="0.003"/>
  <testcase name="test_validateMove_TwoUnconnectedLetterMoveOnBlankBoard_fail{RepetitionInfo}[166]" classname="com.revature.wordsaway.services.BoardServiceTest" time="0.004"/>
  <testcase name="test_validateMove_TwoUnconnectedLetterMoveOnBlankBoard_fail{RepetitionInfo}[167]" classname="com.revature.wordsaway.services.BoardServiceTest" time="0.004"/>
  <testcase name="test_validateMove_TwoUnconnectedLetterMoveOnBlankBoard_fail{RepetitionInfo}[168]" classname="com.revature.wordsaway.services.BoardServiceTest" time="0.004"/>
  <testcase name="test_validateMove_TwoUnconnectedLetterMoveOnBlankBoard_fail{RepetitionInfo}[169]" classname="com.revature.wordsaway.services.BoardServiceTest" time="0.003"/>
  <testcase name="test_validateMove_TwoUnconnectedLetterMoveOnBlankBoard_fail{RepetitionInfo}[170]" classname="com.revature.wordsaway.services.BoardServiceTest" time="0.004"/>
  <testcase name="test_validateMove_TwoUnconnectedLetterMoveOnBlankBoard_fail{RepetitionInfo}[171]" classname="com.revature.wordsaway.services.BoardServiceTest" time="0.004"/>
  <testcase name="test_validateMove_TwoUnconnectedLetterMoveOnBlankBoard_fail{RepetitionInfo}[172]" classname="com.revature.wordsaway.services.BoardServiceTest" time="0.006"/>
  <testcase name="test_validateMove_TwoUnconnectedLetterMoveOnBlankBoard_fail{RepetitionInfo}[173]" classname="com.revature.wordsaway.services.BoardServiceTest" time="0.006"/>
  <testcase name="test_validateMove_TwoUnconnectedLetterMoveOnBlankBoard_fail{RepetitionInfo}[174]" classname="com.revature.wordsaway.services.BoardServiceTest" time="0.004"/>
  <testcase name="test_validateMove_TwoUnconnectedLetterMoveOnBlankBoard_fail{RepetitionInfo}[175]" classname="com.revature.wordsaway.services.BoardServiceTest" time="0.004"/>
  <testcase name="test_validateMove_TwoUnconnectedLetterMoveOnBlankBoard_fail{RepetitionInfo}[176]" classname="com.revature.wordsaway.services.BoardServiceTest" time="0.004"/>
  <testcase name="test_validateMove_TwoUnconnectedLetterMoveOnBlankBoard_fail{RepetitionInfo}[177]" classname="com.revature.wordsaway.services.BoardServiceTest" time="0"/>
  <testcase name="test_validateMove_TwoUnconnectedLetterMoveOnBlankBoard_fail{RepetitionInfo}[178]" classname="com.revature.wordsaway.services.BoardServiceTest" time="0.004"/>
  <testcase name="test_validateMove_TwoUnconnectedLetterMoveOnBlankBoard_fail{RepetitionInfo}[179]" classname="com.revature.wordsaway.services.BoardServiceTest" time="0.004"/>
  <testcase name="test_validateMove_TwoUnconnectedLetterMoveOnBlankBoard_fail{RepetitionInfo}[180]" classname="com.revature.wordsaway.services.BoardServiceTest" time="0.004"/>
  <testcase name="test_validateMove_TwoUnconnectedLetterMoveOnBlankBoard_fail{RepetitionInfo}[181]" classname="com.revature.wordsaway.services.BoardServiceTest" time="0.004"/>
  <testcase name="test_validateMove_TwoUnconnectedLetterMoveOnBlankBoard_fail{RepetitionInfo}[182]" classname="com.revature.wordsaway.services.BoardServiceTest" time="0.004"/>
  <testcase name="test_validateMove_TwoUnconnectedLetterMoveOnBlankBoard_fail{RepetitionInfo}[183]" classname="com.revature.wordsaway.services.BoardServiceTest" time="0.004"/>
  <testcase name="test_validateMove_TwoUnconnectedLetterMoveOnBlankBoard_fail{RepetitionInfo}[184]" classname="com.revature.wordsaway.services.BoardServiceTest" time="0.004"/>
  <testcase name="test_validateMove_TwoUnconnectedLetterMoveOnBlankBoard_fail{RepetitionInfo}[185]" classname="com.revature.wordsaway.services.BoardServiceTest" time="0.004"/>
  <testcase name="test_validateMove_TwoUnconnectedLetterMoveOnBlankBoard_fail{RepetitionInfo}[186]" classname="com.revature.wordsaway.services.BoardServiceTest" time="0.004"/>
  <testcase name="test_validateMove_TwoUnconnectedLetterMoveOnBlankBoard_fail{RepetitionInfo}[187]" classname="com.revature.wordsaway.services.BoardServiceTest" time="0.004"/>
  <testcase name="test_validateMove_TwoUnconnectedLetterMoveOnBlankBoard_fail{RepetitionInfo}[188]" classname="com.revature.wordsaway.services.BoardServiceTest" time="0.004"/>
  <testcase name="test_validateMove_TwoUnconnectedLetterMoveOnBlankBoard_fail{RepetitionInfo}[189]" classname="com.revature.wordsaway.services.BoardServiceTest" time="0.004"/>
  <testcase name="test_validateMove_TwoUnconnectedLetterMoveOnBlankBoard_fail{RepetitionInfo}[190]" classname="com.revature.wordsaway.services.BoardServiceTest" time="0.004"/>
  <testcase name="test_validateMove_TwoUnconnectedLetterMoveOnBlankBoard_fail{RepetitionInfo}[191]" classname="com.revature.wordsaway.services.BoardServiceTest" time="0.005"/>
  <testcase name="test_validateMove_TwoUnconnectedLetterMoveOnBlankBoard_fail{RepetitionInfo}[192]" classname="com.revature.wordsaway.services.BoardServiceTest" time="0.006"/>
  <testcase name="test_validateMove_TwoUnconnectedLetterMoveOnBlankBoard_fail{RepetitionInfo}[193]" classname="com.revature.wordsaway.services.BoardServiceTest" time="0.003"/>
  <testcase name="test_validateMove_TwoUnconnectedLetterMoveOnBlankBoard_fail{RepetitionInfo}[194]" classname="com.revature.wordsaway.services.BoardServiceTest" time="0.006"/>
  <testcase name="test_validateMove_TwoUnconnectedLetterMoveOnBlankBoard_fail{RepetitionInfo}[195]" classname="com.revature.wordsaway.services.BoardServiceTest" time="0.005"/>
  <testcase name="test_validateMove_TwoUnconnectedLetterMoveOnBlankBoard_fail{RepetitionInfo}[196]" classname="com.revature.wordsaway.services.BoardServiceTest" time="0.004"/>
  <testcase name="test_validateMove_TwoUnconnectedLetterMoveOnBlankBoard_fail{RepetitionInfo}[197]" classname="com.revature.wordsaway.services.BoardServiceTest" time="0.004"/>
  <testcase name="test_validateMove_TwoUnconnectedLetterMoveOnBlankBoard_fail{RepetitionInfo}[198]" classname="com.revature.wordsaway.services.BoardServiceTest" time="0.004"/>
  <testcase name="test_validateMove_TwoUnconnectedLetterMoveOnBlankBoard_fail{RepetitionInfo}[199]" classname="com.revature.wordsaway.services.BoardServiceTest" time="0.004"/>
  <testcase name="test_validateMove_TwoUnconnectedLetterMoveOnBlankBoard_fail{RepetitionInfo}[200]" classname="com.revature.wordsaway.services.BoardServiceTest" time="0.004"/>
  <testcase name="test_validateMove_TwoUnconnectedLetterMoveOnBlankBoard_fail{RepetitionInfo}[201]" classname="com.revature.wordsaway.services.BoardServiceTest" time="0.004"/>
  <testcase name="test_validateMove_TwoUnconnectedLetterMoveOnBlankBoard_fail{RepetitionInfo}[202]" classname="com.revature.wordsaway.services.BoardServiceTest" time="0.004"/>
  <testcase name="test_validateMove_TwoUnconnectedLetterMoveOnBlankBoard_fail{RepetitionInfo}[203]" classname="com.revature.wordsaway.services.BoardServiceTest" time="0.004"/>
  <testcase name="test_validateMove_TwoUnconnectedLetterMoveOnBlankBoard_fail{RepetitionInfo}[204]" classname="com.revature.wordsaway.services.BoardServiceTest" time="0.004"/>
  <testcase name="test_validateMove_TwoUnconnectedLetterMoveOnBlankBoard_fail{RepetitionInfo}[205]" classname="com.revature.wordsaway.services.BoardServiceTest" time="0.004"/>
  <testcase name="test_validateMove_TwoUnconnectedLetterMoveOnBlankBoard_fail{RepetitionInfo}[206]" classname="com.revature.wordsaway.services.BoardServiceTest" time="0.004"/>
  <testcase name="test_validateMove_TwoUnconnectedLetterMoveOnBlankBoard_fail{RepetitionInfo}[207]" classname="com.revature.wordsaway.services.BoardServiceTest" time="0.003"/>
  <testcase name="test_validateMove_TwoUnconnectedLetterMoveOnBlankBoard_fail{RepetitionInfo}[208]" classname="com.revature.wordsaway.services.BoardServiceTest" time="0.003"/>
  <testcase name="test_validateMove_TwoUnconnectedLetterMoveOnBlankBoard_fail{RepetitionInfo}[209]" classname="com.revature.wordsaway.services.BoardServiceTest" time="0.002"/>
  <testcase name="test_validateMove_TwoUnconnectedLetterMoveOnBlankBoard_fail{RepetitionInfo}[210]" classname="com.revature.wordsaway.services.BoardServiceTest" time="0.005"/>
  <testcase name="test_validateMove_TwoUnconnectedLetterMoveOnBlankBoard_fail{RepetitionInfo}[211]" classname="com.revature.wordsaway.services.BoardServiceTest" time="0.005"/>
  <testcase name="test_validateMove_TwoUnconnectedLetterMoveOnBlankBoard_fail{RepetitionInfo}[212]" classname="com.revature.wordsaway.services.BoardServiceTest" time="0.006"/>
  <testcase name="test_validateMove_TwoUnconnectedLetterMoveOnBlankBoard_fail{RepetitionInfo}[213]" classname="com.revature.wordsaway.services.BoardServiceTest" time="0.004"/>
  <testcase name="test_validateMove_TwoUnconnectedLetterMoveOnBlankBoard_fail{RepetitionInfo}[214]" classname="com.revature.wordsaway.services.BoardServiceTest" time="0.005"/>
  <testcase name="test_validateMove_TwoUnconnectedLetterMoveOnBlankBoard_fail{RepetitionInfo}[215]" classname="com.revature.wordsaway.services.BoardServiceTest" time="0.003"/>
  <testcase name="test_validateMove_TwoUnconnectedLetterMoveOnBlankBoard_fail{RepetitionInfo}[216]" classname="com.revature.wordsaway.services.BoardServiceTest" time="0.004"/>
  <testcase name="test_validateMove_TwoUnconnectedLetterMoveOnBlankBoard_fail{RepetitionInfo}[217]" classname="com.revature.wordsaway.services.BoardServiceTest" time="0.004"/>
  <testcase name="test_validateMove_TwoUnconnectedLetterMoveOnBlankBoard_fail{RepetitionInfo}[218]" classname="com.revature.wordsaway.services.BoardServiceTest" time="0.004"/>
  <testcase name="test_validateMove_TwoUnconnectedLetterMoveOnBlankBoard_fail{RepetitionInfo}[219]" classname="com.revature.wordsaway.services.BoardServiceTest" time="0.004"/>
  <testcase name="test_validateMove_TwoUnconnectedLetterMoveOnBlankBoard_fail{RepetitionInfo}[220]" classname="com.revature.wordsaway.services.BoardServiceTest" time="0.004"/>
  <testcase name="test_validateMove_TwoUnconnectedLetterMoveOnBlankBoard_fail{RepetitionInfo}[221]" classname="com.revature.wordsaway.services.BoardServiceTest" time="0.004"/>
  <testcase name="test_validateMove_TwoUnconnectedLetterMoveOnBlankBoard_fail{RepetitionInfo}[222]" classname="com.revature.wordsaway.services.BoardServiceTest" time="0.004"/>
  <testcase name="test_validateMove_TwoUnconnectedLetterMoveOnBlankBoard_fail{RepetitionInfo}[223]" classname="com.revature.wordsaway.services.BoardServiceTest" time="0.003"/>
  <testcase name="test_validateMove_TwoUnconnectedLetterMoveOnBlankBoard_fail{RepetitionInfo}[224]" classname="com.revature.wordsaway.services.BoardServiceTest" time="0.003"/>
  <testcase name="test_validateMove_TwoUnconnectedLetterMoveOnBlankBoard_fail{RepetitionInfo}[225]" classname="com.revature.wordsaway.services.BoardServiceTest" time="0.001"/>
  <testcase name="test_validateMove_TwoUnconnectedLetterMoveOnBlankBoard_fail{RepetitionInfo}[226]" classname="com.revature.wordsaway.services.BoardServiceTest" time="0.003"/>
  <testcase name="test_validateMove_TwoUnconnectedLetterMoveOnBlankBoard_fail{RepetitionInfo}[227]" classname="com.revature.wordsaway.services.BoardServiceTest" time="0.006"/>
  <testcase name="test_validateMove_TwoUnconnectedLetterMoveOnBlankBoard_fail{RepetitionInfo}[228]" classname="com.revature.wordsaway.services.BoardServiceTest" time="0.004"/>
  <testcase name="test_validateMove_TwoUnconnectedLetterMoveOnBlankBoard_fail{RepetitionInfo}[229]" classname="com.revature.wordsaway.services.BoardServiceTest" time="0.003"/>
  <testcase name="test_validateMove_TwoUnconnectedLetterMoveOnBlankBoard_fail{RepetitionInfo}[230]" classname="com.revature.wordsaway.services.BoardServiceTest" time="0.004"/>
  <testcase name="test_validateMove_TwoUnconnectedLetterMoveOnBlankBoard_fail{RepetitionInfo}[231]" classname="com.revature.wordsaway.services.BoardServiceTest" time="0.003"/>
  <testcase name="test_validateMove_TwoUnconnectedLetterMoveOnBlankBoard_fail{RepetitionInfo}[232]" classname="com.revature.wordsaway.services.BoardServiceTest" time="0.005"/>
  <testcase name="test_validateMove_TwoUnconnectedLetterMoveOnBlankBoard_fail{RepetitionInfo}[233]" classname="com.revature.wordsaway.services.BoardServiceTest" time="0.004"/>
  <testcase name="test_validateMove_TwoUnconnectedLetterMoveOnBlankBoard_fail{RepetitionInfo}[234]" classname="com.revature.wordsaway.services.BoardServiceTest" time="0.004"/>
  <testcase name="test_validateMove_TwoUnconnectedLetterMoveOnBlankBoard_fail{RepetitionInfo}[235]" classname="com.revature.wordsaway.services.BoardServiceTest" time="0.004"/>
  <testcase name="test_validateMove_TwoUnconnectedLetterMoveOnBlankBoard_fail{RepetitionInfo}[236]" classname="com.revature.wordsaway.services.BoardServiceTest" time="0.004"/>
  <testcase name="test_validateMove_TwoUnconnectedLetterMoveOnBlankBoard_fail{RepetitionInfo}[237]" classname="com.revature.wordsaway.services.BoardServiceTest" time="0.005"/>
  <testcase name="test_validateMove_TwoUnconnectedLetterMoveOnBlankBoard_fail{RepetitionInfo}[238]" classname="com.revature.wordsaway.services.BoardServiceTest" time="0.004"/>
  <testcase name="test_validateMove_TwoUnconnectedLetterMoveOnBlankBoard_fail{RepetitionInfo}[239]" classname="com.revature.wordsaway.services.BoardServiceTest" time="0.004"/>
  <testcase name="test_validateMove_TwoUnconnectedLetterMoveOnBlankBoard_fail{RepetitionInfo}[240]" classname="com.revature.wordsaway.services.BoardServiceTest" time="0.003"/>
  <testcase name="test_validateMove_TwoUnconnectedLetterMoveOnBlankBoard_fail{RepetitionInfo}[241]" classname="com.revature.wordsaway.services.BoardServiceTest" time="0.001"/>
  <testcase name="test_validateMove_TwoUnconnectedLetterMoveOnBlankBoard_fail{RepetitionInfo}[242]" classname="com.revature.wordsaway.services.BoardServiceTest" time="0.003"/>
  <testcase name="test_validateMove_TwoUnconnectedLetterMoveOnBlankBoard_fail{RepetitionInfo}[243]" classname="com.revature.wordsaway.services.BoardServiceTest" time="0.004"/>
  <testcase name="test_validateMove_TwoUnconnectedLetterMoveOnBlankBoard_fail{RepetitionInfo}[244]" classname="com.revature.wordsaway.services.BoardServiceTest" time="0.004"/>
  <testcase name="test_validateMove_TwoUnconnectedLetterMoveOnBlankBoard_fail{RepetitionInfo}[245]" classname="com.revature.wordsaway.services.BoardServiceTest" time="0.004"/>
  <testcase name="test_validateMove_TwoUnconnectedLetterMoveOnBlankBoard_fail{RepetitionInfo}[246]" classname="com.revature.wordsaway.services.BoardServiceTest" time="0.004"/>
  <testcase name="test_validateMove_TwoUnconnectedLetterMoveOnBlankBoard_fail{RepetitionInfo}[247]" classname="com.revature.wordsaway.services.BoardServiceTest" time="0.005"/>
  <testcase name="test_validateMove_TwoUnconnectedLetterMoveOnBlankBoard_fail{RepetitionInfo}[248]" classname="com.revature.wordsaway.services.BoardServiceTest" time="0.004"/>
  <testcase name="test_validateMove_TwoUnconnectedLetterMoveOnBlankBoard_fail{RepetitionInfo}[249]" classname="com.revature.wordsaway.services.BoardServiceTest" time="0.005"/>
  <testcase name="test_validateMove_TwoUnconnectedLetterMoveOnBlankBoard_fail{RepetitionInfo}[250]" classname="com.revature.wordsaway.services.BoardServiceTest" time="0.004"/>
  <testcase name="test_validateMove_TwoUnconnectedLetterMoveOnBlankBoard_fail{RepetitionInfo}[251]" classname="com.revature.wordsaway.services.BoardServiceTest" time="0.004"/>
  <testcase name="test_validateMove_TwoUnconnectedLetterMoveOnBlankBoard_fail{RepetitionInfo}[252]" classname="com.revature.wordsaway.services.BoardServiceTest" time="0.004"/>
  <testcase name="test_validateMove_TwoUnconnectedLetterMoveOnBlankBoard_fail{RepetitionInfo}[253]" classname="com.revature.wordsaway.services.BoardServiceTest" time="0.004"/>
  <testcase name="test_validateMove_TwoUnconnectedLetterMoveOnBlankBoard_fail{RepetitionInfo}[254]" classname="com.revature.wordsaway.services.BoardServiceTest" time="0.004"/>
  <testcase name="test_validateMove_TwoUnconnectedLetterMoveOnBlankBoard_fail{RepetitionInfo}[255]" classname="com.revature.wordsaway.services.BoardServiceTest" time="0.004"/>
  <testcase name="test_validateMove_TwoUnconnectedLetterMoveOnBlankBoard_fail{RepetitionInfo}[256]" classname="com.revature.wordsaway.services.BoardServiceTest" time="0.004"/>
  <testcase name="test_validateMove_UnconnectedShortMoveOnBoardWithOneLetter_succeed{RepetitionInfo}[1]" classname="com.revature.wordsaway.services.BoardServiceTest" time="0.015"/>
  <testcase name="test_validateMove_UnconnectedShortMoveOnBoardWithOneLetter_succeed{RepetitionInfo}[2]" classname="com.revature.wordsaway.services.BoardServiceTest" time="0.004"/>
  <testcase name="test_validateMove_UnconnectedShortMoveOnBoardWithOneLetter_succeed{RepetitionInfo}[3]" classname="com.revature.wordsaway.services.BoardServiceTest" time="0.004"/>
  <testcase name="test_validateMove_UnconnectedShortMoveOnBoardWithOneLetter_succeed{RepetitionInfo}[4]" classname="com.revature.wordsaway.services.BoardServiceTest" time="0.004"/>
  <testcase name="test_validateMove_UnconnectedShortMoveOnBoardWithOneLetter_succeed{RepetitionInfo}[5]" classname="com.revature.wordsaway.services.BoardServiceTest" time="0.004"/>
  <testcase name="test_validateMove_UnconnectedShortMoveOnBoardWithOneLetter_succeed{RepetitionInfo}[6]" classname="com.revature.wordsaway.services.BoardServiceTest" time="0.004"/>
  <testcase name="test_validateMove_UnconnectedShortMoveOnBoardWithOneLetter_succeed{RepetitionInfo}[7]" classname="com.revature.wordsaway.services.BoardServiceTest" time="0.004"/>
  <testcase name="test_validateMove_UnconnectedShortMoveOnBoardWithOneLetter_succeed{RepetitionInfo}[8]" classname="com.revature.wordsaway.services.BoardServiceTest" time="0.004"/>
  <testcase name="test_validateMove_UnconnectedShortMoveOnBoardWithOneLetter_succeed{RepetitionInfo}[9]" classname="com.revature.wordsaway.services.BoardServiceTest" time="0.004"/>
  <testcase name="test_validateMove_UnconnectedShortMoveOnBoardWithOneLetter_succeed{RepetitionInfo}[10]" classname="com.revature.wordsaway.services.BoardServiceTest" time="0.004"/>
  <testcase name="test_validateMove_UnconnectedShortMoveOnBoardWithOneLetter_succeed{RepetitionInfo}[11]" classname="com.revature.wordsaway.services.BoardServiceTest" time="0.004"/>
  <testcase name="test_validateMove_UnconnectedShortMoveOnBoardWithOneLetter_succeed{RepetitionInfo}[12]" classname="com.revature.wordsaway.services.BoardServiceTest" time="0.004"/>
  <testcase name="test_validateMove_UnconnectedShortMoveOnBoardWithOneLetter_succeed{RepetitionInfo}[13]" classname="com.revature.wordsaway.services.BoardServiceTest" time="0.004"/>
  <testcase name="test_validateMove_UnconnectedShortMoveOnBoardWithOneLetter_succeed{RepetitionInfo}[14]" classname="com.revature.wordsaway.services.BoardServiceTest" time="0.004"/>
  <testcase name="test_validateMove_UnconnectedShortMoveOnBoardWithOneLetter_succeed{RepetitionInfo}[15]" classname="com.revature.wordsaway.services.BoardServiceTest" time="0.006"/>
  <testcase name="test_validateMove_UnconnectedShortMoveOnBoardWithOneLetter_succeed{RepetitionInfo}[16]" classname="com.revature.wordsaway.services.BoardServiceTest" time="0.007"/>
  <testcase name="test_validateMove_UnconnectedShortMoveOnBoardWithOneLetter_succeed{RepetitionInfo}[17]" classname="com.revature.wordsaway.services.BoardServiceTest" time="0.005"/>
  <testcase name="test_validateMove_UnconnectedShortMoveOnBoardWithOneLetter_succeed{RepetitionInfo}[18]" classname="com.revature.wordsaway.services.BoardServiceTest" time="0.005"/>
  <testcase name="test_validateMove_UnconnectedShortMoveOnBoardWithOneLetter_succeed{RepetitionInfo}[19]" classname="com.revature.wordsaway.services.BoardServiceTest" time="0.004"/>
  <testcase name="test_validateMove_UnconnectedShortMoveOnBoardWithOneLetter_succeed{RepetitionInfo}[20]" classname="com.revature.wordsaway.services.BoardServiceTest" time="0.004"/>
  <testcase name="test_validateMove_UnconnectedShortMoveOnBoardWithOneLetter_succeed{RepetitionInfo}[21]" classname="com.revature.wordsaway.services.BoardServiceTest" time="0.005"/>
  <testcase name="test_validateMove_UnconnectedShortMoveOnBoardWithOneLetter_succeed{RepetitionInfo}[22]" classname="com.revature.wordsaway.services.BoardServiceTest" time="0.005"/>
  <testcase name="test_validateMove_UnconnectedShortMoveOnBoardWithOneLetter_succeed{RepetitionInfo}[23]" classname="com.revature.wordsaway.services.BoardServiceTest" time="0.004"/>
  <testcase name="test_validateMove_UnconnectedShortMoveOnBoardWithOneLetter_succeed{RepetitionInfo}[24]" classname="com.revature.wordsaway.services.BoardServiceTest" time="0.004"/>
  <testcase name="test_validateMove_UnconnectedShortMoveOnBoardWithOneLetter_succeed{RepetitionInfo}[25]" classname="com.revature.wordsaway.services.BoardServiceTest" time="0.004"/>
  <testcase name="test_validateMove_UnconnectedShortMoveOnBoardWithOneLetter_succeed{RepetitionInfo}[26]" classname="com.revature.wordsaway.services.BoardServiceTest" time="0.004"/>
  <testcase name="test_validateMove_UnconnectedShortMoveOnBoardWithOneLetter_succeed{RepetitionInfo}[27]" classname="com.revature.wordsaway.services.BoardServiceTest" time="0.005"/>
  <testcase name="test_validateMove_UnconnectedShortMoveOnBoardWithOneLetter_succeed{RepetitionInfo}[28]" classname="com.revature.wordsaway.services.BoardServiceTest" time="0.003"/>
  <testcase name="test_validateMove_UnconnectedShortMoveOnBoardWithOneLetter_succeed{RepetitionInfo}[29]" classname="com.revature.wordsaway.services.BoardServiceTest" time="0.003"/>
  <testcase name="test_validateMove_UnconnectedShortMoveOnBoardWithOneLetter_succeed{RepetitionInfo}[30]" classname="com.revature.wordsaway.services.BoardServiceTest" time="0.004"/>
  <testcase name="test_validateMove_UnconnectedShortMoveOnBoardWithOneLetter_succeed{RepetitionInfo}[31]" classname="com.revature.wordsaway.services.BoardServiceTest" time="0.006"/>
  <testcase name="test_validateMove_UnconnectedShortMoveOnBoardWithOneLetter_succeed{RepetitionInfo}[32]" classname="com.revature.wordsaway.services.BoardServiceTest" time="0.005"/>
  <testcase name="test_validateMove_UnconnectedShortMoveOnBoardWithOneLetter_succeed{RepetitionInfo}[33]" classname="com.revature.wordsaway.services.BoardServiceTest" time="0.006"/>
  <testcase name="test_validateMove_UnconnectedShortMoveOnBoardWithOneLetter_succeed{RepetitionInfo}[34]" classname="com.revature.wordsaway.services.BoardServiceTest" time="0.005"/>
  <testcase name="test_validateMove_UnconnectedShortMoveOnBoardWithOneLetter_succeed{RepetitionInfo}[35]" classname="com.revature.wordsaway.services.BoardServiceTest" time="0.004"/>
  <testcase name="test_validateMove_UnconnectedShortMoveOnBoardWithOneLetter_succeed{RepetitionInfo}[36]" classname="com.revature.wordsaway.services.BoardServiceTest" time="0.003"/>
  <testcase name="test_validateMove_UnconnectedShortMoveOnBoardWithOneLetter_succeed{RepetitionInfo}[37]" classname="com.revature.wordsaway.services.BoardServiceTest" time="0.004"/>
  <testcase name="test_validateMove_UnconnectedShortMoveOnBoardWithOneLetter_succeed{RepetitionInfo}[38]" classname="com.revature.wordsaway.services.BoardServiceTest" time="0.003"/>
  <testcase name="test_validateMove_UnconnectedShortMoveOnBoardWithOneLetter_succeed{RepetitionInfo}[39]" classname="com.revature.wordsaway.services.BoardServiceTest" time="0.004"/>
  <testcase name="test_validateMove_UnconnectedShortMoveOnBoardWithOneLetter_succeed{RepetitionInfo}[40]" classname="com.revature.wordsaway.services.BoardServiceTest" time="0.007"/>
  <testcase name="test_validateMove_UnconnectedShortMoveOnBoardWithOneLetter_succeed{RepetitionInfo}[41]" classname="com.revature.wordsaway.services.BoardServiceTest" time="0.005"/>
  <testcase name="test_validateMove_UnconnectedShortMoveOnBoardWithOneLetter_succeed{RepetitionInfo}[42]" classname="com.revature.wordsaway.services.BoardServiceTest" time="0.004"/>
  <testcase name="test_validateMove_UnconnectedShortMoveOnBoardWithOneLetter_succeed{RepetitionInfo}[43]" classname="com.revature.wordsaway.services.BoardServiceTest" time="0.006"/>
  <testcase name="test_validateMove_UnconnectedShortMoveOnBoardWithOneLetter_succeed{RepetitionInfo}[44]" classname="com.revature.wordsaway.services.BoardServiceTest" time="0.005"/>
  <testcase name="test_validateMove_UnconnectedShortMoveOnBoardWithOneLetter_succeed{RepetitionInfo}[45]" classname="com.revature.wordsaway.services.BoardServiceTest" time="0.004"/>
  <testcase name="test_validateMove_UnconnectedShortMoveOnBoardWithOneLetter_succeed{RepetitionInfo}[46]" classname="com.revature.wordsaway.services.BoardServiceTest" time="0.013"/>
  <testcase name="test_validateMove_UnconnectedShortMoveOnBoardWithOneLetter_succeed{RepetitionInfo}[47]" classname="com.revature.wordsaway.services.BoardServiceTest" time="0.005"/>
  <testcase name="test_validateMove_UnconnectedShortMoveOnBoardWithOneLetter_succeed{RepetitionInfo}[48]" classname="com.revature.wordsaway.services.BoardServiceTest" time="0.004"/>
  <testcase name="test_validateMove_UnconnectedShortMoveOnBoardWithOneLetter_succeed{RepetitionInfo}[49]" classname="com.revature.wordsaway.services.BoardServiceTest" time="0.004"/>
  <testcase name="test_validateMove_UnconnectedShortMoveOnBoardWithOneLetter_succeed{RepetitionInfo}[50]" classname="com.revature.wordsaway.services.BoardServiceTest" time="0.005"/>
  <testcase name="test_validateMove_UnconnectedShortMoveOnBoardWithOneLetter_succeed{RepetitionInfo}[51]" classname="com.revature.wordsaway.services.BoardServiceTest" time="0.004"/>
  <testcase name="test_validateMove_UnconnectedShortMoveOnBoardWithOneLetter_succeed{RepetitionInfo}[52]" classname="com.revature.wordsaway.services.BoardServiceTest" time="0.004"/>
  <testcase name="test_validateMove_UnconnectedShortMoveOnBoardWithOneLetter_succeed{RepetitionInfo}[53]" classname="com.revature.wordsaway.services.BoardServiceTest" time="0.004"/>
  <testcase name="test_validateMove_UnconnectedShortMoveOnBoardWithOneLetter_succeed{RepetitionInfo}[54]" classname="com.revature.wordsaway.services.BoardServiceTest" time="0.004"/>
  <testcase name="test_validateMove_UnconnectedShortMoveOnBoardWithOneLetter_succeed{RepetitionInfo}[55]" classname="com.revature.wordsaway.services.BoardServiceTest" time="0.008"/>
  <testcase name="test_validateMove_UnconnectedShortMoveOnBoardWithOneLetter_succeed{RepetitionInfo}[56]" classname="com.revature.wordsaway.services.BoardServiceTest" time="0.005"/>
  <testcase name="test_validateMove_UnconnectedShortMoveOnBoardWithOneLetter_succeed{RepetitionInfo}[57]" classname="com.revature.wordsaway.services.BoardServiceTest" time="0.01"/>
  <testcase name="test_validateMove_UnconnectedShortMoveOnBoardWithOneLetter_succeed{RepetitionInfo}[58]" classname="com.revature.wordsaway.services.BoardServiceTest" time="0.006"/>
  <testcase name="test_validateMove_UnconnectedShortMoveOnBoardWithOneLetter_succeed{RepetitionInfo}[59]" classname="com.revature.wordsaway.services.BoardServiceTest" time="0.004"/>
  <testcase name="test_validateMove_UnconnectedShortMoveOnBoardWithOneLetter_succeed{RepetitionInfo}[60]" classname="com.revature.wordsaway.services.BoardServiceTest" time="0.003"/>
  <testcase name="test_validateMove_UnconnectedShortMoveOnBoardWithOneLetter_succeed{RepetitionInfo}[61]" classname="com.revature.wordsaway.services.BoardServiceTest" time="0.004"/>
  <testcase name="test_validateMove_UnconnectedShortMoveOnBoardWithOneLetter_succeed{RepetitionInfo}[62]" classname="com.revature.wordsaway.services.BoardServiceTest" time="0.004"/>
  <testcase name="test_validateMove_UnconnectedShortMoveOnBoardWithOneLetter_succeed{RepetitionInfo}[63]" classname="com.revature.wordsaway.services.BoardServiceTest" time="0.004"/>
  <testcase name="test_validateMove_UnconnectedShortMoveOnBoardWithOneLetter_succeed{RepetitionInfo}[64]" classname="com.revature.wordsaway.services.BoardServiceTest" time="0.005"/>
  <testcase name="test_validateMove_UnconnectedShortMoveOnBoardWithOneLetter_succeed{RepetitionInfo}[65]" classname="com.revature.wordsaway.services.BoardServiceTest" time="0.004"/>
  <testcase name="test_validateMove_UnconnectedShortMoveOnBoardWithOneLetter_succeed{RepetitionInfo}[66]" classname="com.revature.wordsaway.services.BoardServiceTest" time="0.004"/>
  <testcase name="test_validateMove_UnconnectedShortMoveOnBoardWithOneLetter_succeed{RepetitionInfo}[67]" classname="com.revature.wordsaway.services.BoardServiceTest" time="0.004"/>
  <testcase name="test_validateMove_UnconnectedShortMoveOnBoardWithOneLetter_succeed{RepetitionInfo}[68]" classname="com.revature.wordsaway.services.BoardServiceTest" time="0.003"/>
  <testcase name="test_validateMove_UnconnectedShortMoveOnBoardWithOneLetter_succeed{RepetitionInfo}[69]" classname="com.revature.wordsaway.services.BoardServiceTest" time="0.004"/>
  <testcase name="test_validateMove_UnconnectedShortMoveOnBoardWithOneLetter_succeed{RepetitionInfo}[70]" classname="com.revature.wordsaway.services.BoardServiceTest" time="0.004"/>
  <testcase name="test_validateMove_UnconnectedShortMoveOnBoardWithOneLetter_succeed{RepetitionInfo}[71]" classname="com.revature.wordsaway.services.BoardServiceTest" time="0.005"/>
  <testcase name="test_validateMove_UnconnectedShortMoveOnBoardWithOneLetter_succeed{RepetitionInfo}[72]" classname="com.revature.wordsaway.services.BoardServiceTest" time="0.004"/>
  <testcase name="test_validateMove_UnconnectedShortMoveOnBoardWithOneLetter_succeed{RepetitionInfo}[73]" classname="com.revature.wordsaway.services.BoardServiceTest" time="0.004"/>
  <testcase name="test_validateMove_UnconnectedShortMoveOnBoardWithOneLetter_succeed{RepetitionInfo}[74]" classname="com.revature.wordsaway.services.BoardServiceTest" time="0.004"/>
  <testcase name="test_validateMove_UnconnectedShortMoveOnBoardWithOneLetter_succeed{RepetitionInfo}[75]" classname="com.revature.wordsaway.services.BoardServiceTest" time="0.004"/>
  <testcase name="test_validateMove_UnconnectedShortMoveOnBoardWithOneLetter_succeed{RepetitionInfo}[76]" classname="com.revature.wordsaway.services.BoardServiceTest" time="0.004"/>
  <testcase name="test_validateMove_UnconnectedShortMoveOnBoardWithOneLetter_succeed{RepetitionInfo}[77]" classname="com.revature.wordsaway.services.BoardServiceTest" time="0.004"/>
  <testcase name="test_validateMove_UnconnectedShortMoveOnBoardWithOneLetter_succeed{RepetitionInfo}[78]" classname="com.revature.wordsaway.services.BoardServiceTest" time="0.004"/>
  <testcase name="test_validateMove_UnconnectedShortMoveOnBoardWithOneLetter_succeed{RepetitionInfo}[79]" classname="com.revature.wordsaway.services.BoardServiceTest" time="0.004"/>
  <testcase name="test_validateMove_UnconnectedShortMoveOnBoardWithOneLetter_succeed{RepetitionInfo}[80]" classname="com.revature.wordsaway.services.BoardServiceTest" time="0.004"/>
  <testcase name="test_validateMove_UnconnectedShortMoveOnBoardWithOneLetter_succeed{RepetitionInfo}[81]" classname="com.revature.wordsaway.services.BoardServiceTest" time="0.003"/>
  <testcase name="test_validateMove_UnconnectedShortMoveOnBoardWithOneLetter_succeed{RepetitionInfo}[82]" classname="com.revature.wordsaway.services.BoardServiceTest" time="0.004"/>
  <testcase name="test_validateMove_UnconnectedShortMoveOnBoardWithOneLetter_succeed{RepetitionInfo}[83]" classname="com.revature.wordsaway.services.BoardServiceTest" time="0.004"/>
  <testcase name="test_validateMove_UnconnectedShortMoveOnBoardWithOneLetter_succeed{RepetitionInfo}[84]" classname="com.revature.wordsaway.services.BoardServiceTest" time="0.004"/>
  <testcase name="test_validateMove_UnconnectedShortMoveOnBoardWithOneLetter_succeed{RepetitionInfo}[85]" classname="com.revature.wordsaway.services.BoardServiceTest" time="0.004"/>
  <testcase name="test_validateMove_UnconnectedShortMoveOnBoardWithOneLetter_succeed{RepetitionInfo}[86]" classname="com.revature.wordsaway.services.BoardServiceTest" time="0.004"/>
  <testcase name="test_validateMove_UnconnectedShortMoveOnBoardWithOneLetter_succeed{RepetitionInfo}[87]" classname="com.revature.wordsaway.services.BoardServiceTest" time="0.004"/>
  <testcase name="test_validateMove_UnconnectedShortMoveOnBoardWithOneLetter_succeed{RepetitionInfo}[88]" classname="com.revature.wordsaway.services.BoardServiceTest" time="0.003"/>
  <testcase name="test_validateMove_UnconnectedShortMoveOnBoardWithOneLetter_succeed{RepetitionInfo}[89]" classname="com.revature.wordsaway.services.BoardServiceTest" time="0.004"/>
  <testcase name="test_validateMove_UnconnectedShortMoveOnBoardWithOneLetter_succeed{RepetitionInfo}[90]" classname="com.revature.wordsaway.services.BoardServiceTest" time="0.004"/>
  <testcase name="test_validateMove_UnconnectedShortMoveOnBoardWithOneLetter_succeed{RepetitionInfo}[91]" classname="com.revature.wordsaway.services.BoardServiceTest" time="0.004"/>
  <testcase name="test_validateMove_UnconnectedShortMoveOnBoardWithOneLetter_succeed{RepetitionInfo}[92]" classname="com.revature.wordsaway.services.BoardServiceTest" time="0.004"/>
  <testcase name="test_validateMove_UnconnectedShortMoveOnBoardWithOneLetter_succeed{RepetitionInfo}[93]" classname="com.revature.wordsaway.services.BoardServiceTest" time="0.004"/>
  <testcase name="test_validateMove_UnconnectedShortMoveOnBoardWithOneLetter_succeed{RepetitionInfo}[94]" classname="com.revature.wordsaway.services.BoardServiceTest" time="0.003"/>
  <testcase name="test_validateMove_UnconnectedShortMoveOnBoardWithOneLetter_succeed{RepetitionInfo}[95]" classname="com.revature.wordsaway.services.BoardServiceTest" time="0.004"/>
  <testcase name="test_validateMove_UnconnectedShortMoveOnBoardWithOneLetter_succeed{RepetitionInfo}[96]" classname="com.revature.wordsaway.services.BoardServiceTest" time="0.004"/>
  <testcase name="test_validateMove_UnconnectedShortMoveOnBoardWithOneLetter_succeed{RepetitionInfo}[97]" classname="com.revature.wordsaway.services.BoardServiceTest" time="0.004"/>
  <testcase name="test_validateMove_UnconnectedShortMoveOnBoardWithOneLetter_succeed{RepetitionInfo}[98]" classname="com.revature.wordsaway.services.BoardServiceTest" time="0.003"/>
  <testcase name="test_validateMove_UnconnectedShortMoveOnBoardWithOneLetter_succeed{RepetitionInfo}[99]" classname="com.revature.wordsaway.services.BoardServiceTest" time="0.004"/>
  <testcase name="test_validateMove_UnconnectedShortMoveOnBoardWithOneLetter_succeed{RepetitionInfo}[100]" classname="com.revature.wordsaway.services.BoardServiceTest" time="0.004"/>
  <testcase name="test_validateMove_UnconnectedShortMoveOnBoardWithOneLetter_succeed{RepetitionInfo}[101]" classname="com.revature.wordsaway.services.BoardServiceTest" time="0.004"/>
  <testcase name="test_validateMove_UnconnectedShortMoveOnBoardWithOneLetter_succeed{RepetitionInfo}[102]" classname="com.revature.wordsaway.services.BoardServiceTest" time="0.004"/>
  <testcase name="test_validateMove_UnconnectedShortMoveOnBoardWithOneLetter_succeed{RepetitionInfo}[103]" classname="com.revature.wordsaway.services.BoardServiceTest" time="0.004"/>
  <testcase name="test_validateMove_UnconnectedShortMoveOnBoardWithOneLetter_succeed{RepetitionInfo}[104]" classname="com.revature.wordsaway.services.BoardServiceTest" time="0.001"/>
  <testcase name="test_validateMove_UnconnectedShortMoveOnBoardWithOneLetter_succeed{RepetitionInfo}[105]" classname="com.revature.wordsaway.services.BoardServiceTest" time="0.004"/>
  <testcase name="test_validateMove_UnconnectedShortMoveOnBoardWithOneLetter_succeed{RepetitionInfo}[106]" classname="com.revature.wordsaway.services.BoardServiceTest" time="0.004"/>
  <testcase name="test_validateMove_UnconnectedShortMoveOnBoardWithOneLetter_succeed{RepetitionInfo}[107]" classname="com.revature.wordsaway.services.BoardServiceTest" time="0.004"/>
  <testcase name="test_validateMove_UnconnectedShortMoveOnBoardWithOneLetter_succeed{RepetitionInfo}[108]" classname="com.revature.wordsaway.services.BoardServiceTest" time="0.004"/>
  <testcase name="test_validateMove_UnconnectedShortMoveOnBoardWithOneLetter_succeed{RepetitionInfo}[109]" classname="com.revature.wordsaway.services.BoardServiceTest" time="0.004"/>
  <testcase name="test_validateMove_UnconnectedShortMoveOnBoardWithOneLetter_succeed{RepetitionInfo}[110]" classname="com.revature.wordsaway.services.BoardServiceTest" time="0.005"/>
  <testcase name="test_validateMove_UnconnectedShortMoveOnBoardWithOneLetter_succeed{RepetitionInfo}[111]" classname="com.revature.wordsaway.services.BoardServiceTest" time="0.004"/>
  <testcase name="test_validateMove_UnconnectedShortMoveOnBoardWithOneLetter_succeed{RepetitionInfo}[112]" classname="com.revature.wordsaway.services.BoardServiceTest" time="0.004"/>
  <testcase name="test_validateMove_UnconnectedShortMoveOnBoardWithOneLetter_succeed{RepetitionInfo}[113]" classname="com.revature.wordsaway.services.BoardServiceTest" time="0.004"/>
  <testcase name="test_validateMove_UnconnectedShortMoveOnBoardWithOneLetter_succeed{RepetitionInfo}[114]" classname="com.revature.wordsaway.services.BoardServiceTest" time="0.004"/>
  <testcase name="test_validateMove_UnconnectedShortMoveOnBoardWithOneLetter_succeed{RepetitionInfo}[115]" classname="com.revature.wordsaway.services.BoardServiceTest" time="0.004"/>
  <testcase name="test_validateMove_UnconnectedShortMoveOnBoardWithOneLetter_succeed{RepetitionInfo}[116]" classname="com.revature.wordsaway.services.BoardServiceTest" time="0.004"/>
  <testcase name="test_validateMove_UnconnectedShortMoveOnBoardWithOneLetter_succeed{RepetitionInfo}[117]" classname="com.revature.wordsaway.services.BoardServiceTest" time="0.004"/>
  <testcase name="test_validateMove_UnconnectedShortMoveOnBoardWithOneLetter_succeed{RepetitionInfo}[118]" classname="com.revature.wordsaway.services.BoardServiceTest" time="0.004"/>
  <testcase name="test_validateMove_UnconnectedShortMoveOnBoardWithOneLetter_succeed{RepetitionInfo}[119]" classname="com.revature.wordsaway.services.BoardServiceTest" time="0.001"/>
  <testcase name="test_validateMove_UnconnectedShortMoveOnBoardWithOneLetter_succeed{RepetitionInfo}[120]" classname="com.revature.wordsaway.services.BoardServiceTest" time="0.001"/>
  <testcase name="test_validateMove_UnconnectedShortMoveOnBoardWithOneLetter_succeed{RepetitionInfo}[121]" classname="com.revature.wordsaway.services.BoardServiceTest" time="0"/>
  <testcase name="test_validateMove_UnconnectedShortMoveOnBoardWithOneLetter_succeed{RepetitionInfo}[122]" classname="com.revature.wordsaway.services.BoardServiceTest" time="0.004"/>
  <testcase name="test_validateMove_UnconnectedShortMoveOnBoardWithOneLetter_succeed{RepetitionInfo}[123]" classname="com.revature.wordsaway.services.BoardServiceTest" time="0.004"/>
  <testcase name="test_validateMove_UnconnectedShortMoveOnBoardWithOneLetter_succeed{RepetitionInfo}[124]" classname="com.revature.wordsaway.services.BoardServiceTest" time="0.003"/>
  <testcase name="test_validateMove_UnconnectedShortMoveOnBoardWithOneLetter_succeed{RepetitionInfo}[125]" classname="com.revature.wordsaway.services.BoardServiceTest" time="0.004"/>
  <testcase name="test_validateMove_UnconnectedShortMoveOnBoardWithOneLetter_succeed{RepetitionInfo}[126]" classname="com.revature.wordsaway.services.BoardServiceTest" time="0.004"/>
  <testcase name="test_validateMove_UnconnectedShortMoveOnBoardWithOneLetter_succeed{RepetitionInfo}[127]" classname="com.revature.wordsaway.services.BoardServiceTest" time="0.004"/>
  <testcase name="test_validateMove_UnconnectedShortMoveOnBoardWithOneLetter_succeed{RepetitionInfo}[128]" classname="com.revature.wordsaway.services.BoardServiceTest" time="0.003"/>
  <testcase name="test_validateMove_UnconnectedShortMoveOnBoardWithOneLetter_succeed{RepetitionInfo}[129]" classname="com.revature.wordsaway.services.BoardServiceTest" time="0.003"/>
  <testcase name="test_validateMove_UnconnectedShortMoveOnBoardWithOneLetter_succeed{RepetitionInfo}[130]" classname="com.revature.wordsaway.services.BoardServiceTest" time="0.004"/>
  <testcase name="test_validateMove_UnconnectedShortMoveOnBoardWithOneLetter_succeed{RepetitionInfo}[131]" classname="com.revature.wordsaway.services.BoardServiceTest" time="0.004"/>
  <testcase name="test_validateMove_UnconnectedShortMoveOnBoardWithOneLetter_succeed{RepetitionInfo}[132]" classname="com.revature.wordsaway.services.BoardServiceTest" time="0.003"/>
  <testcase name="test_validateMove_UnconnectedShortMoveOnBoardWithOneLetter_succeed{RepetitionInfo}[133]" classname="com.revature.wordsaway.services.BoardServiceTest" time="0.005"/>
  <testcase name="test_validateMove_UnconnectedShortMoveOnBoardWithOneLetter_succeed{RepetitionInfo}[134]" classname="com.revature.wordsaway.services.BoardServiceTest" time="0.004"/>
  <testcase name="test_validateMove_UnconnectedShortMoveOnBoardWithOneLetter_succeed{RepetitionInfo}[135]" classname="com.revature.wordsaway.services.BoardServiceTest" time="0.003"/>
  <testcase name="test_validateMove_UnconnectedShortMoveOnBoardWithOneLetter_succeed{RepetitionInfo}[136]" classname="com.revature.wordsaway.services.BoardServiceTest" time="0"/>
  <testcase name="test_validateMove_UnconnectedShortMoveOnBoardWithOneLetter_succeed{RepetitionInfo}[137]" classname="com.revature.wordsaway.services.BoardServiceTest" time="0.004"/>
  <testcase name="test_validateMove_UnconnectedShortMoveOnBoardWithOneLetter_succeed{RepetitionInfo}[138]" classname="com.revature.wordsaway.services.BoardServiceTest" time="0.004"/>
  <testcase name="test_validateMove_UnconnectedShortMoveOnBoardWithOneLetter_succeed{RepetitionInfo}[139]" classname="com.revature.wordsaway.services.BoardServiceTest" time="0.004"/>
  <testcase name="test_validateMove_UnconnectedShortMoveOnBoardWithOneLetter_succeed{RepetitionInfo}[140]" classname="com.revature.wordsaway.services.BoardServiceTest" time="0.004"/>
  <testcase name="test_validateMove_UnconnectedShortMoveOnBoardWithOneLetter_succeed{RepetitionInfo}[141]" classname="com.revature.wordsaway.services.BoardServiceTest" time="0.004"/>
  <testcase name="test_validateMove_UnconnectedShortMoveOnBoardWithOneLetter_succeed{RepetitionInfo}[142]" classname="com.revature.wordsaway.services.BoardServiceTest" time="0.003"/>
  <testcase name="test_validateMove_UnconnectedShortMoveOnBoardWithOneLetter_succeed{RepetitionInfo}[143]" classname="com.revature.wordsaway.services.BoardServiceTest" time="0.005"/>
  <testcase name="test_validateMove_UnconnectedShortMoveOnBoardWithOneLetter_succeed{RepetitionInfo}[144]" classname="com.revature.wordsaway.services.BoardServiceTest" time="0.004"/>
  <testcase name="test_validateMove_UnconnectedShortMoveOnBoardWithOneLetter_succeed{RepetitionInfo}[145]" classname="com.revature.wordsaway.services.BoardServiceTest" time="0.003"/>
  <testcase name="test_validateMove_UnconnectedShortMoveOnBoardWithOneLetter_succeed{RepetitionInfo}[146]" classname="com.revature.wordsaway.services.BoardServiceTest" time="0.004"/>
  <testcase name="test_validateMove_UnconnectedShortMoveOnBoardWithOneLetter_succeed{RepetitionInfo}[147]" classname="com.revature.wordsaway.services.BoardServiceTest" time="0.004"/>
  <testcase name="test_validateMove_UnconnectedShortMoveOnBoardWithOneLetter_succeed{RepetitionInfo}[148]" classname="com.revature.wordsaway.services.BoardServiceTest" time="0.004"/>
  <testcase name="test_validateMove_UnconnectedShortMoveOnBoardWithOneLetter_succeed{RepetitionInfo}[149]" classname="com.revature.wordsaway.services.BoardServiceTest" time="0.004"/>
  <testcase name="test_validateMove_UnconnectedShortMoveOnBoardWithOneLetter_succeed{RepetitionInfo}[150]" classname="com.revature.wordsaway.services.BoardServiceTest" time="0.003"/>
  <testcase name="test_validateMove_UnconnectedShortMoveOnBoardWithOneLetter_succeed{RepetitionInfo}[151]" classname="com.revature.wordsaway.services.BoardServiceTest" time="0.003"/>
  <testcase name="test_validateMove_UnconnectedShortMoveOnBoardWithOneLetter_succeed{RepetitionInfo}[152]" classname="com.revature.wordsaway.services.BoardServiceTest" time="0.004"/>
  <testcase name="test_validateMove_UnconnectedShortMoveOnBoardWithOneLetter_succeed{RepetitionInfo}[153]" classname="com.revature.wordsaway.services.BoardServiceTest" time="0.004"/>
  <testcase name="test_validateMove_UnconnectedShortMoveOnBoardWithOneLetter_succeed{RepetitionInfo}[154]" classname="com.revature.wordsaway.services.BoardServiceTest" time="0.003"/>
  <testcase name="test_validateMove_UnconnectedShortMoveOnBoardWithOneLetter_succeed{RepetitionInfo}[155]" classname="com.revature.wordsaway.services.BoardServiceTest" time="0.004"/>
  <testcase name="test_validateMove_UnconnectedShortMoveOnBoardWithOneLetter_succeed{RepetitionInfo}[156]" classname="com.revature.wordsaway.services.BoardServiceTest" time="0.004"/>
  <testcase name="test_validateMove_UnconnectedShortMoveOnBoardWithOneLetter_succeed{RepetitionInfo}[157]" classname="com.revature.wordsaway.services.BoardServiceTest" time="0.004"/>
  <testcase name="test_validateMove_UnconnectedShortMoveOnBoardWithOneLetter_succeed{RepetitionInfo}[158]" classname="com.revature.wordsaway.services.BoardServiceTest" time="0.004"/>
  <testcase name="test_validateMove_UnconnectedShortMoveOnBoardWithOneLetter_succeed{RepetitionInfo}[159]" classname="com.revature.wordsaway.services.BoardServiceTest" time="0.004"/>
  <testcase name="test_validateMove_UnconnectedShortMoveOnBoardWithOneLetter_succeed{RepetitionInfo}[160]" classname="com.revature.wordsaway.services.BoardServiceTest" time="0.004"/>
  <testcase name="test_validateMove_UnconnectedShortMoveOnBoardWithOneLetter_succeed{RepetitionInfo}[161]" classname="com.revature.wordsaway.services.BoardServiceTest" time="0.004"/>
  <testcase name="test_validateMove_UnconnectedShortMoveOnBoardWithOneLetter_succeed{RepetitionInfo}[162]" classname="com.revature.wordsaway.services.BoardServiceTest" time="0.004"/>
  <testcase name="test_validateMove_UnconnectedShortMoveOnBoardWithOneLetter_succeed{RepetitionInfo}[163]" classname="com.revature.wordsaway.services.BoardServiceTest" time="0.004"/>
  <testcase name="test_validateMove_UnconnectedShortMoveOnBoardWithOneLetter_succeed{RepetitionInfo}[164]" classname="com.revature.wordsaway.services.BoardServiceTest" time="0.006"/>
  <testcase name="test_validateMove_UnconnectedShortMoveOnBoardWithOneLetter_succeed{RepetitionInfo}[165]" classname="com.revature.wordsaway.services.BoardServiceTest" time="0.004"/>
  <testcase name="test_validateMove_UnconnectedShortMoveOnBoardWithOneLetter_succeed{RepetitionInfo}[166]" classname="com.revature.wordsaway.services.BoardServiceTest" time="0.004"/>
  <testcase name="test_validateMove_UnconnectedShortMoveOnBoardWithOneLetter_succeed{RepetitionInfo}[167]" classname="com.revature.wordsaway.services.BoardServiceTest" time="0.005"/>
  <testcase name="test_validateMove_UnconnectedShortMoveOnBoardWithOneLetter_succeed{RepetitionInfo}[168]" classname="com.revature.wordsaway.services.BoardServiceTest" time="0.005"/>
  <testcase name="test_validateMove_UnconnectedShortMoveOnBoardWithOneLetter_succeed{RepetitionInfo}[169]" classname="com.revature.wordsaway.services.BoardServiceTest" time="0.004"/>
  <testcase name="test_validateMove_UnconnectedShortMoveOnBoardWithOneLetter_succeed{RepetitionInfo}[170]" classname="com.revature.wordsaway.services.BoardServiceTest" time="0.004"/>
  <testcase name="test_validateMove_UnconnectedShortMoveOnBoardWithOneLetter_succeed{RepetitionInfo}[171]" classname="com.revature.wordsaway.services.BoardServiceTest" time="0.004"/>
  <testcase name="test_validateMove_UnconnectedShortMoveOnBoardWithOneLetter_succeed{RepetitionInfo}[172]" classname="com.revature.wordsaway.services.BoardServiceTest" time="0.004"/>
  <testcase name="test_validateMove_UnconnectedShortMoveOnBoardWithOneLetter_succeed{RepetitionInfo}[173]" classname="com.revature.wordsaway.services.BoardServiceTest" time="0.003"/>
  <testcase name="test_validateMove_UnconnectedShortMoveOnBoardWithOneLetter_succeed{RepetitionInfo}[174]" classname="com.revature.wordsaway.services.BoardServiceTest" time="0.004"/>
  <testcase name="test_validateMove_UnconnectedShortMoveOnBoardWithOneLetter_succeed{RepetitionInfo}[175]" classname="com.revature.wordsaway.services.BoardServiceTest" time="0.005"/>
  <testcase name="test_validateMove_UnconnectedShortMoveOnBoardWithOneLetter_succeed{RepetitionInfo}[176]" classname="com.revature.wordsaway.services.BoardServiceTest" time="0.005"/>
  <testcase name="test_validateMove_UnconnectedShortMoveOnBoardWithOneLetter_succeed{RepetitionInfo}[177]" classname="com.revature.wordsaway.services.BoardServiceTest" time="0.004"/>
  <testcase name="test_validateMove_UnconnectedShortMoveOnBoardWithOneLetter_succeed{RepetitionInfo}[178]" classname="com.revature.wordsaway.services.BoardServiceTest" time="0.005"/>
  <testcase name="test_validateMove_UnconnectedShortMoveOnBoardWithOneLetter_succeed{RepetitionInfo}[179]" classname="com.revature.wordsaway.services.BoardServiceTest" time="0.005"/>
  <testcase name="test_validateMove_UnconnectedShortMoveOnBoardWithOneLetter_succeed{RepetitionInfo}[180]" classname="com.revature.wordsaway.services.BoardServiceTest" time="0.004"/>
  <testcase name="test_validateMove_UnconnectedShortMoveOnBoardWithOneLetter_succeed{RepetitionInfo}[181]" classname="com.revature.wordsaway.services.BoardServiceTest" time="0.004"/>
  <testcase name="test_validateMove_UnconnectedShortMoveOnBoardWithOneLetter_succeed{RepetitionInfo}[182]" classname="com.revature.wordsaway.services.BoardServiceTest" time="0.003"/>
  <testcase name="test_validateMove_UnconnectedShortMoveOnBoardWithOneLetter_succeed{RepetitionInfo}[183]" classname="com.revature.wordsaway.services.BoardServiceTest" time="0.004"/>
  <testcase name="test_validateMove_UnconnectedShortMoveOnBoardWithOneLetter_succeed{RepetitionInfo}[184]" classname="com.revature.wordsaway.services.BoardServiceTest" time="0.004"/>
  <testcase name="test_validateMove_UnconnectedShortMoveOnBoardWithOneLetter_succeed{RepetitionInfo}[185]" classname="com.revature.wordsaway.services.BoardServiceTest" time="0.004"/>
  <testcase name="test_validateMove_UnconnectedShortMoveOnBoardWithOneLetter_succeed{RepetitionInfo}[186]" classname="com.revature.wordsaway.services.BoardServiceTest" time="0.005"/>
  <testcase name="test_validateMove_UnconnectedShortMoveOnBoardWithOneLetter_succeed{RepetitionInfo}[187]" classname="com.revature.wordsaway.services.BoardServiceTest" time="0.005"/>
  <testcase name="test_validateMove_UnconnectedShortMoveOnBoardWithOneLetter_succeed{RepetitionInfo}[188]" classname="com.revature.wordsaway.services.BoardServiceTest" time="0.006"/>
  <testcase name="test_validateMove_UnconnectedShortMoveOnBoardWithOneLetter_succeed{RepetitionInfo}[189]" classname="com.revature.wordsaway.services.BoardServiceTest" time="0.004"/>
  <testcase name="test_validateMove_UnconnectedShortMoveOnBoardWithOneLetter_succeed{RepetitionInfo}[190]" classname="com.revature.wordsaway.services.BoardServiceTest" time="0.004"/>
  <testcase name="test_validateMove_UnconnectedShortMoveOnBoardWithOneLetter_succeed{RepetitionInfo}[191]" classname="com.revature.wordsaway.services.BoardServiceTest" time="0.004"/>
  <testcase name="test_validateMove_UnconnectedShortMoveOnBoardWithOneLetter_succeed{RepetitionInfo}[192]" classname="com.revature.wordsaway.services.BoardServiceTest" time="0.004"/>
  <testcase name="test_validateMove_UnconnectedShortMoveOnBoardWithOneLetter_succeed{RepetitionInfo}[193]" classname="com.revature.wordsaway.services.BoardServiceTest" time="0.005"/>
  <testcase name="test_validateMove_UnconnectedShortMoveOnBoardWithOneLetter_succeed{RepetitionInfo}[194]" classname="com.revature.wordsaway.services.BoardServiceTest" time="0.004"/>
  <testcase name="test_validateMove_UnconnectedShortMoveOnBoardWithOneLetter_succeed{RepetitionInfo}[195]" classname="com.revature.wordsaway.services.BoardServiceTest" time="0.005"/>
  <testcase name="test_validateMove_UnconnectedShortMoveOnBoardWithOneLetter_succeed{RepetitionInfo}[196]" classname="com.revature.wordsaway.services.BoardServiceTest" time="0.005"/>
  <testcase name="test_validateMove_UnconnectedShortMoveOnBoardWithOneLetter_succeed{RepetitionInfo}[197]" classname="com.revature.wordsaway.services.BoardServiceTest" time="0.005"/>
  <testcase name="test_validateMove_UnconnectedShortMoveOnBoardWithOneLetter_succeed{RepetitionInfo}[198]" classname="com.revature.wordsaway.services.BoardServiceTest" time="0.004"/>
  <testcase name="test_validateMove_UnconnectedShortMoveOnBoardWithOneLetter_succeed{RepetitionInfo}[199]" classname="com.revature.wordsaway.services.BoardServiceTest" time="0.004"/>
  <testcase name="test_validateMove_UnconnectedShortMoveOnBoardWithOneLetter_succeed{RepetitionInfo}[200]" classname="com.revature.wordsaway.services.BoardServiceTest" time="0.005"/>
  <testcase name="test_validateMove_UnconnectedShortMoveOnBoardWithOneLetter_succeed{RepetitionInfo}[201]" classname="com.revature.wordsaway.services.BoardServiceTest" time="0.004"/>
  <testcase name="test_validateMove_UnconnectedShortMoveOnBoardWithOneLetter_succeed{RepetitionInfo}[202]" classname="com.revature.wordsaway.services.BoardServiceTest" time="0.004"/>
  <testcase name="test_validateMove_UnconnectedShortMoveOnBoardWithOneLetter_succeed{RepetitionInfo}[203]" classname="com.revature.wordsaway.services.BoardServiceTest" time="0.004"/>
  <testcase name="test_validateMove_UnconnectedShortMoveOnBoardWithOneLetter_succeed{RepetitionInfo}[204]" classname="com.revature.wordsaway.services.BoardServiceTest" time="0.005"/>
  <testcase name="test_validateMove_UnconnectedShortMoveOnBoardWithOneLetter_succeed{RepetitionInfo}[205]" classname="com.revature.wordsaway.services.BoardServiceTest" time="0.005"/>
  <testcase name="test_validateMove_UnconnectedShortMoveOnBoardWithOneLetter_succeed{RepetitionInfo}[206]" classname="com.revature.wordsaway.services.BoardServiceTest" time="0.004"/>
  <testcase name="test_validateMove_UnconnectedShortMoveOnBoardWithOneLetter_succeed{RepetitionInfo}[207]" classname="com.revature.wordsaway.services.BoardServiceTest" time="0.004"/>
  <testcase name="test_validateMove_UnconnectedShortMoveOnBoardWithOneLetter_succeed{RepetitionInfo}[208]" classname="com.revature.wordsaway.services.BoardServiceTest" time="0.004"/>
  <testcase name="test_validateMove_UnconnectedShortMoveOnBoardWithOneLetter_succeed{RepetitionInfo}[209]" classname="com.revature.wordsaway.services.BoardServiceTest" time="0.005"/>
  <testcase name="test_validateMove_UnconnectedShortMoveOnBoardWithOneLetter_succeed{RepetitionInfo}[210]" classname="com.revature.wordsaway.services.BoardServiceTest" time="0.004"/>
  <testcase name="test_validateMove_UnconnectedShortMoveOnBoardWithOneLetter_succeed{RepetitionInfo}[211]" classname="com.revature.wordsaway.services.BoardServiceTest" time="0.004"/>
  <testcase name="test_validateMove_UnconnectedShortMoveOnBoardWithOneLetter_succeed{RepetitionInfo}[212]" classname="com.revature.wordsaway.services.BoardServiceTest" time="0.005"/>
  <testcase name="test_validateMove_UnconnectedShortMoveOnBoardWithOneLetter_succeed{RepetitionInfo}[213]" classname="com.revature.wordsaway.services.BoardServiceTest" time="0.005"/>
  <testcase name="test_validateMove_UnconnectedShortMoveOnBoardWithOneLetter_succeed{RepetitionInfo}[214]" classname="com.revature.wordsaway.services.BoardServiceTest" time="0.004"/>
  <testcase name="test_validateMove_UnconnectedShortMoveOnBoardWithOneLetter_succeed{RepetitionInfo}[215]" classname="com.revature.wordsaway.services.BoardServiceTest" time="0.004"/>
  <testcase name="test_validateMove_UnconnectedShortMoveOnBoardWithOneLetter_succeed{RepetitionInfo}[216]" classname="com.revature.wordsaway.services.BoardServiceTest" time="0.005"/>
  <testcase name="test_validateMove_UnconnectedShortMoveOnBoardWithOneLetter_succeed{RepetitionInfo}[217]" classname="com.revature.wordsaway.services.BoardServiceTest" time="0.004"/>
  <testcase name="test_validateMove_UnconnectedShortMoveOnBoardWithOneLetter_succeed{RepetitionInfo}[218]" classname="com.revature.wordsaway.services.BoardServiceTest" time="0.004"/>
  <testcase name="test_validateMove_UnconnectedShortMoveOnBoardWithOneLetter_succeed{RepetitionInfo}[219]" classname="com.revature.wordsaway.services.BoardServiceTest" time="0.005"/>
  <testcase name="test_validateMove_UnconnectedShortMoveOnBoardWithOneLetter_succeed{RepetitionInfo}[220]" classname="com.revature.wordsaway.services.BoardServiceTest" time="0.005"/>
  <testcase name="test_validateMove_UnconnectedShortMoveOnBoardWithOneLetter_succeed{RepetitionInfo}[221]" classname="com.revature.wordsaway.services.BoardServiceTest" time="0.005"/>
  <testcase name="test_validateMove_UnconnectedShortMoveOnBoardWithOneLetter_succeed{RepetitionInfo}[222]" classname="com.revature.wordsaway.services.BoardServiceTest" time="0.004"/>
  <testcase name="test_validateMove_UnconnectedShortMoveOnBoardWithOneLetter_succeed{RepetitionInfo}[223]" classname="com.revature.wordsaway.services.BoardServiceTest" time="0.005"/>
  <testcase name="test_validateMove_UnconnectedShortMoveOnBoardWithOneLetter_succeed{RepetitionInfo}[224]" classname="com.revature.wordsaway.services.BoardServiceTest" time="0.005"/>
  <testcase name="test_validateMove_UnconnectedShortMoveOnBoardWithOneLetter_succeed{RepetitionInfo}[225]" classname="com.revature.wordsaway.services.BoardServiceTest" time="0.005"/>
  <testcase name="test_validateMove_UnconnectedShortMoveOnBoardWithOneLetter_succeed{RepetitionInfo}[226]" classname="com.revature.wordsaway.services.BoardServiceTest" time="0.006"/>
  <testcase name="test_validateMove_UnconnectedShortMoveOnBoardWithOneLetter_succeed{RepetitionInfo}[227]" classname="com.revature.wordsaway.services.BoardServiceTest" time="0.004"/>
  <testcase name="test_validateMove_UnconnectedShortMoveOnBoardWithOneLetter_succeed{RepetitionInfo}[228]" classname="com.revature.wordsaway.services.BoardServiceTest" time="0.004"/>
  <testcase name="test_validateMove_UnconnectedShortMoveOnBoardWithOneLetter_succeed{RepetitionInfo}[229]" classname="com.revature.wordsaway.services.BoardServiceTest" time="0.004"/>
  <testcase name="test_validateMove_UnconnectedShortMoveOnBoardWithOneLetter_succeed{RepetitionInfo}[230]" classname="com.revature.wordsaway.services.BoardServiceTest" time="0.005"/>
  <testcase name="test_validateMove_UnconnectedShortMoveOnBoardWithOneLetter_succeed{RepetitionInfo}[231]" classname="com.revature.wordsaway.services.BoardServiceTest" time="0.004"/>
  <testcase name="test_validateMove_UnconnectedShortMoveOnBoardWithOneLetter_succeed{RepetitionInfo}[232]" classname="com.revature.wordsaway.services.BoardServiceTest" time="0.004"/>
  <testcase name="test_validateMove_UnconnectedShortMoveOnBoardWithOneLetter_succeed{RepetitionInfo}[233]" classname="com.revature.wordsaway.services.BoardServiceTest" time="0.004"/>
  <testcase name="test_validateMove_UnconnectedShortMoveOnBoardWithOneLetter_succeed{RepetitionInfo}[234]" classname="com.revature.wordsaway.services.BoardServiceTest" time="0.004"/>
  <testcase name="test_validateMove_UnconnectedShortMoveOnBoardWithOneLetter_succeed{RepetitionInfo}[235]" classname="com.revature.wordsaway.services.BoardServiceTest" time="0.004"/>
  <testcase name="test_validateMove_UnconnectedShortMoveOnBoardWithOneLetter_succeed{RepetitionInfo}[236]" classname="com.revature.wordsaway.services.BoardServiceTest" time="0.004"/>
  <testcase name="test_validateMove_UnconnectedShortMoveOnBoardWithOneLetter_succeed{RepetitionInfo}[237]" classname="com.revature.wordsaway.services.BoardServiceTest" time="0.004"/>
  <testcase name="test_validateMove_UnconnectedShortMoveOnBoardWithOneLetter_succeed{RepetitionInfo}[238]" classname="com.revature.wordsaway.services.BoardServiceTest" time="0.004"/>
  <testcase name="test_validateMove_UnconnectedShortMoveOnBoardWithOneLetter_succeed{RepetitionInfo}[239]" classname="com.revature.wordsaway.services.BoardServiceTest" time="0.004"/>
  <testcase name="test_validateMove_UnconnectedShortMoveOnBoardWithOneLetter_succeed{RepetitionInfo}[240]" classname="com.revature.wordsaway.services.BoardServiceTest" time="0.004"/>
  <testcase name="test_validateMove_UnconnectedShortMoveOnBoardWithOneLetter_succeed{RepetitionInfo}[241]" classname="com.revature.wordsaway.services.BoardServiceTest" time="0.005"/>
  <testcase name="test_validateMove_UnconnectedShortMoveOnBoardWithOneLetter_succeed{RepetitionInfo}[242]" classname="com.revature.wordsaway.services.BoardServiceTest" time="0.004"/>
  <testcase name="test_validateMove_UnconnectedShortMoveOnBoardWithOneLetter_succeed{RepetitionInfo}[243]" classname="com.revature.wordsaway.services.BoardServiceTest" time="0.007"/>
  <testcase name="test_validateMove_UnconnectedShortMoveOnBoardWithOneLetter_succeed{RepetitionInfo}[244]" classname="com.revature.wordsaway.services.BoardServiceTest" time="0.004"/>
  <testcase name="test_validateMove_UnconnectedShortMoveOnBoardWithOneLetter_succeed{RepetitionInfo}[245]" classname="com.revature.wordsaway.services.BoardServiceTest" time="0.005"/>
  <testcase name="test_validateMove_UnconnectedShortMoveOnBoardWithOneLetter_succeed{RepetitionInfo}[246]" classname="com.revature.wordsaway.services.BoardServiceTest" time="0.004"/>
  <testcase name="test_validateMove_UnconnectedShortMoveOnBoardWithOneLetter_succeed{RepetitionInfo}[247]" classname="com.revature.wordsaway.services.BoardServiceTest" time="0.004"/>
  <testcase name="test_validateMove_UnconnectedShortMoveOnBoardWithOneLetter_succeed{RepetitionInfo}[248]" classname="com.revature.wordsaway.services.BoardServiceTest" time="0.005"/>
  <testcase name="test_validateMove_UnconnectedShortMoveOnBoardWithOneLetter_succeed{RepetitionInfo}[249]" classname="com.revature.wordsaway.services.BoardServiceTest" time="0.004"/>
  <testcase name="test_validateMove_UnconnectedShortMoveOnBoardWithOneLetter_succeed{RepetitionInfo}[250]" classname="com.revature.wordsaway.services.BoardServiceTest" time="0.004"/>
  <testcase name="test_validateMove_UnconnectedShortMoveOnBoardWithOneLetter_succeed{RepetitionInfo}[251]" classname="com.revature.wordsaway.services.BoardServiceTest" time="0.004"/>
  <testcase name="test_validateMove_UnconnectedShortMoveOnBoardWithOneLetter_succeed{RepetitionInfo}[252]" classname="com.revature.wordsaway.services.BoardServiceTest" time="0.004"/>
  <testcase name="test_validateMove_UnconnectedShortMoveOnBoardWithOneLetter_succeed{RepetitionInfo}[253]" classname="com.revature.wordsaway.services.BoardServiceTest" time="0.004"/>
  <testcase name="test_validateMove_UnconnectedShortMoveOnBoardWithOneLetter_succeed{RepetitionInfo}[254]" classname="com.revature.wordsaway.services.BoardServiceTest" time="0.005"/>
  <testcase name="test_validateMove_UnconnectedShortMoveOnBoardWithOneLetter_succeed{RepetitionInfo}[255]" classname="com.revature.wordsaway.services.BoardServiceTest" time="0.005"/>
  <testcase name="test_validateMove_UnconnectedShortMoveOnBoardWithOneLetter_succeed{RepetitionInfo}[256]" classname="com.revature.wordsaway.services.BoardServiceTest" time="0.004"/>
  <testcase name="test_gameOver_endOfGame" classname="com.revature.wordsaway.services.BoardServiceTest" time="0.007"/>
  <testcase name="test_validateMove_ConnectedShortVerticalBackMoveOnBoardWithOneLetter_succeed" classname="com.revature.wordsaway.services.BoardServiceTest" time="0.005"/>
  <testcase name="test_validateMove_ConnectedLongVerticalBackMoveOnBoardWithOneLetter_succeed" classname="com.revature.wordsaway.services.BoardServiceTest" time="0.006"/>
  <testcase name="test_validateMove_TwoLongSameRowWithAsteriskMoveOnBlankBoard_succeed" classname="com.revature.wordsaway.services.BoardServiceTest" time="0.007"/>
  <testcase name="test_validateMove_TwoAsteriskSameColumnMoveOnBlankBoard_fail{RepetitionInfo}[1]" classname="com.revature.wordsaway.services.BoardServiceTest" time="0.006"/>
  <testcase name="test_validateMove_TwoAsteriskSameColumnMoveOnBlankBoard_fail{RepetitionInfo}[2]" classname="com.revature.wordsaway.services.BoardServiceTest" time="0.005"/>
  <testcase name="test_validateMove_TwoAsteriskSameColumnMoveOnBlankBoard_fail{RepetitionInfo}[3]" classname="com.revature.wordsaway.services.BoardServiceTest" time="0.004"/>
  <testcase name="test_validateMove_TwoAsteriskSameColumnMoveOnBlankBoard_fail{RepetitionInfo}[4]" classname="com.revature.wordsaway.services.BoardServiceTest" time="0.004"/>
  <testcase name="test_validateMove_TwoAsteriskSameColumnMoveOnBlankBoard_fail{RepetitionInfo}[5]" classname="com.revature.wordsaway.services.BoardServiceTest" time="0.006"/>
  <testcase name="test_validateMove_TwoAsteriskSameColumnMoveOnBlankBoard_fail{RepetitionInfo}[6]" classname="com.revature.wordsaway.services.BoardServiceTest" time="0.005"/>
  <testcase name="test_validateMove_TwoAsteriskSameColumnMoveOnBlankBoard_fail{RepetitionInfo}[7]" classname="com.revature.wordsaway.services.BoardServiceTest" time="0.005"/>
  <testcase name="test_validateMove_TwoAsteriskSameColumnMoveOnBlankBoard_fail{RepetitionInfo}[8]" classname="com.revature.wordsaway.services.BoardServiceTest" time="0.005"/>
  <testcase name="test_validateMove_TwoAsteriskSameColumnMoveOnBlankBoard_fail{RepetitionInfo}[9]" classname="com.revature.wordsaway.services.BoardServiceTest" time="0.005"/>
  <testcase name="test_validateMove_TwoAsteriskSameColumnMoveOnBlankBoard_fail{RepetitionInfo}[10]" classname="com.revature.wordsaway.services.BoardServiceTest" time="0.005"/>
  <testcase name="test_validateMove_TwoAsteriskSameColumnMoveOnBlankBoard_fail{RepetitionInfo}[11]" classname="com.revature.wordsaway.services.BoardServiceTest" time="0.005"/>
  <testcase name="test_validateMove_TwoAsteriskSameColumnMoveOnBlankBoard_fail{RepetitionInfo}[12]" classname="com.revature.wordsaway.services.BoardServiceTest" time="0.004"/>
  <testcase name="test_validateMove_TwoAsteriskSameColumnMoveOnBlankBoard_fail{RepetitionInfo}[13]" classname="com.revature.wordsaway.services.BoardServiceTest" time="0.004"/>
  <testcase name="test_validateMove_TwoAsteriskSameColumnMoveOnBlankBoard_fail{RepetitionInfo}[14]" classname="com.revature.wordsaway.services.BoardServiceTest" time="0.004"/>
  <testcase name="test_validateMove_TwoAsteriskSameColumnMoveOnBlankBoard_fail{RepetitionInfo}[15]" classname="com.revature.wordsaway.services.BoardServiceTest" time="0.004"/>
  <testcase name="test_validateMove_TwoAsteriskSameColumnMoveOnBlankBoard_fail{RepetitionInfo}[16]" classname="com.revature.wordsaway.services.BoardServiceTest" time="0.005"/>
  <testcase name="test_validateMove_TwoAsteriskSameColumnMoveOnBlankBoard_fail{RepetitionInfo}[17]" classname="com.revature.wordsaway.services.BoardServiceTest" time="0.004"/>
  <testcase name="test_validateMove_TwoAsteriskSameColumnMoveOnBlankBoard_fail{RepetitionInfo}[18]" classname="com.revature.wordsaway.services.BoardServiceTest" time="0.004"/>
  <testcase name="test_validateMove_TwoAsteriskSameColumnMoveOnBlankBoard_fail{RepetitionInfo}[19]" classname="com.revature.wordsaway.services.BoardServiceTest" time="0.005"/>
  <testcase name="test_validateMove_TwoAsteriskSameColumnMoveOnBlankBoard_fail{RepetitionInfo}[20]" classname="com.revature.wordsaway.services.BoardServiceTest" time="0.005"/>
  <testcase name="test_validateMove_TwoAsteriskSameColumnMoveOnBlankBoard_fail{RepetitionInfo}[21]" classname="com.revature.wordsaway.services.BoardServiceTest" time="0.005"/>
  <testcase name="test_validateMove_TwoAsteriskSameColumnMoveOnBlankBoard_fail{RepetitionInfo}[22]" classname="com.revature.wordsaway.services.BoardServiceTest" time="0.005"/>
  <testcase name="test_validateMove_TwoAsteriskSameColumnMoveOnBlankBoard_fail{RepetitionInfo}[23]" classname="com.revature.wordsaway.services.BoardServiceTest" time="0.004"/>
  <testcase name="test_validateMove_TwoAsteriskSameColumnMoveOnBlankBoard_fail{RepetitionInfo}[24]" classname="com.revature.wordsaway.services.BoardServiceTest" time="0.004"/>
  <testcase name="test_validateMove_TwoAsteriskSameColumnMoveOnBlankBoard_fail{RepetitionInfo}[25]" classname="com.revature.wordsaway.services.BoardServiceTest" time="0.007"/>
  <testcase name="test_validateMove_TwoAsteriskSameColumnMoveOnBlankBoard_fail{RepetitionInfo}[26]" classname="com.revature.wordsaway.services.BoardServiceTest" time="0.099"/>
  <testcase name="test_validateMove_TwoAsteriskSameColumnMoveOnBlankBoard_fail{RepetitionInfo}[27]" classname="com.revature.wordsaway.services.BoardServiceTest" time="0.009"/>
  <testcase name="test_validateMove_TwoAsteriskSameColumnMoveOnBlankBoard_fail{RepetitionInfo}[28]" classname="com.revature.wordsaway.services.BoardServiceTest" time="0.003"/>
  <testcase name="test_validateMove_TwoAsteriskSameColumnMoveOnBlankBoard_fail{RepetitionInfo}[29]" classname="com.revature.wordsaway.services.BoardServiceTest" time="0.004"/>
  <testcase name="test_validateMove_TwoAsteriskSameColumnMoveOnBlankBoard_fail{RepetitionInfo}[30]" classname="com.revature.wordsaway.services.BoardServiceTest" time="0.003"/>
  <testcase name="test_validateMove_TwoAsteriskSameColumnMoveOnBlankBoard_fail{RepetitionInfo}[31]" classname="com.revature.wordsaway.services.BoardServiceTest" time="0.003"/>
  <testcase name="test_validateMove_TwoAsteriskSameColumnMoveOnBlankBoard_fail{RepetitionInfo}[32]" classname="com.revature.wordsaway.services.BoardServiceTest" time="0.004"/>
  <testcase name="test_validateMove_TwoAsteriskSameColumnMoveOnBlankBoard_fail{RepetitionInfo}[33]" classname="com.revature.wordsaway.services.BoardServiceTest" time="0.004"/>
  <testcase name="test_validateMove_TwoAsteriskSameColumnMoveOnBlankBoard_fail{RepetitionInfo}[34]" classname="com.revature.wordsaway.services.BoardServiceTest" time="0.004"/>
  <testcase name="test_validateMove_TwoAsteriskSameColumnMoveOnBlankBoard_fail{RepetitionInfo}[35]" classname="com.revature.wordsaway.services.BoardServiceTest" time="0.004"/>
  <testcase name="test_validateMove_TwoAsteriskSameColumnMoveOnBlankBoard_fail{RepetitionInfo}[36]" classname="com.revature.wordsaway.services.BoardServiceTest" time="0.004"/>
  <testcase name="test_validateMove_TwoAsteriskSameColumnMoveOnBlankBoard_fail{RepetitionInfo}[37]" classname="com.revature.wordsaway.services.BoardServiceTest" time="0.004"/>
  <testcase name="test_validateMove_TwoAsteriskSameColumnMoveOnBlankBoard_fail{RepetitionInfo}[38]" classname="com.revature.wordsaway.services.BoardServiceTest" time="0.004"/>
  <testcase name="test_validateMove_TwoAsteriskSameColumnMoveOnBlankBoard_fail{RepetitionInfo}[39]" classname="com.revature.wordsaway.services.BoardServiceTest" time="0.004"/>
  <testcase name="test_validateMove_TwoAsteriskSameColumnMoveOnBlankBoard_fail{RepetitionInfo}[40]" classname="com.revature.wordsaway.services.BoardServiceTest" time="0.003"/>
  <testcase name="test_validateMove_TwoAsteriskSameColumnMoveOnBlankBoard_fail{RepetitionInfo}[41]" classname="com.revature.wordsaway.services.BoardServiceTest" time="0.004"/>
  <testcase name="test_validateMove_TwoAsteriskSameColumnMoveOnBlankBoard_fail{RepetitionInfo}[42]" classname="com.revature.wordsaway.services.BoardServiceTest" time="0.004"/>
  <testcase name="test_validateMove_TwoAsteriskSameColumnMoveOnBlankBoard_fail{RepetitionInfo}[43]" classname="com.revature.wordsaway.services.BoardServiceTest" time="0.003"/>
  <testcase name="test_validateMove_TwoAsteriskSameColumnMoveOnBlankBoard_fail{RepetitionInfo}[44]" classname="com.revature.wordsaway.services.BoardServiceTest" time="0.003"/>
  <testcase name="test_validateMove_TwoAsteriskSameColumnMoveOnBlankBoard_fail{RepetitionInfo}[45]" classname="com.revature.wordsaway.services.BoardServiceTest" time="0.004"/>
  <testcase name="test_validateMove_TwoAsteriskSameColumnMoveOnBlankBoard_fail{RepetitionInfo}[46]" classname="com.revature.wordsaway.services.BoardServiceTest" time="0.003"/>
  <testcase name="test_validateMove_TwoAsteriskSameColumnMoveOnBlankBoard_fail{RepetitionInfo}[47]" classname="com.revature.wordsaway.services.BoardServiceTest" time="0.003"/>
  <testcase name="test_validateMove_TwoAsteriskSameColumnMoveOnBlankBoard_fail{RepetitionInfo}[48]" classname="com.revature.wordsaway.services.BoardServiceTest" time="0.005"/>
  <testcase name="test_validateMove_TwoAsteriskSameColumnMoveOnBlankBoard_fail{RepetitionInfo}[49]" classname="com.revature.wordsaway.services.BoardServiceTest" time="0.003"/>
  <testcase name="test_validateMove_TwoAsteriskSameColumnMoveOnBlankBoard_fail{RepetitionInfo}[50]" classname="com.revature.wordsaway.services.BoardServiceTest" time="0.003"/>
  <testcase name="test_validateMove_TwoAsteriskSameColumnMoveOnBlankBoard_fail{RepetitionInfo}[51]" classname="com.revature.wordsaway.services.BoardServiceTest" time="0.004"/>
  <testcase name="test_validateMove_TwoAsteriskSameColumnMoveOnBlankBoard_fail{RepetitionInfo}[52]" classname="com.revature.wordsaway.services.BoardServiceTest" time="0.004"/>
  <testcase name="test_validateMove_TwoAsteriskSameColumnMoveOnBlankBoard_fail{RepetitionInfo}[53]" classname="com.revature.wordsaway.services.BoardServiceTest" time="0.003"/>
  <testcase name="test_validateMove_TwoAsteriskSameColumnMoveOnBlankBoard_fail{RepetitionInfo}[54]" classname="com.revature.wordsaway.services.BoardServiceTest" time="0.004"/>
  <testcase name="test_validateMove_TwoAsteriskSameColumnMoveOnBlankBoard_fail{RepetitionInfo}[55]" classname="com.revature.wordsaway.services.BoardServiceTest" time="0.004"/>
  <testcase name="test_validateMove_TwoAsteriskSameColumnMoveOnBlankBoard_fail{RepetitionInfo}[56]" classname="com.revature.wordsaway.services.BoardServiceTest" time="0.003"/>
  <testcase name="test_validateMove_TwoAsteriskSameColumnMoveOnBlankBoard_fail{RepetitionInfo}[57]" classname="com.revature.wordsaway.services.BoardServiceTest" time="0.005"/>
  <testcase name="test_validateMove_TwoAsteriskSameColumnMoveOnBlankBoard_fail{RepetitionInfo}[58]" classname="com.revature.wordsaway.services.BoardServiceTest" time="0.003"/>
  <testcase name="test_validateMove_TwoAsteriskSameColumnMoveOnBlankBoard_fail{RepetitionInfo}[59]" classname="com.revature.wordsaway.services.BoardServiceTest" time="0.004"/>
  <testcase name="test_validateMove_TwoAsteriskSameColumnMoveOnBlankBoard_fail{RepetitionInfo}[60]" classname="com.revature.wordsaway.services.BoardServiceTest" time="0.004"/>
  <testcase name="test_validateMove_TwoAsteriskSameColumnMoveOnBlankBoard_fail{RepetitionInfo}[61]" classname="com.revature.wordsaway.services.BoardServiceTest" time="0.005"/>
  <testcase name="test_validateMove_TwoAsteriskSameColumnMoveOnBlankBoard_fail{RepetitionInfo}[62]" classname="com.revature.wordsaway.services.BoardServiceTest" time="0.004"/>
  <testcase name="test_validateMove_TwoAsteriskSameColumnMoveOnBlankBoard_fail{RepetitionInfo}[63]" classname="com.revature.wordsaway.services.BoardServiceTest" time="0.005"/>
  <testcase name="test_validateMove_TwoAsteriskSameColumnMoveOnBlankBoard_fail{RepetitionInfo}[64]" classname="com.revature.wordsaway.services.BoardServiceTest" time="0.004"/>
  <testcase name="test_validateMove_TwoAsteriskSameColumnMoveOnBlankBoard_fail{RepetitionInfo}[65]" classname="com.revature.wordsaway.services.BoardServiceTest" time="0.004"/>
  <testcase name="test_validateMove_TwoAsteriskSameColumnMoveOnBlankBoard_fail{RepetitionInfo}[66]" classname="com.revature.wordsaway.services.BoardServiceTest" time="0.003"/>
  <testcase name="test_validateMove_TwoAsteriskSameColumnMoveOnBlankBoard_fail{RepetitionInfo}[67]" classname="com.revature.wordsaway.services.BoardServiceTest" time="0.004"/>
  <testcase name="test_validateMove_TwoAsteriskSameColumnMoveOnBlankBoard_fail{RepetitionInfo}[68]" classname="com.revature.wordsaway.services.BoardServiceTest" time="0.004"/>
  <testcase name="test_validateMove_TwoAsteriskSameColumnMoveOnBlankBoard_fail{RepetitionInfo}[69]" classname="com.revature.wordsaway.services.BoardServiceTest" time="0.004"/>
  <testcase name="test_validateMove_TwoAsteriskSameColumnMoveOnBlankBoard_fail{RepetitionInfo}[70]" classname="com.revature.wordsaway.services.BoardServiceTest" time="0.004"/>
  <testcase name="test_validateMove_TwoAsteriskSameColumnMoveOnBlankBoard_fail{RepetitionInfo}[71]" classname="com.revature.wordsaway.services.BoardServiceTest" time="0.004"/>
  <testcase name="test_validateMove_TwoAsteriskSameColumnMoveOnBlankBoard_fail{RepetitionInfo}[72]" classname="com.revature.wordsaway.services.BoardServiceTest" time="0.004"/>
  <testcase name="test_validateMove_TwoAsteriskSameColumnMoveOnBlankBoard_fail{RepetitionInfo}[73]" classname="com.revature.wordsaway.services.BoardServiceTest" time="0.003"/>
  <testcase name="test_validateMove_TwoAsteriskSameColumnMoveOnBlankBoard_fail{RepetitionInfo}[74]" classname="com.revature.wordsaway.services.BoardServiceTest" time="0.004"/>
  <testcase name="test_validateMove_TwoAsteriskSameColumnMoveOnBlankBoard_fail{RepetitionInfo}[75]" classname="com.revature.wordsaway.services.BoardServiceTest" time="0.004"/>
  <testcase name="test_validateMove_TwoAsteriskSameColumnMoveOnBlankBoard_fail{RepetitionInfo}[76]" classname="com.revature.wordsaway.services.BoardServiceTest" time="0.003"/>
  <testcase name="test_validateMove_TwoAsteriskSameColumnMoveOnBlankBoard_fail{RepetitionInfo}[77]" classname="com.revature.wordsaway.services.BoardServiceTest" time="0.004"/>
  <testcase name="test_validateMove_TwoAsteriskSameColumnMoveOnBlankBoard_fail{RepetitionInfo}[78]" classname="com.revature.wordsaway.services.BoardServiceTest" time="0.003"/>
  <testcase name="test_validateMove_TwoAsteriskSameColumnMoveOnBlankBoard_fail{RepetitionInfo}[79]" classname="com.revature.wordsaway.services.BoardServiceTest" time="0.004"/>
  <testcase name="test_validateMove_TwoAsteriskSameColumnMoveOnBlankBoard_fail{RepetitionInfo}[80]" classname="com.revature.wordsaway.services.BoardServiceTest" time="0.004"/>
  <testcase name="test_validateMove_TwoAsteriskSameColumnMoveOnBlankBoard_fail{RepetitionInfo}[81]" classname="com.revature.wordsaway.services.BoardServiceTest" time="0.004"/>
  <testcase name="test_validateMove_TwoAsteriskSameColumnMoveOnBlankBoard_fail{RepetitionInfo}[82]" classname="com.revature.wordsaway.services.BoardServiceTest" time="0.004"/>
  <testcase name="test_validateMove_TwoAsteriskSameColumnMoveOnBlankBoard_fail{RepetitionInfo}[83]" classname="com.revature.wordsaway.services.BoardServiceTest" time="0.004"/>
  <testcase name="test_validateMove_TwoAsteriskSameColumnMoveOnBlankBoard_fail{RepetitionInfo}[84]" classname="com.revature.wordsaway.services.BoardServiceTest" time="0.004"/>
  <testcase name="test_validateMove_TwoAsteriskSameColumnMoveOnBlankBoard_fail{RepetitionInfo}[85]" classname="com.revature.wordsaway.services.BoardServiceTest" time="0.005"/>
  <testcase name="test_validateMove_TwoAsteriskSameColumnMoveOnBlankBoard_fail{RepetitionInfo}[86]" classname="com.revature.wordsaway.services.BoardServiceTest" time="0.004"/>
  <testcase name="test_validateMove_TwoAsteriskSameColumnMoveOnBlankBoard_fail{RepetitionInfo}[87]" classname="com.revature.wordsaway.services.BoardServiceTest" time="0.004"/>
  <testcase name="test_validateMove_TwoAsteriskSameColumnMoveOnBlankBoard_fail{RepetitionInfo}[88]" classname="com.revature.wordsaway.services.BoardServiceTest" time="0.003"/>
  <testcase name="test_validateMove_TwoAsteriskSameColumnMoveOnBlankBoard_fail{RepetitionInfo}[89]" classname="com.revature.wordsaway.services.BoardServiceTest" time="0.003"/>
  <testcase name="test_validateMove_TwoAsteriskSameColumnMoveOnBlankBoard_fail{RepetitionInfo}[90]" classname="com.revature.wordsaway.services.BoardServiceTest" time="0.004"/>
  <testcase name="test_validateMove_TwoAsteriskSameColumnMoveOnBlankBoard_fail{RepetitionInfo}[91]" classname="com.revature.wordsaway.services.BoardServiceTest" time="0.004"/>
  <testcase name="test_validateMove_TwoAsteriskSameColumnMoveOnBlankBoard_fail{RepetitionInfo}[92]" classname="com.revature.wordsaway.services.BoardServiceTest" time="0.004"/>
  <testcase name="test_validateMove_TwoAsteriskSameColumnMoveOnBlankBoard_fail{RepetitionInfo}[93]" classname="com.revature.wordsaway.services.BoardServiceTest" time="0.003"/>
  <testcase name="test_validateMove_TwoAsteriskSameColumnMoveOnBlankBoard_fail{RepetitionInfo}[94]" classname="com.revature.wordsaway.services.BoardServiceTest" time="0.005"/>
  <testcase name="test_validateMove_TwoAsteriskSameColumnMoveOnBlankBoard_fail{RepetitionInfo}[95]" classname="com.revature.wordsaway.services.BoardServiceTest" time="0.003"/>
  <testcase name="test_validateMove_TwoAsteriskSameColumnMoveOnBlankBoard_fail{RepetitionInfo}[96]" classname="com.revature.wordsaway.services.BoardServiceTest" time="0.004"/>
  <testcase name="test_validateMove_TwoAsteriskSameColumnMoveOnBlankBoard_fail{RepetitionInfo}[97]" classname="com.revature.wordsaway.services.BoardServiceTest" time="0.004"/>
  <testcase name="test_validateMove_TwoAsteriskSameColumnMoveOnBlankBoard_fail{RepetitionInfo}[98]" classname="com.revature.wordsaway.services.BoardServiceTest" time="0.004"/>
  <testcase name="test_validateMove_TwoAsteriskSameColumnMoveOnBlankBoard_fail{RepetitionInfo}[99]" classname="com.revature.wordsaway.services.BoardServiceTest" time="0.004"/>
  <testcase name="test_validateMove_TwoAsteriskSameColumnMoveOnBlankBoard_fail{RepetitionInfo}[100]" classname="com.revature.wordsaway.services.BoardServiceTest" time="0.004"/>
  <testcase name="test_validateMove_TwoAsteriskSameColumnMoveOnBlankBoard_fail{RepetitionInfo}[101]" classname="com.revature.wordsaway.services.BoardServiceTest" time="0.004"/>
  <testcase name="test_validateMove_TwoAsteriskSameColumnMoveOnBlankBoard_fail{RepetitionInfo}[102]" classname="com.revature.wordsaway.services.BoardServiceTest" time="0.004"/>
  <testcase name="test_validateMove_TwoAsteriskSameColumnMoveOnBlankBoard_fail{RepetitionInfo}[103]" classname="com.revature.wordsaway.services.BoardServiceTest" time="0.004"/>
  <testcase name="test_validateMove_TwoAsteriskSameColumnMoveOnBlankBoard_fail{RepetitionInfo}[104]" classname="com.revature.wordsaway.services.BoardServiceTest" time="0.007"/>
  <testcase name="test_validateMove_TwoAsteriskSameColumnMoveOnBlankBoard_fail{RepetitionInfo}[105]" classname="com.revature.wordsaway.services.BoardServiceTest" time="0.006"/>
  <testcase name="test_validateMove_TwoAsteriskSameColumnMoveOnBlankBoard_fail{RepetitionInfo}[106]" classname="com.revature.wordsaway.services.BoardServiceTest" time="0.004"/>
  <testcase name="test_validateMove_TwoAsteriskSameColumnMoveOnBlankBoard_fail{RepetitionInfo}[107]" classname="com.revature.wordsaway.services.BoardServiceTest" time="0.004"/>
  <testcase name="test_validateMove_TwoAsteriskSameColumnMoveOnBlankBoard_fail{RepetitionInfo}[108]" classname="com.revature.wordsaway.services.BoardServiceTest" time="0.004"/>
  <testcase name="test_validateMove_TwoAsteriskSameColumnMoveOnBlankBoard_fail{RepetitionInfo}[109]" classname="com.revature.wordsaway.services.BoardServiceTest" time="0.004"/>
  <testcase name="test_validateMove_TwoAsteriskSameColumnMoveOnBlankBoard_fail{RepetitionInfo}[110]" classname="com.revature.wordsaway.services.BoardServiceTest" time="0.004"/>
  <testcase name="test_validateMove_TwoAsteriskSameColumnMoveOnBlankBoard_fail{RepetitionInfo}[111]" classname="com.revature.wordsaway.services.BoardServiceTest" time="0.004"/>
  <testcase name="test_validateMove_TwoAsteriskSameColumnMoveOnBlankBoard_fail{RepetitionInfo}[112]" classname="com.revature.wordsaway.services.BoardServiceTest" time="0.004"/>
  <testcase name="test_validateMove_TwoAsteriskSameColumnMoveOnBlankBoard_fail{RepetitionInfo}[113]" classname="com.revature.wordsaway.services.BoardServiceTest" time="0.004"/>
  <testcase name="test_validateMove_TwoAsteriskSameColumnMoveOnBlankBoard_fail{RepetitionInfo}[114]" classname="com.revature.wordsaway.services.BoardServiceTest" time="0.003"/>
  <testcase name="test_validateMove_TwoAsteriskSameColumnMoveOnBlankBoard_fail{RepetitionInfo}[115]" classname="com.revature.wordsaway.services.BoardServiceTest" time="0.003"/>
  <testcase name="test_validateMove_TwoAsteriskSameColumnMoveOnBlankBoard_fail{RepetitionInfo}[116]" classname="com.revature.wordsaway.services.BoardServiceTest" time="0.004"/>
  <testcase name="test_validateMove_TwoAsteriskSameColumnMoveOnBlankBoard_fail{RepetitionInfo}[117]" classname="com.revature.wordsaway.services.BoardServiceTest" time="0.004"/>
  <testcase name="test_validateMove_TwoAsteriskSameColumnMoveOnBlankBoard_fail{RepetitionInfo}[118]" classname="com.revature.wordsaway.services.BoardServiceTest" time="0.004"/>
  <testcase name="test_validateMove_TwoAsteriskSameColumnMoveOnBlankBoard_fail{RepetitionInfo}[119]" classname="com.revature.wordsaway.services.BoardServiceTest" time="0.003"/>
  <testcase name="test_validateMove_TwoAsteriskSameColumnMoveOnBlankBoard_fail{RepetitionInfo}[120]" classname="com.revature.wordsaway.services.BoardServiceTest" time="0.004"/>
  <testcase name="test_validateMove_TwoAsteriskSameColumnMoveOnBlankBoard_fail{RepetitionInfo}[121]" classname="com.revature.wordsaway.services.BoardServiceTest" time="0.005"/>
  <testcase name="test_validateMove_TwoAsteriskSameColumnMoveOnBlankBoard_fail{RepetitionInfo}[122]" classname="com.revature.wordsaway.services.BoardServiceTest" time="0.004"/>
  <testcase name="test_validateMove_TwoAsteriskSameColumnMoveOnBlankBoard_fail{RepetitionInfo}[123]" classname="com.revature.wordsaway.services.BoardServiceTest" time="0.004"/>
  <testcase name="test_validateMove_TwoAsteriskSameColumnMoveOnBlankBoard_fail{RepetitionInfo}[124]" classname="com.revature.wordsaway.services.BoardServiceTest" time="0.004"/>
  <testcase name="test_validateMove_TwoAsteriskSameColumnMoveOnBlankBoard_fail{RepetitionInfo}[125]" classname="com.revature.wordsaway.services.BoardServiceTest" time="0.004"/>
  <testcase name="test_validateMove_TwoAsteriskSameColumnMoveOnBlankBoard_fail{RepetitionInfo}[126]" classname="com.revature.wordsaway.services.BoardServiceTest" time="0.003"/>
  <testcase name="test_validateMove_TwoAsteriskSameColumnMoveOnBlankBoard_fail{RepetitionInfo}[127]" classname="com.revature.wordsaway.services.BoardServiceTest" time="0.005"/>
  <testcase name="test_validateMove_TwoAsteriskSameColumnMoveOnBlankBoard_fail{RepetitionInfo}[128]" classname="com.revature.wordsaway.services.BoardServiceTest" time="0.004"/>
  <testcase name="test_validateMove_TwoAsteriskSameColumnMoveOnBlankBoard_fail{RepetitionInfo}[129]" classname="com.revature.wordsaway.services.BoardServiceTest" time="0.004"/>
  <testcase name="test_validateMove_TwoAsteriskSameColumnMoveOnBlankBoard_fail{RepetitionInfo}[130]" classname="com.revature.wordsaway.services.BoardServiceTest" time="0.004"/>
  <testcase name="test_validateMove_TwoAsteriskSameColumnMoveOnBlankBoard_fail{RepetitionInfo}[131]" classname="com.revature.wordsaway.services.BoardServiceTest" time="0.004"/>
  <testcase name="test_validateMove_TwoAsteriskSameColumnMoveOnBlankBoard_fail{RepetitionInfo}[132]" classname="com.revature.wordsaway.services.BoardServiceTest" time="0.004"/>
  <testcase name="test_validateMove_TwoAsteriskSameColumnMoveOnBlankBoard_fail{RepetitionInfo}[133]" classname="com.revature.wordsaway.services.BoardServiceTest" time="0.004"/>
  <testcase name="test_validateMove_TwoAsteriskSameColumnMoveOnBlankBoard_fail{RepetitionInfo}[134]" classname="com.revature.wordsaway.services.BoardServiceTest" time="0.004"/>
  <testcase name="test_validateMove_TwoAsteriskSameColumnMoveOnBlankBoard_fail{RepetitionInfo}[135]" classname="com.revature.wordsaway.services.BoardServiceTest" time="0.004"/>
  <testcase name="test_validateMove_TwoAsteriskSameColumnMoveOnBlankBoard_fail{RepetitionInfo}[136]" classname="com.revature.wordsaway.services.BoardServiceTest" time="0.004"/>
  <testcase name="test_validateMove_TwoAsteriskSameColumnMoveOnBlankBoard_fail{RepetitionInfo}[137]" classname="com.revature.wordsaway.services.BoardServiceTest" time="0.004"/>
  <testcase name="test_validateMove_TwoAsteriskSameColumnMoveOnBlankBoard_fail{RepetitionInfo}[138]" classname="com.revature.wordsaway.services.BoardServiceTest" time="0.004"/>
  <testcase name="test_validateMove_TwoAsteriskSameColumnMoveOnBlankBoard_fail{RepetitionInfo}[139]" classname="com.revature.wordsaway.services.BoardServiceTest" time="0.004"/>
  <testcase name="test_validateMove_TwoAsteriskSameColumnMoveOnBlankBoard_fail{RepetitionInfo}[140]" classname="com.revature.wordsaway.services.BoardServiceTest" time="0.004"/>
  <testcase name="test_validateMove_TwoAsteriskSameColumnMoveOnBlankBoard_fail{RepetitionInfo}[141]" classname="com.revature.wordsaway.services.BoardServiceTest" time="0.003"/>
  <testcase name="test_validateMove_TwoAsteriskSameColumnMoveOnBlankBoard_fail{RepetitionInfo}[142]" classname="com.revature.wordsaway.services.BoardServiceTest" time="0.004"/>
  <testcase name="test_validateMove_TwoAsteriskSameColumnMoveOnBlankBoard_fail{RepetitionInfo}[143]" classname="com.revature.wordsaway.services.BoardServiceTest" time="0.004"/>
  <testcase name="test_validateMove_TwoAsteriskSameColumnMoveOnBlankBoard_fail{RepetitionInfo}[144]" classname="com.revature.wordsaway.services.BoardServiceTest" time="0.004"/>
  <testcase name="test_validateMove_TwoAsteriskSameColumnMoveOnBlankBoard_fail{RepetitionInfo}[145]" classname="com.revature.wordsaway.services.BoardServiceTest" time="0.004"/>
  <testcase name="test_validateMove_TwoAsteriskSameColumnMoveOnBlankBoard_fail{RepetitionInfo}[146]" classname="com.revature.wordsaway.services.BoardServiceTest" time="0.004"/>
  <testcase name="test_validateMove_TwoAsteriskSameColumnMoveOnBlankBoard_fail{RepetitionInfo}[147]" classname="com.revature.wordsaway.services.BoardServiceTest" time="0.004"/>
  <testcase name="test_validateMove_TwoAsteriskSameColumnMoveOnBlankBoard_fail{RepetitionInfo}[148]" classname="com.revature.wordsaway.services.BoardServiceTest" time="0.004"/>
  <testcase name="test_validateMove_TwoAsteriskSameColumnMoveOnBlankBoard_fail{RepetitionInfo}[149]" classname="com.revature.wordsaway.services.BoardServiceTest" time="0.004"/>
  <testcase name="test_validateMove_TwoAsteriskSameColumnMoveOnBlankBoard_fail{RepetitionInfo}[150]" classname="com.revature.wordsaway.services.BoardServiceTest" time="0.004"/>
  <testcase name="test_validateMove_TwoAsteriskSameColumnMoveOnBlankBoard_fail{RepetitionInfo}[151]" classname="com.revature.wordsaway.services.BoardServiceTest" time="0.004"/>
  <testcase name="test_validateMove_TwoAsteriskSameColumnMoveOnBlankBoard_fail{RepetitionInfo}[152]" classname="com.revature.wordsaway.services.BoardServiceTest" time="0.004"/>
  <testcase name="test_validateMove_TwoAsteriskSameColumnMoveOnBlankBoard_fail{RepetitionInfo}[153]" classname="com.revature.wordsaway.services.BoardServiceTest" time="0.004"/>
  <testcase name="test_validateMove_TwoAsteriskSameColumnMoveOnBlankBoard_fail{RepetitionInfo}[154]" classname="com.revature.wordsaway.services.BoardServiceTest" time="0.005"/>
  <testcase name="test_validateMove_TwoAsteriskSameColumnMoveOnBlankBoard_fail{RepetitionInfo}[155]" classname="com.revature.wordsaway.services.BoardServiceTest" time="0.004"/>
  <testcase name="test_validateMove_TwoAsteriskSameColumnMoveOnBlankBoard_fail{RepetitionInfo}[156]" classname="com.revature.wordsaway.services.BoardServiceTest" time="0.004"/>
  <testcase name="test_validateMove_TwoAsteriskSameColumnMoveOnBlankBoard_fail{RepetitionInfo}[157]" classname="com.revature.wordsaway.services.BoardServiceTest" time="0.004"/>
  <testcase name="test_validateMove_TwoAsteriskSameColumnMoveOnBlankBoard_fail{RepetitionInfo}[158]" classname="com.revature.wordsaway.services.BoardServiceTest" time="0.003"/>
  <testcase name="test_validateMove_TwoAsteriskSameColumnMoveOnBlankBoard_fail{RepetitionInfo}[159]" classname="com.revature.wordsaway.services.BoardServiceTest" time="0.004"/>
  <testcase name="test_validateMove_TwoAsteriskSameColumnMoveOnBlankBoard_fail{RepetitionInfo}[160]" classname="com.revature.wordsaway.services.BoardServiceTest" time="0.005"/>
  <testcase name="test_validateMove_TwoAsteriskSameColumnMoveOnBlankBoard_fail{RepetitionInfo}[161]" classname="com.revature.wordsaway.services.BoardServiceTest" time="0.004"/>
  <testcase name="test_validateMove_TwoAsteriskSameColumnMoveOnBlankBoard_fail{RepetitionInfo}[162]" classname="com.revature.wordsaway.services.BoardServiceTest" time="0.005"/>
  <testcase name="test_validateMove_TwoAsteriskSameColumnMoveOnBlankBoard_fail{RepetitionInfo}[163]" classname="com.revature.wordsaway.services.BoardServiceTest" time="0.004"/>
  <testcase name="test_validateMove_TwoAsteriskSameColumnMoveOnBlankBoard_fail{RepetitionInfo}[164]" classname="com.revature.wordsaway.services.BoardServiceTest" time="0.003"/>
  <testcase name="test_validateMove_TwoAsteriskSameColumnMoveOnBlankBoard_fail{RepetitionInfo}[165]" classname="com.revature.wordsaway.services.BoardServiceTest" time="0.004"/>
  <testcase name="test_validateMove_TwoAsteriskSameColumnMoveOnBlankBoard_fail{RepetitionInfo}[166]" classname="com.revature.wordsaway.services.BoardServiceTest" time="0.004"/>
  <testcase name="test_validateMove_TwoAsteriskSameColumnMoveOnBlankBoard_fail{RepetitionInfo}[167]" classname="com.revature.wordsaway.services.BoardServiceTest" time="0.003"/>
  <testcase name="test_validateMove_TwoAsteriskSameColumnMoveOnBlankBoard_fail{RepetitionInfo}[168]" classname="com.revature.wordsaway.services.BoardServiceTest" time="0.004"/>
  <testcase name="test_validateMove_TwoAsteriskSameColumnMoveOnBlankBoard_fail{RepetitionInfo}[169]" classname="com.revature.wordsaway.services.BoardServiceTest" time="0.005"/>
  <testcase name="test_validateMove_TwoAsteriskSameColumnMoveOnBlankBoard_fail{RepetitionInfo}[170]" classname="com.revature.wordsaway.services.BoardServiceTest" time="0.005"/>
  <testcase name="test_validateMove_TwoAsteriskSameColumnMoveOnBlankBoard_fail{RepetitionInfo}[171]" classname="com.revature.wordsaway.services.BoardServiceTest" time="0.004"/>
  <testcase name="test_validateMove_TwoAsteriskSameColumnMoveOnBlankBoard_fail{RepetitionInfo}[172]" classname="com.revature.wordsaway.services.BoardServiceTest" time="0.005"/>
  <testcase name="test_validateMove_TwoAsteriskSameColumnMoveOnBlankBoard_fail{RepetitionInfo}[173]" classname="com.revature.wordsaway.services.BoardServiceTest" time="0.004"/>
  <testcase name="test_validateMove_TwoAsteriskSameColumnMoveOnBlankBoard_fail{RepetitionInfo}[174]" classname="com.revature.wordsaway.services.BoardServiceTest" time="0.004"/>
  <testcase name="test_validateMove_TwoAsteriskSameColumnMoveOnBlankBoard_fail{RepetitionInfo}[175]" classname="com.revature.wordsaway.services.BoardServiceTest" time="0.004"/>
  <testcase name="test_validateMove_TwoAsteriskSameColumnMoveOnBlankBoard_fail{RepetitionInfo}[176]" classname="com.revature.wordsaway.services.BoardServiceTest" time="0.004"/>
  <testcase name="test_validateMove_TwoAsteriskSameColumnMoveOnBlankBoard_fail{RepetitionInfo}[177]" classname="com.revature.wordsaway.services.BoardServiceTest" time="0.004"/>
  <testcase name="test_validateMove_TwoAsteriskSameColumnMoveOnBlankBoard_fail{RepetitionInfo}[178]" classname="com.revature.wordsaway.services.BoardServiceTest" time="0.004"/>
  <testcase name="test_validateMove_TwoAsteriskSameColumnMoveOnBlankBoard_fail{RepetitionInfo}[179]" classname="com.revature.wordsaway.services.BoardServiceTest" time="0.004"/>
  <testcase name="test_validateMove_TwoAsteriskSameColumnMoveOnBlankBoard_fail{RepetitionInfo}[180]" classname="com.revature.wordsaway.services.BoardServiceTest" time="0.004"/>
  <testcase name="test_validateMove_TwoAsteriskSameColumnMoveOnBlankBoard_fail{RepetitionInfo}[181]" classname="com.revature.wordsaway.services.BoardServiceTest" time="0.004"/>
  <testcase name="test_validateMove_TwoAsteriskSameColumnMoveOnBlankBoard_fail{RepetitionInfo}[182]" classname="com.revature.wordsaway.services.BoardServiceTest" time="0.004"/>
  <testcase name="test_validateMove_TwoAsteriskSameColumnMoveOnBlankBoard_fail{RepetitionInfo}[183]" classname="com.revature.wordsaway.services.BoardServiceTest" time="0.003"/>
  <testcase name="test_validateMove_TwoAsteriskSameColumnMoveOnBlankBoard_fail{RepetitionInfo}[184]" classname="com.revature.wordsaway.services.BoardServiceTest" time="0.004"/>
  <testcase name="test_validateMove_TwoAsteriskSameColumnMoveOnBlankBoard_fail{RepetitionInfo}[185]" classname="com.revature.wordsaway.services.BoardServiceTest" time="0.006"/>
  <testcase name="test_validateMove_TwoAsteriskSameColumnMoveOnBlankBoard_fail{RepetitionInfo}[186]" classname="com.revature.wordsaway.services.BoardServiceTest" time="0.005"/>
  <testcase name="test_validateMove_TwoAsteriskSameColumnMoveOnBlankBoard_fail{RepetitionInfo}[187]" classname="com.revature.wordsaway.services.BoardServiceTest" time="0.01"/>
  <testcase name="test_validateMove_TwoAsteriskSameColumnMoveOnBlankBoard_fail{RepetitionInfo}[188]" classname="com.revature.wordsaway.services.BoardServiceTest" time="0.004"/>
  <testcase name="test_validateMove_TwoAsteriskSameColumnMoveOnBlankBoard_fail{RepetitionInfo}[189]" classname="com.revature.wordsaway.services.BoardServiceTest" time="0.004"/>
  <testcase name="test_validateMove_TwoAsteriskSameColumnMoveOnBlankBoard_fail{RepetitionInfo}[190]" classname="com.revature.wordsaway.services.BoardServiceTest" time="0.003"/>
  <testcase name="test_validateMove_TwoAsteriskSameColumnMoveOnBlankBoard_fail{RepetitionInfo}[191]" classname="com.revature.wordsaway.services.BoardServiceTest" time="0.007"/>
  <testcase name="test_validateMove_TwoAsteriskSameColumnMoveOnBlankBoard_fail{RepetitionInfo}[192]" classname="com.revature.wordsaway.services.BoardServiceTest" time="0.004"/>
  <testcase name="test_validateMove_TwoAsteriskSameColumnMoveOnBlankBoard_fail{RepetitionInfo}[193]" classname="com.revature.wordsaway.services.BoardServiceTest" time="0.004"/>
  <testcase name="test_validateMove_TwoAsteriskSameColumnMoveOnBlankBoard_fail{RepetitionInfo}[194]" classname="com.revature.wordsaway.services.BoardServiceTest" time="0.004"/>
  <testcase name="test_validateMove_TwoAsteriskSameColumnMoveOnBlankBoard_fail{RepetitionInfo}[195]" classname="com.revature.wordsaway.services.BoardServiceTest" time="0.004"/>
  <testcase name="test_validateMove_TwoAsteriskSameColumnMoveOnBlankBoard_fail{RepetitionInfo}[196]" classname="com.revature.wordsaway.services.BoardServiceTest" time="0.003"/>
  <testcase name="test_validateMove_TwoAsteriskSameColumnMoveOnBlankBoard_fail{RepetitionInfo}[197]" classname="com.revature.wordsaway.services.BoardServiceTest" time="0.004"/>
  <testcase name="test_validateMove_TwoAsteriskSameColumnMoveOnBlankBoard_fail{RepetitionInfo}[198]" classname="com.revature.wordsaway.services.BoardServiceTest" time="0.003"/>
  <testcase name="test_validateMove_TwoAsteriskSameColumnMoveOnBlankBoard_fail{RepetitionInfo}[199]" classname="com.revature.wordsaway.services.BoardServiceTest" time="0.004"/>
  <testcase name="test_validateMove_TwoAsteriskSameColumnMoveOnBlankBoard_fail{RepetitionInfo}[200]" classname="com.revature.wordsaway.services.BoardServiceTest" time="0.005"/>
  <testcase name="test_validateMove_TwoAsteriskSameColumnMoveOnBlankBoard_fail{RepetitionInfo}[201]" classname="com.revature.wordsaway.services.BoardServiceTest" time="0.004"/>
  <testcase name="test_validateMove_TwoAsteriskSameColumnMoveOnBlankBoard_fail{RepetitionInfo}[202]" classname="com.revature.wordsaway.services.BoardServiceTest" time="0.004"/>
  <testcase name="test_validateMove_TwoAsteriskSameColumnMoveOnBlankBoard_fail{RepetitionInfo}[203]" classname="com.revature.wordsaway.services.BoardServiceTest" time="0.004"/>
  <testcase name="test_validateMove_TwoAsteriskSameColumnMoveOnBlankBoard_fail{RepetitionInfo}[204]" classname="com.revature.wordsaway.services.BoardServiceTest" time="0.004"/>
  <testcase name="test_validateMove_TwoAsteriskSameColumnMoveOnBlankBoard_fail{RepetitionInfo}[205]" classname="com.revature.wordsaway.services.BoardServiceTest" time="0.003"/>
  <testcase name="test_validateMove_TwoAsteriskSameColumnMoveOnBlankBoard_fail{RepetitionInfo}[206]" classname="com.revature.wordsaway.services.BoardServiceTest" time="0.004"/>
  <testcase name="test_validateMove_TwoAsteriskSameColumnMoveOnBlankBoard_fail{RepetitionInfo}[207]" classname="com.revature.wordsaway.services.BoardServiceTest" time="0.004"/>
  <testcase name="test_validateMove_TwoAsteriskSameColumnMoveOnBlankBoard_fail{RepetitionInfo}[208]" classname="com.revature.wordsaway.services.BoardServiceTest" time="0.004"/>
  <testcase name="test_validateMove_TwoAsteriskSameColumnMoveOnBlankBoard_fail{RepetitionInfo}[209]" classname="com.revature.wordsaway.services.BoardServiceTest" time="0.004"/>
  <testcase name="test_validateMove_TwoAsteriskSameColumnMoveOnBlankBoard_fail{RepetitionInfo}[210]" classname="com.revature.wordsaway.services.BoardServiceTest" time="0.003"/>
  <testcase name="test_validateMove_TwoAsteriskSameColumnMoveOnBlankBoard_fail{RepetitionInfo}[211]" classname="com.revature.wordsaway.services.BoardServiceTest" time="0.004"/>
  <testcase name="test_validateMove_TwoAsteriskSameColumnMoveOnBlankBoard_fail{RepetitionInfo}[212]" classname="com.revature.wordsaway.services.BoardServiceTest" time="0.003"/>
  <testcase name="test_validateMove_TwoAsteriskSameColumnMoveOnBlankBoard_fail{RepetitionInfo}[213]" classname="com.revature.wordsaway.services.BoardServiceTest" time="0.004"/>
  <testcase name="test_validateMove_TwoAsteriskSameColumnMoveOnBlankBoard_fail{RepetitionInfo}[214]" classname="com.revature.wordsaway.services.BoardServiceTest" time="0.003"/>
  <testcase name="test_validateMove_TwoAsteriskSameColumnMoveOnBlankBoard_fail{RepetitionInfo}[215]" classname="com.revature.wordsaway.services.BoardServiceTest" time="0.003"/>
  <testcase name="test_validateMove_TwoAsteriskSameColumnMoveOnBlankBoard_fail{RepetitionInfo}[216]" classname="com.revature.wordsaway.services.BoardServiceTest" time="0.004"/>
  <testcase name="test_validateMove_TwoAsteriskSameColumnMoveOnBlankBoard_fail{RepetitionInfo}[217]" classname="com.revature.wordsaway.services.BoardServiceTest" time="0.005"/>
  <testcase name="test_validateMove_TwoAsteriskSameColumnMoveOnBlankBoard_fail{RepetitionInfo}[218]" classname="com.revature.wordsaway.services.BoardServiceTest" time="0.004"/>
  <testcase name="test_validateMove_TwoAsteriskSameColumnMoveOnBlankBoard_fail{RepetitionInfo}[219]" classname="com.revature.wordsaway.services.BoardServiceTest" time="0.003"/>
  <testcase name="test_validateMove_TwoAsteriskSameColumnMoveOnBlankBoard_fail{RepetitionInfo}[220]" classname="com.revature.wordsaway.services.BoardServiceTest" time="0.004"/>
  <testcase name="test_validateMove_TwoAsteriskSameColumnMoveOnBlankBoard_fail{RepetitionInfo}[221]" classname="com.revature.wordsaway.services.BoardServiceTest" time="0.003"/>
  <testcase name="test_validateMove_TwoAsteriskSameColumnMoveOnBlankBoard_fail{RepetitionInfo}[222]" classname="com.revature.wordsaway.services.BoardServiceTest" time="0.004"/>
  <testcase name="test_validateMove_TwoAsteriskSameColumnMoveOnBlankBoard_fail{RepetitionInfo}[223]" classname="com.revature.wordsaway.services.BoardServiceTest" time="0.004"/>
  <testcase name="test_validateMove_TwoAsteriskSameColumnMoveOnBlankBoard_fail{RepetitionInfo}[224]" classname="com.revature.wordsaway.services.BoardServiceTest" time="0.004"/>
  <testcase name="test_validateMove_TwoAsteriskSameColumnMoveOnBlankBoard_fail{RepetitionInfo}[225]" classname="com.revature.wordsaway.services.BoardServiceTest" time="0.004"/>
  <testcase name="test_validateMove_TwoAsteriskSameColumnMoveOnBlankBoard_fail{RepetitionInfo}[226]" classname="com.revature.wordsaway.services.BoardServiceTest" time="0.004"/>
  <testcase name="test_validateMove_TwoAsteriskSameColumnMoveOnBlankBoard_fail{RepetitionInfo}[227]" classname="com.revature.wordsaway.services.BoardServiceTest" time="0.004"/>
  <testcase name="test_validateMove_TwoAsteriskSameColumnMoveOnBlankBoard_fail{RepetitionInfo}[228]" classname="com.revature.wordsaway.services.BoardServiceTest" time="0.004"/>
  <testcase name="test_validateMove_TwoAsteriskSameColumnMoveOnBlankBoard_fail{RepetitionInfo}[229]" classname="com.revature.wordsaway.services.BoardServiceTest" time="0.004"/>
  <testcase name="test_validateMove_TwoAsteriskSameColumnMoveOnBlankBoard_fail{RepetitionInfo}[230]" classname="com.revature.wordsaway.services.BoardServiceTest" time="0.003"/>
  <testcase name="test_validateMove_TwoAsteriskSameColumnMoveOnBlankBoard_fail{RepetitionInfo}[231]" classname="com.revature.wordsaway.services.BoardServiceTest" time="0.004"/>
  <testcase name="test_validateMove_TwoAsteriskSameColumnMoveOnBlankBoard_fail{RepetitionInfo}[232]" classname="com.revature.wordsaway.services.BoardServiceTest" time="0.004"/>
  <testcase name="test_validateMove_TwoAsteriskSameColumnMoveOnBlankBoard_fail{RepetitionInfo}[233]" classname="com.revature.wordsaway.services.BoardServiceTest" time="0.004"/>
  <testcase name="test_validateMove_TwoAsteriskSameColumnMoveOnBlankBoard_fail{RepetitionInfo}[234]" classname="com.revature.wordsaway.services.BoardServiceTest" time="0.003"/>
  <testcase name="test_validateMove_TwoAsteriskSameColumnMoveOnBlankBoard_fail{RepetitionInfo}[235]" classname="com.revature.wordsaway.services.BoardServiceTest" time="0.004"/>
  <testcase name="test_validateMove_TwoAsteriskSameColumnMoveOnBlankBoard_fail{RepetitionInfo}[236]" classname="com.revature.wordsaway.services.BoardServiceTest" time="0.004"/>
  <testcase name="test_validateMove_TwoAsteriskSameColumnMoveOnBlankBoard_fail{RepetitionInfo}[237]" classname="com.revature.wordsaway.services.BoardServiceTest" time="0.003"/>
  <testcase name="test_validateMove_TwoAsteriskSameColumnMoveOnBlankBoard_fail{RepetitionInfo}[238]" classname="com.revature.wordsaway.services.BoardServiceTest" time="0.004"/>
  <testcase name="test_validateMove_TwoAsteriskSameColumnMoveOnBlankBoard_fail{RepetitionInfo}[239]" classname="com.revature.wordsaway.services.BoardServiceTest" time="0.003"/>
  <testcase name="test_validateMove_TwoAsteriskSameColumnMoveOnBlankBoard_fail{RepetitionInfo}[240]" classname="com.revature.wordsaway.services.BoardServiceTest" time="0.004"/>
  <testcase name="test_validateMove_TwoAsteriskSameColumnMoveOnBlankBoard_fail{RepetitionInfo}[241]" classname="com.revature.wordsaway.services.BoardServiceTest" time="0"/>
  <testcase name="test_validateMove_TwoAsteriskSameColumnMoveOnBlankBoard_fail{RepetitionInfo}[242]" classname="com.revature.wordsaway.services.BoardServiceTest" time="0.001"/>
  <testcase name="test_validateMove_TwoAsteriskSameColumnMoveOnBlankBoard_fail{RepetitionInfo}[243]" classname="com.revature.wordsaway.services.BoardServiceTest" time="0"/>
  <testcase name="test_validateMove_TwoAsteriskSameColumnMoveOnBlankBoard_fail{RepetitionInfo}[244]" classname="com.revature.wordsaway.services.BoardServiceTest" time="0"/>
  <testcase name="test_validateMove_TwoAsteriskSameColumnMoveOnBlankBoard_fail{RepetitionInfo}[245]" classname="com.revature.wordsaway.services.BoardServiceTest" time="0.001"/>
  <testcase name="test_validateMove_TwoAsteriskSameColumnMoveOnBlankBoard_fail{RepetitionInfo}[246]" classname="com.revature.wordsaway.services.BoardServiceTest" time="0"/>
  <testcase name="test_validateMove_TwoAsteriskSameColumnMoveOnBlankBoard_fail{RepetitionInfo}[247]" classname="com.revature.wordsaway.services.BoardServiceTest" time="0.001"/>
  <testcase name="test_validateMove_TwoAsteriskSameColumnMoveOnBlankBoard_fail{RepetitionInfo}[248]" classname="com.revature.wordsaway.services.BoardServiceTest" time="0"/>
  <testcase name="test_validateMove_TwoAsteriskSameColumnMoveOnBlankBoard_fail{RepetitionInfo}[249]" classname="com.revature.wordsaway.services.BoardServiceTest" time="0"/>
  <testcase name="test_validateMove_TwoAsteriskSameColumnMoveOnBlankBoard_fail{RepetitionInfo}[250]" classname="com.revature.wordsaway.services.BoardServiceTest" time="0.001"/>
  <testcase name="test_validateMove_TwoAsteriskSameColumnMoveOnBlankBoard_fail{RepetitionInfo}[251]" classname="com.revature.wordsaway.services.BoardServiceTest" time="0"/>
  <testcase name="test_validateMove_TwoAsteriskSameColumnMoveOnBlankBoard_fail{RepetitionInfo}[252]" classname="com.revature.wordsaway.services.BoardServiceTest" time="0"/>
  <testcase name="test_validateMove_TwoAsteriskSameColumnMoveOnBlankBoard_fail{RepetitionInfo}[253]" classname="com.revature.wordsaway.services.BoardServiceTest" time="0.001"/>
  <testcase name="test_validateMove_TwoAsteriskSameColumnMoveOnBlankBoard_fail{RepetitionInfo}[254]" classname="com.revature.wordsaway.services.BoardServiceTest" time="0"/>
  <testcase name="test_validateMove_TwoAsteriskSameColumnMoveOnBlankBoard_fail{RepetitionInfo}[255]" classname="com.revature.wordsaway.services.BoardServiceTest" time="0"/>
  <testcase name="test_validateMove_TwoAsteriskSameColumnMoveOnBlankBoard_fail{RepetitionInfo}[256]" classname="com.revature.wordsaway.services.BoardServiceTest" time="0"/>
  <testcase name="test_validateMove_LongHorizontalMoveOnBlankBoard_succeed{RepetitionInfo}[1]" classname="com.revature.wordsaway.services.BoardServiceTest" time="0.011"/>
  <testcase name="test_validateMove_LongHorizontalMoveOnBlankBoard_succeed{RepetitionInfo}[2]" classname="com.revature.wordsaway.services.BoardServiceTest" time="0.006"/>
  <testcase name="test_validateMove_LongHorizontalMoveOnBlankBoard_succeed{RepetitionInfo}[3]" classname="com.revature.wordsaway.services.BoardServiceTest" time="0.004"/>
  <testcase name="test_validateMove_LongHorizontalMoveOnBlankBoard_succeed{RepetitionInfo}[4]" classname="com.revature.wordsaway.services.BoardServiceTest" time="0.004"/>
  <testcase name="test_validateMove_LongHorizontalMoveOnBlankBoard_succeed{RepetitionInfo}[5]" classname="com.revature.wordsaway.services.BoardServiceTest" time="0.003"/>
  <testcase name="test_validateMove_LongHorizontalMoveOnBlankBoard_succeed{RepetitionInfo}[6]" classname="com.revature.wordsaway.services.BoardServiceTest" time="0.006"/>
  <testcase name="test_validateMove_LongHorizontalMoveOnBlankBoard_succeed{RepetitionInfo}[7]" classname="com.revature.wordsaway.services.BoardServiceTest" time="0.003"/>
  <testcase name="test_validateMove_LongHorizontalMoveOnBlankBoard_succeed{RepetitionInfo}[8]" classname="com.revature.wordsaway.services.BoardServiceTest" time="0.003"/>
  <testcase name="test_validateMove_LongHorizontalMoveOnBlankBoard_succeed{RepetitionInfo}[9]" classname="com.revature.wordsaway.services.BoardServiceTest" time="0.004"/>
  <testcase name="test_validateMove_LongHorizontalMoveOnBlankBoard_succeed{RepetitionInfo}[10]" classname="com.revature.wordsaway.services.BoardServiceTest" time="0.004"/>
  <testcase name="test_validateMove_LongHorizontalMoveOnBlankBoard_succeed{RepetitionInfo}[11]" classname="com.revature.wordsaway.services.BoardServiceTest" time="0.003"/>
  <testcase name="test_validateMove_LongHorizontalMoveOnBlankBoard_succeed{RepetitionInfo}[12]" classname="com.revature.wordsaway.services.BoardServiceTest" time="0.004"/>
  <testcase name="test_validateMove_LongHorizontalMoveOnBlankBoard_succeed{RepetitionInfo}[13]" classname="com.revature.wordsaway.services.BoardServiceTest" time="0.004"/>
  <testcase name="test_validateMove_LongHorizontalMoveOnBlankBoard_succeed{RepetitionInfo}[14]" classname="com.revature.wordsaway.services.BoardServiceTest" time="0"/>
  <testcase name="test_validateMove_LongHorizontalMoveOnBlankBoard_succeed{RepetitionInfo}[15]" classname="com.revature.wordsaway.services.BoardServiceTest" time="0.001"/>
  <testcase name="test_validateMove_LongHorizontalMoveOnBlankBoard_succeed{RepetitionInfo}[16]" classname="com.revature.wordsaway.services.BoardServiceTest" time="0.001"/>
  <testcase name="test_validateMove_LongHorizontalMoveOnBlankBoard_succeed{RepetitionInfo}[17]" classname="com.revature.wordsaway.services.BoardServiceTest" time="0.004"/>
  <testcase name="test_validateMove_LongHorizontalMoveOnBlankBoard_succeed{RepetitionInfo}[18]" classname="com.revature.wordsaway.services.BoardServiceTest" time="0.005"/>
  <testcase name="test_validateMove_LongHorizontalMoveOnBlankBoard_succeed{RepetitionInfo}[19]" classname="com.revature.wordsaway.services.BoardServiceTest" time="0.004"/>
  <testcase name="test_validateMove_LongHorizontalMoveOnBlankBoard_succeed{RepetitionInfo}[20]" classname="com.revature.wordsaway.services.BoardServiceTest" time="0.003"/>
  <testcase name="test_validateMove_LongHorizontalMoveOnBlankBoard_succeed{RepetitionInfo}[21]" classname="com.revature.wordsaway.services.BoardServiceTest" time="0.004"/>
  <testcase name="test_validateMove_LongHorizontalMoveOnBlankBoard_succeed{RepetitionInfo}[22]" classname="com.revature.wordsaway.services.BoardServiceTest" time="0.003"/>
  <testcase name="test_validateMove_LongHorizontalMoveOnBlankBoard_succeed{RepetitionInfo}[23]" classname="com.revature.wordsaway.services.BoardServiceTest" time="0.004"/>
  <testcase name="test_validateMove_LongHorizontalMoveOnBlankBoard_succeed{RepetitionInfo}[24]" classname="com.revature.wordsaway.services.BoardServiceTest" time="0.004"/>
  <testcase name="test_validateMove_LongHorizontalMoveOnBlankBoard_succeed{RepetitionInfo}[25]" classname="com.revature.wordsaway.services.BoardServiceTest" time="0.007"/>
  <testcase name="test_validateMove_LongHorizontalMoveOnBlankBoard_succeed{RepetitionInfo}[26]" classname="com.revature.wordsaway.services.BoardServiceTest" time="0.006"/>
  <testcase name="test_validateMove_LongHorizontalMoveOnBlankBoard_succeed{RepetitionInfo}[27]" classname="com.revature.wordsaway.services.BoardServiceTest" time="0.004"/>
  <testcase name="test_validateMove_LongHorizontalMoveOnBlankBoard_succeed{RepetitionInfo}[28]" classname="com.revature.wordsaway.services.BoardServiceTest" time="0.006"/>
  <testcase name="test_validateMove_LongHorizontalMoveOnBlankBoard_succeed{RepetitionInfo}[29]" classname="com.revature.wordsaway.services.BoardServiceTest" time="0.004"/>
  <testcase name="test_validateMove_LongHorizontalMoveOnBlankBoard_succeed{RepetitionInfo}[30]" classname="com.revature.wordsaway.services.BoardServiceTest" time="0"/>
  <testcase name="test_validateMove_LongHorizontalMoveOnBlankBoard_succeed{RepetitionInfo}[31]" classname="com.revature.wordsaway.services.BoardServiceTest" time="0"/>
  <testcase name="test_validateMove_LongHorizontalMoveOnBlankBoard_succeed{RepetitionInfo}[32]" classname="com.revature.wordsaway.services.BoardServiceTest" time="0.001"/>
  <testcase name="test_validateMove_LongHorizontalMoveOnBlankBoard_succeed{RepetitionInfo}[33]" classname="com.revature.wordsaway.services.BoardServiceTest" time="0.003"/>
  <testcase name="test_validateMove_LongHorizontalMoveOnBlankBoard_succeed{RepetitionInfo}[34]" classname="com.revature.wordsaway.services.BoardServiceTest" time="0.004"/>
  <testcase name="test_validateMove_LongHorizontalMoveOnBlankBoard_succeed{RepetitionInfo}[35]" classname="com.revature.wordsaway.services.BoardServiceTest" time="0.003"/>
  <testcase name="test_validateMove_LongHorizontalMoveOnBlankBoard_succeed{RepetitionInfo}[36]" classname="com.revature.wordsaway.services.BoardServiceTest" time="0.004"/>
  <testcase name="test_validateMove_LongHorizontalMoveOnBlankBoard_succeed{RepetitionInfo}[37]" classname="com.revature.wordsaway.services.BoardServiceTest" time="0.004"/>
  <testcase name="test_validateMove_LongHorizontalMoveOnBlankBoard_succeed{RepetitionInfo}[38]" classname="com.revature.wordsaway.services.BoardServiceTest" time="0.003"/>
  <testcase name="test_validateMove_LongHorizontalMoveOnBlankBoard_succeed{RepetitionInfo}[39]" classname="com.revature.wordsaway.services.BoardServiceTest" time="0.004"/>
  <testcase name="test_validateMove_LongHorizontalMoveOnBlankBoard_succeed{RepetitionInfo}[40]" classname="com.revature.wordsaway.services.BoardServiceTest" time="0.003"/>
  <testcase name="test_validateMove_LongHorizontalMoveOnBlankBoard_succeed{RepetitionInfo}[41]" classname="com.revature.wordsaway.services.BoardServiceTest" time="0.004"/>
  <testcase name="test_validateMove_LongHorizontalMoveOnBlankBoard_succeed{RepetitionInfo}[42]" classname="com.revature.wordsaway.services.BoardServiceTest" time="0.003"/>
  <testcase name="test_validateMove_LongHorizontalMoveOnBlankBoard_succeed{RepetitionInfo}[43]" classname="com.revature.wordsaway.services.BoardServiceTest" time="0.004"/>
  <testcase name="test_validateMove_LongHorizontalMoveOnBlankBoard_succeed{RepetitionInfo}[44]" classname="com.revature.wordsaway.services.BoardServiceTest" time="0.003"/>
  <testcase name="test_validateMove_LongHorizontalMoveOnBlankBoard_succeed{RepetitionInfo}[45]" classname="com.revature.wordsaway.services.BoardServiceTest" time="0.004"/>
  <testcase name="test_validateMove_LongHorizontalMoveOnBlankBoard_succeed{RepetitionInfo}[46]" classname="com.revature.wordsaway.services.BoardServiceTest" time="0"/>
  <testcase name="test_validateMove_LongHorizontalMoveOnBlankBoard_succeed{RepetitionInfo}[47]" classname="com.revature.wordsaway.services.BoardServiceTest" time="0"/>
  <testcase name="test_validateMove_LongHorizontalMoveOnBlankBoard_succeed{RepetitionInfo}[48]" classname="com.revature.wordsaway.services.BoardServiceTest" time="0"/>
  <testcase name="test_validateMove_LongHorizontalMoveOnBlankBoard_succeed{RepetitionInfo}[49]" classname="com.revature.wordsaway.services.BoardServiceTest" time="0.004"/>
  <testcase name="test_validateMove_LongHorizontalMoveOnBlankBoard_succeed{RepetitionInfo}[50]" classname="com.revature.wordsaway.services.BoardServiceTest" time="0.004"/>
  <testcase name="test_validateMove_LongHorizontalMoveOnBlankBoard_succeed{RepetitionInfo}[51]" classname="com.revature.wordsaway.services.BoardServiceTest" time="0.004"/>
  <testcase name="test_validateMove_LongHorizontalMoveOnBlankBoard_succeed{RepetitionInfo}[52]" classname="com.revature.wordsaway.services.BoardServiceTest" time="0.004"/>
  <testcase name="test_validateMove_LongHorizontalMoveOnBlankBoard_succeed{RepetitionInfo}[53]" classname="com.revature.wordsaway.services.BoardServiceTest" time="0.003"/>
  <testcase name="test_validateMove_LongHorizontalMoveOnBlankBoard_succeed{RepetitionInfo}[54]" classname="com.revature.wordsaway.services.BoardServiceTest" time="0.004"/>
  <testcase name="test_validateMove_LongHorizontalMoveOnBlankBoard_succeed{RepetitionInfo}[55]" classname="com.revature.wordsaway.services.BoardServiceTest" time="0.005"/>
  <testcase name="test_validateMove_LongHorizontalMoveOnBlankBoard_succeed{RepetitionInfo}[56]" classname="com.revature.wordsaway.services.BoardServiceTest" time="0.004"/>
  <testcase name="test_validateMove_LongHorizontalMoveOnBlankBoard_succeed{RepetitionInfo}[57]" classname="com.revature.wordsaway.services.BoardServiceTest" time="0.004"/>
  <testcase name="test_validateMove_LongHorizontalMoveOnBlankBoard_succeed{RepetitionInfo}[58]" classname="com.revature.wordsaway.services.BoardServiceTest" time="0.003"/>
  <testcase name="test_validateMove_LongHorizontalMoveOnBlankBoard_succeed{RepetitionInfo}[59]" classname="com.revature.wordsaway.services.BoardServiceTest" time="0.004"/>
  <testcase name="test_validateMove_LongHorizontalMoveOnBlankBoard_succeed{RepetitionInfo}[60]" classname="com.revature.wordsaway.services.BoardServiceTest" time="0.004"/>
  <testcase name="test_validateMove_LongHorizontalMoveOnBlankBoard_succeed{RepetitionInfo}[61]" classname="com.revature.wordsaway.services.BoardServiceTest" time="0.003"/>
  <testcase name="test_validateMove_LongHorizontalMoveOnBlankBoard_succeed{RepetitionInfo}[62]" classname="com.revature.wordsaway.services.BoardServiceTest" time="0.001"/>
  <testcase name="test_validateMove_LongHorizontalMoveOnBlankBoard_succeed{RepetitionInfo}[63]" classname="com.revature.wordsaway.services.BoardServiceTest" time="0"/>
  <testcase name="test_validateMove_LongHorizontalMoveOnBlankBoard_succeed{RepetitionInfo}[64]" classname="com.revature.wordsaway.services.BoardServiceTest" time="0"/>
  <testcase name="test_validateMove_LongHorizontalMoveOnBlankBoard_succeed{RepetitionInfo}[65]" classname="com.revature.wordsaway.services.BoardServiceTest" time="0.005"/>
  <testcase name="test_validateMove_LongHorizontalMoveOnBlankBoard_succeed{RepetitionInfo}[66]" classname="com.revature.wordsaway.services.BoardServiceTest" time="0.004"/>
  <testcase name="test_validateMove_LongHorizontalMoveOnBlankBoard_succeed{RepetitionInfo}[67]" classname="com.revature.wordsaway.services.BoardServiceTest" time="0.004"/>
  <testcase name="test_validateMove_LongHorizontalMoveOnBlankBoard_succeed{RepetitionInfo}[68]" classname="com.revature.wordsaway.services.BoardServiceTest" time="0.003"/>
  <testcase name="test_validateMove_LongHorizontalMoveOnBlankBoard_succeed{RepetitionInfo}[69]" classname="com.revature.wordsaway.services.BoardServiceTest" time="0.006"/>
  <testcase name="test_validateMove_LongHorizontalMoveOnBlankBoard_succeed{RepetitionInfo}[70]" classname="com.revature.wordsaway.services.BoardServiceTest" time="0.005"/>
  <testcase name="test_validateMove_LongHorizontalMoveOnBlankBoard_succeed{RepetitionInfo}[71]" classname="com.revature.wordsaway.services.BoardServiceTest" time="0.004"/>
  <testcase name="test_validateMove_LongHorizontalMoveOnBlankBoard_succeed{RepetitionInfo}[72]" classname="com.revature.wordsaway.services.BoardServiceTest" time="0.003"/>
  <testcase name="test_validateMove_LongHorizontalMoveOnBlankBoard_succeed{RepetitionInfo}[73]" classname="com.revature.wordsaway.services.BoardServiceTest" time="0.004"/>
  <testcase name="test_validateMove_LongHorizontalMoveOnBlankBoard_succeed{RepetitionInfo}[74]" classname="com.revature.wordsaway.services.BoardServiceTest" time="0.004"/>
  <testcase name="test_validateMove_LongHorizontalMoveOnBlankBoard_succeed{RepetitionInfo}[75]" classname="com.revature.wordsaway.services.BoardServiceTest" time="0.004"/>
  <testcase name="test_validateMove_LongHorizontalMoveOnBlankBoard_succeed{RepetitionInfo}[76]" classname="com.revature.wordsaway.services.BoardServiceTest" time="0.004"/>
  <testcase name="test_validateMove_LongHorizontalMoveOnBlankBoard_succeed{RepetitionInfo}[77]" classname="com.revature.wordsaway.services.BoardServiceTest" time="0.004"/>
  <testcase name="test_validateMove_LongHorizontalMoveOnBlankBoard_succeed{RepetitionInfo}[78]" classname="com.revature.wordsaway.services.BoardServiceTest" time="0.001"/>
  <testcase name="test_validateMove_LongHorizontalMoveOnBlankBoard_succeed{RepetitionInfo}[79]" classname="com.revature.wordsaway.services.BoardServiceTest" time="0"/>
  <testcase name="test_validateMove_LongHorizontalMoveOnBlankBoard_succeed{RepetitionInfo}[80]" classname="com.revature.wordsaway.services.BoardServiceTest" time="0"/>
  <testcase name="test_validateMove_LongHorizontalMoveOnBlankBoard_succeed{RepetitionInfo}[81]" classname="com.revature.wordsaway.services.BoardServiceTest" time="0.004"/>
  <testcase name="test_validateMove_LongHorizontalMoveOnBlankBoard_succeed{RepetitionInfo}[82]" classname="com.revature.wordsaway.services.BoardServiceTest" time="0.004"/>
  <testcase name="test_validateMove_LongHorizontalMoveOnBlankBoard_succeed{RepetitionInfo}[83]" classname="com.revature.wordsaway.services.BoardServiceTest" time="0.004"/>
  <testcase name="test_validateMove_LongHorizontalMoveOnBlankBoard_succeed{RepetitionInfo}[84]" classname="com.revature.wordsaway.services.BoardServiceTest" time="0.004"/>
  <testcase name="test_validateMove_LongHorizontalMoveOnBlankBoard_succeed{RepetitionInfo}[85]" classname="com.revature.wordsaway.services.BoardServiceTest" time="0.005"/>
  <testcase name="test_validateMove_LongHorizontalMoveOnBlankBoard_succeed{RepetitionInfo}[86]" classname="com.revature.wordsaway.services.BoardServiceTest" time="0.004"/>
  <testcase name="test_validateMove_LongHorizontalMoveOnBlankBoard_succeed{RepetitionInfo}[87]" classname="com.revature.wordsaway.services.BoardServiceTest" time="0.003"/>
  <testcase name="test_validateMove_LongHorizontalMoveOnBlankBoard_succeed{RepetitionInfo}[88]" classname="com.revature.wordsaway.services.BoardServiceTest" time="0.004"/>
  <testcase name="test_validateMove_LongHorizontalMoveOnBlankBoard_succeed{RepetitionInfo}[89]" classname="com.revature.wordsaway.services.BoardServiceTest" time="0.004"/>
  <testcase name="test_validateMove_LongHorizontalMoveOnBlankBoard_succeed{RepetitionInfo}[90]" classname="com.revature.wordsaway.services.BoardServiceTest" time="0.004"/>
  <testcase name="test_validateMove_LongHorizontalMoveOnBlankBoard_succeed{RepetitionInfo}[91]" classname="com.revature.wordsaway.services.BoardServiceTest" time="0.003"/>
  <testcase name="test_validateMove_LongHorizontalMoveOnBlankBoard_succeed{RepetitionInfo}[92]" classname="com.revature.wordsaway.services.BoardServiceTest" time="0.004"/>
  <testcase name="test_validateMove_LongHorizontalMoveOnBlankBoard_succeed{RepetitionInfo}[93]" classname="com.revature.wordsaway.services.BoardServiceTest" time="0.003"/>
  <testcase name="test_validateMove_LongHorizontalMoveOnBlankBoard_succeed{RepetitionInfo}[94]" classname="com.revature.wordsaway.services.BoardServiceTest" time="0"/>
  <testcase name="test_validateMove_LongHorizontalMoveOnBlankBoard_succeed{RepetitionInfo}[95]" classname="com.revature.wordsaway.services.BoardServiceTest" time="0.001"/>
  <testcase name="test_validateMove_LongHorizontalMoveOnBlankBoard_succeed{RepetitionInfo}[96]" classname="com.revature.wordsaway.services.BoardServiceTest" time="0"/>
  <testcase name="test_validateMove_LongHorizontalMoveOnBlankBoard_succeed{RepetitionInfo}[97]" classname="com.revature.wordsaway.services.BoardServiceTest" time="0.005"/>
  <testcase name="test_validateMove_LongHorizontalMoveOnBlankBoard_succeed{RepetitionInfo}[98]" classname="com.revature.wordsaway.services.BoardServiceTest" time="0.004"/>
  <testcase name="test_validateMove_LongHorizontalMoveOnBlankBoard_succeed{RepetitionInfo}[99]" classname="com.revature.wordsaway.services.BoardServiceTest" time="0.004"/>
  <testcase name="test_validateMove_LongHorizontalMoveOnBlankBoard_succeed{RepetitionInfo}[100]" classname="com.revature.wordsaway.services.BoardServiceTest" time="0.003"/>
  <testcase name="test_validateMove_LongHorizontalMoveOnBlankBoard_succeed{RepetitionInfo}[101]" classname="com.revature.wordsaway.services.BoardServiceTest" time="0.004"/>
  <testcase name="test_validateMove_LongHorizontalMoveOnBlankBoard_succeed{RepetitionInfo}[102]" classname="com.revature.wordsaway.services.BoardServiceTest" time="0.004"/>
  <testcase name="test_validateMove_LongHorizontalMoveOnBlankBoard_succeed{RepetitionInfo}[103]" classname="com.revature.wordsaway.services.BoardServiceTest" time="0.003"/>
  <testcase name="test_validateMove_LongHorizontalMoveOnBlankBoard_succeed{RepetitionInfo}[104]" classname="com.revature.wordsaway.services.BoardServiceTest" time="0.004"/>
  <testcase name="test_validateMove_LongHorizontalMoveOnBlankBoard_succeed{RepetitionInfo}[105]" classname="com.revature.wordsaway.services.BoardServiceTest" time="0.004"/>
  <testcase name="test_validateMove_LongHorizontalMoveOnBlankBoard_succeed{RepetitionInfo}[106]" classname="com.revature.wordsaway.services.BoardServiceTest" time="0.003"/>
  <testcase name="test_validateMove_LongHorizontalMoveOnBlankBoard_succeed{RepetitionInfo}[107]" classname="com.revature.wordsaway.services.BoardServiceTest" time="0.004"/>
  <testcase name="test_validateMove_LongHorizontalMoveOnBlankBoard_succeed{RepetitionInfo}[108]" classname="com.revature.wordsaway.services.BoardServiceTest" time="0.004"/>
  <testcase name="test_validateMove_LongHorizontalMoveOnBlankBoard_succeed{RepetitionInfo}[109]" classname="com.revature.wordsaway.services.BoardServiceTest" time="0.004"/>
  <testcase name="test_validateMove_LongHorizontalMoveOnBlankBoard_succeed{RepetitionInfo}[110]" classname="com.revature.wordsaway.services.BoardServiceTest" time="0"/>
  <testcase name="test_validateMove_LongHorizontalMoveOnBlankBoard_succeed{RepetitionInfo}[111]" classname="com.revature.wordsaway.services.BoardServiceTest" time="0"/>
  <testcase name="test_validateMove_LongHorizontalMoveOnBlankBoard_succeed{RepetitionInfo}[112]" classname="com.revature.wordsaway.services.BoardServiceTest" time="0"/>
  <testcase name="test_validateMove_LongHorizontalMoveOnBlankBoard_succeed{RepetitionInfo}[113]" classname="com.revature.wordsaway.services.BoardServiceTest" time="0.006"/>
  <testcase name="test_validateMove_LongHorizontalMoveOnBlankBoard_succeed{RepetitionInfo}[114]" classname="com.revature.wordsaway.services.BoardServiceTest" time="0.004"/>
  <testcase name="test_validateMove_LongHorizontalMoveOnBlankBoard_succeed{RepetitionInfo}[115]" classname="com.revature.wordsaway.services.BoardServiceTest" time="0.004"/>
  <testcase name="test_validateMove_LongHorizontalMoveOnBlankBoard_succeed{RepetitionInfo}[116]" classname="com.revature.wordsaway.services.BoardServiceTest" time="0.004"/>
  <testcase name="test_validateMove_LongHorizontalMoveOnBlankBoard_succeed{RepetitionInfo}[117]" classname="com.revature.wordsaway.services.BoardServiceTest" time="0.003"/>
  <testcase name="test_validateMove_LongHorizontalMoveOnBlankBoard_succeed{RepetitionInfo}[118]" classname="com.revature.wordsaway.services.BoardServiceTest" time="0.004"/>
  <testcase name="test_validateMove_LongHorizontalMoveOnBlankBoard_succeed{RepetitionInfo}[119]" classname="com.revature.wordsaway.services.BoardServiceTest" time="0.003"/>
  <testcase name="test_validateMove_LongHorizontalMoveOnBlankBoard_succeed{RepetitionInfo}[120]" classname="com.revature.wordsaway.services.BoardServiceTest" time="0.004"/>
  <testcase name="test_validateMove_LongHorizontalMoveOnBlankBoard_succeed{RepetitionInfo}[121]" classname="com.revature.wordsaway.services.BoardServiceTest" time="0.003"/>
  <testcase name="test_validateMove_LongHorizontalMoveOnBlankBoard_succeed{RepetitionInfo}[122]" classname="com.revature.wordsaway.services.BoardServiceTest" time="0.004"/>
  <testcase name="test_validateMove_LongHorizontalMoveOnBlankBoard_succeed{RepetitionInfo}[123]" classname="com.revature.wordsaway.services.BoardServiceTest" time="0.003"/>
  <testcase name="test_validateMove_LongHorizontalMoveOnBlankBoard_succeed{RepetitionInfo}[124]" classname="com.revature.wordsaway.services.BoardServiceTest" time="0.003"/>
  <testcase name="test_validateMove_LongHorizontalMoveOnBlankBoard_succeed{RepetitionInfo}[125]" classname="com.revature.wordsaway.services.BoardServiceTest" time="0.003"/>
  <testcase name="test_validateMove_LongHorizontalMoveOnBlankBoard_succeed{RepetitionInfo}[126]" classname="com.revature.wordsaway.services.BoardServiceTest" time="0"/>
  <testcase name="test_validateMove_LongHorizontalMoveOnBlankBoard_succeed{RepetitionInfo}[127]" classname="com.revature.wordsaway.services.BoardServiceTest" time="0.001"/>
  <testcase name="test_validateMove_LongHorizontalMoveOnBlankBoard_succeed{RepetitionInfo}[128]" classname="com.revature.wordsaway.services.BoardServiceTest" time="0"/>
  <testcase name="test_validateMove_LongHorizontalMoveOnBlankBoard_succeed{RepetitionInfo}[129]" classname="com.revature.wordsaway.services.BoardServiceTest" time="0.004"/>
  <testcase name="test_validateMove_LongHorizontalMoveOnBlankBoard_succeed{RepetitionInfo}[130]" classname="com.revature.wordsaway.services.BoardServiceTest" time="0.004"/>
  <testcase name="test_validateMove_LongHorizontalMoveOnBlankBoard_succeed{RepetitionInfo}[131]" classname="com.revature.wordsaway.services.BoardServiceTest" time="0.004"/>
  <testcase name="test_validateMove_LongHorizontalMoveOnBlankBoard_succeed{RepetitionInfo}[132]" classname="com.revature.wordsaway.services.BoardServiceTest" time="0.004"/>
  <testcase name="test_validateMove_LongHorizontalMoveOnBlankBoard_succeed{RepetitionInfo}[133]" classname="com.revature.wordsaway.services.BoardServiceTest" time="0.004"/>
  <testcase name="test_validateMove_LongHorizontalMoveOnBlankBoard_succeed{RepetitionInfo}[134]" classname="com.revature.wordsaway.services.BoardServiceTest" time="0.004"/>
  <testcase name="test_validateMove_LongHorizontalMoveOnBlankBoard_succeed{RepetitionInfo}[135]" classname="com.revature.wordsaway.services.BoardServiceTest" time="0.004"/>
  <testcase name="test_validateMove_LongHorizontalMoveOnBlankBoard_succeed{RepetitionInfo}[136]" classname="com.revature.wordsaway.services.BoardServiceTest" time="0.003"/>
  <testcase name="test_validateMove_LongHorizontalMoveOnBlankBoard_succeed{RepetitionInfo}[137]" classname="com.revature.wordsaway.services.BoardServiceTest" time="0.003"/>
  <testcase name="test_validateMove_LongHorizontalMoveOnBlankBoard_succeed{RepetitionInfo}[138]" classname="com.revature.wordsaway.services.BoardServiceTest" time="0.003"/>
  <testcase name="test_validateMove_LongHorizontalMoveOnBlankBoard_succeed{RepetitionInfo}[139]" classname="com.revature.wordsaway.services.BoardServiceTest" time="0.004"/>
  <testcase name="test_validateMove_LongHorizontalMoveOnBlankBoard_succeed{RepetitionInfo}[140]" classname="com.revature.wordsaway.services.BoardServiceTest" time="0.004"/>
  <testcase name="test_validateMove_LongHorizontalMoveOnBlankBoard_succeed{RepetitionInfo}[141]" classname="com.revature.wordsaway.services.BoardServiceTest" time="0.004"/>
  <testcase name="test_validateMove_LongHorizontalMoveOnBlankBoard_succeed{RepetitionInfo}[142]" classname="com.revature.wordsaway.services.BoardServiceTest" time="0.001"/>
  <testcase name="test_validateMove_LongHorizontalMoveOnBlankBoard_succeed{RepetitionInfo}[143]" classname="com.revature.wordsaway.services.BoardServiceTest" time="0"/>
  <testcase name="test_validateMove_LongHorizontalMoveOnBlankBoard_succeed{RepetitionInfo}[144]" classname="com.revature.wordsaway.services.BoardServiceTest" time="0"/>
  <testcase name="test_validateMove_LongHorizontalMoveOnBlankBoard_succeed{RepetitionInfo}[145]" classname="com.revature.wordsaway.services.BoardServiceTest" time="0.004"/>
  <testcase name="test_validateMove_LongHorizontalMoveOnBlankBoard_succeed{RepetitionInfo}[146]" classname="com.revature.wordsaway.services.BoardServiceTest" time="0.004"/>
  <testcase name="test_validateMove_LongHorizontalMoveOnBlankBoard_succeed{RepetitionInfo}[147]" classname="com.revature.wordsaway.services.BoardServiceTest" time="0.003"/>
  <testcase name="test_validateMove_LongHorizontalMoveOnBlankBoard_succeed{RepetitionInfo}[148]" classname="com.revature.wordsaway.services.BoardServiceTest" time="0.004"/>
  <testcase name="test_validateMove_LongHorizontalMoveOnBlankBoard_succeed{RepetitionInfo}[149]" classname="com.revature.wordsaway.services.BoardServiceTest" time="0.004"/>
  <testcase name="test_validateMove_LongHorizontalMoveOnBlankBoard_succeed{RepetitionInfo}[150]" classname="com.revature.wordsaway.services.BoardServiceTest" time="0.004"/>
  <testcase name="test_validateMove_LongHorizontalMoveOnBlankBoard_succeed{RepetitionInfo}[151]" classname="com.revature.wordsaway.services.BoardServiceTest" time="0.004"/>
  <testcase name="test_validateMove_LongHorizontalMoveOnBlankBoard_succeed{RepetitionInfo}[152]" classname="com.revature.wordsaway.services.BoardServiceTest" time="0.004"/>
  <testcase name="test_validateMove_LongHorizontalMoveOnBlankBoard_succeed{RepetitionInfo}[153]" classname="com.revature.wordsaway.services.BoardServiceTest" time="0.003"/>
  <testcase name="test_validateMove_LongHorizontalMoveOnBlankBoard_succeed{RepetitionInfo}[154]" classname="com.revature.wordsaway.services.BoardServiceTest" time="0.003"/>
  <testcase name="test_validateMove_LongHorizontalMoveOnBlankBoard_succeed{RepetitionInfo}[155]" classname="com.revature.wordsaway.services.BoardServiceTest" time="0.004"/>
  <testcase name="test_validateMove_LongHorizontalMoveOnBlankBoard_succeed{RepetitionInfo}[156]" classname="com.revature.wordsaway.services.BoardServiceTest" time="0.006"/>
  <testcase name="test_validateMove_LongHorizontalMoveOnBlankBoard_succeed{RepetitionInfo}[157]" classname="com.revature.wordsaway.services.BoardServiceTest" time="0.005"/>
  <testcase name="test_validateMove_LongHorizontalMoveOnBlankBoard_succeed{RepetitionInfo}[158]" classname="com.revature.wordsaway.services.BoardServiceTest" time="0.001"/>
  <testcase name="test_validateMove_LongHorizontalMoveOnBlankBoard_succeed{RepetitionInfo}[159]" classname="com.revature.wordsaway.services.BoardServiceTest" time="0"/>
  <testcase name="test_validateMove_LongHorizontalMoveOnBlankBoard_succeed{RepetitionInfo}[160]" classname="com.revature.wordsaway.services.BoardServiceTest" time="0.001"/>
  <testcase name="test_validateMove_LongHorizontalMoveOnBlankBoard_succeed{RepetitionInfo}[161]" classname="com.revature.wordsaway.services.BoardServiceTest" time="0.004"/>
  <testcase name="test_validateMove_LongHorizontalMoveOnBlankBoard_succeed{RepetitionInfo}[162]" classname="com.revature.wordsaway.services.BoardServiceTest" time="0.004"/>
  <testcase name="test_validateMove_LongHorizontalMoveOnBlankBoard_succeed{RepetitionInfo}[163]" classname="com.revature.wordsaway.services.BoardServiceTest" time="0.007"/>
  <testcase name="test_validateMove_LongHorizontalMoveOnBlankBoard_succeed{RepetitionInfo}[164]" classname="com.revature.wordsaway.services.BoardServiceTest" time="0.002"/>
  <testcase name="test_validateMove_LongHorizontalMoveOnBlankBoard_succeed{RepetitionInfo}[165]" classname="com.revature.wordsaway.services.BoardServiceTest" time="0.003"/>
  <testcase name="test_validateMove_LongHorizontalMoveOnBlankBoard_succeed{RepetitionInfo}[166]" classname="com.revature.wordsaway.services.BoardServiceTest" time="0.004"/>
  <testcase name="test_validateMove_LongHorizontalMoveOnBlankBoard_succeed{RepetitionInfo}[167]" classname="com.revature.wordsaway.services.BoardServiceTest" time="0.003"/>
  <testcase name="test_validateMove_LongHorizontalMoveOnBlankBoard_succeed{RepetitionInfo}[168]" classname="com.revature.wordsaway.services.BoardServiceTest" time="0.003"/>
  <testcase name="test_validateMove_LongHorizontalMoveOnBlankBoard_succeed{RepetitionInfo}[169]" classname="com.revature.wordsaway.services.BoardServiceTest" time="0.004"/>
  <testcase name="test_validateMove_LongHorizontalMoveOnBlankBoard_succeed{RepetitionInfo}[170]" classname="com.revature.wordsaway.services.BoardServiceTest" time="0.003"/>
  <testcase name="test_validateMove_LongHorizontalMoveOnBlankBoard_succeed{RepetitionInfo}[171]" classname="com.revature.wordsaway.services.BoardServiceTest" time="0.003"/>
  <testcase name="test_validateMove_LongHorizontalMoveOnBlankBoard_succeed{RepetitionInfo}[172]" classname="com.revature.wordsaway.services.BoardServiceTest" time="0.003"/>
  <testcase name="test_validateMove_LongHorizontalMoveOnBlankBoard_succeed{RepetitionInfo}[173]" classname="com.revature.wordsaway.services.BoardServiceTest" time="0.004"/>
  <testcase name="test_validateMove_LongHorizontalMoveOnBlankBoard_succeed{RepetitionInfo}[174]" classname="com.revature.wordsaway.services.BoardServiceTest" time="0.001"/>
  <testcase name="test_validateMove_LongHorizontalMoveOnBlankBoard_succeed{RepetitionInfo}[175]" classname="com.revature.wordsaway.services.BoardServiceTest" time="0"/>
  <testcase name="test_validateMove_LongHorizontalMoveOnBlankBoard_succeed{RepetitionInfo}[176]" classname="com.revature.wordsaway.services.BoardServiceTest" time="0.001"/>
  <testcase name="test_validateMove_LongHorizontalMoveOnBlankBoard_succeed{RepetitionInfo}[177]" classname="com.revature.wordsaway.services.BoardServiceTest" time="0.003"/>
  <testcase name="test_validateMove_LongHorizontalMoveOnBlankBoard_succeed{RepetitionInfo}[178]" classname="com.revature.wordsaway.services.BoardServiceTest" time="0.003"/>
  <testcase name="test_validateMove_LongHorizontalMoveOnBlankBoard_succeed{RepetitionInfo}[179]" classname="com.revature.wordsaway.services.BoardServiceTest" time="0.004"/>
  <testcase name="test_validateMove_LongHorizontalMoveOnBlankBoard_succeed{RepetitionInfo}[180]" classname="com.revature.wordsaway.services.BoardServiceTest" time="0.004"/>
  <testcase name="test_validateMove_LongHorizontalMoveOnBlankBoard_succeed{RepetitionInfo}[181]" classname="com.revature.wordsaway.services.BoardServiceTest" time="0.004"/>
  <testcase name="test_validateMove_LongHorizontalMoveOnBlankBoard_succeed{RepetitionInfo}[182]" classname="com.revature.wordsaway.services.BoardServiceTest" time="0.004"/>
  <testcase name="test_validateMove_LongHorizontalMoveOnBlankBoard_succeed{RepetitionInfo}[183]" classname="com.revature.wordsaway.services.BoardServiceTest" time="0.004"/>
  <testcase name="test_validateMove_LongHorizontalMoveOnBlankBoard_succeed{RepetitionInfo}[184]" classname="com.revature.wordsaway.services.BoardServiceTest" time="0.005"/>
  <testcase name="test_validateMove_LongHorizontalMoveOnBlankBoard_succeed{RepetitionInfo}[185]" classname="com.revature.wordsaway.services.BoardServiceTest" time="0.007"/>
  <testcase name="test_validateMove_LongHorizontalMoveOnBlankBoard_succeed{RepetitionInfo}[186]" classname="com.revature.wordsaway.services.BoardServiceTest" time="0.004"/>
  <testcase name="test_validateMove_LongHorizontalMoveOnBlankBoard_succeed{RepetitionInfo}[187]" classname="com.revature.wordsaway.services.BoardServiceTest" time="0.004"/>
  <testcase name="test_validateMove_LongHorizontalMoveOnBlankBoard_succeed{RepetitionInfo}[188]" classname="com.revature.wordsaway.services.BoardServiceTest" time="0.003"/>
  <testcase name="test_validateMove_LongHorizontalMoveOnBlankBoard_succeed{RepetitionInfo}[189]" classname="com.revature.wordsaway.services.BoardServiceTest" time="0.004"/>
  <testcase name="test_validateMove_LongHorizontalMoveOnBlankBoard_succeed{RepetitionInfo}[190]" classname="com.revature.wordsaway.services.BoardServiceTest" time="0"/>
  <testcase name="test_validateMove_LongHorizontalMoveOnBlankBoard_succeed{RepetitionInfo}[191]" classname="com.revature.wordsaway.services.BoardServiceTest" time="0"/>
  <testcase name="test_validateMove_LongHorizontalMoveOnBlankBoard_succeed{RepetitionInfo}[192]" classname="com.revature.wordsaway.services.BoardServiceTest" time="0"/>
  <testcase name="test_validateMove_LongHorizontalMoveOnBlankBoard_succeed{RepetitionInfo}[193]" classname="com.revature.wordsaway.services.BoardServiceTest" time="0.118"/>
  <testcase name="test_validateMove_LongHorizontalMoveOnBlankBoard_succeed{RepetitionInfo}[194]" classname="com.revature.wordsaway.services.BoardServiceTest" time="0.006"/>
  <testcase name="test_validateMove_LongHorizontalMoveOnBlankBoard_succeed{RepetitionInfo}[195]" classname="com.revature.wordsaway.services.BoardServiceTest" time="0.004"/>
  <testcase name="test_validateMove_LongHorizontalMoveOnBlankBoard_succeed{RepetitionInfo}[196]" classname="com.revature.wordsaway.services.BoardServiceTest" time="0.004"/>
  <testcase name="test_validateMove_LongHorizontalMoveOnBlankBoard_succeed{RepetitionInfo}[197]" classname="com.revature.wordsaway.services.BoardServiceTest" time="0.004"/>
  <testcase name="test_validateMove_LongHorizontalMoveOnBlankBoard_succeed{RepetitionInfo}[198]" classname="com.revature.wordsaway.services.BoardServiceTest" time="0.003"/>
  <testcase name="test_validateMove_LongHorizontalMoveOnBlankBoard_succeed{RepetitionInfo}[199]" classname="com.revature.wordsaway.services.BoardServiceTest" time="0.005"/>
  <testcase name="test_validateMove_LongHorizontalMoveOnBlankBoard_succeed{RepetitionInfo}[200]" classname="com.revature.wordsaway.services.BoardServiceTest" time="0.003"/>
  <testcase name="test_validateMove_LongHorizontalMoveOnBlankBoard_succeed{RepetitionInfo}[201]" classname="com.revature.wordsaway.services.BoardServiceTest" time="0.003"/>
  <testcase name="test_validateMove_LongHorizontalMoveOnBlankBoard_succeed{RepetitionInfo}[202]" classname="com.revature.wordsaway.services.BoardServiceTest" time="0.004"/>
  <testcase name="test_validateMove_LongHorizontalMoveOnBlankBoard_succeed{RepetitionInfo}[203]" classname="com.revature.wordsaway.services.BoardServiceTest" time="0.004"/>
  <testcase name="test_validateMove_LongHorizontalMoveOnBlankBoard_succeed{RepetitionInfo}[204]" classname="com.revature.wordsaway.services.BoardServiceTest" time="0.003"/>
  <testcase name="test_validateMove_LongHorizontalMoveOnBlankBoard_succeed{RepetitionInfo}[205]" classname="com.revature.wordsaway.services.BoardServiceTest" time="0.004"/>
  <testcase name="test_validateMove_LongHorizontalMoveOnBlankBoard_succeed{RepetitionInfo}[206]" classname="com.revature.wordsaway.services.BoardServiceTest" time="0"/>
  <testcase name="test_validateMove_LongHorizontalMoveOnBlankBoard_succeed{RepetitionInfo}[207]" classname="com.revature.wordsaway.services.BoardServiceTest" time="0"/>
  <testcase name="test_validateMove_LongHorizontalMoveOnBlankBoard_succeed{RepetitionInfo}[208]" classname="com.revature.wordsaway.services.BoardServiceTest" time="0"/>
  <testcase name="test_validateMove_LongHorizontalMoveOnBlankBoard_succeed{RepetitionInfo}[209]" classname="com.revature.wordsaway.services.BoardServiceTest" time="0.004"/>
  <testcase name="test_validateMove_LongHorizontalMoveOnBlankBoard_succeed{RepetitionInfo}[210]" classname="com.revature.wordsaway.services.BoardServiceTest" time="0.004"/>
  <testcase name="test_validateMove_LongHorizontalMoveOnBlankBoard_succeed{RepetitionInfo}[211]" classname="com.revature.wordsaway.services.BoardServiceTest" time="0.003"/>
  <testcase name="test_validateMove_LongHorizontalMoveOnBlankBoard_succeed{RepetitionInfo}[212]" classname="com.revature.wordsaway.services.BoardServiceTest" time="0.003"/>
  <testcase name="test_validateMove_LongHorizontalMoveOnBlankBoard_succeed{RepetitionInfo}[213]" classname="com.revature.wordsaway.services.BoardServiceTest" time="0.003"/>
  <testcase name="test_validateMove_LongHorizontalMoveOnBlankBoard_succeed{RepetitionInfo}[214]" classname="com.revature.wordsaway.services.BoardServiceTest" time="0.003"/>
  <testcase name="test_validateMove_LongHorizontalMoveOnBlankBoard_succeed{RepetitionInfo}[215]" classname="com.revature.wordsaway.services.BoardServiceTest" time="0.004"/>
  <testcase name="test_validateMove_LongHorizontalMoveOnBlankBoard_succeed{RepetitionInfo}[216]" classname="com.revature.wordsaway.services.BoardServiceTest" time="0.003"/>
  <testcase name="test_validateMove_LongHorizontalMoveOnBlankBoard_succeed{RepetitionInfo}[217]" classname="com.revature.wordsaway.services.BoardServiceTest" time="0.004"/>
  <testcase name="test_validateMove_LongHorizontalMoveOnBlankBoard_succeed{RepetitionInfo}[218]" classname="com.revature.wordsaway.services.BoardServiceTest" time="0.003"/>
  <testcase name="test_validateMove_LongHorizontalMoveOnBlankBoard_succeed{RepetitionInfo}[219]" classname="com.revature.wordsaway.services.BoardServiceTest" time="0.003"/>
  <testcase name="test_validateMove_LongHorizontalMoveOnBlankBoard_succeed{RepetitionInfo}[220]" classname="com.revature.wordsaway.services.BoardServiceTest" time="0.004"/>
  <testcase name="test_validateMove_LongHorizontalMoveOnBlankBoard_succeed{RepetitionInfo}[221]" classname="com.revature.wordsaway.services.BoardServiceTest" time="0.004"/>
  <testcase name="test_validateMove_LongHorizontalMoveOnBlankBoard_succeed{RepetitionInfo}[222]" classname="com.revature.wordsaway.services.BoardServiceTest" time="0.001"/>
  <testcase name="test_validateMove_LongHorizontalMoveOnBlankBoard_succeed{RepetitionInfo}[223]" classname="com.revature.wordsaway.services.BoardServiceTest" time="0"/>
  <testcase name="test_validateMove_LongHorizontalMoveOnBlankBoard_succeed{RepetitionInfo}[224]" classname="com.revature.wordsaway.services.BoardServiceTest" time="0.001"/>
  <testcase name="test_validateMove_LongHorizontalMoveOnBlankBoard_succeed{RepetitionInfo}[225]" classname="com.revature.wordsaway.services.BoardServiceTest" time="0.004"/>
  <testcase name="test_validateMove_LongHorizontalMoveOnBlankBoard_succeed{RepetitionInfo}[226]" classname="com.revature.wordsaway.services.BoardServiceTest" time="0.009"/>
  <testcase name="test_validateMove_LongHorizontalMoveOnBlankBoard_succeed{RepetitionInfo}[227]" classname="com.revature.wordsaway.services.BoardServiceTest" time="0.006"/>
  <testcase name="test_validateMove_LongHorizontalMoveOnBlankBoard_succeed{RepetitionInfo}[228]" classname="com.revature.wordsaway.services.BoardServiceTest" time="0.004"/>
  <testcase name="test_validateMove_LongHorizontalMoveOnBlankBoard_succeed{RepetitionInfo}[229]" classname="com.revature.wordsaway.services.BoardServiceTest" time="0.004"/>
  <testcase name="test_validateMove_LongHorizontalMoveOnBlankBoard_succeed{RepetitionInfo}[230]" classname="com.revature.wordsaway.services.BoardServiceTest" time="0.003"/>
  <testcase name="test_validateMove_LongHorizontalMoveOnBlankBoard_succeed{RepetitionInfo}[231]" classname="com.revature.wordsaway.services.BoardServiceTest" time="0.004"/>
  <testcase name="test_validateMove_LongHorizontalMoveOnBlankBoard_succeed{RepetitionInfo}[232]" classname="com.revature.wordsaway.services.BoardServiceTest" time="0.003"/>
  <testcase name="test_validateMove_LongHorizontalMoveOnBlankBoard_succeed{RepetitionInfo}[233]" classname="com.revature.wordsaway.services.BoardServiceTest" time="0.004"/>
  <testcase name="test_validateMove_LongHorizontalMoveOnBlankBoard_succeed{RepetitionInfo}[234]" classname="com.revature.wordsaway.services.BoardServiceTest" time="0.003"/>
  <testcase name="test_validateMove_LongHorizontalMoveOnBlankBoard_succeed{RepetitionInfo}[235]" classname="com.revature.wordsaway.services.BoardServiceTest" time="0.004"/>
  <testcase name="test_validateMove_LongHorizontalMoveOnBlankBoard_succeed{RepetitionInfo}[236]" classname="com.revature.wordsaway.services.BoardServiceTest" time="0.004"/>
  <testcase name="test_validateMove_LongHorizontalMoveOnBlankBoard_succeed{RepetitionInfo}[237]" classname="com.revature.wordsaway.services.BoardServiceTest" time="0.004"/>
  <testcase name="test_validateMove_LongHorizontalMoveOnBlankBoard_succeed{RepetitionInfo}[238]" classname="com.revature.wordsaway.services.BoardServiceTest" time="0"/>
  <testcase name="test_validateMove_LongHorizontalMoveOnBlankBoard_succeed{RepetitionInfo}[239]" classname="com.revature.wordsaway.services.BoardServiceTest" time="0.001"/>
  <testcase name="test_validateMove_LongHorizontalMoveOnBlankBoard_succeed{RepetitionInfo}[240]" classname="com.revature.wordsaway.services.BoardServiceTest" time="0"/>
  <testcase name="test_validateMove_LongHorizontalMoveOnBlankBoard_succeed{RepetitionInfo}[241]" classname="com.revature.wordsaway.services.BoardServiceTest" time="0.005"/>
  <testcase name="test_validateMove_LongHorizontalMoveOnBlankBoard_succeed{RepetitionInfo}[242]" classname="com.revature.wordsaway.services.BoardServiceTest" time="0.004"/>
  <testcase name="test_validateMove_LongHorizontalMoveOnBlankBoard_succeed{RepetitionInfo}[243]" classname="com.revature.wordsaway.services.BoardServiceTest" time="0.004"/>
  <testcase name="test_validateMove_LongHorizontalMoveOnBlankBoard_succeed{RepetitionInfo}[244]" classname="com.revature.wordsaway.services.BoardServiceTest" time="0.004"/>
  <testcase name="test_validateMove_LongHorizontalMoveOnBlankBoard_succeed{RepetitionInfo}[245]" classname="com.revature.wordsaway.services.BoardServiceTest" time="0.003"/>
  <testcase name="test_validateMove_LongHorizontalMoveOnBlankBoard_succeed{RepetitionInfo}[246]" classname="com.revature.wordsaway.services.BoardServiceTest" time="0.004"/>
  <testcase name="test_validateMove_LongHorizontalMoveOnBlankBoard_succeed{RepetitionInfo}[247]" classname="com.revature.wordsaway.services.BoardServiceTest" time="0.004"/>
  <testcase name="test_validateMove_LongHorizontalMoveOnBlankBoard_succeed{RepetitionInfo}[248]" classname="com.revature.wordsaway.services.BoardServiceTest" time="0.005"/>
  <testcase name="test_validateMove_LongHorizontalMoveOnBlankBoard_succeed{RepetitionInfo}[249]" classname="com.revature.wordsaway.services.BoardServiceTest" time="0.004"/>
  <testcase name="test_validateMove_LongHorizontalMoveOnBlankBoard_succeed{RepetitionInfo}[250]" classname="com.revature.wordsaway.services.BoardServiceTest" time="0.004"/>
  <testcase name="test_validateMove_LongHorizontalMoveOnBlankBoard_succeed{RepetitionInfo}[251]" classname="com.revature.wordsaway.services.BoardServiceTest" time="0.003"/>
  <testcase name="test_validateMove_LongHorizontalMoveOnBlankBoard_succeed{RepetitionInfo}[252]" classname="com.revature.wordsaway.services.BoardServiceTest" time="0.004"/>
  <testcase name="test_validateMove_LongHorizontalMoveOnBlankBoard_succeed{RepetitionInfo}[253]" classname="com.revature.wordsaway.services.BoardServiceTest" time="0.003"/>
  <testcase name="test_validateMove_LongHorizontalMoveOnBlankBoard_succeed{RepetitionInfo}[254]" classname="com.revature.wordsaway.services.BoardServiceTest" time="0.001"/>
  <testcase name="test_validateMove_LongHorizontalMoveOnBlankBoard_succeed{RepetitionInfo}[255]" classname="com.revature.wordsaway.services.BoardServiceTest" time="0"/>
  <testcase name="test_validateMove_LongHorizontalMoveOnBlankBoard_succeed{RepetitionInfo}[256]" classname="com.revature.wordsaway.services.BoardServiceTest" time="0.001"/>
  <testcase name="test_validateMove_ConnectedAsteriskVerticalBackMoveOnBoardWithOneLetter_succeed" classname="com.revature.wordsaway.services.BoardServiceTest" time="0.01"/>
  <testcase name="test_validateMove_UnconnectedLongHorizontalMoveOnBoardWithOneLetter_succeed{RepetitionInfo}[1]" classname="com.revature.wordsaway.services.BoardServiceTest" time="0.004"/>
  <testcase name="test_validateMove_UnconnectedLongHorizontalMoveOnBoardWithOneLetter_succeed{RepetitionInfo}[2]" classname="com.revature.wordsaway.services.BoardServiceTest" time="0.004"/>
  <testcase name="test_validateMove_UnconnectedLongHorizontalMoveOnBoardWithOneLetter_succeed{RepetitionInfo}[3]" classname="com.revature.wordsaway.services.BoardServiceTest" time="0.004"/>
  <testcase name="test_validateMove_UnconnectedLongHorizontalMoveOnBoardWithOneLetter_succeed{RepetitionInfo}[4]" classname="com.revature.wordsaway.services.BoardServiceTest" time="0.004"/>
  <testcase name="test_validateMove_UnconnectedLongHorizontalMoveOnBoardWithOneLetter_succeed{RepetitionInfo}[5]" classname="com.revature.wordsaway.services.BoardServiceTest" time="0.003"/>
  <testcase name="test_validateMove_UnconnectedLongHorizontalMoveOnBoardWithOneLetter_succeed{RepetitionInfo}[6]" classname="com.revature.wordsaway.services.BoardServiceTest" time="0.004"/>
  <testcase name="test_validateMove_UnconnectedLongHorizontalMoveOnBoardWithOneLetter_succeed{RepetitionInfo}[7]" classname="com.revature.wordsaway.services.BoardServiceTest" time="0.003"/>
  <testcase name="test_validateMove_UnconnectedLongHorizontalMoveOnBoardWithOneLetter_succeed{RepetitionInfo}[8]" classname="com.revature.wordsaway.services.BoardServiceTest" time="0.004"/>
  <testcase name="test_validateMove_UnconnectedLongHorizontalMoveOnBoardWithOneLetter_succeed{RepetitionInfo}[9]" classname="com.revature.wordsaway.services.BoardServiceTest" time="0.004"/>
  <testcase name="test_validateMove_UnconnectedLongHorizontalMoveOnBoardWithOneLetter_succeed{RepetitionInfo}[10]" classname="com.revature.wordsaway.services.BoardServiceTest" time="0.003"/>
  <testcase name="test_validateMove_UnconnectedLongHorizontalMoveOnBoardWithOneLetter_succeed{RepetitionInfo}[11]" classname="com.revature.wordsaway.services.BoardServiceTest" time="0.004"/>
  <testcase name="test_validateMove_UnconnectedLongHorizontalMoveOnBoardWithOneLetter_succeed{RepetitionInfo}[12]" classname="com.revature.wordsaway.services.BoardServiceTest" time="0.005"/>
  <testcase name="test_validateMove_UnconnectedLongHorizontalMoveOnBoardWithOneLetter_succeed{RepetitionInfo}[13]" classname="com.revature.wordsaway.services.BoardServiceTest" time="0.005"/>
  <testcase name="test_validateMove_UnconnectedLongHorizontalMoveOnBoardWithOneLetter_succeed{RepetitionInfo}[14]" classname="com.revature.wordsaway.services.BoardServiceTest" time="0.001"/>
  <testcase name="test_validateMove_UnconnectedLongHorizontalMoveOnBoardWithOneLetter_succeed{RepetitionInfo}[15]" classname="com.revature.wordsaway.services.BoardServiceTest" time="0"/>
  <testcase name="test_validateMove_UnconnectedLongHorizontalMoveOnBoardWithOneLetter_succeed{RepetitionInfo}[16]" classname="com.revature.wordsaway.services.BoardServiceTest" time="0.002"/>
  <testcase name="test_validateMove_UnconnectedLongHorizontalMoveOnBoardWithOneLetter_succeed{RepetitionInfo}[17]" classname="com.revature.wordsaway.services.BoardServiceTest" time="0.004"/>
  <testcase name="test_validateMove_UnconnectedLongHorizontalMoveOnBoardWithOneLetter_succeed{RepetitionInfo}[18]" classname="com.revature.wordsaway.services.BoardServiceTest" time="0.003"/>
  <testcase name="test_validateMove_UnconnectedLongHorizontalMoveOnBoardWithOneLetter_succeed{RepetitionInfo}[19]" classname="com.revature.wordsaway.services.BoardServiceTest" time="0.004"/>
  <testcase name="test_validateMove_UnconnectedLongHorizontalMoveOnBoardWithOneLetter_succeed{RepetitionInfo}[20]" classname="com.revature.wordsaway.services.BoardServiceTest" time="0.003"/>
  <testcase name="test_validateMove_UnconnectedLongHorizontalMoveOnBoardWithOneLetter_succeed{RepetitionInfo}[21]" classname="com.revature.wordsaway.services.BoardServiceTest" time="0.004"/>
  <testcase name="test_validateMove_UnconnectedLongHorizontalMoveOnBoardWithOneLetter_succeed{RepetitionInfo}[22]" classname="com.revature.wordsaway.services.BoardServiceTest" time="0.003"/>
  <testcase name="test_validateMove_UnconnectedLongHorizontalMoveOnBoardWithOneLetter_succeed{RepetitionInfo}[23]" classname="com.revature.wordsaway.services.BoardServiceTest" time="0.003"/>
  <testcase name="test_validateMove_UnconnectedLongHorizontalMoveOnBoardWithOneLetter_succeed{RepetitionInfo}[24]" classname="com.revature.wordsaway.services.BoardServiceTest" time="0.003"/>
  <testcase name="test_validateMove_UnconnectedLongHorizontalMoveOnBoardWithOneLetter_succeed{RepetitionInfo}[25]" classname="com.revature.wordsaway.services.BoardServiceTest" time="0.003"/>
  <testcase name="test_validateMove_UnconnectedLongHorizontalMoveOnBoardWithOneLetter_succeed{RepetitionInfo}[26]" classname="com.revature.wordsaway.services.BoardServiceTest" time="0.004"/>
  <testcase name="test_validateMove_UnconnectedLongHorizontalMoveOnBoardWithOneLetter_succeed{RepetitionInfo}[27]" classname="com.revature.wordsaway.services.BoardServiceTest" time="0.003"/>
  <testcase name="test_validateMove_UnconnectedLongHorizontalMoveOnBoardWithOneLetter_succeed{RepetitionInfo}[28]" classname="com.revature.wordsaway.services.BoardServiceTest" time="0.006"/>
  <testcase name="test_validateMove_UnconnectedLongHorizontalMoveOnBoardWithOneLetter_succeed{RepetitionInfo}[29]" classname="com.revature.wordsaway.services.BoardServiceTest" time="0.006"/>
  <testcase name="test_validateMove_UnconnectedLongHorizontalMoveOnBoardWithOneLetter_succeed{RepetitionInfo}[30]" classname="com.revature.wordsaway.services.BoardServiceTest" time="0"/>
  <testcase name="test_validateMove_UnconnectedLongHorizontalMoveOnBoardWithOneLetter_succeed{RepetitionInfo}[31]" classname="com.revature.wordsaway.services.BoardServiceTest" time="0.001"/>
  <testcase name="test_validateMove_UnconnectedLongHorizontalMoveOnBoardWithOneLetter_succeed{RepetitionInfo}[32]" classname="com.revature.wordsaway.services.BoardServiceTest" time="0"/>
  <testcase name="test_validateMove_UnconnectedLongHorizontalMoveOnBoardWithOneLetter_succeed{RepetitionInfo}[33]" classname="com.revature.wordsaway.services.BoardServiceTest" time="0.004"/>
  <testcase name="test_validateMove_UnconnectedLongHorizontalMoveOnBoardWithOneLetter_succeed{RepetitionInfo}[34]" classname="com.revature.wordsaway.services.BoardServiceTest" time="0.004"/>
  <testcase name="test_validateMove_UnconnectedLongHorizontalMoveOnBoardWithOneLetter_succeed{RepetitionInfo}[35]" classname="com.revature.wordsaway.services.BoardServiceTest" time="0.003"/>
  <testcase name="test_validateMove_UnconnectedLongHorizontalMoveOnBoardWithOneLetter_succeed{RepetitionInfo}[36]" classname="com.revature.wordsaway.services.BoardServiceTest" time="0.005"/>
  <testcase name="test_validateMove_UnconnectedLongHorizontalMoveOnBoardWithOneLetter_succeed{RepetitionInfo}[37]" classname="com.revature.wordsaway.services.BoardServiceTest" time="0.016"/>
  <testcase name="test_validateMove_UnconnectedLongHorizontalMoveOnBoardWithOneLetter_succeed{RepetitionInfo}[38]" classname="com.revature.wordsaway.services.BoardServiceTest" time="0.006"/>
  <testcase name="test_validateMove_UnconnectedLongHorizontalMoveOnBoardWithOneLetter_succeed{RepetitionInfo}[39]" classname="com.revature.wordsaway.services.BoardServiceTest" time="0.004"/>
  <testcase name="test_validateMove_UnconnectedLongHorizontalMoveOnBoardWithOneLetter_succeed{RepetitionInfo}[40]" classname="com.revature.wordsaway.services.BoardServiceTest" time="0.004"/>
  <testcase name="test_validateMove_UnconnectedLongHorizontalMoveOnBoardWithOneLetter_succeed{RepetitionInfo}[41]" classname="com.revature.wordsaway.services.BoardServiceTest" time="0.003"/>
  <testcase name="test_validateMove_UnconnectedLongHorizontalMoveOnBoardWithOneLetter_succeed{RepetitionInfo}[42]" classname="com.revature.wordsaway.services.BoardServiceTest" time="0.004"/>
  <testcase name="test_validateMove_UnconnectedLongHorizontalMoveOnBoardWithOneLetter_succeed{RepetitionInfo}[43]" classname="com.revature.wordsaway.services.BoardServiceTest" time="0.003"/>
  <testcase name="test_validateMove_UnconnectedLongHorizontalMoveOnBoardWithOneLetter_succeed{RepetitionInfo}[44]" classname="com.revature.wordsaway.services.BoardServiceTest" time="0.004"/>
  <testcase name="test_validateMove_UnconnectedLongHorizontalMoveOnBoardWithOneLetter_succeed{RepetitionInfo}[45]" classname="com.revature.wordsaway.services.BoardServiceTest" time="0.004"/>
  <testcase name="test_validateMove_UnconnectedLongHorizontalMoveOnBoardWithOneLetter_succeed{RepetitionInfo}[46]" classname="com.revature.wordsaway.services.BoardServiceTest" time="0"/>
  <testcase name="test_validateMove_UnconnectedLongHorizontalMoveOnBoardWithOneLetter_succeed{RepetitionInfo}[47]" classname="com.revature.wordsaway.services.BoardServiceTest" time="0"/>
  <testcase name="test_validateMove_UnconnectedLongHorizontalMoveOnBoardWithOneLetter_succeed{RepetitionInfo}[48]" classname="com.revature.wordsaway.services.BoardServiceTest" time="0"/>
  <testcase name="test_validateMove_UnconnectedLongHorizontalMoveOnBoardWithOneLetter_succeed{RepetitionInfo}[49]" classname="com.revature.wordsaway.services.BoardServiceTest" time="0.004"/>
  <testcase name="test_validateMove_UnconnectedLongHorizontalMoveOnBoardWithOneLetter_succeed{RepetitionInfo}[50]" classname="com.revature.wordsaway.services.BoardServiceTest" time="0.003"/>
  <testcase name="test_validateMove_UnconnectedLongHorizontalMoveOnBoardWithOneLetter_succeed{RepetitionInfo}[51]" classname="com.revature.wordsaway.services.BoardServiceTest" time="0.003"/>
  <testcase name="test_validateMove_UnconnectedLongHorizontalMoveOnBoardWithOneLetter_succeed{RepetitionInfo}[52]" classname="com.revature.wordsaway.services.BoardServiceTest" time="0.003"/>
  <testcase name="test_validateMove_UnconnectedLongHorizontalMoveOnBoardWithOneLetter_succeed{RepetitionInfo}[53]" classname="com.revature.wordsaway.services.BoardServiceTest" time="0.003"/>
  <testcase name="test_validateMove_UnconnectedLongHorizontalMoveOnBoardWithOneLetter_succeed{RepetitionInfo}[54]" classname="com.revature.wordsaway.services.BoardServiceTest" time="0.003"/>
  <testcase name="test_validateMove_UnconnectedLongHorizontalMoveOnBoardWithOneLetter_succeed{RepetitionInfo}[55]" classname="com.revature.wordsaway.services.BoardServiceTest" time="0.004"/>
  <testcase name="test_validateMove_UnconnectedLongHorizontalMoveOnBoardWithOneLetter_succeed{RepetitionInfo}[56]" classname="com.revature.wordsaway.services.BoardServiceTest" time="0.003"/>
  <testcase name="test_validateMove_UnconnectedLongHorizontalMoveOnBoardWithOneLetter_succeed{RepetitionInfo}[57]" classname="com.revature.wordsaway.services.BoardServiceTest" time="0.004"/>
  <testcase name="test_validateMove_UnconnectedLongHorizontalMoveOnBoardWithOneLetter_succeed{RepetitionInfo}[58]" classname="com.revature.wordsaway.services.BoardServiceTest" time="0.004"/>
  <testcase name="test_validateMove_UnconnectedLongHorizontalMoveOnBoardWithOneLetter_succeed{RepetitionInfo}[59]" classname="com.revature.wordsaway.services.BoardServiceTest" time="0.003"/>
  <testcase name="test_validateMove_UnconnectedLongHorizontalMoveOnBoardWithOneLetter_succeed{RepetitionInfo}[60]" classname="com.revature.wordsaway.services.BoardServiceTest" time="0.004"/>
  <testcase name="test_validateMove_UnconnectedLongHorizontalMoveOnBoardWithOneLetter_succeed{RepetitionInfo}[61]" classname="com.revature.wordsaway.services.BoardServiceTest" time="0.003"/>
  <testcase name="test_validateMove_UnconnectedLongHorizontalMoveOnBoardWithOneLetter_succeed{RepetitionInfo}[62]" classname="com.revature.wordsaway.services.BoardServiceTest" time="0.001"/>
  <testcase name="test_validateMove_UnconnectedLongHorizontalMoveOnBoardWithOneLetter_succeed{RepetitionInfo}[63]" classname="com.revature.wordsaway.services.BoardServiceTest" time="0"/>
  <testcase name="test_validateMove_UnconnectedLongHorizontalMoveOnBoardWithOneLetter_succeed{RepetitionInfo}[64]" classname="com.revature.wordsaway.services.BoardServiceTest" time="0"/>
  <testcase name="test_validateMove_UnconnectedLongHorizontalMoveOnBoardWithOneLetter_succeed{RepetitionInfo}[65]" classname="com.revature.wordsaway.services.BoardServiceTest" time="0.003"/>
  <testcase name="test_validateMove_UnconnectedLongHorizontalMoveOnBoardWithOneLetter_succeed{RepetitionInfo}[66]" classname="com.revature.wordsaway.services.BoardServiceTest" time="0.003"/>
  <testcase name="test_validateMove_UnconnectedLongHorizontalMoveOnBoardWithOneLetter_succeed{RepetitionInfo}[67]" classname="com.revature.wordsaway.services.BoardServiceTest" time="0.004"/>
  <testcase name="test_validateMove_UnconnectedLongHorizontalMoveOnBoardWithOneLetter_succeed{RepetitionInfo}[68]" classname="com.revature.wordsaway.services.BoardServiceTest" time="0.003"/>
  <testcase name="test_validateMove_UnconnectedLongHorizontalMoveOnBoardWithOneLetter_succeed{RepetitionInfo}[69]" classname="com.revature.wordsaway.services.BoardServiceTest" time="0.004"/>
  <testcase name="test_validateMove_UnconnectedLongHorizontalMoveOnBoardWithOneLetter_succeed{RepetitionInfo}[70]" classname="com.revature.wordsaway.services.BoardServiceTest" time="0.003"/>
  <testcase name="test_validateMove_UnconnectedLongHorizontalMoveOnBoardWithOneLetter_succeed{RepetitionInfo}[71]" classname="com.revature.wordsaway.services.BoardServiceTest" time="0.004"/>
  <testcase name="test_validateMove_UnconnectedLongHorizontalMoveOnBoardWithOneLetter_succeed{RepetitionInfo}[72]" classname="com.revature.wordsaway.services.BoardServiceTest" time="0.004"/>
  <testcase name="test_validateMove_UnconnectedLongHorizontalMoveOnBoardWithOneLetter_succeed{RepetitionInfo}[73]" classname="com.revature.wordsaway.services.BoardServiceTest" time="0.004"/>
  <testcase name="test_validateMove_UnconnectedLongHorizontalMoveOnBoardWithOneLetter_succeed{RepetitionInfo}[74]" classname="com.revature.wordsaway.services.BoardServiceTest" time="0.004"/>
  <testcase name="test_validateMove_UnconnectedLongHorizontalMoveOnBoardWithOneLetter_succeed{RepetitionInfo}[75]" classname="com.revature.wordsaway.services.BoardServiceTest" time="0.004"/>
  <testcase name="test_validateMove_UnconnectedLongHorizontalMoveOnBoardWithOneLetter_succeed{RepetitionInfo}[76]" classname="com.revature.wordsaway.services.BoardServiceTest" time="0.005"/>
  <testcase name="test_validateMove_UnconnectedLongHorizontalMoveOnBoardWithOneLetter_succeed{RepetitionInfo}[77]" classname="com.revature.wordsaway.services.BoardServiceTest" time="0.006"/>
  <testcase name="test_validateMove_UnconnectedLongHorizontalMoveOnBoardWithOneLetter_succeed{RepetitionInfo}[78]" classname="com.revature.wordsaway.services.BoardServiceTest" time="0.001"/>
  <testcase name="test_validateMove_UnconnectedLongHorizontalMoveOnBoardWithOneLetter_succeed{RepetitionInfo}[79]" classname="com.revature.wordsaway.services.BoardServiceTest" time="0"/>
  <testcase name="test_validateMove_UnconnectedLongHorizontalMoveOnBoardWithOneLetter_succeed{RepetitionInfo}[80]" classname="com.revature.wordsaway.services.BoardServiceTest" time="0"/>
  <testcase name="test_validateMove_UnconnectedLongHorizontalMoveOnBoardWithOneLetter_succeed{RepetitionInfo}[81]" classname="com.revature.wordsaway.services.BoardServiceTest" time="0.004"/>
  <testcase name="test_validateMove_UnconnectedLongHorizontalMoveOnBoardWithOneLetter_succeed{RepetitionInfo}[82]" classname="com.revature.wordsaway.services.BoardServiceTest" time="0.004"/>
  <testcase name="test_validateMove_UnconnectedLongHorizontalMoveOnBoardWithOneLetter_succeed{RepetitionInfo}[83]" classname="com.revature.wordsaway.services.BoardServiceTest" time="0.004"/>
  <testcase name="test_validateMove_UnconnectedLongHorizontalMoveOnBoardWithOneLetter_succeed{RepetitionInfo}[84]" classname="com.revature.wordsaway.services.BoardServiceTest" time="0.004"/>
  <testcase name="test_validateMove_UnconnectedLongHorizontalMoveOnBoardWithOneLetter_succeed{RepetitionInfo}[85]" classname="com.revature.wordsaway.services.BoardServiceTest" time="0.003"/>
  <testcase name="test_validateMove_UnconnectedLongHorizontalMoveOnBoardWithOneLetter_succeed{RepetitionInfo}[86]" classname="com.revature.wordsaway.services.BoardServiceTest" time="0.004"/>
  <testcase name="test_validateMove_UnconnectedLongHorizontalMoveOnBoardWithOneLetter_succeed{RepetitionInfo}[87]" classname="com.revature.wordsaway.services.BoardServiceTest" time="0.003"/>
  <testcase name="test_validateMove_UnconnectedLongHorizontalMoveOnBoardWithOneLetter_succeed{RepetitionInfo}[88]" classname="com.revature.wordsaway.services.BoardServiceTest" time="0.004"/>
  <testcase name="test_validateMove_UnconnectedLongHorizontalMoveOnBoardWithOneLetter_succeed{RepetitionInfo}[89]" classname="com.revature.wordsaway.services.BoardServiceTest" time="0.005"/>
  <testcase name="test_validateMove_UnconnectedLongHorizontalMoveOnBoardWithOneLetter_succeed{RepetitionInfo}[90]" classname="com.revature.wordsaway.services.BoardServiceTest" time="0.005"/>
  <testcase name="test_validateMove_UnconnectedLongHorizontalMoveOnBoardWithOneLetter_succeed{RepetitionInfo}[91]" classname="com.revature.wordsaway.services.BoardServiceTest" time="0.004"/>
  <testcase name="test_validateMove_UnconnectedLongHorizontalMoveOnBoardWithOneLetter_succeed{RepetitionInfo}[92]" classname="com.revature.wordsaway.services.BoardServiceTest" time="0.005"/>
  <testcase name="test_validateMove_UnconnectedLongHorizontalMoveOnBoardWithOneLetter_succeed{RepetitionInfo}[93]" classname="com.revature.wordsaway.services.BoardServiceTest" time="0.004"/>
  <testcase name="test_validateMove_UnconnectedLongHorizontalMoveOnBoardWithOneLetter_succeed{RepetitionInfo}[94]" classname="com.revature.wordsaway.services.BoardServiceTest" time="0.001"/>
  <testcase name="test_validateMove_UnconnectedLongHorizontalMoveOnBoardWithOneLetter_succeed{RepetitionInfo}[95]" classname="com.revature.wordsaway.services.BoardServiceTest" time="0"/>
  <testcase name="test_validateMove_UnconnectedLongHorizontalMoveOnBoardWithOneLetter_succeed{RepetitionInfo}[96]" classname="com.revature.wordsaway.services.BoardServiceTest" time="0.001"/>
  <testcase name="test_validateMove_UnconnectedLongHorizontalMoveOnBoardWithOneLetter_succeed{RepetitionInfo}[97]" classname="com.revature.wordsaway.services.BoardServiceTest" time="0.004"/>
  <testcase name="test_validateMove_UnconnectedLongHorizontalMoveOnBoardWithOneLetter_succeed{RepetitionInfo}[98]" classname="com.revature.wordsaway.services.BoardServiceTest" time="0.007"/>
  <testcase name="test_validateMove_UnconnectedLongHorizontalMoveOnBoardWithOneLetter_succeed{RepetitionInfo}[99]" classname="com.revature.wordsaway.services.BoardServiceTest" time="0.004"/>
  <testcase name="test_validateMove_UnconnectedLongHorizontalMoveOnBoardWithOneLetter_succeed{RepetitionInfo}[100]" classname="com.revature.wordsaway.services.BoardServiceTest" time="0.004"/>
  <testcase name="test_validateMove_UnconnectedLongHorizontalMoveOnBoardWithOneLetter_succeed{RepetitionInfo}[101]" classname="com.revature.wordsaway.services.BoardServiceTest" time="0.001"/>
  <testcase name="test_validateMove_UnconnectedLongHorizontalMoveOnBoardWithOneLetter_succeed{RepetitionInfo}[102]" classname="com.revature.wordsaway.services.BoardServiceTest" time="0.001"/>
  <testcase name="test_validateMove_UnconnectedLongHorizontalMoveOnBoardWithOneLetter_succeed{RepetitionInfo}[103]" classname="com.revature.wordsaway.services.BoardServiceTest" time="0"/>
  <testcase name="test_validateMove_UnconnectedLongHorizontalMoveOnBoardWithOneLetter_succeed{RepetitionInfo}[104]" classname="com.revature.wordsaway.services.BoardServiceTest" time="0.001"/>
  <testcase name="test_validateMove_UnconnectedLongHorizontalMoveOnBoardWithOneLetter_succeed{RepetitionInfo}[105]" classname="com.revature.wordsaway.services.BoardServiceTest" time="0"/>
  <testcase name="test_validateMove_UnconnectedLongHorizontalMoveOnBoardWithOneLetter_succeed{RepetitionInfo}[106]" classname="com.revature.wordsaway.services.BoardServiceTest" time="0.004"/>
  <testcase name="test_validateMove_UnconnectedLongHorizontalMoveOnBoardWithOneLetter_succeed{RepetitionInfo}[107]" classname="com.revature.wordsaway.services.BoardServiceTest" time="0.003"/>
  <testcase name="test_validateMove_UnconnectedLongHorizontalMoveOnBoardWithOneLetter_succeed{RepetitionInfo}[108]" classname="com.revature.wordsaway.services.BoardServiceTest" time="0.004"/>
  <testcase name="test_validateMove_UnconnectedLongHorizontalMoveOnBoardWithOneLetter_succeed{RepetitionInfo}[109]" classname="com.revature.wordsaway.services.BoardServiceTest" time="0.004"/>
  <testcase name="test_validateMove_UnconnectedLongHorizontalMoveOnBoardWithOneLetter_succeed{RepetitionInfo}[110]" classname="com.revature.wordsaway.services.BoardServiceTest" time="0"/>
  <testcase name="test_validateMove_UnconnectedLongHorizontalMoveOnBoardWithOneLetter_succeed{RepetitionInfo}[111]" classname="com.revature.wordsaway.services.BoardServiceTest" time="0.001"/>
  <testcase name="test_validateMove_UnconnectedLongHorizontalMoveOnBoardWithOneLetter_succeed{RepetitionInfo}[112]" classname="com.revature.wordsaway.services.BoardServiceTest" time="0"/>
  <testcase name="test_validateMove_UnconnectedLongHorizontalMoveOnBoardWithOneLetter_succeed{RepetitionInfo}[113]" classname="com.revature.wordsaway.services.BoardServiceTest" time="0.004"/>
  <testcase name="test_validateMove_UnconnectedLongHorizontalMoveOnBoardWithOneLetter_succeed{RepetitionInfo}[114]" classname="com.revature.wordsaway.services.BoardServiceTest" time="0.004"/>
  <testcase name="test_validateMove_UnconnectedLongHorizontalMoveOnBoardWithOneLetter_succeed{RepetitionInfo}[115]" classname="com.revature.wordsaway.services.BoardServiceTest" time="0.004"/>
  <testcase name="test_validateMove_UnconnectedLongHorizontalMoveOnBoardWithOneLetter_succeed{RepetitionInfo}[116]" classname="com.revature.wordsaway.services.BoardServiceTest" time="0"/>
  <testcase name="test_validateMove_UnconnectedLongHorizontalMoveOnBoardWithOneLetter_succeed{RepetitionInfo}[117]" classname="com.revature.wordsaway.services.BoardServiceTest" time="0.001"/>
  <testcase name="test_validateMove_UnconnectedLongHorizontalMoveOnBoardWithOneLetter_succeed{RepetitionInfo}[118]" classname="com.revature.wordsaway.services.BoardServiceTest" time="0"/>
  <testcase name="test_validateMove_UnconnectedLongHorizontalMoveOnBoardWithOneLetter_succeed{RepetitionInfo}[119]" classname="com.revature.wordsaway.services.BoardServiceTest" time="0"/>
  <testcase name="test_validateMove_UnconnectedLongHorizontalMoveOnBoardWithOneLetter_succeed{RepetitionInfo}[120]" classname="com.revature.wordsaway.services.BoardServiceTest" time="0"/>
  <testcase name="test_validateMove_UnconnectedLongHorizontalMoveOnBoardWithOneLetter_succeed{RepetitionInfo}[121]" classname="com.revature.wordsaway.services.BoardServiceTest" time="0.001"/>
  <testcase name="test_validateMove_UnconnectedLongHorizontalMoveOnBoardWithOneLetter_succeed{RepetitionInfo}[122]" classname="com.revature.wordsaway.services.BoardServiceTest" time="0.004"/>
  <testcase name="test_validateMove_UnconnectedLongHorizontalMoveOnBoardWithOneLetter_succeed{RepetitionInfo}[123]" classname="com.revature.wordsaway.services.BoardServiceTest" time="0.009"/>
  <testcase name="test_validateMove_UnconnectedLongHorizontalMoveOnBoardWithOneLetter_succeed{RepetitionInfo}[124]" classname="com.revature.wordsaway.services.BoardServiceTest" time="0.004"/>
  <testcase name="test_validateMove_UnconnectedLongHorizontalMoveOnBoardWithOneLetter_succeed{RepetitionInfo}[125]" classname="com.revature.wordsaway.services.BoardServiceTest" time="0.004"/>
  <testcase name="test_validateMove_UnconnectedLongHorizontalMoveOnBoardWithOneLetter_succeed{RepetitionInfo}[126]" classname="com.revature.wordsaway.services.BoardServiceTest" time="0.001"/>
  <testcase name="test_validateMove_UnconnectedLongHorizontalMoveOnBoardWithOneLetter_succeed{RepetitionInfo}[127]" classname="com.revature.wordsaway.services.BoardServiceTest" time="0"/>
  <testcase name="test_validateMove_UnconnectedLongHorizontalMoveOnBoardWithOneLetter_succeed{RepetitionInfo}[128]" classname="com.revature.wordsaway.services.BoardServiceTest" time="0"/>
  <testcase name="test_validateMove_UnconnectedLongHorizontalMoveOnBoardWithOneLetter_succeed{RepetitionInfo}[129]" classname="com.revature.wordsaway.services.BoardServiceTest" time="0.004"/>
  <testcase name="test_validateMove_UnconnectedLongHorizontalMoveOnBoardWithOneLetter_succeed{RepetitionInfo}[130]" classname="com.revature.wordsaway.services.BoardServiceTest" time="0.006"/>
  <testcase name="test_validateMove_UnconnectedLongHorizontalMoveOnBoardWithOneLetter_succeed{RepetitionInfo}[131]" classname="com.revature.wordsaway.services.BoardServiceTest" time="0.005"/>
  <testcase name="test_validateMove_UnconnectedLongHorizontalMoveOnBoardWithOneLetter_succeed{RepetitionInfo}[132]" classname="com.revature.wordsaway.services.BoardServiceTest" time="0.006"/>
  <testcase name="test_validateMove_UnconnectedLongHorizontalMoveOnBoardWithOneLetter_succeed{RepetitionInfo}[133]" classname="com.revature.wordsaway.services.BoardServiceTest" time="0.001"/>
  <testcase name="test_validateMove_UnconnectedLongHorizontalMoveOnBoardWithOneLetter_succeed{RepetitionInfo}[134]" classname="com.revature.wordsaway.services.BoardServiceTest" time="0"/>
  <testcase name="test_validateMove_UnconnectedLongHorizontalMoveOnBoardWithOneLetter_succeed{RepetitionInfo}[135]" classname="com.revature.wordsaway.services.BoardServiceTest" time="0.001"/>
  <testcase name="test_validateMove_UnconnectedLongHorizontalMoveOnBoardWithOneLetter_succeed{RepetitionInfo}[136]" classname="com.revature.wordsaway.services.BoardServiceTest" time="0"/>
  <testcase name="test_validateMove_UnconnectedLongHorizontalMoveOnBoardWithOneLetter_succeed{RepetitionInfo}[137]" classname="com.revature.wordsaway.services.BoardServiceTest" time="0.001"/>
  <testcase name="test_validateMove_UnconnectedLongHorizontalMoveOnBoardWithOneLetter_succeed{RepetitionInfo}[138]" classname="com.revature.wordsaway.services.BoardServiceTest" time="0.004"/>
  <testcase name="test_validateMove_UnconnectedLongHorizontalMoveOnBoardWithOneLetter_succeed{RepetitionInfo}[139]" classname="com.revature.wordsaway.services.BoardServiceTest" time="0.004"/>
  <testcase name="test_validateMove_UnconnectedLongHorizontalMoveOnBoardWithOneLetter_succeed{RepetitionInfo}[140]" classname="com.revature.wordsaway.services.BoardServiceTest" time="0.006"/>
  <testcase name="test_validateMove_UnconnectedLongHorizontalMoveOnBoardWithOneLetter_succeed{RepetitionInfo}[141]" classname="com.revature.wordsaway.services.BoardServiceTest" time="0.004"/>
  <testcase name="test_validateMove_UnconnectedLongHorizontalMoveOnBoardWithOneLetter_succeed{RepetitionInfo}[142]" classname="com.revature.wordsaway.services.BoardServiceTest" time="0"/>
  <testcase name="test_validateMove_UnconnectedLongHorizontalMoveOnBoardWithOneLetter_succeed{RepetitionInfo}[143]" classname="com.revature.wordsaway.services.BoardServiceTest" time="0.001"/>
  <testcase name="test_validateMove_UnconnectedLongHorizontalMoveOnBoardWithOneLetter_succeed{RepetitionInfo}[144]" classname="com.revature.wordsaway.services.BoardServiceTest" time="0"/>
  <testcase name="test_validateMove_UnconnectedLongHorizontalMoveOnBoardWithOneLetter_succeed{RepetitionInfo}[145]" classname="com.revature.wordsaway.services.BoardServiceTest" time="0.003"/>
  <testcase name="test_validateMove_UnconnectedLongHorizontalMoveOnBoardWithOneLetter_succeed{RepetitionInfo}[146]" classname="com.revature.wordsaway.services.BoardServiceTest" time="0.004"/>
  <testcase name="test_validateMove_UnconnectedLongHorizontalMoveOnBoardWithOneLetter_succeed{RepetitionInfo}[147]" classname="com.revature.wordsaway.services.BoardServiceTest" time="0.003"/>
  <testcase name="test_validateMove_UnconnectedLongHorizontalMoveOnBoardWithOneLetter_succeed{RepetitionInfo}[148]" classname="com.revature.wordsaway.services.BoardServiceTest" time="0.004"/>
  <testcase name="test_validateMove_UnconnectedLongHorizontalMoveOnBoardWithOneLetter_succeed{RepetitionInfo}[149]" classname="com.revature.wordsaway.services.BoardServiceTest" time="0.003"/>
  <testcase name="test_validateMove_UnconnectedLongHorizontalMoveOnBoardWithOneLetter_succeed{RepetitionInfo}[150]" classname="com.revature.wordsaway.services.BoardServiceTest" time="0.004"/>
  <testcase name="test_validateMove_UnconnectedLongHorizontalMoveOnBoardWithOneLetter_succeed{RepetitionInfo}[151]" classname="com.revature.wordsaway.services.BoardServiceTest" time="0.004"/>
  <testcase name="test_validateMove_UnconnectedLongHorizontalMoveOnBoardWithOneLetter_succeed{RepetitionInfo}[152]" classname="com.revature.wordsaway.services.BoardServiceTest" time="0.004"/>
  <testcase name="test_validateMove_UnconnectedLongHorizontalMoveOnBoardWithOneLetter_succeed{RepetitionInfo}[153]" classname="com.revature.wordsaway.services.BoardServiceTest" time="0.008"/>
  <testcase name="test_validateMove_UnconnectedLongHorizontalMoveOnBoardWithOneLetter_succeed{RepetitionInfo}[154]" classname="com.revature.wordsaway.services.BoardServiceTest" time="0.004"/>
  <testcase name="test_validateMove_UnconnectedLongHorizontalMoveOnBoardWithOneLetter_succeed{RepetitionInfo}[155]" classname="com.revature.wordsaway.services.BoardServiceTest" time="0.004"/>
  <testcase name="test_validateMove_UnconnectedLongHorizontalMoveOnBoardWithOneLetter_succeed{RepetitionInfo}[156]" classname="com.revature.wordsaway.services.BoardServiceTest" time="0.004"/>
  <testcase name="test_validateMove_UnconnectedLongHorizontalMoveOnBoardWithOneLetter_succeed{RepetitionInfo}[157]" classname="com.revature.wordsaway.services.BoardServiceTest" time="0.004"/>
  <testcase name="test_validateMove_UnconnectedLongHorizontalMoveOnBoardWithOneLetter_succeed{RepetitionInfo}[158]" classname="com.revature.wordsaway.services.BoardServiceTest" time="0"/>
  <testcase name="test_validateMove_UnconnectedLongHorizontalMoveOnBoardWithOneLetter_succeed{RepetitionInfo}[159]" classname="com.revature.wordsaway.services.BoardServiceTest" time="0"/>
  <testcase name="test_validateMove_UnconnectedLongHorizontalMoveOnBoardWithOneLetter_succeed{RepetitionInfo}[160]" classname="com.revature.wordsaway.services.BoardServiceTest" time="0"/>
  <testcase name="test_validateMove_UnconnectedLongHorizontalMoveOnBoardWithOneLetter_succeed{RepetitionInfo}[161]" classname="com.revature.wordsaway.services.BoardServiceTest" time="0.004"/>
  <testcase name="test_validateMove_UnconnectedLongHorizontalMoveOnBoardWithOneLetter_succeed{RepetitionInfo}[162]" classname="com.revature.wordsaway.services.BoardServiceTest" time="0.004"/>
  <testcase name="test_validateMove_UnconnectedLongHorizontalMoveOnBoardWithOneLetter_succeed{RepetitionInfo}[163]" classname="com.revature.wordsaway.services.BoardServiceTest" time="0.004"/>
  <testcase name="test_validateMove_UnconnectedLongHorizontalMoveOnBoardWithOneLetter_succeed{RepetitionInfo}[164]" classname="com.revature.wordsaway.services.BoardServiceTest" time="0.004"/>
  <testcase name="test_validateMove_UnconnectedLongHorizontalMoveOnBoardWithOneLetter_succeed{RepetitionInfo}[165]" classname="com.revature.wordsaway.services.BoardServiceTest" time="0.004"/>
  <testcase name="test_validateMove_UnconnectedLongHorizontalMoveOnBoardWithOneLetter_succeed{RepetitionInfo}[166]" classname="com.revature.wordsaway.services.BoardServiceTest" time="0.004"/>
  <testcase name="test_validateMove_UnconnectedLongHorizontalMoveOnBoardWithOneLetter_succeed{RepetitionInfo}[167]" classname="com.revature.wordsaway.services.BoardServiceTest" time="0.013"/>
  <testcase name="test_validateMove_UnconnectedLongHorizontalMoveOnBoardWithOneLetter_succeed{RepetitionInfo}[168]" classname="com.revature.wordsaway.services.BoardServiceTest" time="0.004"/>
  <testcase name="test_validateMove_UnconnectedLongHorizontalMoveOnBoardWithOneLetter_succeed{RepetitionInfo}[169]" classname="com.revature.wordsaway.services.BoardServiceTest" time="0.003"/>
  <testcase name="test_validateMove_UnconnectedLongHorizontalMoveOnBoardWithOneLetter_succeed{RepetitionInfo}[170]" classname="com.revature.wordsaway.services.BoardServiceTest" time="0.004"/>
  <testcase name="test_validateMove_UnconnectedLongHorizontalMoveOnBoardWithOneLetter_succeed{RepetitionInfo}[171]" classname="com.revature.wordsaway.services.BoardServiceTest" time="0.003"/>
  <testcase name="test_validateMove_UnconnectedLongHorizontalMoveOnBoardWithOneLetter_succeed{RepetitionInfo}[172]" classname="com.revature.wordsaway.services.BoardServiceTest" time="0.003"/>
  <testcase name="test_validateMove_UnconnectedLongHorizontalMoveOnBoardWithOneLetter_succeed{RepetitionInfo}[173]" classname="com.revature.wordsaway.services.BoardServiceTest" time="0.003"/>
  <testcase name="test_validateMove_UnconnectedLongHorizontalMoveOnBoardWithOneLetter_succeed{RepetitionInfo}[174]" classname="com.revature.wordsaway.services.BoardServiceTest" time="0"/>
  <testcase name="test_validateMove_UnconnectedLongHorizontalMoveOnBoardWithOneLetter_succeed{RepetitionInfo}[175]" classname="com.revature.wordsaway.services.BoardServiceTest" time="0.001"/>
  <testcase name="test_validateMove_UnconnectedLongHorizontalMoveOnBoardWithOneLetter_succeed{RepetitionInfo}[176]" classname="com.revature.wordsaway.services.BoardServiceTest" time="0"/>
  <testcase name="test_validateMove_UnconnectedLongHorizontalMoveOnBoardWithOneLetter_succeed{RepetitionInfo}[177]" classname="com.revature.wordsaway.services.BoardServiceTest" time="0.003"/>
  <testcase name="test_validateMove_UnconnectedLongHorizontalMoveOnBoardWithOneLetter_succeed{RepetitionInfo}[178]" classname="com.revature.wordsaway.services.BoardServiceTest" time="0.003"/>
  <testcase name="test_validateMove_UnconnectedLongHorizontalMoveOnBoardWithOneLetter_succeed{RepetitionInfo}[179]" classname="com.revature.wordsaway.services.BoardServiceTest" time="0.004"/>
  <testcase name="test_validateMove_UnconnectedLongHorizontalMoveOnBoardWithOneLetter_succeed{RepetitionInfo}[180]" classname="com.revature.wordsaway.services.BoardServiceTest" time="0.003"/>
  <testcase name="test_validateMove_UnconnectedLongHorizontalMoveOnBoardWithOneLetter_succeed{RepetitionInfo}[181]" classname="com.revature.wordsaway.services.BoardServiceTest" time="0.005"/>
  <testcase name="test_validateMove_UnconnectedLongHorizontalMoveOnBoardWithOneLetter_succeed{RepetitionInfo}[182]" classname="com.revature.wordsaway.services.BoardServiceTest" time="0.005"/>
  <testcase name="test_validateMove_UnconnectedLongHorizontalMoveOnBoardWithOneLetter_succeed{RepetitionInfo}[183]" classname="com.revature.wordsaway.services.BoardServiceTest" time="0.004"/>
  <testcase name="test_validateMove_UnconnectedLongHorizontalMoveOnBoardWithOneLetter_succeed{RepetitionInfo}[184]" classname="com.revature.wordsaway.services.BoardServiceTest" time="0.003"/>
  <testcase name="test_validateMove_UnconnectedLongHorizontalMoveOnBoardWithOneLetter_succeed{RepetitionInfo}[185]" classname="com.revature.wordsaway.services.BoardServiceTest" time="0.003"/>
  <testcase name="test_validateMove_UnconnectedLongHorizontalMoveOnBoardWithOneLetter_succeed{RepetitionInfo}[186]" classname="com.revature.wordsaway.services.BoardServiceTest" time="0.003"/>
  <testcase name="test_validateMove_UnconnectedLongHorizontalMoveOnBoardWithOneLetter_succeed{RepetitionInfo}[187]" classname="com.revature.wordsaway.services.BoardServiceTest" time="0.003"/>
  <testcase name="test_validateMove_UnconnectedLongHorizontalMoveOnBoardWithOneLetter_succeed{RepetitionInfo}[188]" classname="com.revature.wordsaway.services.BoardServiceTest" time="0.003"/>
  <testcase name="test_validateMove_UnconnectedLongHorizontalMoveOnBoardWithOneLetter_succeed{RepetitionInfo}[189]" classname="com.revature.wordsaway.services.BoardServiceTest" time="0.003"/>
  <testcase name="test_validateMove_UnconnectedLongHorizontalMoveOnBoardWithOneLetter_succeed{RepetitionInfo}[190]" classname="com.revature.wordsaway.services.BoardServiceTest" time="0"/>
  <testcase name="test_validateMove_UnconnectedLongHorizontalMoveOnBoardWithOneLetter_succeed{RepetitionInfo}[191]" classname="com.revature.wordsaway.services.BoardServiceTest" time="0.001"/>
  <testcase name="test_validateMove_UnconnectedLongHorizontalMoveOnBoardWithOneLetter_succeed{RepetitionInfo}[192]" classname="com.revature.wordsaway.services.BoardServiceTest" time="0"/>
  <testcase name="test_validateMove_UnconnectedLongHorizontalMoveOnBoardWithOneLetter_succeed{RepetitionInfo}[193]" classname="com.revature.wordsaway.services.BoardServiceTest" time="0.004"/>
  <testcase name="test_validateMove_UnconnectedLongHorizontalMoveOnBoardWithOneLetter_succeed{RepetitionInfo}[194]" classname="com.revature.wordsaway.services.BoardServiceTest" time="0.003"/>
  <testcase name="test_validateMove_UnconnectedLongHorizontalMoveOnBoardWithOneLetter_succeed{RepetitionInfo}[195]" classname="com.revature.wordsaway.services.BoardServiceTest" time="0.004"/>
  <testcase name="test_validateMove_UnconnectedLongHorizontalMoveOnBoardWithOneLetter_succeed{RepetitionInfo}[196]" classname="com.revature.wordsaway.services.BoardServiceTest" time="0.003"/>
  <testcase name="test_validateMove_UnconnectedLongHorizontalMoveOnBoardWithOneLetter_succeed{RepetitionInfo}[197]" classname="com.revature.wordsaway.services.BoardServiceTest" time="0.004"/>
  <testcase name="test_validateMove_UnconnectedLongHorizontalMoveOnBoardWithOneLetter_succeed{RepetitionInfo}[198]" classname="com.revature.wordsaway.services.BoardServiceTest" time="0.003"/>
  <testcase name="test_validateMove_UnconnectedLongHorizontalMoveOnBoardWithOneLetter_succeed{RepetitionInfo}[199]" classname="com.revature.wordsaway.services.BoardServiceTest" time="0.004"/>
  <testcase name="test_validateMove_UnconnectedLongHorizontalMoveOnBoardWithOneLetter_succeed{RepetitionInfo}[200]" classname="com.revature.wordsaway.services.BoardServiceTest" time="0.003"/>
  <testcase name="test_validateMove_UnconnectedLongHorizontalMoveOnBoardWithOneLetter_succeed{RepetitionInfo}[201]" classname="com.revature.wordsaway.services.BoardServiceTest" time="0.004"/>
  <testcase name="test_validateMove_UnconnectedLongHorizontalMoveOnBoardWithOneLetter_succeed{RepetitionInfo}[202]" classname="com.revature.wordsaway.services.BoardServiceTest" time="0.004"/>
  <testcase name="test_validateMove_UnconnectedLongHorizontalMoveOnBoardWithOneLetter_succeed{RepetitionInfo}[203]" classname="com.revature.wordsaway.services.BoardServiceTest" time="0.003"/>
  <testcase name="test_validateMove_UnconnectedLongHorizontalMoveOnBoardWithOneLetter_succeed{RepetitionInfo}[204]" classname="com.revature.wordsaway.services.BoardServiceTest" time="0.005"/>
  <testcase name="test_validateMove_UnconnectedLongHorizontalMoveOnBoardWithOneLetter_succeed{RepetitionInfo}[205]" classname="com.revature.wordsaway.services.BoardServiceTest" time="0.005"/>
  <testcase name="test_validateMove_UnconnectedLongHorizontalMoveOnBoardWithOneLetter_succeed{RepetitionInfo}[206]" classname="com.revature.wordsaway.services.BoardServiceTest" time="0"/>
  <testcase name="test_validateMove_UnconnectedLongHorizontalMoveOnBoardWithOneLetter_succeed{RepetitionInfo}[207]" classname="com.revature.wordsaway.services.BoardServiceTest" time="0.001"/>
  <testcase name="test_validateMove_UnconnectedLongHorizontalMoveOnBoardWithOneLetter_succeed{RepetitionInfo}[208]" classname="com.revature.wordsaway.services.BoardServiceTest" time="0"/>
  <testcase name="test_validateMove_UnconnectedLongHorizontalMoveOnBoardWithOneLetter_succeed{RepetitionInfo}[209]" classname="com.revature.wordsaway.services.BoardServiceTest" time="0.004"/>
  <testcase name="test_validateMove_UnconnectedLongHorizontalMoveOnBoardWithOneLetter_succeed{RepetitionInfo}[210]" classname="com.revature.wordsaway.services.BoardServiceTest" time="0.004"/>
  <testcase name="test_validateMove_UnconnectedLongHorizontalMoveOnBoardWithOneLetter_succeed{RepetitionInfo}[211]" classname="com.revature.wordsaway.services.BoardServiceTest" time="0.004"/>
  <testcase name="test_validateMove_UnconnectedLongHorizontalMoveOnBoardWithOneLetter_succeed{RepetitionInfo}[212]" classname="com.revature.wordsaway.services.BoardServiceTest" time="0.003"/>
  <testcase name="test_validateMove_UnconnectedLongHorizontalMoveOnBoardWithOneLetter_succeed{RepetitionInfo}[213]" classname="com.revature.wordsaway.services.BoardServiceTest" time="0.003"/>
  <testcase name="test_validateMove_UnconnectedLongHorizontalMoveOnBoardWithOneLetter_succeed{RepetitionInfo}[214]" classname="com.revature.wordsaway.services.BoardServiceTest" time="0.004"/>
  <testcase name="test_validateMove_UnconnectedLongHorizontalMoveOnBoardWithOneLetter_succeed{RepetitionInfo}[215]" classname="com.revature.wordsaway.services.BoardServiceTest" time="0.003"/>
  <testcase name="test_validateMove_UnconnectedLongHorizontalMoveOnBoardWithOneLetter_succeed{RepetitionInfo}[216]" classname="com.revature.wordsaway.services.BoardServiceTest" time="0.004"/>
  <testcase name="test_validateMove_UnconnectedLongHorizontalMoveOnBoardWithOneLetter_succeed{RepetitionInfo}[217]" classname="com.revature.wordsaway.services.BoardServiceTest" time="0.003"/>
  <testcase name="test_validateMove_UnconnectedLongHorizontalMoveOnBoardWithOneLetter_succeed{RepetitionInfo}[218]" classname="com.revature.wordsaway.services.BoardServiceTest" time="0.004"/>
  <testcase name="test_validateMove_UnconnectedLongHorizontalMoveOnBoardWithOneLetter_succeed{RepetitionInfo}[219]" classname="com.revature.wordsaway.services.BoardServiceTest" time="0.003"/>
  <testcase name="test_validateMove_UnconnectedLongHorizontalMoveOnBoardWithOneLetter_succeed{RepetitionInfo}[220]" classname="com.revature.wordsaway.services.BoardServiceTest" time="0.003"/>
  <testcase name="test_validateMove_UnconnectedLongHorizontalMoveOnBoardWithOneLetter_succeed{RepetitionInfo}[221]" classname="com.revature.wordsaway.services.BoardServiceTest" time="0.004"/>
  <testcase name="test_validateMove_UnconnectedLongHorizontalMoveOnBoardWithOneLetter_succeed{RepetitionInfo}[222]" classname="com.revature.wordsaway.services.BoardServiceTest" time="0.002"/>
  <testcase name="test_validateMove_UnconnectedLongHorizontalMoveOnBoardWithOneLetter_succeed{RepetitionInfo}[223]" classname="com.revature.wordsaway.services.BoardServiceTest" time="0.001"/>
  <testcase name="test_validateMove_UnconnectedLongHorizontalMoveOnBoardWithOneLetter_succeed{RepetitionInfo}[224]" classname="com.revature.wordsaway.services.BoardServiceTest" time="0"/>
  <testcase name="test_validateMove_UnconnectedLongHorizontalMoveOnBoardWithOneLetter_succeed{RepetitionInfo}[225]" classname="com.revature.wordsaway.services.BoardServiceTest" time="0.004"/>
  <testcase name="test_validateMove_UnconnectedLongHorizontalMoveOnBoardWithOneLetter_succeed{RepetitionInfo}[226]" classname="com.revature.wordsaway.services.BoardServiceTest" time="0.003"/>
  <testcase name="test_validateMove_UnconnectedLongHorizontalMoveOnBoardWithOneLetter_succeed{RepetitionInfo}[227]" classname="com.revature.wordsaway.services.BoardServiceTest" time="0.004"/>
  <testcase name="test_validateMove_UnconnectedLongHorizontalMoveOnBoardWithOneLetter_succeed{RepetitionInfo}[228]" classname="com.revature.wordsaway.services.BoardServiceTest" time="0.004"/>
  <testcase name="test_validateMove_UnconnectedLongHorizontalMoveOnBoardWithOneLetter_succeed{RepetitionInfo}[229]" classname="com.revature.wordsaway.services.BoardServiceTest" time="0.003"/>
  <testcase name="test_validateMove_UnconnectedLongHorizontalMoveOnBoardWithOneLetter_succeed{RepetitionInfo}[230]" classname="com.revature.wordsaway.services.BoardServiceTest" time="0.005"/>
  <testcase name="test_validateMove_UnconnectedLongHorizontalMoveOnBoardWithOneLetter_succeed{RepetitionInfo}[231]" classname="com.revature.wordsaway.services.BoardServiceTest" time="0.003"/>
  <testcase name="test_validateMove_UnconnectedLongHorizontalMoveOnBoardWithOneLetter_succeed{RepetitionInfo}[232]" classname="com.revature.wordsaway.services.BoardServiceTest" time="0.004"/>
  <testcase name="test_validateMove_UnconnectedLongHorizontalMoveOnBoardWithOneLetter_succeed{RepetitionInfo}[233]" classname="com.revature.wordsaway.services.BoardServiceTest" time="0.004"/>
  <testcase name="test_validateMove_UnconnectedLongHorizontalMoveOnBoardWithOneLetter_succeed{RepetitionInfo}[234]" classname="com.revature.wordsaway.services.BoardServiceTest" time="0.003"/>
  <testcase name="test_validateMove_UnconnectedLongHorizontalMoveOnBoardWithOneLetter_succeed{RepetitionInfo}[235]" classname="com.revature.wordsaway.services.BoardServiceTest" time="0.004"/>
  <testcase name="test_validateMove_UnconnectedLongHorizontalMoveOnBoardWithOneLetter_succeed{RepetitionInfo}[236]" classname="com.revature.wordsaway.services.BoardServiceTest" time="0.003"/>
  <testcase name="test_validateMove_UnconnectedLongHorizontalMoveOnBoardWithOneLetter_succeed{RepetitionInfo}[237]" classname="com.revature.wordsaway.services.BoardServiceTest" time="0.004"/>
  <testcase name="test_validateMove_UnconnectedLongHorizontalMoveOnBoardWithOneLetter_succeed{RepetitionInfo}[238]" classname="com.revature.wordsaway.services.BoardServiceTest" time="0"/>
  <testcase name="test_validateMove_UnconnectedLongHorizontalMoveOnBoardWithOneLetter_succeed{RepetitionInfo}[239]" classname="com.revature.wordsaway.services.BoardServiceTest" time="0.001"/>
  <testcase name="test_validateMove_UnconnectedLongHorizontalMoveOnBoardWithOneLetter_succeed{RepetitionInfo}[240]" classname="com.revature.wordsaway.services.BoardServiceTest" time="0"/>
  <testcase name="test_validateMove_UnconnectedLongHorizontalMoveOnBoardWithOneLetter_succeed{RepetitionInfo}[241]" classname="com.revature.wordsaway.services.BoardServiceTest" time="0.003"/>
  <testcase name="test_validateMove_UnconnectedLongHorizontalMoveOnBoardWithOneLetter_succeed{RepetitionInfo}[242]" classname="com.revature.wordsaway.services.BoardServiceTest" time="0.004"/>
  <testcase name="test_validateMove_UnconnectedLongHorizontalMoveOnBoardWithOneLetter_succeed{RepetitionInfo}[243]" classname="com.revature.wordsaway.services.BoardServiceTest" time="0.003"/>
  <testcase name="test_validateMove_UnconnectedLongHorizontalMoveOnBoardWithOneLetter_succeed{RepetitionInfo}[244]" classname="com.revature.wordsaway.services.BoardServiceTest" time="0.003"/>
  <testcase name="test_validateMove_UnconnectedLongHorizontalMoveOnBoardWithOneLetter_succeed{RepetitionInfo}[245]" classname="com.revature.wordsaway.services.BoardServiceTest" time="0.004"/>
  <testcase name="test_validateMove_UnconnectedLongHorizontalMoveOnBoardWithOneLetter_succeed{RepetitionInfo}[246]" classname="com.revature.wordsaway.services.BoardServiceTest" time="0.003"/>
  <testcase name="test_validateMove_UnconnectedLongHorizontalMoveOnBoardWithOneLetter_succeed{RepetitionInfo}[247]" classname="com.revature.wordsaway.services.BoardServiceTest" time="0.004"/>
  <testcase name="test_validateMove_UnconnectedLongHorizontalMoveOnBoardWithOneLetter_succeed{RepetitionInfo}[248]" classname="com.revature.wordsaway.services.BoardServiceTest" time="0.003"/>
  <testcase name="test_validateMove_UnconnectedLongHorizontalMoveOnBoardWithOneLetter_succeed{RepetitionInfo}[249]" classname="com.revature.wordsaway.services.BoardServiceTest" time="0.003"/>
  <testcase name="test_validateMove_UnconnectedLongHorizontalMoveOnBoardWithOneLetter_succeed{RepetitionInfo}[250]" classname="com.revature.wordsaway.services.BoardServiceTest" time="0.004"/>
  <testcase name="test_validateMove_UnconnectedLongHorizontalMoveOnBoardWithOneLetter_succeed{RepetitionInfo}[251]" classname="com.revature.wordsaway.services.BoardServiceTest" time="0.003"/>
  <testcase name="test_validateMove_UnconnectedLongHorizontalMoveOnBoardWithOneLetter_succeed{RepetitionInfo}[252]" classname="com.revature.wordsaway.services.BoardServiceTest" time="0.003"/>
  <testcase name="test_validateMove_UnconnectedLongHorizontalMoveOnBoardWithOneLetter_succeed{RepetitionInfo}[253]" classname="com.revature.wordsaway.services.BoardServiceTest" time="0.004"/>
  <testcase name="test_validateMove_UnconnectedLongHorizontalMoveOnBoardWithOneLetter_succeed{RepetitionInfo}[254]" classname="com.revature.wordsaway.services.BoardServiceTest" time="0"/>
  <testcase name="test_validateMove_UnconnectedLongHorizontalMoveOnBoardWithOneLetter_succeed{RepetitionInfo}[255]" classname="com.revature.wordsaway.services.BoardServiceTest" time="0"/>
  <testcase name="test_validateMove_UnconnectedLongHorizontalMoveOnBoardWithOneLetter_succeed{RepetitionInfo}[256]" classname="com.revature.wordsaway.services.BoardServiceTest" time="0.001"/>
  <testcase name="test_validateMove_NoMoveOnBlankBoard_fail" classname="com.revature.wordsaway.services.BoardServiceTest" time="0.007"/>
  <testcase name="test_validateMove_ConnectedShortHorizontalFrontMoveOnBoardWithOneLetter_succeed" classname="com.revature.wordsaway.services.BoardServiceTest" time="0.004"/>
  <testcase name="test_update_succeed" classname="com.revature.wordsaway.services.BoardServiceTest" time="0.001"/>
  <testcase name="test_validateMove_ConnectedLongHorizontalBetweenMoveOnBoardWithThreeLetters_succeed" classname="com.revature.wordsaway.services.BoardServiceTest" time="0.007"/>
  <testcase name="test_getChecked_HorizontalMoveOnBoardWith1PointLetters_succeed" classname="com.revature.wordsaway.services.BoardServiceTest" time="0.001"/>
  <testcase name="test_validateMove_ConnectedLongHorizontalFrontMoveOnBoardWithOneLetter_succeed" classname="com.revature.wordsaway.services.BoardServiceTest" time="0.01"/>
  <testcase name="test_getCheckedOnBoardWithOneLetter_succeed" classname="com.revature.wordsaway.services.BoardServiceTest" time="0.001"/>
  <testcase name="test_getCheckedOnBlankBoard_succeed" classname="com.revature.wordsaway.services.BoardServiceTest" time="0"/>
  <testcase name="test_validateMove_TwoDifferentRowAndColumnLetterAndAsteriskMoveOnBlankBoard_fail{RepetitionInfo}[1]" classname="com.revature.wordsaway.services.BoardServiceTest" time="0"/>
  <testcase name="test_validateMove_TwoDifferentRowAndColumnLetterAndAsteriskMoveOnBlankBoard_fail{RepetitionInfo}[2]" classname="com.revature.wordsaway.services.BoardServiceTest" time="0.001"/>
  <testcase name="test_validateMove_TwoDifferentRowAndColumnLetterAndAsteriskMoveOnBlankBoard_fail{RepetitionInfo}[3]" classname="com.revature.wordsaway.services.BoardServiceTest" time="0"/>
  <testcase name="test_validateMove_TwoDifferentRowAndColumnLetterAndAsteriskMoveOnBlankBoard_fail{RepetitionInfo}[4]" classname="com.revature.wordsaway.services.BoardServiceTest" time="0"/>
  <testcase name="test_validateMove_TwoDifferentRowAndColumnLetterAndAsteriskMoveOnBlankBoard_fail{RepetitionInfo}[5]" classname="com.revature.wordsaway.services.BoardServiceTest" time="0.001"/>
  <testcase name="test_validateMove_TwoDifferentRowAndColumnLetterAndAsteriskMoveOnBlankBoard_fail{RepetitionInfo}[6]" classname="com.revature.wordsaway.services.BoardServiceTest" time="0"/>
  <testcase name="test_validateMove_TwoDifferentRowAndColumnLetterAndAsteriskMoveOnBlankBoard_fail{RepetitionInfo}[7]" classname="com.revature.wordsaway.services.BoardServiceTest" time="0"/>
  <testcase name="test_validateMove_TwoDifferentRowAndColumnLetterAndAsteriskMoveOnBlankBoard_fail{RepetitionInfo}[8]" classname="com.revature.wordsaway.services.BoardServiceTest" time="0.001"/>
  <testcase name="test_validateMove_TwoDifferentRowAndColumnLetterAndAsteriskMoveOnBlankBoard_fail{RepetitionInfo}[9]" classname="com.revature.wordsaway.services.BoardServiceTest" time="0"/>
  <testcase name="test_validateMove_TwoDifferentRowAndColumnLetterAndAsteriskMoveOnBlankBoard_fail{RepetitionInfo}[10]" classname="com.revature.wordsaway.services.BoardServiceTest" time="0"/>
  <testcase name="test_validateMove_TwoDifferentRowAndColumnLetterAndAsteriskMoveOnBlankBoard_fail{RepetitionInfo}[11]" classname="com.revature.wordsaway.services.BoardServiceTest" time="0.001"/>
  <testcase name="test_validateMove_TwoDifferentRowAndColumnLetterAndAsteriskMoveOnBlankBoard_fail{RepetitionInfo}[12]" classname="com.revature.wordsaway.services.BoardServiceTest" time="0"/>
  <testcase name="test_validateMove_TwoDifferentRowAndColumnLetterAndAsteriskMoveOnBlankBoard_fail{RepetitionInfo}[13]" classname="com.revature.wordsaway.services.BoardServiceTest" time="0.001"/>
  <testcase name="test_validateMove_TwoDifferentRowAndColumnLetterAndAsteriskMoveOnBlankBoard_fail{RepetitionInfo}[14]" classname="com.revature.wordsaway.services.BoardServiceTest" time="0"/>
  <testcase name="test_validateMove_TwoDifferentRowAndColumnLetterAndAsteriskMoveOnBlankBoard_fail{RepetitionInfo}[15]" classname="com.revature.wordsaway.services.BoardServiceTest" time="0"/>
  <testcase name="test_validateMove_TwoDifferentRowAndColumnLetterAndAsteriskMoveOnBlankBoard_fail{RepetitionInfo}[16]" classname="com.revature.wordsaway.services.BoardServiceTest" time="0.001"/>
  <testcase name="test_validateMove_TwoDifferentRowAndColumnLetterAndAsteriskMoveOnBlankBoard_fail{RepetitionInfo}[17]" classname="com.revature.wordsaway.services.BoardServiceTest" time="0"/>
  <testcase name="test_validateMove_TwoDifferentRowAndColumnLetterAndAsteriskMoveOnBlankBoard_fail{RepetitionInfo}[18]" classname="com.revature.wordsaway.services.BoardServiceTest" time="0.004"/>
  <testcase name="test_validateMove_TwoDifferentRowAndColumnLetterAndAsteriskMoveOnBlankBoard_fail{RepetitionInfo}[19]" classname="com.revature.wordsaway.services.BoardServiceTest" time="0.004"/>
  <testcase name="test_validateMove_TwoDifferentRowAndColumnLetterAndAsteriskMoveOnBlankBoard_fail{RepetitionInfo}[20]" classname="com.revature.wordsaway.services.BoardServiceTest" time="0.003"/>
  <testcase name="test_validateMove_TwoDifferentRowAndColumnLetterAndAsteriskMoveOnBlankBoard_fail{RepetitionInfo}[21]" classname="com.revature.wordsaway.services.BoardServiceTest" time="0.003"/>
  <testcase name="test_validateMove_TwoDifferentRowAndColumnLetterAndAsteriskMoveOnBlankBoard_fail{RepetitionInfo}[22]" classname="com.revature.wordsaway.services.BoardServiceTest" time="0.003"/>
  <testcase name="test_validateMove_TwoDifferentRowAndColumnLetterAndAsteriskMoveOnBlankBoard_fail{RepetitionInfo}[23]" classname="com.revature.wordsaway.services.BoardServiceTest" time="0.003"/>
  <testcase name="test_validateMove_TwoDifferentRowAndColumnLetterAndAsteriskMoveOnBlankBoard_fail{RepetitionInfo}[24]" classname="com.revature.wordsaway.services.BoardServiceTest" time="0.004"/>
  <testcase name="test_validateMove_TwoDifferentRowAndColumnLetterAndAsteriskMoveOnBlankBoard_fail{RepetitionInfo}[25]" classname="com.revature.wordsaway.services.BoardServiceTest" time="0.004"/>
  <testcase name="test_validateMove_TwoDifferentRowAndColumnLetterAndAsteriskMoveOnBlankBoard_fail{RepetitionInfo}[26]" classname="com.revature.wordsaway.services.BoardServiceTest" time="0.004"/>
  <testcase name="test_validateMove_TwoDifferentRowAndColumnLetterAndAsteriskMoveOnBlankBoard_fail{RepetitionInfo}[27]" classname="com.revature.wordsaway.services.BoardServiceTest" time="0.004"/>
  <testcase name="test_validateMove_TwoDifferentRowAndColumnLetterAndAsteriskMoveOnBlankBoard_fail{RepetitionInfo}[28]" classname="com.revature.wordsaway.services.BoardServiceTest" time="0.004"/>
  <testcase name="test_validateMove_TwoDifferentRowAndColumnLetterAndAsteriskMoveOnBlankBoard_fail{RepetitionInfo}[29]" classname="com.revature.wordsaway.services.BoardServiceTest" time="0.003"/>
  <testcase name="test_validateMove_TwoDifferentRowAndColumnLetterAndAsteriskMoveOnBlankBoard_fail{RepetitionInfo}[30]" classname="com.revature.wordsaway.services.BoardServiceTest" time="0.004"/>
  <testcase name="test_validateMove_TwoDifferentRowAndColumnLetterAndAsteriskMoveOnBlankBoard_fail{RepetitionInfo}[31]" classname="com.revature.wordsaway.services.BoardServiceTest" time="0.003"/>
  <testcase name="test_validateMove_TwoDifferentRowAndColumnLetterAndAsteriskMoveOnBlankBoard_fail{RepetitionInfo}[32]" classname="com.revature.wordsaway.services.BoardServiceTest" time="0.003"/>
  <testcase name="test_validateMove_TwoDifferentRowAndColumnLetterAndAsteriskMoveOnBlankBoard_fail{RepetitionInfo}[33]" classname="com.revature.wordsaway.services.BoardServiceTest" time="0.001"/>
  <testcase name="test_validateMove_TwoDifferentRowAndColumnLetterAndAsteriskMoveOnBlankBoard_fail{RepetitionInfo}[34]" classname="com.revature.wordsaway.services.BoardServiceTest" time="0.004"/>
  <testcase name="test_validateMove_TwoDifferentRowAndColumnLetterAndAsteriskMoveOnBlankBoard_fail{RepetitionInfo}[35]" classname="com.revature.wordsaway.services.BoardServiceTest" time="0.004"/>
  <testcase name="test_validateMove_TwoDifferentRowAndColumnLetterAndAsteriskMoveOnBlankBoard_fail{RepetitionInfo}[36]" classname="com.revature.wordsaway.services.BoardServiceTest" time="0.003"/>
  <testcase name="test_validateMove_TwoDifferentRowAndColumnLetterAndAsteriskMoveOnBlankBoard_fail{RepetitionInfo}[37]" classname="com.revature.wordsaway.services.BoardServiceTest" time="0.004"/>
  <testcase name="test_validateMove_TwoDifferentRowAndColumnLetterAndAsteriskMoveOnBlankBoard_fail{RepetitionInfo}[38]" classname="com.revature.wordsaway.services.BoardServiceTest" time="0.003"/>
  <testcase name="test_validateMove_TwoDifferentRowAndColumnLetterAndAsteriskMoveOnBlankBoard_fail{RepetitionInfo}[39]" classname="com.revature.wordsaway.services.BoardServiceTest" time="0.004"/>
  <testcase name="test_validateMove_TwoDifferentRowAndColumnLetterAndAsteriskMoveOnBlankBoard_fail{RepetitionInfo}[40]" classname="com.revature.wordsaway.services.BoardServiceTest" time="0.004"/>
  <testcase name="test_validateMove_TwoDifferentRowAndColumnLetterAndAsteriskMoveOnBlankBoard_fail{RepetitionInfo}[41]" classname="com.revature.wordsaway.services.BoardServiceTest" time="0.003"/>
  <testcase name="test_validateMove_TwoDifferentRowAndColumnLetterAndAsteriskMoveOnBlankBoard_fail{RepetitionInfo}[42]" classname="com.revature.wordsaway.services.BoardServiceTest" time="0.004"/>
  <testcase name="test_validateMove_TwoDifferentRowAndColumnLetterAndAsteriskMoveOnBlankBoard_fail{RepetitionInfo}[43]" classname="com.revature.wordsaway.services.BoardServiceTest" time="0.003"/>
  <testcase name="test_validateMove_TwoDifferentRowAndColumnLetterAndAsteriskMoveOnBlankBoard_fail{RepetitionInfo}[44]" classname="com.revature.wordsaway.services.BoardServiceTest" time="0.004"/>
  <testcase name="test_validateMove_TwoDifferentRowAndColumnLetterAndAsteriskMoveOnBlankBoard_fail{RepetitionInfo}[45]" classname="com.revature.wordsaway.services.BoardServiceTest" time="0.004"/>
  <testcase name="test_validateMove_TwoDifferentRowAndColumnLetterAndAsteriskMoveOnBlankBoard_fail{RepetitionInfo}[46]" classname="com.revature.wordsaway.services.BoardServiceTest" time="0.004"/>
  <testcase name="test_validateMove_TwoDifferentRowAndColumnLetterAndAsteriskMoveOnBlankBoard_fail{RepetitionInfo}[47]" classname="com.revature.wordsaway.services.BoardServiceTest" time="0.003"/>
  <testcase name="test_validateMove_TwoDifferentRowAndColumnLetterAndAsteriskMoveOnBlankBoard_fail{RepetitionInfo}[48]" classname="com.revature.wordsaway.services.BoardServiceTest" time="0.004"/>
  <testcase name="test_validateMove_TwoDifferentRowAndColumnLetterAndAsteriskMoveOnBlankBoard_fail{RepetitionInfo}[49]" classname="com.revature.wordsaway.services.BoardServiceTest" time="0"/>
  <testcase name="test_validateMove_TwoDifferentRowAndColumnLetterAndAsteriskMoveOnBlankBoard_fail{RepetitionInfo}[50]" classname="com.revature.wordsaway.services.BoardServiceTest" time="0.004"/>
  <testcase name="test_validateMove_TwoDifferentRowAndColumnLetterAndAsteriskMoveOnBlankBoard_fail{RepetitionInfo}[51]" classname="com.revature.wordsaway.services.BoardServiceTest" time="0.003"/>
  <testcase name="test_validateMove_TwoDifferentRowAndColumnLetterAndAsteriskMoveOnBlankBoard_fail{RepetitionInfo}[52]" classname="com.revature.wordsaway.services.BoardServiceTest" time="0.004"/>
  <testcase name="test_validateMove_TwoDifferentRowAndColumnLetterAndAsteriskMoveOnBlankBoard_fail{RepetitionInfo}[53]" classname="com.revature.wordsaway.services.BoardServiceTest" time="0.003"/>
  <testcase name="test_validateMove_TwoDifferentRowAndColumnLetterAndAsteriskMoveOnBlankBoard_fail{RepetitionInfo}[54]" classname="com.revature.wordsaway.services.BoardServiceTest" time="0.004"/>
  <testcase name="test_validateMove_TwoDifferentRowAndColumnLetterAndAsteriskMoveOnBlankBoard_fail{RepetitionInfo}[55]" classname="com.revature.wordsaway.services.BoardServiceTest" time="0.005"/>
  <testcase name="test_validateMove_TwoDifferentRowAndColumnLetterAndAsteriskMoveOnBlankBoard_fail{RepetitionInfo}[56]" classname="com.revature.wordsaway.services.BoardServiceTest" time="0.004"/>
  <testcase name="test_validateMove_TwoDifferentRowAndColumnLetterAndAsteriskMoveOnBlankBoard_fail{RepetitionInfo}[57]" classname="com.revature.wordsaway.services.BoardServiceTest" time="0.004"/>
  <testcase name="test_validateMove_TwoDifferentRowAndColumnLetterAndAsteriskMoveOnBlankBoard_fail{RepetitionInfo}[58]" classname="com.revature.wordsaway.services.BoardServiceTest" time="0.003"/>
  <testcase name="test_validateMove_TwoDifferentRowAndColumnLetterAndAsteriskMoveOnBlankBoard_fail{RepetitionInfo}[59]" classname="com.revature.wordsaway.services.BoardServiceTest" time="0.004"/>
  <testcase name="test_validateMove_TwoDifferentRowAndColumnLetterAndAsteriskMoveOnBlankBoard_fail{RepetitionInfo}[60]" classname="com.revature.wordsaway.services.BoardServiceTest" time="0.003"/>
  <testcase name="test_validateMove_TwoDifferentRowAndColumnLetterAndAsteriskMoveOnBlankBoard_fail{RepetitionInfo}[61]" classname="com.revature.wordsaway.services.BoardServiceTest" time="0.004"/>
  <testcase name="test_validateMove_TwoDifferentRowAndColumnLetterAndAsteriskMoveOnBlankBoard_fail{RepetitionInfo}[62]" classname="com.revature.wordsaway.services.BoardServiceTest" time="0.004"/>
  <testcase name="test_validateMove_TwoDifferentRowAndColumnLetterAndAsteriskMoveOnBlankBoard_fail{RepetitionInfo}[63]" classname="com.revature.wordsaway.services.BoardServiceTest" time="0.003"/>
  <testcase name="test_validateMove_TwoDifferentRowAndColumnLetterAndAsteriskMoveOnBlankBoard_fail{RepetitionInfo}[64]" classname="com.revature.wordsaway.services.BoardServiceTest" time="0.003"/>
  <testcase name="test_validateMove_TwoDifferentRowAndColumnLetterAndAsteriskMoveOnBlankBoard_fail{RepetitionInfo}[65]" classname="com.revature.wordsaway.services.BoardServiceTest" time="0"/>
  <testcase name="test_validateMove_TwoDifferentRowAndColumnLetterAndAsteriskMoveOnBlankBoard_fail{RepetitionInfo}[66]" classname="com.revature.wordsaway.services.BoardServiceTest" time="0.004"/>
  <testcase name="test_validateMove_TwoDifferentRowAndColumnLetterAndAsteriskMoveOnBlankBoard_fail{RepetitionInfo}[67]" classname="com.revature.wordsaway.services.BoardServiceTest" time="0.004"/>
  <testcase name="test_validateMove_TwoDifferentRowAndColumnLetterAndAsteriskMoveOnBlankBoard_fail{RepetitionInfo}[68]" classname="com.revature.wordsaway.services.BoardServiceTest" time="0.003"/>
  <testcase name="test_validateMove_TwoDifferentRowAndColumnLetterAndAsteriskMoveOnBlankBoard_fail{RepetitionInfo}[69]" classname="com.revature.wordsaway.services.BoardServiceTest" time="0.004"/>
  <testcase name="test_validateMove_TwoDifferentRowAndColumnLetterAndAsteriskMoveOnBlankBoard_fail{RepetitionInfo}[70]" classname="com.revature.wordsaway.services.BoardServiceTest" time="0.004"/>
  <testcase name="test_validateMove_TwoDifferentRowAndColumnLetterAndAsteriskMoveOnBlankBoard_fail{RepetitionInfo}[71]" classname="com.revature.wordsaway.services.BoardServiceTest" time="0.003"/>
  <testcase name="test_validateMove_TwoDifferentRowAndColumnLetterAndAsteriskMoveOnBlankBoard_fail{RepetitionInfo}[72]" classname="com.revature.wordsaway.services.BoardServiceTest" time="0.004"/>
  <testcase name="test_validateMove_TwoDifferentRowAndColumnLetterAndAsteriskMoveOnBlankBoard_fail{RepetitionInfo}[73]" classname="com.revature.wordsaway.services.BoardServiceTest" time="0.004"/>
  <testcase name="test_validateMove_TwoDifferentRowAndColumnLetterAndAsteriskMoveOnBlankBoard_fail{RepetitionInfo}[74]" classname="com.revature.wordsaway.services.BoardServiceTest" time="0.003"/>
  <testcase name="test_validateMove_TwoDifferentRowAndColumnLetterAndAsteriskMoveOnBlankBoard_fail{RepetitionInfo}[75]" classname="com.revature.wordsaway.services.BoardServiceTest" time="0.004"/>
  <testcase name="test_validateMove_TwoDifferentRowAndColumnLetterAndAsteriskMoveOnBlankBoard_fail{RepetitionInfo}[76]" classname="com.revature.wordsaway.services.BoardServiceTest" time="0.003"/>
  <testcase name="test_validateMove_TwoDifferentRowAndColumnLetterAndAsteriskMoveOnBlankBoard_fail{RepetitionInfo}[77]" classname="com.revature.wordsaway.services.BoardServiceTest" time="0.004"/>
  <testcase name="test_validateMove_TwoDifferentRowAndColumnLetterAndAsteriskMoveOnBlankBoard_fail{RepetitionInfo}[78]" classname="com.revature.wordsaway.services.BoardServiceTest" time="0.003"/>
  <testcase name="test_validateMove_TwoDifferentRowAndColumnLetterAndAsteriskMoveOnBlankBoard_fail{RepetitionInfo}[79]" classname="com.revature.wordsaway.services.BoardServiceTest" time="0.004"/>
  <testcase name="test_validateMove_TwoDifferentRowAndColumnLetterAndAsteriskMoveOnBlankBoard_fail{RepetitionInfo}[80]" classname="com.revature.wordsaway.services.BoardServiceTest" time="0.003"/>
  <testcase name="test_validateMove_TwoDifferentRowAndColumnLetterAndAsteriskMoveOnBlankBoard_fail{RepetitionInfo}[81]" classname="com.revature.wordsaway.services.BoardServiceTest" time="0"/>
  <testcase name="test_validateMove_TwoDifferentRowAndColumnLetterAndAsteriskMoveOnBlankBoard_fail{RepetitionInfo}[82]" classname="com.revature.wordsaway.services.BoardServiceTest" time="0.004"/>
  <testcase name="test_validateMove_TwoDifferentRowAndColumnLetterAndAsteriskMoveOnBlankBoard_fail{RepetitionInfo}[83]" classname="com.revature.wordsaway.services.BoardServiceTest" time="0.003"/>
  <testcase name="test_validateMove_TwoDifferentRowAndColumnLetterAndAsteriskMoveOnBlankBoard_fail{RepetitionInfo}[84]" classname="com.revature.wordsaway.services.BoardServiceTest" time="0.004"/>
  <testcase name="test_validateMove_TwoDifferentRowAndColumnLetterAndAsteriskMoveOnBlankBoard_fail{RepetitionInfo}[85]" classname="com.revature.wordsaway.services.BoardServiceTest" time="0.003"/>
  <testcase name="test_validateMove_TwoDifferentRowAndColumnLetterAndAsteriskMoveOnBlankBoard_fail{RepetitionInfo}[86]" classname="com.revature.wordsaway.services.BoardServiceTest" time="0.003"/>
  <testcase name="test_validateMove_TwoDifferentRowAndColumnLetterAndAsteriskMoveOnBlankBoard_fail{RepetitionInfo}[87]" classname="com.revature.wordsaway.services.BoardServiceTest" time="0.004"/>
  <testcase name="test_validateMove_TwoDifferentRowAndColumnLetterAndAsteriskMoveOnBlankBoard_fail{RepetitionInfo}[88]" classname="com.revature.wordsaway.services.BoardServiceTest" time="0.003"/>
  <testcase name="test_validateMove_TwoDifferentRowAndColumnLetterAndAsteriskMoveOnBlankBoard_fail{RepetitionInfo}[89]" classname="com.revature.wordsaway.services.BoardServiceTest" time="0.004"/>
  <testcase name="test_validateMove_TwoDifferentRowAndColumnLetterAndAsteriskMoveOnBlankBoard_fail{RepetitionInfo}[90]" classname="com.revature.wordsaway.services.BoardServiceTest" time="0.004"/>
  <testcase name="test_validateMove_TwoDifferentRowAndColumnLetterAndAsteriskMoveOnBlankBoard_fail{RepetitionInfo}[91]" classname="com.revature.wordsaway.services.BoardServiceTest" time="0.003"/>
  <testcase name="test_validateMove_TwoDifferentRowAndColumnLetterAndAsteriskMoveOnBlankBoard_fail{RepetitionInfo}[92]" classname="com.revature.wordsaway.services.BoardServiceTest" time="0.003"/>
  <testcase name="test_validateMove_TwoDifferentRowAndColumnLetterAndAsteriskMoveOnBlankBoard_fail{RepetitionInfo}[93]" classname="com.revature.wordsaway.services.BoardServiceTest" time="0.003"/>
  <testcase name="test_validateMove_TwoDifferentRowAndColumnLetterAndAsteriskMoveOnBlankBoard_fail{RepetitionInfo}[94]" classname="com.revature.wordsaway.services.BoardServiceTest" time="0.004"/>
  <testcase name="test_validateMove_TwoDifferentRowAndColumnLetterAndAsteriskMoveOnBlankBoard_fail{RepetitionInfo}[95]" classname="com.revature.wordsaway.services.BoardServiceTest" time="0.005"/>
  <testcase name="test_validateMove_TwoDifferentRowAndColumnLetterAndAsteriskMoveOnBlankBoard_fail{RepetitionInfo}[96]" classname="com.revature.wordsaway.services.BoardServiceTest" time="0.004"/>
  <testcase name="test_validateMove_TwoDifferentRowAndColumnLetterAndAsteriskMoveOnBlankBoard_fail{RepetitionInfo}[97]" classname="com.revature.wordsaway.services.BoardServiceTest" time="0.001"/>
  <testcase name="test_validateMove_TwoDifferentRowAndColumnLetterAndAsteriskMoveOnBlankBoard_fail{RepetitionInfo}[98]" classname="com.revature.wordsaway.services.BoardServiceTest" time="0.004"/>
  <testcase name="test_validateMove_TwoDifferentRowAndColumnLetterAndAsteriskMoveOnBlankBoard_fail{RepetitionInfo}[99]" classname="com.revature.wordsaway.services.BoardServiceTest" time="0.007"/>
  <testcase name="test_validateMove_TwoDifferentRowAndColumnLetterAndAsteriskMoveOnBlankBoard_fail{RepetitionInfo}[100]" classname="com.revature.wordsaway.services.BoardServiceTest" time="0.004"/>
  <testcase name="test_validateMove_TwoDifferentRowAndColumnLetterAndAsteriskMoveOnBlankBoard_fail{RepetitionInfo}[101]" classname="com.revature.wordsaway.services.BoardServiceTest" time="0.003"/>
  <testcase name="test_validateMove_TwoDifferentRowAndColumnLetterAndAsteriskMoveOnBlankBoard_fail{RepetitionInfo}[102]" classname="com.revature.wordsaway.services.BoardServiceTest" time="0.004"/>
  <testcase name="test_validateMove_TwoDifferentRowAndColumnLetterAndAsteriskMoveOnBlankBoard_fail{RepetitionInfo}[103]" classname="com.revature.wordsaway.services.BoardServiceTest" time="0.004"/>
  <testcase name="test_validateMove_TwoDifferentRowAndColumnLetterAndAsteriskMoveOnBlankBoard_fail{RepetitionInfo}[104]" classname="com.revature.wordsaway.services.BoardServiceTest" time="0.004"/>
  <testcase name="test_validateMove_TwoDifferentRowAndColumnLetterAndAsteriskMoveOnBlankBoard_fail{RepetitionInfo}[105]" classname="com.revature.wordsaway.services.BoardServiceTest" time="0.003"/>
  <testcase name="test_validateMove_TwoDifferentRowAndColumnLetterAndAsteriskMoveOnBlankBoard_fail{RepetitionInfo}[106]" classname="com.revature.wordsaway.services.BoardServiceTest" time="0.003"/>
  <testcase name="test_validateMove_TwoDifferentRowAndColumnLetterAndAsteriskMoveOnBlankBoard_fail{RepetitionInfo}[107]" classname="com.revature.wordsaway.services.BoardServiceTest" time="0.003"/>
  <testcase name="test_validateMove_TwoDifferentRowAndColumnLetterAndAsteriskMoveOnBlankBoard_fail{RepetitionInfo}[108]" classname="com.revature.wordsaway.services.BoardServiceTest" time="0.003"/>
  <testcase name="test_validateMove_TwoDifferentRowAndColumnLetterAndAsteriskMoveOnBlankBoard_fail{RepetitionInfo}[109]" classname="com.revature.wordsaway.services.BoardServiceTest" time="0.003"/>
  <testcase name="test_validateMove_TwoDifferentRowAndColumnLetterAndAsteriskMoveOnBlankBoard_fail{RepetitionInfo}[110]" classname="com.revature.wordsaway.services.BoardServiceTest" time="0.004"/>
  <testcase name="test_validateMove_TwoDifferentRowAndColumnLetterAndAsteriskMoveOnBlankBoard_fail{RepetitionInfo}[111]" classname="com.revature.wordsaway.services.BoardServiceTest" time="0.004"/>
  <testcase name="test_validateMove_TwoDifferentRowAndColumnLetterAndAsteriskMoveOnBlankBoard_fail{RepetitionInfo}[112]" classname="com.revature.wordsaway.services.BoardServiceTest" time="0.004"/>
  <testcase name="test_validateMove_TwoDifferentRowAndColumnLetterAndAsteriskMoveOnBlankBoard_fail{RepetitionInfo}[113]" classname="com.revature.wordsaway.services.BoardServiceTest" time="0"/>
  <testcase name="test_validateMove_TwoDifferentRowAndColumnLetterAndAsteriskMoveOnBlankBoard_fail{RepetitionInfo}[114]" classname="com.revature.wordsaway.services.BoardServiceTest" time="0.004"/>
  <testcase name="test_validateMove_TwoDifferentRowAndColumnLetterAndAsteriskMoveOnBlankBoard_fail{RepetitionInfo}[115]" classname="com.revature.wordsaway.services.BoardServiceTest" time="0.004"/>
  <testcase name="test_validateMove_TwoDifferentRowAndColumnLetterAndAsteriskMoveOnBlankBoard_fail{RepetitionInfo}[116]" classname="com.revature.wordsaway.services.BoardServiceTest" time="0.003"/>
  <testcase name="test_validateMove_TwoDifferentRowAndColumnLetterAndAsteriskMoveOnBlankBoard_fail{RepetitionInfo}[117]" classname="com.revature.wordsaway.services.BoardServiceTest" time="0.004"/>
  <testcase name="test_validateMove_TwoDifferentRowAndColumnLetterAndAsteriskMoveOnBlankBoard_fail{RepetitionInfo}[118]" classname="com.revature.wordsaway.services.BoardServiceTest" time="0.003"/>
  <testcase name="test_validateMove_TwoDifferentRowAndColumnLetterAndAsteriskMoveOnBlankBoard_fail{RepetitionInfo}[119]" classname="com.revature.wordsaway.services.BoardServiceTest" time="0.004"/>
  <testcase name="test_validateMove_TwoDifferentRowAndColumnLetterAndAsteriskMoveOnBlankBoard_fail{RepetitionInfo}[120]" classname="com.revature.wordsaway.services.BoardServiceTest" time="0.003"/>
  <testcase name="test_validateMove_TwoDifferentRowAndColumnLetterAndAsteriskMoveOnBlankBoard_fail{RepetitionInfo}[121]" classname="com.revature.wordsaway.services.BoardServiceTest" time="0.003"/>
  <testcase name="test_validateMove_TwoDifferentRowAndColumnLetterAndAsteriskMoveOnBlankBoard_fail{RepetitionInfo}[122]" classname="com.revature.wordsaway.services.BoardServiceTest" time="0.004"/>
  <testcase name="test_validateMove_TwoDifferentRowAndColumnLetterAndAsteriskMoveOnBlankBoard_fail{RepetitionInfo}[123]" classname="com.revature.wordsaway.services.BoardServiceTest" time="0.003"/>
  <testcase name="test_validateMove_TwoDifferentRowAndColumnLetterAndAsteriskMoveOnBlankBoard_fail{RepetitionInfo}[124]" classname="com.revature.wordsaway.services.BoardServiceTest" time="0.004"/>
  <testcase name="test_validateMove_TwoDifferentRowAndColumnLetterAndAsteriskMoveOnBlankBoard_fail{RepetitionInfo}[125]" classname="com.revature.wordsaway.services.BoardServiceTest" time="0.003"/>
  <testcase name="test_validateMove_TwoDifferentRowAndColumnLetterAndAsteriskMoveOnBlankBoard_fail{RepetitionInfo}[126]" classname="com.revature.wordsaway.services.BoardServiceTest" time="0.004"/>
  <testcase name="test_validateMove_TwoDifferentRowAndColumnLetterAndAsteriskMoveOnBlankBoard_fail{RepetitionInfo}[127]" classname="com.revature.wordsaway.services.BoardServiceTest" time="0.003"/>
  <testcase name="test_validateMove_TwoDifferentRowAndColumnLetterAndAsteriskMoveOnBlankBoard_fail{RepetitionInfo}[128]" classname="com.revature.wordsaway.services.BoardServiceTest" time="0.004"/>
  <testcase name="test_validateMove_TwoDifferentRowAndColumnLetterAndAsteriskMoveOnBlankBoard_fail{RepetitionInfo}[129]" classname="com.revature.wordsaway.services.BoardServiceTest" time="0"/>
  <testcase name="test_validateMove_TwoDifferentRowAndColumnLetterAndAsteriskMoveOnBlankBoard_fail{RepetitionInfo}[130]" classname="com.revature.wordsaway.services.BoardServiceTest" time="0.004"/>
  <testcase name="test_validateMove_TwoDifferentRowAndColumnLetterAndAsteriskMoveOnBlankBoard_fail{RepetitionInfo}[131]" classname="com.revature.wordsaway.services.BoardServiceTest" time="0.003"/>
  <testcase name="test_validateMove_TwoDifferentRowAndColumnLetterAndAsteriskMoveOnBlankBoard_fail{RepetitionInfo}[132]" classname="com.revature.wordsaway.services.BoardServiceTest" time="0.004"/>
  <testcase name="test_validateMove_TwoDifferentRowAndColumnLetterAndAsteriskMoveOnBlankBoard_fail{RepetitionInfo}[133]" classname="com.revature.wordsaway.services.BoardServiceTest" time="0.004"/>
  <testcase name="test_validateMove_TwoDifferentRowAndColumnLetterAndAsteriskMoveOnBlankBoard_fail{RepetitionInfo}[134]" classname="com.revature.wordsaway.services.BoardServiceTest" time="0.004"/>
  <testcase name="test_validateMove_TwoDifferentRowAndColumnLetterAndAsteriskMoveOnBlankBoard_fail{RepetitionInfo}[135]" classname="com.revature.wordsaway.services.BoardServiceTest" time="0.004"/>
  <testcase name="test_validateMove_TwoDifferentRowAndColumnLetterAndAsteriskMoveOnBlankBoard_fail{RepetitionInfo}[136]" classname="com.revature.wordsaway.services.BoardServiceTest" time="0.004"/>
  <testcase name="test_validateMove_TwoDifferentRowAndColumnLetterAndAsteriskMoveOnBlankBoard_fail{RepetitionInfo}[137]" classname="com.revature.wordsaway.services.BoardServiceTest" time="0.003"/>
  <testcase name="test_validateMove_TwoDifferentRowAndColumnLetterAndAsteriskMoveOnBlankBoard_fail{RepetitionInfo}[138]" classname="com.revature.wordsaway.services.BoardServiceTest" time="0.004"/>
  <testcase name="test_validateMove_TwoDifferentRowAndColumnLetterAndAsteriskMoveOnBlankBoard_fail{RepetitionInfo}[139]" classname="com.revature.wordsaway.services.BoardServiceTest" time="0.004"/>
  <testcase name="test_validateMove_TwoDifferentRowAndColumnLetterAndAsteriskMoveOnBlankBoard_fail{RepetitionInfo}[140]" classname="com.revature.wordsaway.services.BoardServiceTest" time="0.003"/>
  <testcase name="test_validateMove_TwoDifferentRowAndColumnLetterAndAsteriskMoveOnBlankBoard_fail{RepetitionInfo}[141]" classname="com.revature.wordsaway.services.BoardServiceTest" time="0.003"/>
  <testcase name="test_validateMove_TwoDifferentRowAndColumnLetterAndAsteriskMoveOnBlankBoard_fail{RepetitionInfo}[142]" classname="com.revature.wordsaway.services.BoardServiceTest" time="0.005"/>
  <testcase name="test_validateMove_TwoDifferentRowAndColumnLetterAndAsteriskMoveOnBlankBoard_fail{RepetitionInfo}[143]" classname="com.revature.wordsaway.services.BoardServiceTest" time="0.003"/>
  <testcase name="test_validateMove_TwoDifferentRowAndColumnLetterAndAsteriskMoveOnBlankBoard_fail{RepetitionInfo}[144]" classname="com.revature.wordsaway.services.BoardServiceTest" time="0.003"/>
  <testcase name="test_validateMove_TwoDifferentRowAndColumnLetterAndAsteriskMoveOnBlankBoard_fail{RepetitionInfo}[145]" classname="com.revature.wordsaway.services.BoardServiceTest" time="0"/>
  <testcase name="test_validateMove_TwoDifferentRowAndColumnLetterAndAsteriskMoveOnBlankBoard_fail{RepetitionInfo}[146]" classname="com.revature.wordsaway.services.BoardServiceTest" time="0.003"/>
  <testcase name="test_validateMove_TwoDifferentRowAndColumnLetterAndAsteriskMoveOnBlankBoard_fail{RepetitionInfo}[147]" classname="com.revature.wordsaway.services.BoardServiceTest" time="0.004"/>
  <testcase name="test_validateMove_TwoDifferentRowAndColumnLetterAndAsteriskMoveOnBlankBoard_fail{RepetitionInfo}[148]" classname="com.revature.wordsaway.services.BoardServiceTest" time="0.003"/>
  <testcase name="test_validateMove_TwoDifferentRowAndColumnLetterAndAsteriskMoveOnBlankBoard_fail{RepetitionInfo}[149]" classname="com.revature.wordsaway.services.BoardServiceTest" time="0.004"/>
  <testcase name="test_validateMove_TwoDifferentRowAndColumnLetterAndAsteriskMoveOnBlankBoard_fail{RepetitionInfo}[150]" classname="com.revature.wordsaway.services.BoardServiceTest" time="0.004"/>
  <testcase name="test_validateMove_TwoDifferentRowAndColumnLetterAndAsteriskMoveOnBlankBoard_fail{RepetitionInfo}[151]" classname="com.revature.wordsaway.services.BoardServiceTest" time="0.004"/>
  <testcase name="test_validateMove_TwoDifferentRowAndColumnLetterAndAsteriskMoveOnBlankBoard_fail{RepetitionInfo}[152]" classname="com.revature.wordsaway.services.BoardServiceTest" time="0.003"/>
  <testcase name="test_validateMove_TwoDifferentRowAndColumnLetterAndAsteriskMoveOnBlankBoard_fail{RepetitionInfo}[153]" classname="com.revature.wordsaway.services.BoardServiceTest" time="0.004"/>
  <testcase name="test_validateMove_TwoDifferentRowAndColumnLetterAndAsteriskMoveOnBlankBoard_fail{RepetitionInfo}[154]" classname="com.revature.wordsaway.services.BoardServiceTest" time="0.004"/>
  <testcase name="test_validateMove_TwoDifferentRowAndColumnLetterAndAsteriskMoveOnBlankBoard_fail{RepetitionInfo}[155]" classname="com.revature.wordsaway.services.BoardServiceTest" time="0.003"/>
  <testcase name="test_validateMove_TwoDifferentRowAndColumnLetterAndAsteriskMoveOnBlankBoard_fail{RepetitionInfo}[156]" classname="com.revature.wordsaway.services.BoardServiceTest" time="0.004"/>
  <testcase name="test_validateMove_TwoDifferentRowAndColumnLetterAndAsteriskMoveOnBlankBoard_fail{RepetitionInfo}[157]" classname="com.revature.wordsaway.services.BoardServiceTest" time="0.003"/>
  <testcase name="test_validateMove_TwoDifferentRowAndColumnLetterAndAsteriskMoveOnBlankBoard_fail{RepetitionInfo}[158]" classname="com.revature.wordsaway.services.BoardServiceTest" time="0.004"/>
  <testcase name="test_validateMove_TwoDifferentRowAndColumnLetterAndAsteriskMoveOnBlankBoard_fail{RepetitionInfo}[159]" classname="com.revature.wordsaway.services.BoardServiceTest" time="0.004"/>
  <testcase name="test_validateMove_TwoDifferentRowAndColumnLetterAndAsteriskMoveOnBlankBoard_fail{RepetitionInfo}[160]" classname="com.revature.wordsaway.services.BoardServiceTest" time="0.003"/>
  <testcase name="test_validateMove_TwoDifferentRowAndColumnLetterAndAsteriskMoveOnBlankBoard_fail{RepetitionInfo}[161]" classname="com.revature.wordsaway.services.BoardServiceTest" time="0.001"/>
  <testcase name="test_validateMove_TwoDifferentRowAndColumnLetterAndAsteriskMoveOnBlankBoard_fail{RepetitionInfo}[162]" classname="com.revature.wordsaway.services.BoardServiceTest" time="0.003"/>
  <testcase name="test_validateMove_TwoDifferentRowAndColumnLetterAndAsteriskMoveOnBlankBoard_fail{RepetitionInfo}[163]" classname="com.revature.wordsaway.services.BoardServiceTest" time="0.004"/>
  <testcase name="test_validateMove_TwoDifferentRowAndColumnLetterAndAsteriskMoveOnBlankBoard_fail{RepetitionInfo}[164]" classname="com.revature.wordsaway.services.BoardServiceTest" time="0.004"/>
  <testcase name="test_validateMove_TwoDifferentRowAndColumnLetterAndAsteriskMoveOnBlankBoard_fail{RepetitionInfo}[165]" classname="com.revature.wordsaway.services.BoardServiceTest" time="0.005"/>
  <testcase name="test_validateMove_TwoDifferentRowAndColumnLetterAndAsteriskMoveOnBlankBoard_fail{RepetitionInfo}[166]" classname="com.revature.wordsaway.services.BoardServiceTest" time="0.005"/>
  <testcase name="test_validateMove_TwoDifferentRowAndColumnLetterAndAsteriskMoveOnBlankBoard_fail{RepetitionInfo}[167]" classname="com.revature.wordsaway.services.BoardServiceTest" time="0.003"/>
  <testcase name="test_validateMove_TwoDifferentRowAndColumnLetterAndAsteriskMoveOnBlankBoard_fail{RepetitionInfo}[168]" classname="com.revature.wordsaway.services.BoardServiceTest" time="0.004"/>
  <testcase name="test_validateMove_TwoDifferentRowAndColumnLetterAndAsteriskMoveOnBlankBoard_fail{RepetitionInfo}[169]" classname="com.revature.wordsaway.services.BoardServiceTest" time="0.004"/>
  <testcase name="test_validateMove_TwoDifferentRowAndColumnLetterAndAsteriskMoveOnBlankBoard_fail{RepetitionInfo}[170]" classname="com.revature.wordsaway.services.BoardServiceTest" time="0.003"/>
  <testcase name="test_validateMove_TwoDifferentRowAndColumnLetterAndAsteriskMoveOnBlankBoard_fail{RepetitionInfo}[171]" classname="com.revature.wordsaway.services.BoardServiceTest" time="0.004"/>
  <testcase name="test_validateMove_TwoDifferentRowAndColumnLetterAndAsteriskMoveOnBlankBoard_fail{RepetitionInfo}[172]" classname="com.revature.wordsaway.services.BoardServiceTest" time="0.003"/>
  <testcase name="test_validateMove_TwoDifferentRowAndColumnLetterAndAsteriskMoveOnBlankBoard_fail{RepetitionInfo}[173]" classname="com.revature.wordsaway.services.BoardServiceTest" time="0.003"/>
  <testcase name="test_validateMove_TwoDifferentRowAndColumnLetterAndAsteriskMoveOnBlankBoard_fail{RepetitionInfo}[174]" classname="com.revature.wordsaway.services.BoardServiceTest" time="0.004"/>
  <testcase name="test_validateMove_TwoDifferentRowAndColumnLetterAndAsteriskMoveOnBlankBoard_fail{RepetitionInfo}[175]" classname="com.revature.wordsaway.services.BoardServiceTest" time="0.003"/>
  <testcase name="test_validateMove_TwoDifferentRowAndColumnLetterAndAsteriskMoveOnBlankBoard_fail{RepetitionInfo}[176]" classname="com.revature.wordsaway.services.BoardServiceTest" time="0.004"/>
  <testcase name="test_validateMove_TwoDifferentRowAndColumnLetterAndAsteriskMoveOnBlankBoard_fail{RepetitionInfo}[177]" classname="com.revature.wordsaway.services.BoardServiceTest" time="0"/>
  <testcase name="test_validateMove_TwoDifferentRowAndColumnLetterAndAsteriskMoveOnBlankBoard_fail{RepetitionInfo}[178]" classname="com.revature.wordsaway.services.BoardServiceTest" time="0.004"/>
  <testcase name="test_validateMove_TwoDifferentRowAndColumnLetterAndAsteriskMoveOnBlankBoard_fail{RepetitionInfo}[179]" classname="com.revature.wordsaway.services.BoardServiceTest" time="0.003"/>
  <testcase name="test_validateMove_TwoDifferentRowAndColumnLetterAndAsteriskMoveOnBlankBoard_fail{RepetitionInfo}[180]" classname="com.revature.wordsaway.services.BoardServiceTest" time="0.004"/>
  <testcase name="test_validateMove_TwoDifferentRowAndColumnLetterAndAsteriskMoveOnBlankBoard_fail{RepetitionInfo}[181]" classname="com.revature.wordsaway.services.BoardServiceTest" time="0.004"/>
  <testcase name="test_validateMove_TwoDifferentRowAndColumnLetterAndAsteriskMoveOnBlankBoard_fail{RepetitionInfo}[182]" classname="com.revature.wordsaway.services.BoardServiceTest" time="0.003"/>
  <testcase name="test_validateMove_TwoDifferentRowAndColumnLetterAndAsteriskMoveOnBlankBoard_fail{RepetitionInfo}[183]" classname="com.revature.wordsaway.services.BoardServiceTest" time="0.003"/>
  <testcase name="test_validateMove_TwoDifferentRowAndColumnLetterAndAsteriskMoveOnBlankBoard_fail{RepetitionInfo}[184]" classname="com.revature.wordsaway.services.BoardServiceTest" time="0.003"/>
  <testcase name="test_validateMove_TwoDifferentRowAndColumnLetterAndAsteriskMoveOnBlankBoard_fail{RepetitionInfo}[185]" classname="com.revature.wordsaway.services.BoardServiceTest" time="0.003"/>
  <testcase name="test_validateMove_TwoDifferentRowAndColumnLetterAndAsteriskMoveOnBlankBoard_fail{RepetitionInfo}[186]" classname="com.revature.wordsaway.services.BoardServiceTest" time="0.003"/>
  <testcase name="test_validateMove_TwoDifferentRowAndColumnLetterAndAsteriskMoveOnBlankBoard_fail{RepetitionInfo}[187]" classname="com.revature.wordsaway.services.BoardServiceTest" time="0.004"/>
  <testcase name="test_validateMove_TwoDifferentRowAndColumnLetterAndAsteriskMoveOnBlankBoard_fail{RepetitionInfo}[188]" classname="com.revature.wordsaway.services.BoardServiceTest" time="0.004"/>
  <testcase name="test_validateMove_TwoDifferentRowAndColumnLetterAndAsteriskMoveOnBlankBoard_fail{RepetitionInfo}[189]" classname="com.revature.wordsaway.services.BoardServiceTest" time="0.004"/>
  <testcase name="test_validateMove_TwoDifferentRowAndColumnLetterAndAsteriskMoveOnBlankBoard_fail{RepetitionInfo}[190]" classname="com.revature.wordsaway.services.BoardServiceTest" time="0.004"/>
  <testcase name="test_validateMove_TwoDifferentRowAndColumnLetterAndAsteriskMoveOnBlankBoard_fail{RepetitionInfo}[191]" classname="com.revature.wordsaway.services.BoardServiceTest" time="0.004"/>
  <testcase name="test_validateMove_TwoDifferentRowAndColumnLetterAndAsteriskMoveOnBlankBoard_fail{RepetitionInfo}[192]" classname="com.revature.wordsaway.services.BoardServiceTest" time="0.004"/>
  <testcase name="test_validateMove_TwoDifferentRowAndColumnLetterAndAsteriskMoveOnBlankBoard_fail{RepetitionInfo}[193]" classname="com.revature.wordsaway.services.BoardServiceTest" time="0"/>
  <testcase name="test_validateMove_TwoDifferentRowAndColumnLetterAndAsteriskMoveOnBlankBoard_fail{RepetitionInfo}[194]" classname="com.revature.wordsaway.services.BoardServiceTest" time="0.004"/>
  <testcase name="test_validateMove_TwoDifferentRowAndColumnLetterAndAsteriskMoveOnBlankBoard_fail{RepetitionInfo}[195]" classname="com.revature.wordsaway.services.BoardServiceTest" time="0.003"/>
  <testcase name="test_validateMove_TwoDifferentRowAndColumnLetterAndAsteriskMoveOnBlankBoard_fail{RepetitionInfo}[196]" classname="com.revature.wordsaway.services.BoardServiceTest" time="0.004"/>
  <testcase name="test_validateMove_TwoDifferentRowAndColumnLetterAndAsteriskMoveOnBlankBoard_fail{RepetitionInfo}[197]" classname="com.revature.wordsaway.services.BoardServiceTest" time="0.004"/>
  <testcase name="test_validateMove_TwoDifferentRowAndColumnLetterAndAsteriskMoveOnBlankBoard_fail{RepetitionInfo}[198]" classname="com.revature.wordsaway.services.BoardServiceTest" time="0.004"/>
  <testcase name="test_validateMove_TwoDifferentRowAndColumnLetterAndAsteriskMoveOnBlankBoard_fail{RepetitionInfo}[199]" classname="com.revature.wordsaway.services.BoardServiceTest" time="0.004"/>
  <testcase name="test_validateMove_TwoDifferentRowAndColumnLetterAndAsteriskMoveOnBlankBoard_fail{RepetitionInfo}[200]" classname="com.revature.wordsaway.services.BoardServiceTest" time="0.005"/>
  <testcase name="test_validateMove_TwoDifferentRowAndColumnLetterAndAsteriskMoveOnBlankBoard_fail{RepetitionInfo}[201]" classname="com.revature.wordsaway.services.BoardServiceTest" time="0.004"/>
  <testcase name="test_validateMove_TwoDifferentRowAndColumnLetterAndAsteriskMoveOnBlankBoard_fail{RepetitionInfo}[202]" classname="com.revature.wordsaway.services.BoardServiceTest" time="0.004"/>
  <testcase name="test_validateMove_TwoDifferentRowAndColumnLetterAndAsteriskMoveOnBlankBoard_fail{RepetitionInfo}[203]" classname="com.revature.wordsaway.services.BoardServiceTest" time="0.004"/>
  <testcase name="test_validateMove_TwoDifferentRowAndColumnLetterAndAsteriskMoveOnBlankBoard_fail{RepetitionInfo}[204]" classname="com.revature.wordsaway.services.BoardServiceTest" time="0.004"/>
  <testcase name="test_validateMove_TwoDifferentRowAndColumnLetterAndAsteriskMoveOnBlankBoard_fail{RepetitionInfo}[205]" classname="com.revature.wordsaway.services.BoardServiceTest" time="0.005"/>
  <testcase name="test_validateMove_TwoDifferentRowAndColumnLetterAndAsteriskMoveOnBlankBoard_fail{RepetitionInfo}[206]" classname="com.revature.wordsaway.services.BoardServiceTest" time="0.004"/>
  <testcase name="test_validateMove_TwoDifferentRowAndColumnLetterAndAsteriskMoveOnBlankBoard_fail{RepetitionInfo}[207]" classname="com.revature.wordsaway.services.BoardServiceTest" time="0.005"/>
  <testcase name="test_validateMove_TwoDifferentRowAndColumnLetterAndAsteriskMoveOnBlankBoard_fail{RepetitionInfo}[208]" classname="com.revature.wordsaway.services.BoardServiceTest" time="0.004"/>
  <testcase name="test_validateMove_TwoDifferentRowAndColumnLetterAndAsteriskMoveOnBlankBoard_fail{RepetitionInfo}[209]" classname="com.revature.wordsaway.services.BoardServiceTest" time="0"/>
  <testcase name="test_validateMove_TwoDifferentRowAndColumnLetterAndAsteriskMoveOnBlankBoard_fail{RepetitionInfo}[210]" classname="com.revature.wordsaway.services.BoardServiceTest" time="0.004"/>
  <testcase name="test_validateMove_TwoDifferentRowAndColumnLetterAndAsteriskMoveOnBlankBoard_fail{RepetitionInfo}[211]" classname="com.revature.wordsaway.services.BoardServiceTest" time="0.004"/>
  <testcase name="test_validateMove_TwoDifferentRowAndColumnLetterAndAsteriskMoveOnBlankBoard_fail{RepetitionInfo}[212]" classname="com.revature.wordsaway.services.BoardServiceTest" time="0.004"/>
  <testcase name="test_validateMove_TwoDifferentRowAndColumnLetterAndAsteriskMoveOnBlankBoard_fail{RepetitionInfo}[213]" classname="com.revature.wordsaway.services.BoardServiceTest" time="0.004"/>
  <testcase name="test_validateMove_TwoDifferentRowAndColumnLetterAndAsteriskMoveOnBlankBoard_fail{RepetitionInfo}[214]" classname="com.revature.wordsaway.services.BoardServiceTest" time="0.004"/>
  <testcase name="test_validateMove_TwoDifferentRowAndColumnLetterAndAsteriskMoveOnBlankBoard_fail{RepetitionInfo}[215]" classname="com.revature.wordsaway.services.BoardServiceTest" time="0.004"/>
  <testcase name="test_validateMove_TwoDifferentRowAndColumnLetterAndAsteriskMoveOnBlankBoard_fail{RepetitionInfo}[216]" classname="com.revature.wordsaway.services.BoardServiceTest" time="0.004"/>
  <testcase name="test_validateMove_TwoDifferentRowAndColumnLetterAndAsteriskMoveOnBlankBoard_fail{RepetitionInfo}[217]" classname="com.revature.wordsaway.services.BoardServiceTest" time="0.004"/>
  <testcase name="test_validateMove_TwoDifferentRowAndColumnLetterAndAsteriskMoveOnBlankBoard_fail{RepetitionInfo}[218]" classname="com.revature.wordsaway.services.BoardServiceTest" time="0.004"/>
  <testcase name="test_validateMove_TwoDifferentRowAndColumnLetterAndAsteriskMoveOnBlankBoard_fail{RepetitionInfo}[219]" classname="com.revature.wordsaway.services.BoardServiceTest" time="0.003"/>
  <testcase name="test_validateMove_TwoDifferentRowAndColumnLetterAndAsteriskMoveOnBlankBoard_fail{RepetitionInfo}[220]" classname="com.revature.wordsaway.services.BoardServiceTest" time="0.004"/>
  <testcase name="test_validateMove_TwoDifferentRowAndColumnLetterAndAsteriskMoveOnBlankBoard_fail{RepetitionInfo}[221]" classname="com.revature.wordsaway.services.BoardServiceTest" time="0.004"/>
  <testcase name="test_validateMove_TwoDifferentRowAndColumnLetterAndAsteriskMoveOnBlankBoard_fail{RepetitionInfo}[222]" classname="com.revature.wordsaway.services.BoardServiceTest" time="0.004"/>
  <testcase name="test_validateMove_TwoDifferentRowAndColumnLetterAndAsteriskMoveOnBlankBoard_fail{RepetitionInfo}[223]" classname="com.revature.wordsaway.services.BoardServiceTest" time="0.004"/>
  <testcase name="test_validateMove_TwoDifferentRowAndColumnLetterAndAsteriskMoveOnBlankBoard_fail{RepetitionInfo}[224]" classname="com.revature.wordsaway.services.BoardServiceTest" time="0.004"/>
  <testcase name="test_validateMove_TwoDifferentRowAndColumnLetterAndAsteriskMoveOnBlankBoard_fail{RepetitionInfo}[225]" classname="com.revature.wordsaway.services.BoardServiceTest" time="0"/>
  <testcase name="test_validateMove_TwoDifferentRowAndColumnLetterAndAsteriskMoveOnBlankBoard_fail{RepetitionInfo}[226]" classname="com.revature.wordsaway.services.BoardServiceTest" time="0.005"/>
  <testcase name="test_validateMove_TwoDifferentRowAndColumnLetterAndAsteriskMoveOnBlankBoard_fail{RepetitionInfo}[227]" classname="com.revature.wordsaway.services.BoardServiceTest" time="0.005"/>
  <testcase name="test_validateMove_TwoDifferentRowAndColumnLetterAndAsteriskMoveOnBlankBoard_fail{RepetitionInfo}[228]" classname="com.revature.wordsaway.services.BoardServiceTest" time="0.004"/>
  <testcase name="test_validateMove_TwoDifferentRowAndColumnLetterAndAsteriskMoveOnBlankBoard_fail{RepetitionInfo}[229]" classname="com.revature.wordsaway.services.BoardServiceTest" time="0.004"/>
  <testcase name="test_validateMove_TwoDifferentRowAndColumnLetterAndAsteriskMoveOnBlankBoard_fail{RepetitionInfo}[230]" classname="com.revature.wordsaway.services.BoardServiceTest" time="0.005"/>
  <testcase name="test_validateMove_TwoDifferentRowAndColumnLetterAndAsteriskMoveOnBlankBoard_fail{RepetitionInfo}[231]" classname="com.revature.wordsaway.services.BoardServiceTest" time="0.004"/>
  <testcase name="test_validateMove_TwoDifferentRowAndColumnLetterAndAsteriskMoveOnBlankBoard_fail{RepetitionInfo}[232]" classname="com.revature.wordsaway.services.BoardServiceTest" time="0.004"/>
  <testcase name="test_validateMove_TwoDifferentRowAndColumnLetterAndAsteriskMoveOnBlankBoard_fail{RepetitionInfo}[233]" classname="com.revature.wordsaway.services.BoardServiceTest" time="0.004"/>
  <testcase name="test_validateMove_TwoDifferentRowAndColumnLetterAndAsteriskMoveOnBlankBoard_fail{RepetitionInfo}[234]" classname="com.revature.wordsaway.services.BoardServiceTest" time="0.004"/>
  <testcase name="test_validateMove_TwoDifferentRowAndColumnLetterAndAsteriskMoveOnBlankBoard_fail{RepetitionInfo}[235]" classname="com.revature.wordsaway.services.BoardServiceTest" time="0.004"/>
  <testcase name="test_validateMove_TwoDifferentRowAndColumnLetterAndAsteriskMoveOnBlankBoard_fail{RepetitionInfo}[236]" classname="com.revature.wordsaway.services.BoardServiceTest" time="0.004"/>
  <testcase name="test_validateMove_TwoDifferentRowAndColumnLetterAndAsteriskMoveOnBlankBoard_fail{RepetitionInfo}[237]" classname="com.revature.wordsaway.services.BoardServiceTest" time="0.004"/>
  <testcase name="test_validateMove_TwoDifferentRowAndColumnLetterAndAsteriskMoveOnBlankBoard_fail{RepetitionInfo}[238]" classname="com.revature.wordsaway.services.BoardServiceTest" time="0.004"/>
  <testcase name="test_validateMove_TwoDifferentRowAndColumnLetterAndAsteriskMoveOnBlankBoard_fail{RepetitionInfo}[239]" classname="com.revature.wordsaway.services.BoardServiceTest" time="0.004"/>
  <testcase name="test_validateMove_TwoDifferentRowAndColumnLetterAndAsteriskMoveOnBlankBoard_fail{RepetitionInfo}[240]" classname="com.revature.wordsaway.services.BoardServiceTest" time="0.004"/>
  <testcase name="test_validateMove_TwoDifferentRowAndColumnLetterAndAsteriskMoveOnBlankBoard_fail{RepetitionInfo}[241]" classname="com.revature.wordsaway.services.BoardServiceTest" time="0.001"/>
  <testcase name="test_validateMove_TwoDifferentRowAndColumnLetterAndAsteriskMoveOnBlankBoard_fail{RepetitionInfo}[242]" classname="com.revature.wordsaway.services.BoardServiceTest" time="0.004"/>
  <testcase name="test_validateMove_TwoDifferentRowAndColumnLetterAndAsteriskMoveOnBlankBoard_fail{RepetitionInfo}[243]" classname="com.revature.wordsaway.services.BoardServiceTest" time="0.004"/>
  <testcase name="test_validateMove_TwoDifferentRowAndColumnLetterAndAsteriskMoveOnBlankBoard_fail{RepetitionInfo}[244]" classname="com.revature.wordsaway.services.BoardServiceTest" time="0.004"/>
  <testcase name="test_validateMove_TwoDifferentRowAndColumnLetterAndAsteriskMoveOnBlankBoard_fail{RepetitionInfo}[245]" classname="com.revature.wordsaway.services.BoardServiceTest" time="0.004"/>
  <testcase name="test_validateMove_TwoDifferentRowAndColumnLetterAndAsteriskMoveOnBlankBoard_fail{RepetitionInfo}[246]" classname="com.revature.wordsaway.services.BoardServiceTest" time="0.004"/>
  <testcase name="test_validateMove_TwoDifferentRowAndColumnLetterAndAsteriskMoveOnBlankBoard_fail{RepetitionInfo}[247]" classname="com.revature.wordsaway.services.BoardServiceTest" time="0.004"/>
  <testcase name="test_validateMove_TwoDifferentRowAndColumnLetterAndAsteriskMoveOnBlankBoard_fail{RepetitionInfo}[248]" classname="com.revature.wordsaway.services.BoardServiceTest" time="0.004"/>
  <testcase name="test_validateMove_TwoDifferentRowAndColumnLetterAndAsteriskMoveOnBlankBoard_fail{RepetitionInfo}[249]" classname="com.revature.wordsaway.services.BoardServiceTest" time="0.004"/>
  <testcase name="test_validateMove_TwoDifferentRowAndColumnLetterAndAsteriskMoveOnBlankBoard_fail{RepetitionInfo}[250]" classname="com.revature.wordsaway.services.BoardServiceTest" time="0.004"/>
  <testcase name="test_validateMove_TwoDifferentRowAndColumnLetterAndAsteriskMoveOnBlankBoard_fail{RepetitionInfo}[251]" classname="com.revature.wordsaway.services.BoardServiceTest" time="0.004"/>
  <testcase name="test_validateMove_TwoDifferentRowAndColumnLetterAndAsteriskMoveOnBlankBoard_fail{RepetitionInfo}[252]" classname="com.revature.wordsaway.services.BoardServiceTest" time="0.005"/>
  <testcase name="test_validateMove_TwoDifferentRowAndColumnLetterAndAsteriskMoveOnBlankBoard_fail{RepetitionInfo}[253]" classname="com.revature.wordsaway.services.BoardServiceTest" time="0.004"/>
  <testcase name="test_validateMove_TwoDifferentRowAndColumnLetterAndAsteriskMoveOnBlankBoard_fail{RepetitionInfo}[254]" classname="com.revature.wordsaway.services.BoardServiceTest" time="0.004"/>
  <testcase name="test_validateMove_TwoDifferentRowAndColumnLetterAndAsteriskMoveOnBlankBoard_fail{RepetitionInfo}[255]" classname="com.revature.wordsaway.services.BoardServiceTest" time="0.004"/>
  <testcase name="test_validateMove_TwoDifferentRowAndColumnLetterAndAsteriskMoveOnBlankBoard_fail{RepetitionInfo}[256]" classname="com.revature.wordsaway.services.BoardServiceTest" time="0.005"/>
  <testcase name="test_validateMove_ShortMoveOnBlankBoard_succeed{RepetitionInfo}[1]" classname="com.revature.wordsaway.services.BoardServiceTest" time="0.007"/>
  <testcase name="test_validateMove_ShortMoveOnBlankBoard_succeed{RepetitionInfo}[2]" classname="com.revature.wordsaway.services.BoardServiceTest" time="0.004"/>
  <testcase name="test_validateMove_ShortMoveOnBlankBoard_succeed{RepetitionInfo}[3]" classname="com.revature.wordsaway.services.BoardServiceTest" time="0.005"/>
  <testcase name="test_validateMove_ShortMoveOnBlankBoard_succeed{RepetitionInfo}[4]" classname="com.revature.wordsaway.services.BoardServiceTest" time="0.002"/>
  <testcase name="test_validateMove_ShortMoveOnBlankBoard_succeed{RepetitionInfo}[5]" classname="com.revature.wordsaway.services.BoardServiceTest" time="0.004"/>
  <testcase name="test_validateMove_ShortMoveOnBlankBoard_succeed{RepetitionInfo}[6]" classname="com.revature.wordsaway.services.BoardServiceTest" time="0.005"/>
  <testcase name="test_validateMove_ShortMoveOnBlankBoard_succeed{RepetitionInfo}[7]" classname="com.revature.wordsaway.services.BoardServiceTest" time="0.004"/>
  <testcase name="test_validateMove_ShortMoveOnBlankBoard_succeed{RepetitionInfo}[8]" classname="com.revature.wordsaway.services.BoardServiceTest" time="0.004"/>
  <testcase name="test_validateMove_ShortMoveOnBlankBoard_succeed{RepetitionInfo}[9]" classname="com.revature.wordsaway.services.BoardServiceTest" time="0.004"/>
  <testcase name="test_validateMove_ShortMoveOnBlankBoard_succeed{RepetitionInfo}[10]" classname="com.revature.wordsaway.services.BoardServiceTest" time="0.004"/>
  <testcase name="test_validateMove_ShortMoveOnBlankBoard_succeed{RepetitionInfo}[11]" classname="com.revature.wordsaway.services.BoardServiceTest" time="0.004"/>
  <testcase name="test_validateMove_ShortMoveOnBlankBoard_succeed{RepetitionInfo}[12]" classname="com.revature.wordsaway.services.BoardServiceTest" time="0.004"/>
  <testcase name="test_validateMove_ShortMoveOnBlankBoard_succeed{RepetitionInfo}[13]" classname="com.revature.wordsaway.services.BoardServiceTest" time="0.005"/>
  <testcase name="test_validateMove_ShortMoveOnBlankBoard_succeed{RepetitionInfo}[14]" classname="com.revature.wordsaway.services.BoardServiceTest" time="0.004"/>
  <testcase name="test_validateMove_ShortMoveOnBlankBoard_succeed{RepetitionInfo}[15]" classname="com.revature.wordsaway.services.BoardServiceTest" time="0.005"/>
  <testcase name="test_validateMove_ShortMoveOnBlankBoard_succeed{RepetitionInfo}[16]" classname="com.revature.wordsaway.services.BoardServiceTest" time="0.004"/>
  <testcase name="test_validateMove_ShortMoveOnBlankBoard_succeed{RepetitionInfo}[17]" classname="com.revature.wordsaway.services.BoardServiceTest" time="0.004"/>
  <testcase name="test_validateMove_ShortMoveOnBlankBoard_succeed{RepetitionInfo}[18]" classname="com.revature.wordsaway.services.BoardServiceTest" time="0.004"/>
  <testcase name="test_validateMove_ShortMoveOnBlankBoard_succeed{RepetitionInfo}[19]" classname="com.revature.wordsaway.services.BoardServiceTest" time="0.004"/>
  <testcase name="test_validateMove_ShortMoveOnBlankBoard_succeed{RepetitionInfo}[20]" classname="com.revature.wordsaway.services.BoardServiceTest" time="0.005"/>
  <testcase name="test_validateMove_ShortMoveOnBlankBoard_succeed{RepetitionInfo}[21]" classname="com.revature.wordsaway.services.BoardServiceTest" time="0.004"/>
  <testcase name="test_validateMove_ShortMoveOnBlankBoard_succeed{RepetitionInfo}[22]" classname="com.revature.wordsaway.services.BoardServiceTest" time="0.005"/>
  <testcase name="test_validateMove_ShortMoveOnBlankBoard_succeed{RepetitionInfo}[23]" classname="com.revature.wordsaway.services.BoardServiceTest" time="0.005"/>
  <testcase name="test_validateMove_ShortMoveOnBlankBoard_succeed{RepetitionInfo}[24]" classname="com.revature.wordsaway.services.BoardServiceTest" time="0.004"/>
  <testcase name="test_validateMove_ShortMoveOnBlankBoard_succeed{RepetitionInfo}[25]" classname="com.revature.wordsaway.services.BoardServiceTest" time="0.005"/>
  <testcase name="test_validateMove_ShortMoveOnBlankBoard_succeed{RepetitionInfo}[26]" classname="com.revature.wordsaway.services.BoardServiceTest" time="0.004"/>
  <testcase name="test_validateMove_ShortMoveOnBlankBoard_succeed{RepetitionInfo}[27]" classname="com.revature.wordsaway.services.BoardServiceTest" time="0.004"/>
  <testcase name="test_validateMove_ShortMoveOnBlankBoard_succeed{RepetitionInfo}[28]" classname="com.revature.wordsaway.services.BoardServiceTest" time="0.004"/>
  <testcase name="test_validateMove_ShortMoveOnBlankBoard_succeed{RepetitionInfo}[29]" classname="com.revature.wordsaway.services.BoardServiceTest" time="0.004"/>
  <testcase name="test_validateMove_ShortMoveOnBlankBoard_succeed{RepetitionInfo}[30]" classname="com.revature.wordsaway.services.BoardServiceTest" time="0.005"/>
  <testcase name="test_validateMove_ShortMoveOnBlankBoard_succeed{RepetitionInfo}[31]" classname="com.revature.wordsaway.services.BoardServiceTest" time="0.004"/>
  <testcase name="test_validateMove_ShortMoveOnBlankBoard_succeed{RepetitionInfo}[32]" classname="com.revature.wordsaway.services.BoardServiceTest" time="0.004"/>
  <testcase name="test_validateMove_ShortMoveOnBlankBoard_succeed{RepetitionInfo}[33]" classname="com.revature.wordsaway.services.BoardServiceTest" time="0.004"/>
  <testcase name="test_validateMove_ShortMoveOnBlankBoard_succeed{RepetitionInfo}[34]" classname="com.revature.wordsaway.services.BoardServiceTest" time="0.004"/>
  <testcase name="test_validateMove_ShortMoveOnBlankBoard_succeed{RepetitionInfo}[35]" classname="com.revature.wordsaway.services.BoardServiceTest" time="0.004"/>
  <testcase name="test_validateMove_ShortMoveOnBlankBoard_succeed{RepetitionInfo}[36]" classname="com.revature.wordsaway.services.BoardServiceTest" time="0.003"/>
  <testcase name="test_validateMove_ShortMoveOnBlankBoard_succeed{RepetitionInfo}[37]" classname="com.revature.wordsaway.services.BoardServiceTest" time="0.004"/>
  <testcase name="test_validateMove_ShortMoveOnBlankBoard_succeed{RepetitionInfo}[38]" classname="com.revature.wordsaway.services.BoardServiceTest" time="0.005"/>
  <testcase name="test_validateMove_ShortMoveOnBlankBoard_succeed{RepetitionInfo}[39]" classname="com.revature.wordsaway.services.BoardServiceTest" time="0.004"/>
  <testcase name="test_validateMove_ShortMoveOnBlankBoard_succeed{RepetitionInfo}[40]" classname="com.revature.wordsaway.services.BoardServiceTest" time="0.004"/>
  <testcase name="test_validateMove_ShortMoveOnBlankBoard_succeed{RepetitionInfo}[41]" classname="com.revature.wordsaway.services.BoardServiceTest" time="0.004"/>
  <testcase name="test_validateMove_ShortMoveOnBlankBoard_succeed{RepetitionInfo}[42]" classname="com.revature.wordsaway.services.BoardServiceTest" time="0.004"/>
  <testcase name="test_validateMove_ShortMoveOnBlankBoard_succeed{RepetitionInfo}[43]" classname="com.revature.wordsaway.services.BoardServiceTest" time="0.004"/>
  <testcase name="test_validateMove_ShortMoveOnBlankBoard_succeed{RepetitionInfo}[44]" classname="com.revature.wordsaway.services.BoardServiceTest" time="0.004"/>
  <testcase name="test_validateMove_ShortMoveOnBlankBoard_succeed{RepetitionInfo}[45]" classname="com.revature.wordsaway.services.BoardServiceTest" time="0.005"/>
  <testcase name="test_validateMove_ShortMoveOnBlankBoard_succeed{RepetitionInfo}[46]" classname="com.revature.wordsaway.services.BoardServiceTest" time="0.005"/>
  <testcase name="test_validateMove_ShortMoveOnBlankBoard_succeed{RepetitionInfo}[47]" classname="com.revature.wordsaway.services.BoardServiceTest" time="0.004"/>
  <testcase name="test_validateMove_ShortMoveOnBlankBoard_succeed{RepetitionInfo}[48]" classname="com.revature.wordsaway.services.BoardServiceTest" time="0.005"/>
  <testcase name="test_validateMove_ShortMoveOnBlankBoard_succeed{RepetitionInfo}[49]" classname="com.revature.wordsaway.services.BoardServiceTest" time="0.004"/>
  <testcase name="test_validateMove_ShortMoveOnBlankBoard_succeed{RepetitionInfo}[50]" classname="com.revature.wordsaway.services.BoardServiceTest" time="0.004"/>
  <testcase name="test_validateMove_ShortMoveOnBlankBoard_succeed{RepetitionInfo}[51]" classname="com.revature.wordsaway.services.BoardServiceTest" time="0.004"/>
  <testcase name="test_validateMove_ShortMoveOnBlankBoard_succeed{RepetitionInfo}[52]" classname="com.revature.wordsaway.services.BoardServiceTest" time="0.004"/>
  <testcase name="test_validateMove_ShortMoveOnBlankBoard_succeed{RepetitionInfo}[53]" classname="com.revature.wordsaway.services.BoardServiceTest" time="0.005"/>
  <testcase name="test_validateMove_ShortMoveOnBlankBoard_succeed{RepetitionInfo}[54]" classname="com.revature.wordsaway.services.BoardServiceTest" time="0.004"/>
  <testcase name="test_validateMove_ShortMoveOnBlankBoard_succeed{RepetitionInfo}[55]" classname="com.revature.wordsaway.services.BoardServiceTest" time="0.004"/>
  <testcase name="test_validateMove_ShortMoveOnBlankBoard_succeed{RepetitionInfo}[56]" classname="com.revature.wordsaway.services.BoardServiceTest" time="0.004"/>
  <testcase name="test_validateMove_ShortMoveOnBlankBoard_succeed{RepetitionInfo}[57]" classname="com.revature.wordsaway.services.BoardServiceTest" time="0.004"/>
  <testcase name="test_validateMove_ShortMoveOnBlankBoard_succeed{RepetitionInfo}[58]" classname="com.revature.wordsaway.services.BoardServiceTest" time="0.488"/>
  <testcase name="test_validateMove_ShortMoveOnBlankBoard_succeed{RepetitionInfo}[59]" classname="com.revature.wordsaway.services.BoardServiceTest" time="0.019"/>
  <testcase name="test_validateMove_ShortMoveOnBlankBoard_succeed{RepetitionInfo}[60]" classname="com.revature.wordsaway.services.BoardServiceTest" time="0.005"/>
  <testcase name="test_validateMove_ShortMoveOnBlankBoard_succeed{RepetitionInfo}[61]" classname="com.revature.wordsaway.services.BoardServiceTest" time="0.004"/>
  <testcase name="test_validateMove_ShortMoveOnBlankBoard_succeed{RepetitionInfo}[62]" classname="com.revature.wordsaway.services.BoardServiceTest" time="0.004"/>
  <testcase name="test_validateMove_ShortMoveOnBlankBoard_succeed{RepetitionInfo}[63]" classname="com.revature.wordsaway.services.BoardServiceTest" time="0.004"/>
  <testcase name="test_validateMove_ShortMoveOnBlankBoard_succeed{RepetitionInfo}[64]" classname="com.revature.wordsaway.services.BoardServiceTest" time="0.004"/>
  <testcase name="test_validateMove_ShortMoveOnBlankBoard_succeed{RepetitionInfo}[65]" classname="com.revature.wordsaway.services.BoardServiceTest" time="0.004"/>
  <testcase name="test_validateMove_ShortMoveOnBlankBoard_succeed{RepetitionInfo}[66]" classname="com.revature.wordsaway.services.BoardServiceTest" time="0.003"/>
  <testcase name="test_validateMove_ShortMoveOnBlankBoard_succeed{RepetitionInfo}[67]" classname="com.revature.wordsaway.services.BoardServiceTest" time="0.003"/>
  <testcase name="test_validateMove_ShortMoveOnBlankBoard_succeed{RepetitionInfo}[68]" classname="com.revature.wordsaway.services.BoardServiceTest" time="0.004"/>
  <testcase name="test_validateMove_ShortMoveOnBlankBoard_succeed{RepetitionInfo}[69]" classname="com.revature.wordsaway.services.BoardServiceTest" time="0.004"/>
  <testcase name="test_validateMove_ShortMoveOnBlankBoard_succeed{RepetitionInfo}[70]" classname="com.revature.wordsaway.services.BoardServiceTest" time="0.003"/>
  <testcase name="test_validateMove_ShortMoveOnBlankBoard_succeed{RepetitionInfo}[71]" classname="com.revature.wordsaway.services.BoardServiceTest" time="0.004"/>
  <testcase name="test_validateMove_ShortMoveOnBlankBoard_succeed{RepetitionInfo}[72]" classname="com.revature.wordsaway.services.BoardServiceTest" time="0.003"/>
  <testcase name="test_validateMove_ShortMoveOnBlankBoard_succeed{RepetitionInfo}[73]" classname="com.revature.wordsaway.services.BoardServiceTest" time="0.004"/>
  <testcase name="test_validateMove_ShortMoveOnBlankBoard_succeed{RepetitionInfo}[74]" classname="com.revature.wordsaway.services.BoardServiceTest" time="0.003"/>
  <testcase name="test_validateMove_ShortMoveOnBlankBoard_succeed{RepetitionInfo}[75]" classname="com.revature.wordsaway.services.BoardServiceTest" time="0.004"/>
  <testcase name="test_validateMove_ShortMoveOnBlankBoard_succeed{RepetitionInfo}[76]" classname="com.revature.wordsaway.services.BoardServiceTest" time="0.003"/>
  <testcase name="test_validateMove_ShortMoveOnBlankBoard_succeed{RepetitionInfo}[77]" classname="com.revature.wordsaway.services.BoardServiceTest" time="0.004"/>
  <testcase name="test_validateMove_ShortMoveOnBlankBoard_succeed{RepetitionInfo}[78]" classname="com.revature.wordsaway.services.BoardServiceTest" time="0.003"/>
  <testcase name="test_validateMove_ShortMoveOnBlankBoard_succeed{RepetitionInfo}[79]" classname="com.revature.wordsaway.services.BoardServiceTest" time="0.003"/>
  <testcase name="test_validateMove_ShortMoveOnBlankBoard_succeed{RepetitionInfo}[80]" classname="com.revature.wordsaway.services.BoardServiceTest" time="0.003"/>
  <testcase name="test_validateMove_ShortMoveOnBlankBoard_succeed{RepetitionInfo}[81]" classname="com.revature.wordsaway.services.BoardServiceTest" time="0.004"/>
  <testcase name="test_validateMove_ShortMoveOnBlankBoard_succeed{RepetitionInfo}[82]" classname="com.revature.wordsaway.services.BoardServiceTest" time="0.003"/>
  <testcase name="test_validateMove_ShortMoveOnBlankBoard_succeed{RepetitionInfo}[83]" classname="com.revature.wordsaway.services.BoardServiceTest" time="0.004"/>
  <testcase name="test_validateMove_ShortMoveOnBlankBoard_succeed{RepetitionInfo}[84]" classname="com.revature.wordsaway.services.BoardServiceTest" time="0.003"/>
  <testcase name="test_validateMove_ShortMoveOnBlankBoard_succeed{RepetitionInfo}[85]" classname="com.revature.wordsaway.services.BoardServiceTest" time="0.004"/>
  <testcase name="test_validateMove_ShortMoveOnBlankBoard_succeed{RepetitionInfo}[86]" classname="com.revature.wordsaway.services.BoardServiceTest" time="0.003"/>
  <testcase name="test_validateMove_ShortMoveOnBlankBoard_succeed{RepetitionInfo}[87]" classname="com.revature.wordsaway.services.BoardServiceTest" time="0.004"/>
  <testcase name="test_validateMove_ShortMoveOnBlankBoard_succeed{RepetitionInfo}[88]" classname="com.revature.wordsaway.services.BoardServiceTest" time="0.012"/>
  <testcase name="test_validateMove_ShortMoveOnBlankBoard_succeed{RepetitionInfo}[89]" classname="com.revature.wordsaway.services.BoardServiceTest" time="0.005"/>
  <testcase name="test_validateMove_ShortMoveOnBlankBoard_succeed{RepetitionInfo}[90]" classname="com.revature.wordsaway.services.BoardServiceTest" time="0.003"/>
  <testcase name="test_validateMove_ShortMoveOnBlankBoard_succeed{RepetitionInfo}[91]" classname="com.revature.wordsaway.services.BoardServiceTest" time="0.004"/>
  <testcase name="test_validateMove_ShortMoveOnBlankBoard_succeed{RepetitionInfo}[92]" classname="com.revature.wordsaway.services.BoardServiceTest" time="0.004"/>
  <testcase name="test_validateMove_ShortMoveOnBlankBoard_succeed{RepetitionInfo}[93]" classname="com.revature.wordsaway.services.BoardServiceTest" time="0.004"/>
  <testcase name="test_validateMove_ShortMoveOnBlankBoard_succeed{RepetitionInfo}[94]" classname="com.revature.wordsaway.services.BoardServiceTest" time="0.004"/>
  <testcase name="test_validateMove_ShortMoveOnBlankBoard_succeed{RepetitionInfo}[95]" classname="com.revature.wordsaway.services.BoardServiceTest" time="0.003"/>
  <testcase name="test_validateMove_ShortMoveOnBlankBoard_succeed{RepetitionInfo}[96]" classname="com.revature.wordsaway.services.BoardServiceTest" time="0.004"/>
  <testcase name="test_validateMove_ShortMoveOnBlankBoard_succeed{RepetitionInfo}[97]" classname="com.revature.wordsaway.services.BoardServiceTest" time="0.003"/>
  <testcase name="test_validateMove_ShortMoveOnBlankBoard_succeed{RepetitionInfo}[98]" classname="com.revature.wordsaway.services.BoardServiceTest" time="0.003"/>
  <testcase name="test_validateMove_ShortMoveOnBlankBoard_succeed{RepetitionInfo}[99]" classname="com.revature.wordsaway.services.BoardServiceTest" time="0.004"/>
  <testcase name="test_validateMove_ShortMoveOnBlankBoard_succeed{RepetitionInfo}[100]" classname="com.revature.wordsaway.services.BoardServiceTest" time="0.003"/>
  <testcase name="test_validateMove_ShortMoveOnBlankBoard_succeed{RepetitionInfo}[101]" classname="com.revature.wordsaway.services.BoardServiceTest" time="0.003"/>
  <testcase name="test_validateMove_ShortMoveOnBlankBoard_succeed{RepetitionInfo}[102]" classname="com.revature.wordsaway.services.BoardServiceTest" time="0.004"/>
  <testcase name="test_validateMove_ShortMoveOnBlankBoard_succeed{RepetitionInfo}[103]" classname="com.revature.wordsaway.services.BoardServiceTest" time="0.003"/>
  <testcase name="test_validateMove_ShortMoveOnBlankBoard_succeed{RepetitionInfo}[104]" classname="com.revature.wordsaway.services.BoardServiceTest" time="0.004"/>
  <testcase name="test_validateMove_ShortMoveOnBlankBoard_succeed{RepetitionInfo}[105]" classname="com.revature.wordsaway.services.BoardServiceTest" time="0.003"/>
  <testcase name="test_validateMove_ShortMoveOnBlankBoard_succeed{RepetitionInfo}[106]" classname="com.revature.wordsaway.services.BoardServiceTest" time="0.003"/>
  <testcase name="test_validateMove_ShortMoveOnBlankBoard_succeed{RepetitionInfo}[107]" classname="com.revature.wordsaway.services.BoardServiceTest" time="0.004"/>
  <testcase name="test_validateMove_ShortMoveOnBlankBoard_succeed{RepetitionInfo}[108]" classname="com.revature.wordsaway.services.BoardServiceTest" time="0.003"/>
  <testcase name="test_validateMove_ShortMoveOnBlankBoard_succeed{RepetitionInfo}[109]" classname="com.revature.wordsaway.services.BoardServiceTest" time="0.003"/>
  <testcase name="test_validateMove_ShortMoveOnBlankBoard_succeed{RepetitionInfo}[110]" classname="com.revature.wordsaway.services.BoardServiceTest" time="0.004"/>
  <testcase name="test_validateMove_ShortMoveOnBlankBoard_succeed{RepetitionInfo}[111]" classname="com.revature.wordsaway.services.BoardServiceTest" time="0.003"/>
  <testcase name="test_validateMove_ShortMoveOnBlankBoard_succeed{RepetitionInfo}[112]" classname="com.revature.wordsaway.services.BoardServiceTest" time="0.004"/>
  <testcase name="test_validateMove_ShortMoveOnBlankBoard_succeed{RepetitionInfo}[113]" classname="com.revature.wordsaway.services.BoardServiceTest" time="0.003"/>
  <testcase name="test_validateMove_ShortMoveOnBlankBoard_succeed{RepetitionInfo}[114]" classname="com.revature.wordsaway.services.BoardServiceTest" time="0.004"/>
  <testcase name="test_validateMove_ShortMoveOnBlankBoard_succeed{RepetitionInfo}[115]" classname="com.revature.wordsaway.services.BoardServiceTest" time="0.003"/>
  <testcase name="test_validateMove_ShortMoveOnBlankBoard_succeed{RepetitionInfo}[116]" classname="com.revature.wordsaway.services.BoardServiceTest" time="0.003"/>
  <testcase name="test_validateMove_ShortMoveOnBlankBoard_succeed{RepetitionInfo}[117]" classname="com.revature.wordsaway.services.BoardServiceTest" time="0.003"/>
  <testcase name="test_validateMove_ShortMoveOnBlankBoard_succeed{RepetitionInfo}[118]" classname="com.revature.wordsaway.services.BoardServiceTest" time="0.003"/>
  <testcase name="test_validateMove_ShortMoveOnBlankBoard_succeed{RepetitionInfo}[119]" classname="com.revature.wordsaway.services.BoardServiceTest" time="0.004"/>
  <testcase name="test_validateMove_ShortMoveOnBlankBoard_succeed{RepetitionInfo}[120]" classname="com.revature.wordsaway.services.BoardServiceTest" time="0.004"/>
  <testcase name="test_validateMove_ShortMoveOnBlankBoard_succeed{RepetitionInfo}[121]" classname="com.revature.wordsaway.services.BoardServiceTest" time="0.004"/>
  <testcase name="test_validateMove_ShortMoveOnBlankBoard_succeed{RepetitionInfo}[122]" classname="com.revature.wordsaway.services.BoardServiceTest" time="0.004"/>
  <testcase name="test_validateMove_ShortMoveOnBlankBoard_succeed{RepetitionInfo}[123]" classname="com.revature.wordsaway.services.BoardServiceTest" time="0.003"/>
  <testcase name="test_validateMove_ShortMoveOnBlankBoard_succeed{RepetitionInfo}[124]" classname="com.revature.wordsaway.services.BoardServiceTest" time="0.004"/>
  <testcase name="test_validateMove_ShortMoveOnBlankBoard_succeed{RepetitionInfo}[125]" classname="com.revature.wordsaway.services.BoardServiceTest" time="0.003"/>
  <testcase name="test_validateMove_ShortMoveOnBlankBoard_succeed{RepetitionInfo}[126]" classname="com.revature.wordsaway.services.BoardServiceTest" time="0.004"/>
  <testcase name="test_validateMove_ShortMoveOnBlankBoard_succeed{RepetitionInfo}[127]" classname="com.revature.wordsaway.services.BoardServiceTest" time="0.004"/>
  <testcase name="test_validateMove_ShortMoveOnBlankBoard_succeed{RepetitionInfo}[128]" classname="com.revature.wordsaway.services.BoardServiceTest" time="0.003"/>
  <testcase name="test_validateMove_ShortMoveOnBlankBoard_succeed{RepetitionInfo}[129]" classname="com.revature.wordsaway.services.BoardServiceTest" time="0.004"/>
  <testcase name="test_validateMove_ShortMoveOnBlankBoard_succeed{RepetitionInfo}[130]" classname="com.revature.wordsaway.services.BoardServiceTest" time="0.003"/>
  <testcase name="test_validateMove_ShortMoveOnBlankBoard_succeed{RepetitionInfo}[131]" classname="com.revature.wordsaway.services.BoardServiceTest" time="0.003"/>
  <testcase name="test_validateMove_ShortMoveOnBlankBoard_succeed{RepetitionInfo}[132]" classname="com.revature.wordsaway.services.BoardServiceTest" time="0.003"/>
  <testcase name="test_validateMove_ShortMoveOnBlankBoard_succeed{RepetitionInfo}[133]" classname="com.revature.wordsaway.services.BoardServiceTest" time="0.003"/>
  <testcase name="test_validateMove_ShortMoveOnBlankBoard_succeed{RepetitionInfo}[134]" classname="com.revature.wordsaway.services.BoardServiceTest" time="0.004"/>
  <testcase name="test_validateMove_ShortMoveOnBlankBoard_succeed{RepetitionInfo}[135]" classname="com.revature.wordsaway.services.BoardServiceTest" time="0.003"/>
  <testcase name="test_validateMove_ShortMoveOnBlankBoard_succeed{RepetitionInfo}[136]" classname="com.revature.wordsaway.services.BoardServiceTest" time="0.004"/>
  <testcase name="test_validateMove_ShortMoveOnBlankBoard_succeed{RepetitionInfo}[137]" classname="com.revature.wordsaway.services.BoardServiceTest" time="0.003"/>
  <testcase name="test_validateMove_ShortMoveOnBlankBoard_succeed{RepetitionInfo}[138]" classname="com.revature.wordsaway.services.BoardServiceTest" time="0.004"/>
  <testcase name="test_validateMove_ShortMoveOnBlankBoard_succeed{RepetitionInfo}[139]" classname="com.revature.wordsaway.services.BoardServiceTest" time="0.003"/>
  <testcase name="test_validateMove_ShortMoveOnBlankBoard_succeed{RepetitionInfo}[140]" classname="com.revature.wordsaway.services.BoardServiceTest" time="0.004"/>
  <testcase name="test_validateMove_ShortMoveOnBlankBoard_succeed{RepetitionInfo}[141]" classname="com.revature.wordsaway.services.BoardServiceTest" time="0.003"/>
  <testcase name="test_validateMove_ShortMoveOnBlankBoard_succeed{RepetitionInfo}[142]" classname="com.revature.wordsaway.services.BoardServiceTest" time="0.003"/>
  <testcase name="test_validateMove_ShortMoveOnBlankBoard_succeed{RepetitionInfo}[143]" classname="com.revature.wordsaway.services.BoardServiceTest" time="0.004"/>
  <testcase name="test_validateMove_ShortMoveOnBlankBoard_succeed{RepetitionInfo}[144]" classname="com.revature.wordsaway.services.BoardServiceTest" time="0.003"/>
  <testcase name="test_validateMove_ShortMoveOnBlankBoard_succeed{RepetitionInfo}[145]" classname="com.revature.wordsaway.services.BoardServiceTest" time="0.003"/>
  <testcase name="test_validateMove_ShortMoveOnBlankBoard_succeed{RepetitionInfo}[146]" classname="com.revature.wordsaway.services.BoardServiceTest" time="0.004"/>
  <testcase name="test_validateMove_ShortMoveOnBlankBoard_succeed{RepetitionInfo}[147]" classname="com.revature.wordsaway.services.BoardServiceTest" time="0.004"/>
  <testcase name="test_validateMove_ShortMoveOnBlankBoard_succeed{RepetitionInfo}[148]" classname="com.revature.wordsaway.services.BoardServiceTest" time="0.004"/>
  <testcase name="test_validateMove_ShortMoveOnBlankBoard_succeed{RepetitionInfo}[149]" classname="com.revature.wordsaway.services.BoardServiceTest" time="0.003"/>
  <testcase name="test_validateMove_ShortMoveOnBlankBoard_succeed{RepetitionInfo}[150]" classname="com.revature.wordsaway.services.BoardServiceTest" time="0.004"/>
  <testcase name="test_validateMove_ShortMoveOnBlankBoard_succeed{RepetitionInfo}[151]" classname="com.revature.wordsaway.services.BoardServiceTest" time="0.003"/>
  <testcase name="test_validateMove_ShortMoveOnBlankBoard_succeed{RepetitionInfo}[152]" classname="com.revature.wordsaway.services.BoardServiceTest" time="0.003"/>
  <testcase name="test_validateMove_ShortMoveOnBlankBoard_succeed{RepetitionInfo}[153]" classname="com.revature.wordsaway.services.BoardServiceTest" time="0.003"/>
  <testcase name="test_validateMove_ShortMoveOnBlankBoard_succeed{RepetitionInfo}[154]" classname="com.revature.wordsaway.services.BoardServiceTest" time="0.003"/>
  <testcase name="test_validateMove_ShortMoveOnBlankBoard_succeed{RepetitionInfo}[155]" classname="com.revature.wordsaway.services.BoardServiceTest" time="0.003"/>
  <testcase name="test_validateMove_ShortMoveOnBlankBoard_succeed{RepetitionInfo}[156]" classname="com.revature.wordsaway.services.BoardServiceTest" time="0.003"/>
  <testcase name="test_validateMove_ShortMoveOnBlankBoard_succeed{RepetitionInfo}[157]" classname="com.revature.wordsaway.services.BoardServiceTest" time="0.004"/>
  <testcase name="test_validateMove_ShortMoveOnBlankBoard_succeed{RepetitionInfo}[158]" classname="com.revature.wordsaway.services.BoardServiceTest" time="0.003"/>
  <testcase name="test_validateMove_ShortMoveOnBlankBoard_succeed{RepetitionInfo}[159]" classname="com.revature.wordsaway.services.BoardServiceTest" time="0.003"/>
  <testcase name="test_validateMove_ShortMoveOnBlankBoard_succeed{RepetitionInfo}[160]" classname="com.revature.wordsaway.services.BoardServiceTest" time="0.004"/>
  <testcase name="test_validateMove_ShortMoveOnBlankBoard_succeed{RepetitionInfo}[161]" classname="com.revature.wordsaway.services.BoardServiceTest" time="0.003"/>
  <testcase name="test_validateMove_ShortMoveOnBlankBoard_succeed{RepetitionInfo}[162]" classname="com.revature.wordsaway.services.BoardServiceTest" time="0.004"/>
  <testcase name="test_validateMove_ShortMoveOnBlankBoard_succeed{RepetitionInfo}[163]" classname="com.revature.wordsaway.services.BoardServiceTest" time="0.004"/>
  <testcase name="test_validateMove_ShortMoveOnBlankBoard_succeed{RepetitionInfo}[164]" classname="com.revature.wordsaway.services.BoardServiceTest" time="0.003"/>
  <testcase name="test_validateMove_ShortMoveOnBlankBoard_succeed{RepetitionInfo}[165]" classname="com.revature.wordsaway.services.BoardServiceTest" time="0.004"/>
  <testcase name="test_validateMove_ShortMoveOnBlankBoard_succeed{RepetitionInfo}[166]" classname="com.revature.wordsaway.services.BoardServiceTest" time="0.003"/>
  <testcase name="test_validateMove_ShortMoveOnBlankBoard_succeed{RepetitionInfo}[167]" classname="com.revature.wordsaway.services.BoardServiceTest" time="0.003"/>
  <testcase name="test_validateMove_ShortMoveOnBlankBoard_succeed{RepetitionInfo}[168]" classname="com.revature.wordsaway.services.BoardServiceTest" time="0.003"/>
  <testcase name="test_validateMove_ShortMoveOnBlankBoard_succeed{RepetitionInfo}[169]" classname="com.revature.wordsaway.services.BoardServiceTest" time="0.004"/>
  <testcase name="test_validateMove_ShortMoveOnBlankBoard_succeed{RepetitionInfo}[170]" classname="com.revature.wordsaway.services.BoardServiceTest" time="0.003"/>
  <testcase name="test_validateMove_ShortMoveOnBlankBoard_succeed{RepetitionInfo}[171]" classname="com.revature.wordsaway.services.BoardServiceTest" time="0.003"/>
  <testcase name="test_validateMove_ShortMoveOnBlankBoard_succeed{RepetitionInfo}[172]" classname="com.revature.wordsaway.services.BoardServiceTest" time="0.003"/>
  <testcase name="test_validateMove_ShortMoveOnBlankBoard_succeed{RepetitionInfo}[173]" classname="com.revature.wordsaway.services.BoardServiceTest" time="0.003"/>
  <testcase name="test_validateMove_ShortMoveOnBlankBoard_succeed{RepetitionInfo}[174]" classname="com.revature.wordsaway.services.BoardServiceTest" time="0.003"/>
  <testcase name="test_validateMove_ShortMoveOnBlankBoard_succeed{RepetitionInfo}[175]" classname="com.revature.wordsaway.services.BoardServiceTest" time="0.003"/>
  <testcase name="test_validateMove_ShortMoveOnBlankBoard_succeed{RepetitionInfo}[176]" classname="com.revature.wordsaway.services.BoardServiceTest" time="0.003"/>
  <testcase name="test_validateMove_ShortMoveOnBlankBoard_succeed{RepetitionInfo}[177]" classname="com.revature.wordsaway.services.BoardServiceTest" time="0.004"/>
  <testcase name="test_validateMove_ShortMoveOnBlankBoard_succeed{RepetitionInfo}[178]" classname="com.revature.wordsaway.services.BoardServiceTest" time="0.003"/>
  <testcase name="test_validateMove_ShortMoveOnBlankBoard_succeed{RepetitionInfo}[179]" classname="com.revature.wordsaway.services.BoardServiceTest" time="0.003"/>
  <testcase name="test_validateMove_ShortMoveOnBlankBoard_succeed{RepetitionInfo}[180]" classname="com.revature.wordsaway.services.BoardServiceTest" time="0.004"/>
  <testcase name="test_validateMove_ShortMoveOnBlankBoard_succeed{RepetitionInfo}[181]" classname="com.revature.wordsaway.services.BoardServiceTest" time="0.003"/>
  <testcase name="test_validateMove_ShortMoveOnBlankBoard_succeed{RepetitionInfo}[182]" classname="com.revature.wordsaway.services.BoardServiceTest" time="0.004"/>
  <testcase name="test_validateMove_ShortMoveOnBlankBoard_succeed{RepetitionInfo}[183]" classname="com.revature.wordsaway.services.BoardServiceTest" time="0.004"/>
  <testcase name="test_validateMove_ShortMoveOnBlankBoard_succeed{RepetitionInfo}[184]" classname="com.revature.wordsaway.services.BoardServiceTest" time="0.003"/>
  <testcase name="test_validateMove_ShortMoveOnBlankBoard_succeed{RepetitionInfo}[185]" classname="com.revature.wordsaway.services.BoardServiceTest" time="0.004"/>
  <testcase name="test_validateMove_ShortMoveOnBlankBoard_succeed{RepetitionInfo}[186]" classname="com.revature.wordsaway.services.BoardServiceTest" time="0.003"/>
  <testcase name="test_validateMove_ShortMoveOnBlankBoard_succeed{RepetitionInfo}[187]" classname="com.revature.wordsaway.services.BoardServiceTest" time="0.004"/>
  <testcase name="test_validateMove_ShortMoveOnBlankBoard_succeed{RepetitionInfo}[188]" classname="com.revature.wordsaway.services.BoardServiceTest" time="0.003"/>
  <testcase name="test_validateMove_ShortMoveOnBlankBoard_succeed{RepetitionInfo}[189]" classname="com.revature.wordsaway.services.BoardServiceTest" time="0.003"/>
  <testcase name="test_validateMove_ShortMoveOnBlankBoard_succeed{RepetitionInfo}[190]" classname="com.revature.wordsaway.services.BoardServiceTest" time="0.003"/>
  <testcase name="test_validateMove_ShortMoveOnBlankBoard_succeed{RepetitionInfo}[191]" classname="com.revature.wordsaway.services.BoardServiceTest" time="0.004"/>
  <testcase name="test_validateMove_ShortMoveOnBlankBoard_succeed{RepetitionInfo}[192]" classname="com.revature.wordsaway.services.BoardServiceTest" time="0.004"/>
  <testcase name="test_validateMove_ShortMoveOnBlankBoard_succeed{RepetitionInfo}[193]" classname="com.revature.wordsaway.services.BoardServiceTest" time="0.004"/>
  <testcase name="test_validateMove_ShortMoveOnBlankBoard_succeed{RepetitionInfo}[194]" classname="com.revature.wordsaway.services.BoardServiceTest" time="0.003"/>
  <testcase name="test_validateMove_ShortMoveOnBlankBoard_succeed{RepetitionInfo}[195]" classname="com.revature.wordsaway.services.BoardServiceTest" time="0.004"/>
  <testcase name="test_validateMove_ShortMoveOnBlankBoard_succeed{RepetitionInfo}[196]" classname="com.revature.wordsaway.services.BoardServiceTest" time="0.004"/>
  <testcase name="test_validateMove_ShortMoveOnBlankBoard_succeed{RepetitionInfo}[197]" classname="com.revature.wordsaway.services.BoardServiceTest" time="0.003"/>
  <testcase name="test_validateMove_ShortMoveOnBlankBoard_succeed{RepetitionInfo}[198]" classname="com.revature.wordsaway.services.BoardServiceTest" time="0.004"/>
  <testcase name="test_validateMove_ShortMoveOnBlankBoard_succeed{RepetitionInfo}[199]" classname="com.revature.wordsaway.services.BoardServiceTest" time="0.004"/>
  <testcase name="test_validateMove_ShortMoveOnBlankBoard_succeed{RepetitionInfo}[200]" classname="com.revature.wordsaway.services.BoardServiceTest" time="0.003"/>
  <testcase name="test_validateMove_ShortMoveOnBlankBoard_succeed{RepetitionInfo}[201]" classname="com.revature.wordsaway.services.BoardServiceTest" time="0.004"/>
  <testcase name="test_validateMove_ShortMoveOnBlankBoard_succeed{RepetitionInfo}[202]" classname="com.revature.wordsaway.services.BoardServiceTest" time="0.003"/>
  <testcase name="test_validateMove_ShortMoveOnBlankBoard_succeed{RepetitionInfo}[203]" classname="com.revature.wordsaway.services.BoardServiceTest" time="0.004"/>
  <testcase name="test_validateMove_ShortMoveOnBlankBoard_succeed{RepetitionInfo}[204]" classname="com.revature.wordsaway.services.BoardServiceTest" time="0.003"/>
  <testcase name="test_validateMove_ShortMoveOnBlankBoard_succeed{RepetitionInfo}[205]" classname="com.revature.wordsaway.services.BoardServiceTest" time="0.004"/>
  <testcase name="test_validateMove_ShortMoveOnBlankBoard_succeed{RepetitionInfo}[206]" classname="com.revature.wordsaway.services.BoardServiceTest" time="0.004"/>
  <testcase name="test_validateMove_ShortMoveOnBlankBoard_succeed{RepetitionInfo}[207]" classname="com.revature.wordsaway.services.BoardServiceTest" time="0.004"/>
  <testcase name="test_validateMove_ShortMoveOnBlankBoard_succeed{RepetitionInfo}[208]" classname="com.revature.wordsaway.services.BoardServiceTest" time="0.004"/>
  <testcase name="test_validateMove_ShortMoveOnBlankBoard_succeed{RepetitionInfo}[209]" classname="com.revature.wordsaway.services.BoardServiceTest" time="0.003"/>
  <testcase name="test_validateMove_ShortMoveOnBlankBoard_succeed{RepetitionInfo}[210]" classname="com.revature.wordsaway.services.BoardServiceTest" time="0.004"/>
  <testcase name="test_validateMove_ShortMoveOnBlankBoard_succeed{RepetitionInfo}[211]" classname="com.revature.wordsaway.services.BoardServiceTest" time="0.003"/>
  <testcase name="test_validateMove_ShortMoveOnBlankBoard_succeed{RepetitionInfo}[212]" classname="com.revature.wordsaway.services.BoardServiceTest" time="0.003"/>
  <testcase name="test_validateMove_ShortMoveOnBlankBoard_succeed{RepetitionInfo}[213]" classname="com.revature.wordsaway.services.BoardServiceTest" time="0.004"/>
  <testcase name="test_validateMove_ShortMoveOnBlankBoard_succeed{RepetitionInfo}[214]" classname="com.revature.wordsaway.services.BoardServiceTest" time="0.003"/>
  <testcase name="test_validateMove_ShortMoveOnBlankBoard_succeed{RepetitionInfo}[215]" classname="com.revature.wordsaway.services.BoardServiceTest" time="0.004"/>
  <testcase name="test_validateMove_ShortMoveOnBlankBoard_succeed{RepetitionInfo}[216]" classname="com.revature.wordsaway.services.BoardServiceTest" time="0.003"/>
  <testcase name="test_validateMove_ShortMoveOnBlankBoard_succeed{RepetitionInfo}[217]" classname="com.revature.wordsaway.services.BoardServiceTest" time="0.004"/>
  <testcase name="test_validateMove_ShortMoveOnBlankBoard_succeed{RepetitionInfo}[218]" classname="com.revature.wordsaway.services.BoardServiceTest" time="0.004"/>
  <testcase name="test_validateMove_ShortMoveOnBlankBoard_succeed{RepetitionInfo}[219]" classname="com.revature.wordsaway.services.BoardServiceTest" time="0.004"/>
  <testcase name="test_validateMove_ShortMoveOnBlankBoard_succeed{RepetitionInfo}[220]" classname="com.revature.wordsaway.services.BoardServiceTest" time="0.003"/>
  <testcase name="test_validateMove_ShortMoveOnBlankBoard_succeed{RepetitionInfo}[221]" classname="com.revature.wordsaway.services.BoardServiceTest" time="0.004"/>
  <testcase name="test_validateMove_ShortMoveOnBlankBoard_succeed{RepetitionInfo}[222]" classname="com.revature.wordsaway.services.BoardServiceTest" time="0.003"/>
  <testcase name="test_validateMove_ShortMoveOnBlankBoard_succeed{RepetitionInfo}[223]" classname="com.revature.wordsaway.services.BoardServiceTest" time="0.004"/>
  <testcase name="test_validateMove_ShortMoveOnBlankBoard_succeed{RepetitionInfo}[224]" classname="com.revature.wordsaway.services.BoardServiceTest" time="0.003"/>
  <testcase name="test_validateMove_ShortMoveOnBlankBoard_succeed{RepetitionInfo}[225]" classname="com.revature.wordsaway.services.BoardServiceTest" time="0.003"/>
  <testcase name="test_validateMove_ShortMoveOnBlankBoard_succeed{RepetitionInfo}[226]" classname="com.revature.wordsaway.services.BoardServiceTest" time="0.003"/>
  <testcase name="test_validateMove_ShortMoveOnBlankBoard_succeed{RepetitionInfo}[227]" classname="com.revature.wordsaway.services.BoardServiceTest" time="0.003"/>
  <testcase name="test_validateMove_ShortMoveOnBlankBoard_succeed{RepetitionInfo}[228]" classname="com.revature.wordsaway.services.BoardServiceTest" time="0.004"/>
  <testcase name="test_validateMove_ShortMoveOnBlankBoard_succeed{RepetitionInfo}[229]" classname="com.revature.wordsaway.services.BoardServiceTest" time="0.003"/>
  <testcase name="test_validateMove_ShortMoveOnBlankBoard_succeed{RepetitionInfo}[230]" classname="com.revature.wordsaway.services.BoardServiceTest" time="0.004"/>
  <testcase name="test_validateMove_ShortMoveOnBlankBoard_succeed{RepetitionInfo}[231]" classname="com.revature.wordsaway.services.BoardServiceTest" time="0.003"/>
  <testcase name="test_validateMove_ShortMoveOnBlankBoard_succeed{RepetitionInfo}[232]" classname="com.revature.wordsaway.services.BoardServiceTest" time="0.003"/>
  <testcase name="test_validateMove_ShortMoveOnBlankBoard_succeed{RepetitionInfo}[233]" classname="com.revature.wordsaway.services.BoardServiceTest" time="0.003"/>
  <testcase name="test_validateMove_ShortMoveOnBlankBoard_succeed{RepetitionInfo}[234]" classname="com.revature.wordsaway.services.BoardServiceTest" time="0.003"/>
  <testcase name="test_validateMove_ShortMoveOnBlankBoard_succeed{RepetitionInfo}[235]" classname="com.revature.wordsaway.services.BoardServiceTest" time="0.004"/>
  <testcase name="test_validateMove_ShortMoveOnBlankBoard_succeed{RepetitionInfo}[236]" classname="com.revature.wordsaway.services.BoardServiceTest" time="0.003"/>
  <testcase name="test_validateMove_ShortMoveOnBlankBoard_succeed{RepetitionInfo}[237]" classname="com.revature.wordsaway.services.BoardServiceTest" time="0.003"/>
  <testcase name="test_validateMove_ShortMoveOnBlankBoard_succeed{RepetitionInfo}[238]" classname="com.revature.wordsaway.services.BoardServiceTest" time="0.004"/>
  <testcase name="test_validateMove_ShortMoveOnBlankBoard_succeed{RepetitionInfo}[239]" classname="com.revature.wordsaway.services.BoardServiceTest" time="0.004"/>
  <testcase name="test_validateMove_ShortMoveOnBlankBoard_succeed{RepetitionInfo}[240]" classname="com.revature.wordsaway.services.BoardServiceTest" time="0.003"/>
  <testcase name="test_validateMove_ShortMoveOnBlankBoard_succeed{RepetitionInfo}[241]" classname="com.revature.wordsaway.services.BoardServiceTest" time="0.004"/>
  <testcase name="test_validateMove_ShortMoveOnBlankBoard_succeed{RepetitionInfo}[242]" classname="com.revature.wordsaway.services.BoardServiceTest" time="0.003"/>
  <testcase name="test_validateMove_ShortMoveOnBlankBoard_succeed{RepetitionInfo}[243]" classname="com.revature.wordsaway.services.BoardServiceTest" time="0.004"/>
  <testcase name="test_validateMove_ShortMoveOnBlankBoard_succeed{RepetitionInfo}[244]" classname="com.revature.wordsaway.services.BoardServiceTest" time="0.003"/>
  <testcase name="test_validateMove_ShortMoveOnBlankBoard_succeed{RepetitionInfo}[245]" classname="com.revature.wordsaway.services.BoardServiceTest" time="0.004"/>
  <testcase name="test_validateMove_ShortMoveOnBlankBoard_succeed{RepetitionInfo}[246]" classname="com.revature.wordsaway.services.BoardServiceTest" time="0.004"/>
  <testcase name="test_validateMove_ShortMoveOnBlankBoard_succeed{RepetitionInfo}[247]" classname="com.revature.wordsaway.services.BoardServiceTest" time="0.003"/>
  <testcase name="test_validateMove_ShortMoveOnBlankBoard_succeed{RepetitionInfo}[248]" classname="com.revature.wordsaway.services.BoardServiceTest" time="0.004"/>
  <testcase name="test_validateMove_ShortMoveOnBlankBoard_succeed{RepetitionInfo}[249]" classname="com.revature.wordsaway.services.BoardServiceTest" time="0.003"/>
  <testcase name="test_validateMove_ShortMoveOnBlankBoard_succeed{RepetitionInfo}[250]" classname="com.revature.wordsaway.services.BoardServiceTest" time="0.003"/>
  <testcase name="test_validateMove_ShortMoveOnBlankBoard_succeed{RepetitionInfo}[251]" classname="com.revature.wordsaway.services.BoardServiceTest" time="0.004"/>
  <testcase name="test_validateMove_ShortMoveOnBlankBoard_succeed{RepetitionInfo}[252]" classname="com.revature.wordsaway.services.BoardServiceTest" time="0.003"/>
  <testcase name="test_validateMove_ShortMoveOnBlankBoard_succeed{RepetitionInfo}[253]" classname="com.revature.wordsaway.services.BoardServiceTest" time="0.003"/>
  <testcase name="test_validateMove_ShortMoveOnBlankBoard_succeed{RepetitionInfo}[254]" classname="com.revature.wordsaway.services.BoardServiceTest" time="0.004"/>
  <testcase name="test_validateMove_ShortMoveOnBlankBoard_succeed{RepetitionInfo}[255]" classname="com.revature.wordsaway.services.BoardServiceTest" time="0.003"/>
  <testcase name="test_validateMove_ShortMoveOnBlankBoard_succeed{RepetitionInfo}[256]" classname="com.revature.wordsaway.services.BoardServiceTest" time="0.004"/>
  <testcase name="test_validateMove_TwoLongSameColumnMoveOnBlankBoard_succeed" classname="com.revature.wordsaway.services.BoardServiceTest" time="0.015"/>
  <testcase name="test_validateMove_ConnectedLongHorizontalAroundMoveOnBoardWithOneLetter_succeed" classname="com.revature.wordsaway.services.BoardServiceTest" time="0.004"/>
  <testcase name="test_validateMove_ConnectedShortHorizontalBackMoveOnBoardWithOneAsterisk_succeed" classname="com.revature.wordsaway.services.BoardServiceTest" time="0.005"/>
  <testcase name="test_getChecked_HorizontalMoveOnBoardWithSome2PointLetters_succeed" classname="com.revature.wordsaway.services.BoardServiceTest" time="0"/>
  <testcase name="test_validateMove_ConnectedLongVerticalFrontMoveOnBoardWithOneLetter_succeed" classname="com.revature.wordsaway.services.BoardServiceTest" time="0.012"/>
  <testcase name="test_calculateELO_LossWithMoreELO_succeed" classname="com.revature.wordsaway.services.BoardServiceTest" time="0"/>
  <testcase name="test_validateMove_ConnectedLongHorizontalFrontMoveOnBoardWithOneAsterisk_succeed" classname="com.revature.wordsaway.services.BoardServiceTest" time="0.005"/>
  <testcase name="test_validateMove_LetterAndAsteriskSameColumnMoveOnBlankBoard_fail{RepetitionInfo}[1]" classname="com.revature.wordsaway.services.BoardServiceTest" time="0.004"/>
  <testcase name="test_validateMove_LetterAndAsteriskSameColumnMoveOnBlankBoard_fail{RepetitionInfo}[2]" classname="com.revature.wordsaway.services.BoardServiceTest" time="0.004"/>
  <testcase name="test_validateMove_LetterAndAsteriskSameColumnMoveOnBlankBoard_fail{RepetitionInfo}[3]" classname="com.revature.wordsaway.services.BoardServiceTest" time="0.003"/>
  <testcase name="test_validateMove_LetterAndAsteriskSameColumnMoveOnBlankBoard_fail{RepetitionInfo}[4]" classname="com.revature.wordsaway.services.BoardServiceTest" time="0.004"/>
  <testcase name="test_validateMove_LetterAndAsteriskSameColumnMoveOnBlankBoard_fail{RepetitionInfo}[5]" classname="com.revature.wordsaway.services.BoardServiceTest" time="0.003"/>
  <testcase name="test_validateMove_LetterAndAsteriskSameColumnMoveOnBlankBoard_fail{RepetitionInfo}[6]" classname="com.revature.wordsaway.services.BoardServiceTest" time="0.004"/>
  <testcase name="test_validateMove_LetterAndAsteriskSameColumnMoveOnBlankBoard_fail{RepetitionInfo}[7]" classname="com.revature.wordsaway.services.BoardServiceTest" time="0.003"/>
  <testcase name="test_validateMove_LetterAndAsteriskSameColumnMoveOnBlankBoard_fail{RepetitionInfo}[8]" classname="com.revature.wordsaway.services.BoardServiceTest" time="0.004"/>
  <testcase name="test_validateMove_LetterAndAsteriskSameColumnMoveOnBlankBoard_fail{RepetitionInfo}[9]" classname="com.revature.wordsaway.services.BoardServiceTest" time="0.004"/>
  <testcase name="test_validateMove_LetterAndAsteriskSameColumnMoveOnBlankBoard_fail{RepetitionInfo}[10]" classname="com.revature.wordsaway.services.BoardServiceTest" time="0.003"/>
  <testcase name="test_validateMove_LetterAndAsteriskSameColumnMoveOnBlankBoard_fail{RepetitionInfo}[11]" classname="com.revature.wordsaway.services.BoardServiceTest" time="0.004"/>
  <testcase name="test_validateMove_LetterAndAsteriskSameColumnMoveOnBlankBoard_fail{RepetitionInfo}[12]" classname="com.revature.wordsaway.services.BoardServiceTest" time="0.003"/>
  <testcase name="test_validateMove_LetterAndAsteriskSameColumnMoveOnBlankBoard_fail{RepetitionInfo}[13]" classname="com.revature.wordsaway.services.BoardServiceTest" time="0.003"/>
  <testcase name="test_validateMove_LetterAndAsteriskSameColumnMoveOnBlankBoard_fail{RepetitionInfo}[14]" classname="com.revature.wordsaway.services.BoardServiceTest" time="0.003"/>
  <testcase name="test_validateMove_LetterAndAsteriskSameColumnMoveOnBlankBoard_fail{RepetitionInfo}[15]" classname="com.revature.wordsaway.services.BoardServiceTest" time="0.004"/>
  <testcase name="test_validateMove_LetterAndAsteriskSameColumnMoveOnBlankBoard_fail{RepetitionInfo}[16]" classname="com.revature.wordsaway.services.BoardServiceTest" time="0.004"/>
  <testcase name="test_validateMove_LetterAndAsteriskSameColumnMoveOnBlankBoard_fail{RepetitionInfo}[17]" classname="com.revature.wordsaway.services.BoardServiceTest" time="0.004"/>
  <testcase name="test_validateMove_LetterAndAsteriskSameColumnMoveOnBlankBoard_fail{RepetitionInfo}[18]" classname="com.revature.wordsaway.services.BoardServiceTest" time="0.003"/>
  <testcase name="test_validateMove_LetterAndAsteriskSameColumnMoveOnBlankBoard_fail{RepetitionInfo}[19]" classname="com.revature.wordsaway.services.BoardServiceTest" time="0.004"/>
  <testcase name="test_validateMove_LetterAndAsteriskSameColumnMoveOnBlankBoard_fail{RepetitionInfo}[20]" classname="com.revature.wordsaway.services.BoardServiceTest" time="0.003"/>
  <testcase name="test_validateMove_LetterAndAsteriskSameColumnMoveOnBlankBoard_fail{RepetitionInfo}[21]" classname="com.revature.wordsaway.services.BoardServiceTest" time="0.004"/>
  <testcase name="test_validateMove_LetterAndAsteriskSameColumnMoveOnBlankBoard_fail{RepetitionInfo}[22]" classname="com.revature.wordsaway.services.BoardServiceTest" time="0.003"/>
  <testcase name="test_validateMove_LetterAndAsteriskSameColumnMoveOnBlankBoard_fail{RepetitionInfo}[23]" classname="com.revature.wordsaway.services.BoardServiceTest" time="0.003"/>
  <testcase name="test_validateMove_LetterAndAsteriskSameColumnMoveOnBlankBoard_fail{RepetitionInfo}[24]" classname="com.revature.wordsaway.services.BoardServiceTest" time="0.003"/>
  <testcase name="test_validateMove_LetterAndAsteriskSameColumnMoveOnBlankBoard_fail{RepetitionInfo}[25]" classname="com.revature.wordsaway.services.BoardServiceTest" time="0.004"/>
  <testcase name="test_validateMove_LetterAndAsteriskSameColumnMoveOnBlankBoard_fail{RepetitionInfo}[26]" classname="com.revature.wordsaway.services.BoardServiceTest" time="0.004"/>
  <testcase name="test_validateMove_LetterAndAsteriskSameColumnMoveOnBlankBoard_fail{RepetitionInfo}[27]" classname="com.revature.wordsaway.services.BoardServiceTest" time="0.003"/>
  <testcase name="test_validateMove_LetterAndAsteriskSameColumnMoveOnBlankBoard_fail{RepetitionInfo}[28]" classname="com.revature.wordsaway.services.BoardServiceTest" time="0.003"/>
  <testcase name="test_validateMove_LetterAndAsteriskSameColumnMoveOnBlankBoard_fail{RepetitionInfo}[29]" classname="com.revature.wordsaway.services.BoardServiceTest" time="0.004"/>
  <testcase name="test_validateMove_LetterAndAsteriskSameColumnMoveOnBlankBoard_fail{RepetitionInfo}[30]" classname="com.revature.wordsaway.services.BoardServiceTest" time="0.004"/>
  <testcase name="test_validateMove_LetterAndAsteriskSameColumnMoveOnBlankBoard_fail{RepetitionInfo}[31]" classname="com.revature.wordsaway.services.BoardServiceTest" time="0.003"/>
  <testcase name="test_validateMove_LetterAndAsteriskSameColumnMoveOnBlankBoard_fail{RepetitionInfo}[32]" classname="com.revature.wordsaway.services.BoardServiceTest" time="0.004"/>
  <testcase name="test_validateMove_LetterAndAsteriskSameColumnMoveOnBlankBoard_fail{RepetitionInfo}[33]" classname="com.revature.wordsaway.services.BoardServiceTest" time="0.003"/>
  <testcase name="test_validateMove_LetterAndAsteriskSameColumnMoveOnBlankBoard_fail{RepetitionInfo}[34]" classname="com.revature.wordsaway.services.BoardServiceTest" time="0.004"/>
  <testcase name="test_validateMove_LetterAndAsteriskSameColumnMoveOnBlankBoard_fail{RepetitionInfo}[35]" classname="com.revature.wordsaway.services.BoardServiceTest" time="0.003"/>
  <testcase name="test_validateMove_LetterAndAsteriskSameColumnMoveOnBlankBoard_fail{RepetitionInfo}[36]" classname="com.revature.wordsaway.services.BoardServiceTest" time="0.004"/>
  <testcase name="test_validateMove_LetterAndAsteriskSameColumnMoveOnBlankBoard_fail{RepetitionInfo}[37]" classname="com.revature.wordsaway.services.BoardServiceTest" time="0.004"/>
  <testcase name="test_validateMove_LetterAndAsteriskSameColumnMoveOnBlankBoard_fail{RepetitionInfo}[38]" classname="com.revature.wordsaway.services.BoardServiceTest" time="0.003"/>
  <testcase name="test_validateMove_LetterAndAsteriskSameColumnMoveOnBlankBoard_fail{RepetitionInfo}[39]" classname="com.revature.wordsaway.services.BoardServiceTest" time="0.003"/>
  <testcase name="test_validateMove_LetterAndAsteriskSameColumnMoveOnBlankBoard_fail{RepetitionInfo}[40]" classname="com.revature.wordsaway.services.BoardServiceTest" time="0.003"/>
  <testcase name="test_validateMove_LetterAndAsteriskSameColumnMoveOnBlankBoard_fail{RepetitionInfo}[41]" classname="com.revature.wordsaway.services.BoardServiceTest" time="0.004"/>
  <testcase name="test_validateMove_LetterAndAsteriskSameColumnMoveOnBlankBoard_fail{RepetitionInfo}[42]" classname="com.revature.wordsaway.services.BoardServiceTest" time="0.003"/>
  <testcase name="test_validateMove_LetterAndAsteriskSameColumnMoveOnBlankBoard_fail{RepetitionInfo}[43]" classname="com.revature.wordsaway.services.BoardServiceTest" time="0.003"/>
  <testcase name="test_validateMove_LetterAndAsteriskSameColumnMoveOnBlankBoard_fail{RepetitionInfo}[44]" classname="com.revature.wordsaway.services.BoardServiceTest" time="0.004"/>
  <testcase name="test_validateMove_LetterAndAsteriskSameColumnMoveOnBlankBoard_fail{RepetitionInfo}[45]" classname="com.revature.wordsaway.services.BoardServiceTest" time="0.003"/>
  <testcase name="test_validateMove_LetterAndAsteriskSameColumnMoveOnBlankBoard_fail{RepetitionInfo}[46]" classname="com.revature.wordsaway.services.BoardServiceTest" time="0.004"/>
  <testcase name="test_validateMove_LetterAndAsteriskSameColumnMoveOnBlankBoard_fail{RepetitionInfo}[47]" classname="com.revature.wordsaway.services.BoardServiceTest" time="0.003"/>
  <testcase name="test_validateMove_LetterAndAsteriskSameColumnMoveOnBlankBoard_fail{RepetitionInfo}[48]" classname="com.revature.wordsaway.services.BoardServiceTest" time="0.003"/>
  <testcase name="test_validateMove_LetterAndAsteriskSameColumnMoveOnBlankBoard_fail{RepetitionInfo}[49]" classname="com.revature.wordsaway.services.BoardServiceTest" time="0.003"/>
  <testcase name="test_validateMove_LetterAndAsteriskSameColumnMoveOnBlankBoard_fail{RepetitionInfo}[50]" classname="com.revature.wordsaway.services.BoardServiceTest" time="0.003"/>
  <testcase name="test_validateMove_LetterAndAsteriskSameColumnMoveOnBlankBoard_fail{RepetitionInfo}[51]" classname="com.revature.wordsaway.services.BoardServiceTest" time="0.004"/>
  <testcase name="test_validateMove_LetterAndAsteriskSameColumnMoveOnBlankBoard_fail{RepetitionInfo}[52]" classname="com.revature.wordsaway.services.BoardServiceTest" time="0.003"/>
  <testcase name="test_validateMove_LetterAndAsteriskSameColumnMoveOnBlankBoard_fail{RepetitionInfo}[53]" classname="com.revature.wordsaway.services.BoardServiceTest" time="0.004"/>
  <testcase name="test_validateMove_LetterAndAsteriskSameColumnMoveOnBlankBoard_fail{RepetitionInfo}[54]" classname="com.revature.wordsaway.services.BoardServiceTest" time="0.004"/>
  <testcase name="test_validateMove_LetterAndAsteriskSameColumnMoveOnBlankBoard_fail{RepetitionInfo}[55]" classname="com.revature.wordsaway.services.BoardServiceTest" time="0.004"/>
  <testcase name="test_validateMove_LetterAndAsteriskSameColumnMoveOnBlankBoard_fail{RepetitionInfo}[56]" classname="com.revature.wordsaway.services.BoardServiceTest" time="0.004"/>
  <testcase name="test_validateMove_LetterAndAsteriskSameColumnMoveOnBlankBoard_fail{RepetitionInfo}[57]" classname="com.revature.wordsaway.services.BoardServiceTest" time="0.007"/>
  <testcase name="test_validateMove_LetterAndAsteriskSameColumnMoveOnBlankBoard_fail{RepetitionInfo}[58]" classname="com.revature.wordsaway.services.BoardServiceTest" time="0.005"/>
  <testcase name="test_validateMove_LetterAndAsteriskSameColumnMoveOnBlankBoard_fail{RepetitionInfo}[59]" classname="com.revature.wordsaway.services.BoardServiceTest" time="0.004"/>
  <testcase name="test_validateMove_LetterAndAsteriskSameColumnMoveOnBlankBoard_fail{RepetitionInfo}[60]" classname="com.revature.wordsaway.services.BoardServiceTest" time="0.004"/>
  <testcase name="test_validateMove_LetterAndAsteriskSameColumnMoveOnBlankBoard_fail{RepetitionInfo}[61]" classname="com.revature.wordsaway.services.BoardServiceTest" time="0.006"/>
  <testcase name="test_validateMove_LetterAndAsteriskSameColumnMoveOnBlankBoard_fail{RepetitionInfo}[62]" classname="com.revature.wordsaway.services.BoardServiceTest" time="0.004"/>
  <testcase name="test_validateMove_LetterAndAsteriskSameColumnMoveOnBlankBoard_fail{RepetitionInfo}[63]" classname="com.revature.wordsaway.services.BoardServiceTest" time="0.004"/>
  <testcase name="test_validateMove_LetterAndAsteriskSameColumnMoveOnBlankBoard_fail{RepetitionInfo}[64]" classname="com.revature.wordsaway.services.BoardServiceTest" time="0.003"/>
  <testcase name="test_validateMove_LetterAndAsteriskSameColumnMoveOnBlankBoard_fail{RepetitionInfo}[65]" classname="com.revature.wordsaway.services.BoardServiceTest" time="0.003"/>
  <testcase name="test_validateMove_LetterAndAsteriskSameColumnMoveOnBlankBoard_fail{RepetitionInfo}[66]" classname="com.revature.wordsaway.services.BoardServiceTest" time="0.004"/>
  <testcase name="test_validateMove_LetterAndAsteriskSameColumnMoveOnBlankBoard_fail{RepetitionInfo}[67]" classname="com.revature.wordsaway.services.BoardServiceTest" time="0.003"/>
  <testcase name="test_validateMove_LetterAndAsteriskSameColumnMoveOnBlankBoard_fail{RepetitionInfo}[68]" classname="com.revature.wordsaway.services.BoardServiceTest" time="0.004"/>
  <testcase name="test_validateMove_LetterAndAsteriskSameColumnMoveOnBlankBoard_fail{RepetitionInfo}[69]" classname="com.revature.wordsaway.services.BoardServiceTest" time="0.004"/>
  <testcase name="test_validateMove_LetterAndAsteriskSameColumnMoveOnBlankBoard_fail{RepetitionInfo}[70]" classname="com.revature.wordsaway.services.BoardServiceTest" time="0.004"/>
  <testcase name="test_validateMove_LetterAndAsteriskSameColumnMoveOnBlankBoard_fail{RepetitionInfo}[71]" classname="com.revature.wordsaway.services.BoardServiceTest" time="0.003"/>
  <testcase name="test_validateMove_LetterAndAsteriskSameColumnMoveOnBlankBoard_fail{RepetitionInfo}[72]" classname="com.revature.wordsaway.services.BoardServiceTest" time="0.004"/>
  <testcase name="test_validateMove_LetterAndAsteriskSameColumnMoveOnBlankBoard_fail{RepetitionInfo}[73]" classname="com.revature.wordsaway.services.BoardServiceTest" time="0.003"/>
  <testcase name="test_validateMove_LetterAndAsteriskSameColumnMoveOnBlankBoard_fail{RepetitionInfo}[74]" classname="com.revature.wordsaway.services.BoardServiceTest" time="0.004"/>
  <testcase name="test_validateMove_LetterAndAsteriskSameColumnMoveOnBlankBoard_fail{RepetitionInfo}[75]" classname="com.revature.wordsaway.services.BoardServiceTest" time="0.003"/>
  <testcase name="test_validateMove_LetterAndAsteriskSameColumnMoveOnBlankBoard_fail{RepetitionInfo}[76]" classname="com.revature.wordsaway.services.BoardServiceTest" time="0.004"/>
  <testcase name="test_validateMove_LetterAndAsteriskSameColumnMoveOnBlankBoard_fail{RepetitionInfo}[77]" classname="com.revature.wordsaway.services.BoardServiceTest" time="0.003"/>
  <testcase name="test_validateMove_LetterAndAsteriskSameColumnMoveOnBlankBoard_fail{RepetitionInfo}[78]" classname="com.revature.wordsaway.services.BoardServiceTest" time="0.004"/>
  <testcase name="test_validateMove_LetterAndAsteriskSameColumnMoveOnBlankBoard_fail{RepetitionInfo}[79]" classname="com.revature.wordsaway.services.BoardServiceTest" time="0.003"/>
  <testcase name="test_validateMove_LetterAndAsteriskSameColumnMoveOnBlankBoard_fail{RepetitionInfo}[80]" classname="com.revature.wordsaway.services.BoardServiceTest" time="0.004"/>
  <testcase name="test_validateMove_LetterAndAsteriskSameColumnMoveOnBlankBoard_fail{RepetitionInfo}[81]" classname="com.revature.wordsaway.services.BoardServiceTest" time="0.004"/>
  <testcase name="test_validateMove_LetterAndAsteriskSameColumnMoveOnBlankBoard_fail{RepetitionInfo}[82]" classname="com.revature.wordsaway.services.BoardServiceTest" time="0.004"/>
  <testcase name="test_validateMove_LetterAndAsteriskSameColumnMoveOnBlankBoard_fail{RepetitionInfo}[83]" classname="com.revature.wordsaway.services.BoardServiceTest" time="0.003"/>
  <testcase name="test_validateMove_LetterAndAsteriskSameColumnMoveOnBlankBoard_fail{RepetitionInfo}[84]" classname="com.revature.wordsaway.services.BoardServiceTest" time="0.003"/>
  <testcase name="test_validateMove_LetterAndAsteriskSameColumnMoveOnBlankBoard_fail{RepetitionInfo}[85]" classname="com.revature.wordsaway.services.BoardServiceTest" time="0.003"/>
  <testcase name="test_validateMove_LetterAndAsteriskSameColumnMoveOnBlankBoard_fail{RepetitionInfo}[86]" classname="com.revature.wordsaway.services.BoardServiceTest" time="0.003"/>
  <testcase name="test_validateMove_LetterAndAsteriskSameColumnMoveOnBlankBoard_fail{RepetitionInfo}[87]" classname="com.revature.wordsaway.services.BoardServiceTest" time="0.004"/>
  <testcase name="test_validateMove_LetterAndAsteriskSameColumnMoveOnBlankBoard_fail{RepetitionInfo}[88]" classname="com.revature.wordsaway.services.BoardServiceTest" time="0.003"/>
  <testcase name="test_validateMove_LetterAndAsteriskSameColumnMoveOnBlankBoard_fail{RepetitionInfo}[89]" classname="com.revature.wordsaway.services.BoardServiceTest" time="0.003"/>
  <testcase name="test_validateMove_LetterAndAsteriskSameColumnMoveOnBlankBoard_fail{RepetitionInfo}[90]" classname="com.revature.wordsaway.services.BoardServiceTest" time="0.004"/>
  <testcase name="test_validateMove_LetterAndAsteriskSameColumnMoveOnBlankBoard_fail{RepetitionInfo}[91]" classname="com.revature.wordsaway.services.BoardServiceTest" time="0.003"/>
  <testcase name="test_validateMove_LetterAndAsteriskSameColumnMoveOnBlankBoard_fail{RepetitionInfo}[92]" classname="com.revature.wordsaway.services.BoardServiceTest" time="0.004"/>
  <testcase name="test_validateMove_LetterAndAsteriskSameColumnMoveOnBlankBoard_fail{RepetitionInfo}[93]" classname="com.revature.wordsaway.services.BoardServiceTest" time="0.003"/>
  <testcase name="test_validateMove_LetterAndAsteriskSameColumnMoveOnBlankBoard_fail{RepetitionInfo}[94]" classname="com.revature.wordsaway.services.BoardServiceTest" time="0.003"/>
  <testcase name="test_validateMove_LetterAndAsteriskSameColumnMoveOnBlankBoard_fail{RepetitionInfo}[95]" classname="com.revature.wordsaway.services.BoardServiceTest" time="0.003"/>
  <testcase name="test_validateMove_LetterAndAsteriskSameColumnMoveOnBlankBoard_fail{RepetitionInfo}[96]" classname="com.revature.wordsaway.services.BoardServiceTest" time="0.004"/>
  <testcase name="test_validateMove_LetterAndAsteriskSameColumnMoveOnBlankBoard_fail{RepetitionInfo}[97]" classname="com.revature.wordsaway.services.BoardServiceTest" time="0.003"/>
  <testcase name="test_validateMove_LetterAndAsteriskSameColumnMoveOnBlankBoard_fail{RepetitionInfo}[98]" classname="com.revature.wordsaway.services.BoardServiceTest" time="0.004"/>
  <testcase name="test_validateMove_LetterAndAsteriskSameColumnMoveOnBlankBoard_fail{RepetitionInfo}[99]" classname="com.revature.wordsaway.services.BoardServiceTest" time="0.004"/>
  <testcase name="test_validateMove_LetterAndAsteriskSameColumnMoveOnBlankBoard_fail{RepetitionInfo}[100]" classname="com.revature.wordsaway.services.BoardServiceTest" time="0.003"/>
  <testcase name="test_validateMove_LetterAndAsteriskSameColumnMoveOnBlankBoard_fail{RepetitionInfo}[101]" classname="com.revature.wordsaway.services.BoardServiceTest" time="0.003"/>
  <testcase name="test_validateMove_LetterAndAsteriskSameColumnMoveOnBlankBoard_fail{RepetitionInfo}[102]" classname="com.revature.wordsaway.services.BoardServiceTest" time="0.004"/>
  <testcase name="test_validateMove_LetterAndAsteriskSameColumnMoveOnBlankBoard_fail{RepetitionInfo}[103]" classname="com.revature.wordsaway.services.BoardServiceTest" time="0.003"/>
  <testcase name="test_validateMove_LetterAndAsteriskSameColumnMoveOnBlankBoard_fail{RepetitionInfo}[104]" classname="com.revature.wordsaway.services.BoardServiceTest" time="0.003"/>
  <testcase name="test_validateMove_LetterAndAsteriskSameColumnMoveOnBlankBoard_fail{RepetitionInfo}[105]" classname="com.revature.wordsaway.services.BoardServiceTest" time="0.004"/>
  <testcase name="test_validateMove_LetterAndAsteriskSameColumnMoveOnBlankBoard_fail{RepetitionInfo}[106]" classname="com.revature.wordsaway.services.BoardServiceTest" time="0.003"/>
  <testcase name="test_validateMove_LetterAndAsteriskSameColumnMoveOnBlankBoard_fail{RepetitionInfo}[107]" classname="com.revature.wordsaway.services.BoardServiceTest" time="0.004"/>
  <testcase name="test_validateMove_LetterAndAsteriskSameColumnMoveOnBlankBoard_fail{RepetitionInfo}[108]" classname="com.revature.wordsaway.services.BoardServiceTest" time="0.003"/>
  <testcase name="test_validateMove_LetterAndAsteriskSameColumnMoveOnBlankBoard_fail{RepetitionInfo}[109]" classname="com.revature.wordsaway.services.BoardServiceTest" time="0.003"/>
  <testcase name="test_validateMove_LetterAndAsteriskSameColumnMoveOnBlankBoard_fail{RepetitionInfo}[110]" classname="com.revature.wordsaway.services.BoardServiceTest" time="0.003"/>
  <testcase name="test_validateMove_LetterAndAsteriskSameColumnMoveOnBlankBoard_fail{RepetitionInfo}[111]" classname="com.revature.wordsaway.services.BoardServiceTest" time="0.004"/>
  <testcase name="test_validateMove_LetterAndAsteriskSameColumnMoveOnBlankBoard_fail{RepetitionInfo}[112]" classname="com.revature.wordsaway.services.BoardServiceTest" time="0.003"/>
  <testcase name="test_validateMove_LetterAndAsteriskSameColumnMoveOnBlankBoard_fail{RepetitionInfo}[113]" classname="com.revature.wordsaway.services.BoardServiceTest" time="0.004"/>
  <testcase name="test_validateMove_LetterAndAsteriskSameColumnMoveOnBlankBoard_fail{RepetitionInfo}[114]" classname="com.revature.wordsaway.services.BoardServiceTest" time="0.003"/>
  <testcase name="test_validateMove_LetterAndAsteriskSameColumnMoveOnBlankBoard_fail{RepetitionInfo}[115]" classname="com.revature.wordsaway.services.BoardServiceTest" time="0.003"/>
  <testcase name="test_validateMove_LetterAndAsteriskSameColumnMoveOnBlankBoard_fail{RepetitionInfo}[116]" classname="com.revature.wordsaway.services.BoardServiceTest" time="0.004"/>
  <testcase name="test_validateMove_LetterAndAsteriskSameColumnMoveOnBlankBoard_fail{RepetitionInfo}[117]" classname="com.revature.wordsaway.services.BoardServiceTest" time="0.003"/>
  <testcase name="test_validateMove_LetterAndAsteriskSameColumnMoveOnBlankBoard_fail{RepetitionInfo}[118]" classname="com.revature.wordsaway.services.BoardServiceTest" time="0.003"/>
  <testcase name="test_validateMove_LetterAndAsteriskSameColumnMoveOnBlankBoard_fail{RepetitionInfo}[119]" classname="com.revature.wordsaway.services.BoardServiceTest" time="0.004"/>
  <testcase name="test_validateMove_LetterAndAsteriskSameColumnMoveOnBlankBoard_fail{RepetitionInfo}[120]" classname="com.revature.wordsaway.services.BoardServiceTest" time="0.003"/>
  <testcase name="test_validateMove_LetterAndAsteriskSameColumnMoveOnBlankBoard_fail{RepetitionInfo}[121]" classname="com.revature.wordsaway.services.BoardServiceTest" time="0.003"/>
  <testcase name="test_validateMove_LetterAndAsteriskSameColumnMoveOnBlankBoard_fail{RepetitionInfo}[122]" classname="com.revature.wordsaway.services.BoardServiceTest" time="0.004"/>
  <testcase name="test_validateMove_LetterAndAsteriskSameColumnMoveOnBlankBoard_fail{RepetitionInfo}[123]" classname="com.revature.wordsaway.services.BoardServiceTest" time="0.004"/>
  <testcase name="test_validateMove_LetterAndAsteriskSameColumnMoveOnBlankBoard_fail{RepetitionInfo}[124]" classname="com.revature.wordsaway.services.BoardServiceTest" time="0.003"/>
  <testcase name="test_validateMove_LetterAndAsteriskSameColumnMoveOnBlankBoard_fail{RepetitionInfo}[125]" classname="com.revature.wordsaway.services.BoardServiceTest" time="0.003"/>
  <testcase name="test_validateMove_LetterAndAsteriskSameColumnMoveOnBlankBoard_fail{RepetitionInfo}[126]" classname="com.revature.wordsaway.services.BoardServiceTest" time="0.004"/>
  <testcase name="test_validateMove_LetterAndAsteriskSameColumnMoveOnBlankBoard_fail{RepetitionInfo}[127]" classname="com.revature.wordsaway.services.BoardServiceTest" time="0.004"/>
  <testcase name="test_validateMove_LetterAndAsteriskSameColumnMoveOnBlankBoard_fail{RepetitionInfo}[128]" classname="com.revature.wordsaway.services.BoardServiceTest" time="0.003"/>
  <testcase name="test_validateMove_LetterAndAsteriskSameColumnMoveOnBlankBoard_fail{RepetitionInfo}[129]" classname="com.revature.wordsaway.services.BoardServiceTest" time="0.004"/>
  <testcase name="test_validateMove_LetterAndAsteriskSameColumnMoveOnBlankBoard_fail{RepetitionInfo}[130]" classname="com.revature.wordsaway.services.BoardServiceTest" time="0.003"/>
  <testcase name="test_validateMove_LetterAndAsteriskSameColumnMoveOnBlankBoard_fail{RepetitionInfo}[131]" classname="com.revature.wordsaway.services.BoardServiceTest" time="0.003"/>
  <testcase name="test_validateMove_LetterAndAsteriskSameColumnMoveOnBlankBoard_fail{RepetitionInfo}[132]" classname="com.revature.wordsaway.services.BoardServiceTest" time="0.004"/>
  <testcase name="test_validateMove_LetterAndAsteriskSameColumnMoveOnBlankBoard_fail{RepetitionInfo}[133]" classname="com.revature.wordsaway.services.BoardServiceTest" time="0.003"/>
  <testcase name="test_validateMove_LetterAndAsteriskSameColumnMoveOnBlankBoard_fail{RepetitionInfo}[134]" classname="com.revature.wordsaway.services.BoardServiceTest" time="0.004"/>
  <testcase name="test_validateMove_LetterAndAsteriskSameColumnMoveOnBlankBoard_fail{RepetitionInfo}[135]" classname="com.revature.wordsaway.services.BoardServiceTest" time="0.003"/>
  <testcase name="test_validateMove_LetterAndAsteriskSameColumnMoveOnBlankBoard_fail{RepetitionInfo}[136]" classname="com.revature.wordsaway.services.BoardServiceTest" time="0.003"/>
  <testcase name="test_validateMove_LetterAndAsteriskSameColumnMoveOnBlankBoard_fail{RepetitionInfo}[137]" classname="com.revature.wordsaway.services.BoardServiceTest" time="0.004"/>
  <testcase name="test_validateMove_LetterAndAsteriskSameColumnMoveOnBlankBoard_fail{RepetitionInfo}[138]" classname="com.revature.wordsaway.services.BoardServiceTest" time="0.003"/>
  <testcase name="test_validateMove_LetterAndAsteriskSameColumnMoveOnBlankBoard_fail{RepetitionInfo}[139]" classname="com.revature.wordsaway.services.BoardServiceTest" time="0.004"/>
  <testcase name="test_validateMove_LetterAndAsteriskSameColumnMoveOnBlankBoard_fail{RepetitionInfo}[140]" classname="com.revature.wordsaway.services.BoardServiceTest" time="0.003"/>
  <testcase name="test_validateMove_LetterAndAsteriskSameColumnMoveOnBlankBoard_fail{RepetitionInfo}[141]" classname="com.revature.wordsaway.services.BoardServiceTest" time="0.004"/>
  <testcase name="test_validateMove_LetterAndAsteriskSameColumnMoveOnBlankBoard_fail{RepetitionInfo}[142]" classname="com.revature.wordsaway.services.BoardServiceTest" time="0.003"/>
  <testcase name="test_validateMove_LetterAndAsteriskSameColumnMoveOnBlankBoard_fail{RepetitionInfo}[143]" classname="com.revature.wordsaway.services.BoardServiceTest" time="0.004"/>
  <testcase name="test_validateMove_LetterAndAsteriskSameColumnMoveOnBlankBoard_fail{RepetitionInfo}[144]" classname="com.revature.wordsaway.services.BoardServiceTest" time="0.003"/>
  <testcase name="test_validateMove_LetterAndAsteriskSameColumnMoveOnBlankBoard_fail{RepetitionInfo}[145]" classname="com.revature.wordsaway.services.BoardServiceTest" time="0.004"/>
  <testcase name="test_validateMove_LetterAndAsteriskSameColumnMoveOnBlankBoard_fail{RepetitionInfo}[146]" classname="com.revature.wordsaway.services.BoardServiceTest" time="0.003"/>
  <testcase name="test_validateMove_LetterAndAsteriskSameColumnMoveOnBlankBoard_fail{RepetitionInfo}[147]" classname="com.revature.wordsaway.services.BoardServiceTest" time="0.004"/>
  <testcase name="test_validateMove_LetterAndAsteriskSameColumnMoveOnBlankBoard_fail{RepetitionInfo}[148]" classname="com.revature.wordsaway.services.BoardServiceTest" time="0.003"/>
  <testcase name="test_validateMove_LetterAndAsteriskSameColumnMoveOnBlankBoard_fail{RepetitionInfo}[149]" classname="com.revature.wordsaway.services.BoardServiceTest" time="0.003"/>
  <testcase name="test_validateMove_LetterAndAsteriskSameColumnMoveOnBlankBoard_fail{RepetitionInfo}[150]" classname="com.revature.wordsaway.services.BoardServiceTest" time="0.004"/>
  <testcase name="test_validateMove_LetterAndAsteriskSameColumnMoveOnBlankBoard_fail{RepetitionInfo}[151]" classname="com.revature.wordsaway.services.BoardServiceTest" time="0.003"/>
  <testcase name="test_validateMove_LetterAndAsteriskSameColumnMoveOnBlankBoard_fail{RepetitionInfo}[152]" classname="com.revature.wordsaway.services.BoardServiceTest" time="0.004"/>
  <testcase name="test_validateMove_LetterAndAsteriskSameColumnMoveOnBlankBoard_fail{RepetitionInfo}[153]" classname="com.revature.wordsaway.services.BoardServiceTest" time="0.004"/>
  <testcase name="test_validateMove_LetterAndAsteriskSameColumnMoveOnBlankBoard_fail{RepetitionInfo}[154]" classname="com.revature.wordsaway.services.BoardServiceTest" time="0.003"/>
  <testcase name="test_validateMove_LetterAndAsteriskSameColumnMoveOnBlankBoard_fail{RepetitionInfo}[155]" classname="com.revature.wordsaway.services.BoardServiceTest" time="0.004"/>
  <testcase name="test_validateMove_LetterAndAsteriskSameColumnMoveOnBlankBoard_fail{RepetitionInfo}[156]" classname="com.revature.wordsaway.services.BoardServiceTest" time="0.004"/>
  <testcase name="test_validateMove_LetterAndAsteriskSameColumnMoveOnBlankBoard_fail{RepetitionInfo}[157]" classname="com.revature.wordsaway.services.BoardServiceTest" time="0.003"/>
  <testcase name="test_validateMove_LetterAndAsteriskSameColumnMoveOnBlankBoard_fail{RepetitionInfo}[158]" classname="com.revature.wordsaway.services.BoardServiceTest" time="0.004"/>
  <testcase name="test_validateMove_LetterAndAsteriskSameColumnMoveOnBlankBoard_fail{RepetitionInfo}[159]" classname="com.revature.wordsaway.services.BoardServiceTest" time="0.003"/>
  <testcase name="test_validateMove_LetterAndAsteriskSameColumnMoveOnBlankBoard_fail{RepetitionInfo}[160]" classname="com.revature.wordsaway.services.BoardServiceTest" time="0.004"/>
  <testcase name="test_validateMove_LetterAndAsteriskSameColumnMoveOnBlankBoard_fail{RepetitionInfo}[161]" classname="com.revature.wordsaway.services.BoardServiceTest" time="0.003"/>
  <testcase name="test_validateMove_LetterAndAsteriskSameColumnMoveOnBlankBoard_fail{RepetitionInfo}[162]" classname="com.revature.wordsaway.services.BoardServiceTest" time="0.004"/>
  <testcase name="test_validateMove_LetterAndAsteriskSameColumnMoveOnBlankBoard_fail{RepetitionInfo}[163]" classname="com.revature.wordsaway.services.BoardServiceTest" time="0.003"/>
  <testcase name="test_validateMove_LetterAndAsteriskSameColumnMoveOnBlankBoard_fail{RepetitionInfo}[164]" classname="com.revature.wordsaway.services.BoardServiceTest" time="0.004"/>
  <testcase name="test_validateMove_LetterAndAsteriskSameColumnMoveOnBlankBoard_fail{RepetitionInfo}[165]" classname="com.revature.wordsaway.services.BoardServiceTest" time="0.003"/>
  <testcase name="test_validateMove_LetterAndAsteriskSameColumnMoveOnBlankBoard_fail{RepetitionInfo}[166]" classname="com.revature.wordsaway.services.BoardServiceTest" time="0.003"/>
  <testcase name="test_validateMove_LetterAndAsteriskSameColumnMoveOnBlankBoard_fail{RepetitionInfo}[167]" classname="com.revature.wordsaway.services.BoardServiceTest" time="0.004"/>
  <testcase name="test_validateMove_LetterAndAsteriskSameColumnMoveOnBlankBoard_fail{RepetitionInfo}[168]" classname="com.revature.wordsaway.services.BoardServiceTest" time="0.003"/>
  <testcase name="test_validateMove_LetterAndAsteriskSameColumnMoveOnBlankBoard_fail{RepetitionInfo}[169]" classname="com.revature.wordsaway.services.BoardServiceTest" time="0.004"/>
  <testcase name="test_validateMove_LetterAndAsteriskSameColumnMoveOnBlankBoard_fail{RepetitionInfo}[170]" classname="com.revature.wordsaway.services.BoardServiceTest" time="0.004"/>
  <testcase name="test_validateMove_LetterAndAsteriskSameColumnMoveOnBlankBoard_fail{RepetitionInfo}[171]" classname="com.revature.wordsaway.services.BoardServiceTest" time="0.003"/>
  <testcase name="test_validateMove_LetterAndAsteriskSameColumnMoveOnBlankBoard_fail{RepetitionInfo}[172]" classname="com.revature.wordsaway.services.BoardServiceTest" time="0.004"/>
  <testcase name="test_validateMove_LetterAndAsteriskSameColumnMoveOnBlankBoard_fail{RepetitionInfo}[173]" classname="com.revature.wordsaway.services.BoardServiceTest" time="0.004"/>
  <testcase name="test_validateMove_LetterAndAsteriskSameColumnMoveOnBlankBoard_fail{RepetitionInfo}[174]" classname="com.revature.wordsaway.services.BoardServiceTest" time="0.004"/>
  <testcase name="test_validateMove_LetterAndAsteriskSameColumnMoveOnBlankBoard_fail{RepetitionInfo}[175]" classname="com.revature.wordsaway.services.BoardServiceTest" time="0.005"/>
  <testcase name="test_validateMove_LetterAndAsteriskSameColumnMoveOnBlankBoard_fail{RepetitionInfo}[176]" classname="com.revature.wordsaway.services.BoardServiceTest" time="0.004"/>
  <testcase name="test_validateMove_LetterAndAsteriskSameColumnMoveOnBlankBoard_fail{RepetitionInfo}[177]" classname="com.revature.wordsaway.services.BoardServiceTest" time="0.003"/>
  <testcase name="test_validateMove_LetterAndAsteriskSameColumnMoveOnBlankBoard_fail{RepetitionInfo}[178]" classname="com.revature.wordsaway.services.BoardServiceTest" time="0.003"/>
  <testcase name="test_validateMove_LetterAndAsteriskSameColumnMoveOnBlankBoard_fail{RepetitionInfo}[179]" classname="com.revature.wordsaway.services.BoardServiceTest" time="0.004"/>
  <testcase name="test_validateMove_LetterAndAsteriskSameColumnMoveOnBlankBoard_fail{RepetitionInfo}[180]" classname="com.revature.wordsaway.services.BoardServiceTest" time="0.003"/>
  <testcase name="test_validateMove_LetterAndAsteriskSameColumnMoveOnBlankBoard_fail{RepetitionInfo}[181]" classname="com.revature.wordsaway.services.BoardServiceTest" time="0.004"/>
  <testcase name="test_validateMove_LetterAndAsteriskSameColumnMoveOnBlankBoard_fail{RepetitionInfo}[182]" classname="com.revature.wordsaway.services.BoardServiceTest" time="0.004"/>
  <testcase name="test_validateMove_LetterAndAsteriskSameColumnMoveOnBlankBoard_fail{RepetitionInfo}[183]" classname="com.revature.wordsaway.services.BoardServiceTest" time="0.004"/>
  <testcase name="test_validateMove_LetterAndAsteriskSameColumnMoveOnBlankBoard_fail{RepetitionInfo}[184]" classname="com.revature.wordsaway.services.BoardServiceTest" time="0.003"/>
  <testcase name="test_validateMove_LetterAndAsteriskSameColumnMoveOnBlankBoard_fail{RepetitionInfo}[185]" classname="com.revature.wordsaway.services.BoardServiceTest" time="0.004"/>
  <testcase name="test_validateMove_LetterAndAsteriskSameColumnMoveOnBlankBoard_fail{RepetitionInfo}[186]" classname="com.revature.wordsaway.services.BoardServiceTest" time="0.004"/>
  <testcase name="test_validateMove_LetterAndAsteriskSameColumnMoveOnBlankBoard_fail{RepetitionInfo}[187]" classname="com.revature.wordsaway.services.BoardServiceTest" time="0.001"/>
  <testcase name="test_validateMove_LetterAndAsteriskSameColumnMoveOnBlankBoard_fail{RepetitionInfo}[188]" classname="com.revature.wordsaway.services.BoardServiceTest" time="0.004"/>
  <testcase name="test_validateMove_LetterAndAsteriskSameColumnMoveOnBlankBoard_fail{RepetitionInfo}[189]" classname="com.revature.wordsaway.services.BoardServiceTest" time="0.004"/>
  <testcase name="test_validateMove_LetterAndAsteriskSameColumnMoveOnBlankBoard_fail{RepetitionInfo}[190]" classname="com.revature.wordsaway.services.BoardServiceTest" time="0.004"/>
  <testcase name="test_validateMove_LetterAndAsteriskSameColumnMoveOnBlankBoard_fail{RepetitionInfo}[191]" classname="com.revature.wordsaway.services.BoardServiceTest" time="0.003"/>
  <testcase name="test_validateMove_LetterAndAsteriskSameColumnMoveOnBlankBoard_fail{RepetitionInfo}[192]" classname="com.revature.wordsaway.services.BoardServiceTest" time="0.004"/>
  <testcase name="test_validateMove_LetterAndAsteriskSameColumnMoveOnBlankBoard_fail{RepetitionInfo}[193]" classname="com.revature.wordsaway.services.BoardServiceTest" time="0.004"/>
  <testcase name="test_validateMove_LetterAndAsteriskSameColumnMoveOnBlankBoard_fail{RepetitionInfo}[194]" classname="com.revature.wordsaway.services.BoardServiceTest" time="0.003"/>
  <testcase name="test_validateMove_LetterAndAsteriskSameColumnMoveOnBlankBoard_fail{RepetitionInfo}[195]" classname="com.revature.wordsaway.services.BoardServiceTest" time="0.004"/>
  <testcase name="test_validateMove_LetterAndAsteriskSameColumnMoveOnBlankBoard_fail{RepetitionInfo}[196]" classname="com.revature.wordsaway.services.BoardServiceTest" time="0.005"/>
  <testcase name="test_validateMove_LetterAndAsteriskSameColumnMoveOnBlankBoard_fail{RepetitionInfo}[197]" classname="com.revature.wordsaway.services.BoardServiceTest" time="0.003"/>
  <testcase name="test_validateMove_LetterAndAsteriskSameColumnMoveOnBlankBoard_fail{RepetitionInfo}[198]" classname="com.revature.wordsaway.services.BoardServiceTest" time="0.004"/>
  <testcase name="test_validateMove_LetterAndAsteriskSameColumnMoveOnBlankBoard_fail{RepetitionInfo}[199]" classname="com.revature.wordsaway.services.BoardServiceTest" time="0.003"/>
  <testcase name="test_validateMove_LetterAndAsteriskSameColumnMoveOnBlankBoard_fail{RepetitionInfo}[200]" classname="com.revature.wordsaway.services.BoardServiceTest" time="0.004"/>
  <testcase name="test_validateMove_LetterAndAsteriskSameColumnMoveOnBlankBoard_fail{RepetitionInfo}[201]" classname="com.revature.wordsaway.services.BoardServiceTest" time="0.003"/>
  <testcase name="test_validateMove_LetterAndAsteriskSameColumnMoveOnBlankBoard_fail{RepetitionInfo}[202]" classname="com.revature.wordsaway.services.BoardServiceTest" time="0.004"/>
  <testcase name="test_validateMove_LetterAndAsteriskSameColumnMoveOnBlankBoard_fail{RepetitionInfo}[203]" classname="com.revature.wordsaway.services.BoardServiceTest" time="0.003"/>
  <testcase name="test_validateMove_LetterAndAsteriskSameColumnMoveOnBlankBoard_fail{RepetitionInfo}[204]" classname="com.revature.wordsaway.services.BoardServiceTest" time="0.005"/>
  <testcase name="test_validateMove_LetterAndAsteriskSameColumnMoveOnBlankBoard_fail{RepetitionInfo}[205]" classname="com.revature.wordsaway.services.BoardServiceTest" time="0.005"/>
  <testcase name="test_validateMove_LetterAndAsteriskSameColumnMoveOnBlankBoard_fail{RepetitionInfo}[206]" classname="com.revature.wordsaway.services.BoardServiceTest" time="0.005"/>
  <testcase name="test_validateMove_LetterAndAsteriskSameColumnMoveOnBlankBoard_fail{RepetitionInfo}[207]" classname="com.revature.wordsaway.services.BoardServiceTest" time="0.003"/>
  <testcase name="test_validateMove_LetterAndAsteriskSameColumnMoveOnBlankBoard_fail{RepetitionInfo}[208]" classname="com.revature.wordsaway.services.BoardServiceTest" time="0.004"/>
  <testcase name="test_validateMove_LetterAndAsteriskSameColumnMoveOnBlankBoard_fail{RepetitionInfo}[209]" classname="com.revature.wordsaway.services.BoardServiceTest" time="0.003"/>
  <testcase name="test_validateMove_LetterAndAsteriskSameColumnMoveOnBlankBoard_fail{RepetitionInfo}[210]" classname="com.revature.wordsaway.services.BoardServiceTest" time="0.004"/>
  <testcase name="test_validateMove_LetterAndAsteriskSameColumnMoveOnBlankBoard_fail{RepetitionInfo}[211]" classname="com.revature.wordsaway.services.BoardServiceTest" time="0.003"/>
  <testcase name="test_validateMove_LetterAndAsteriskSameColumnMoveOnBlankBoard_fail{RepetitionInfo}[212]" classname="com.revature.wordsaway.services.BoardServiceTest" time="0.003"/>
  <testcase name="test_validateMove_LetterAndAsteriskSameColumnMoveOnBlankBoard_fail{RepetitionInfo}[213]" classname="com.revature.wordsaway.services.BoardServiceTest" time="0.004"/>
  <testcase name="test_validateMove_LetterAndAsteriskSameColumnMoveOnBlankBoard_fail{RepetitionInfo}[214]" classname="com.revature.wordsaway.services.BoardServiceTest" time="0.004"/>
  <testcase name="test_validateMove_LetterAndAsteriskSameColumnMoveOnBlankBoard_fail{RepetitionInfo}[215]" classname="com.revature.wordsaway.services.BoardServiceTest" time="0.004"/>
  <testcase name="test_validateMove_LetterAndAsteriskSameColumnMoveOnBlankBoard_fail{RepetitionInfo}[216]" classname="com.revature.wordsaway.services.BoardServiceTest" time="0.004"/>
  <testcase name="test_validateMove_LetterAndAsteriskSameColumnMoveOnBlankBoard_fail{RepetitionInfo}[217]" classname="com.revature.wordsaway.services.BoardServiceTest" time="0.003"/>
  <testcase name="test_validateMove_LetterAndAsteriskSameColumnMoveOnBlankBoard_fail{RepetitionInfo}[218]" classname="com.revature.wordsaway.services.BoardServiceTest" time="0.004"/>
  <testcase name="test_validateMove_LetterAndAsteriskSameColumnMoveOnBlankBoard_fail{RepetitionInfo}[219]" classname="com.revature.wordsaway.services.BoardServiceTest" time="0.003"/>
  <testcase name="test_validateMove_LetterAndAsteriskSameColumnMoveOnBlankBoard_fail{RepetitionInfo}[220]" classname="com.revature.wordsaway.services.BoardServiceTest" time="0.004"/>
  <testcase name="test_validateMove_LetterAndAsteriskSameColumnMoveOnBlankBoard_fail{RepetitionInfo}[221]" classname="com.revature.wordsaway.services.BoardServiceTest" time="0.003"/>
  <testcase name="test_validateMove_LetterAndAsteriskSameColumnMoveOnBlankBoard_fail{RepetitionInfo}[222]" classname="com.revature.wordsaway.services.BoardServiceTest" time="0.004"/>
  <testcase name="test_validateMove_LetterAndAsteriskSameColumnMoveOnBlankBoard_fail{RepetitionInfo}[223]" classname="com.revature.wordsaway.services.BoardServiceTest" time="0.003"/>
  <testcase name="test_validateMove_LetterAndAsteriskSameColumnMoveOnBlankBoard_fail{RepetitionInfo}[224]" classname="com.revature.wordsaway.services.BoardServiceTest" time="0.004"/>
  <testcase name="test_validateMove_LetterAndAsteriskSameColumnMoveOnBlankBoard_fail{RepetitionInfo}[225]" classname="com.revature.wordsaway.services.BoardServiceTest" time="0.003"/>
  <testcase name="test_validateMove_LetterAndAsteriskSameColumnMoveOnBlankBoard_fail{RepetitionInfo}[226]" classname="com.revature.wordsaway.services.BoardServiceTest" time="0.004"/>
  <testcase name="test_validateMove_LetterAndAsteriskSameColumnMoveOnBlankBoard_fail{RepetitionInfo}[227]" classname="com.revature.wordsaway.services.BoardServiceTest" time="0.003"/>
  <testcase name="test_validateMove_LetterAndAsteriskSameColumnMoveOnBlankBoard_fail{RepetitionInfo}[228]" classname="com.revature.wordsaway.services.BoardServiceTest" time="0.004"/>
  <testcase name="test_validateMove_LetterAndAsteriskSameColumnMoveOnBlankBoard_fail{RepetitionInfo}[229]" classname="com.revature.wordsaway.services.BoardServiceTest" time="0.004"/>
  <testcase name="test_validateMove_LetterAndAsteriskSameColumnMoveOnBlankBoard_fail{RepetitionInfo}[230]" classname="com.revature.wordsaway.services.BoardServiceTest" time="0.003"/>
  <testcase name="test_validateMove_LetterAndAsteriskSameColumnMoveOnBlankBoard_fail{RepetitionInfo}[231]" classname="com.revature.wordsaway.services.BoardServiceTest" time="0.004"/>
  <testcase name="test_validateMove_LetterAndAsteriskSameColumnMoveOnBlankBoard_fail{RepetitionInfo}[232]" classname="com.revature.wordsaway.services.BoardServiceTest" time="0.003"/>
  <testcase name="test_validateMove_LetterAndAsteriskSameColumnMoveOnBlankBoard_fail{RepetitionInfo}[233]" classname="com.revature.wordsaway.services.BoardServiceTest" time="0.004"/>
  <testcase name="test_validateMove_LetterAndAsteriskSameColumnMoveOnBlankBoard_fail{RepetitionInfo}[234]" classname="com.revature.wordsaway.services.BoardServiceTest" time="0.003"/>
  <testcase name="test_validateMove_LetterAndAsteriskSameColumnMoveOnBlankBoard_fail{RepetitionInfo}[235]" classname="com.revature.wordsaway.services.BoardServiceTest" time="0.004"/>
  <testcase name="test_validateMove_LetterAndAsteriskSameColumnMoveOnBlankBoard_fail{RepetitionInfo}[236]" classname="com.revature.wordsaway.services.BoardServiceTest" time="0.003"/>
  <testcase name="test_validateMove_LetterAndAsteriskSameColumnMoveOnBlankBoard_fail{RepetitionInfo}[237]" classname="com.revature.wordsaway.services.BoardServiceTest" time="0.004"/>
  <testcase name="test_validateMove_LetterAndAsteriskSameColumnMoveOnBlankBoard_fail{RepetitionInfo}[238]" classname="com.revature.wordsaway.services.BoardServiceTest" time="0.003"/>
  <testcase name="test_validateMove_LetterAndAsteriskSameColumnMoveOnBlankBoard_fail{RepetitionInfo}[239]" classname="com.revature.wordsaway.services.BoardServiceTest" time="0.005"/>
  <testcase name="test_validateMove_LetterAndAsteriskSameColumnMoveOnBlankBoard_fail{RepetitionInfo}[240]" classname="com.revature.wordsaway.services.BoardServiceTest" time="0.005"/>
  <testcase name="test_validateMove_LetterAndAsteriskSameColumnMoveOnBlankBoard_fail{RepetitionInfo}[241]" classname="com.revature.wordsaway.services.BoardServiceTest" time="0.001"/>
  <testcase name="test_validateMove_LetterAndAsteriskSameColumnMoveOnBlankBoard_fail{RepetitionInfo}[242]" classname="com.revature.wordsaway.services.BoardServiceTest" time="0"/>
  <testcase name="test_validateMove_LetterAndAsteriskSameColumnMoveOnBlankBoard_fail{RepetitionInfo}[243]" classname="com.revature.wordsaway.services.BoardServiceTest" time="0.001"/>
  <testcase name="test_validateMove_LetterAndAsteriskSameColumnMoveOnBlankBoard_fail{RepetitionInfo}[244]" classname="com.revature.wordsaway.services.BoardServiceTest" time="0"/>
  <testcase name="test_validateMove_LetterAndAsteriskSameColumnMoveOnBlankBoard_fail{RepetitionInfo}[245]" classname="com.revature.wordsaway.services.BoardServiceTest" time="0"/>
  <testcase name="test_validateMove_LetterAndAsteriskSameColumnMoveOnBlankBoard_fail{RepetitionInfo}[246]" classname="com.revature.wordsaway.services.BoardServiceTest" time="0.001"/>
  <testcase name="test_validateMove_LetterAndAsteriskSameColumnMoveOnBlankBoard_fail{RepetitionInfo}[247]" classname="com.revature.wordsaway.services.BoardServiceTest" time="0"/>
  <testcase name="test_validateMove_LetterAndAsteriskSameColumnMoveOnBlankBoard_fail{RepetitionInfo}[248]" classname="com.revature.wordsaway.services.BoardServiceTest" time="0"/>
  <testcase name="test_validateMove_LetterAndAsteriskSameColumnMoveOnBlankBoard_fail{RepetitionInfo}[249]" classname="com.revature.wordsaway.services.BoardServiceTest" time="0.001"/>
  <testcase name="test_validateMove_LetterAndAsteriskSameColumnMoveOnBlankBoard_fail{RepetitionInfo}[250]" classname="com.revature.wordsaway.services.BoardServiceTest" time="0.001"/>
  <testcase name="test_validateMove_LetterAndAsteriskSameColumnMoveOnBlankBoard_fail{RepetitionInfo}[251]" classname="com.revature.wordsaway.services.BoardServiceTest" time="0"/>
  <testcase name="test_validateMove_LetterAndAsteriskSameColumnMoveOnBlankBoard_fail{RepetitionInfo}[252]" classname="com.revature.wordsaway.services.BoardServiceTest" time="0"/>
  <testcase name="test_validateMove_LetterAndAsteriskSameColumnMoveOnBlankBoard_fail{RepetitionInfo}[253]" classname="com.revature.wordsaway.services.BoardServiceTest" time="0.001"/>
  <testcase name="test_validateMove_LetterAndAsteriskSameColumnMoveOnBlankBoard_fail{RepetitionInfo}[254]" classname="com.revature.wordsaway.services.BoardServiceTest" time="0"/>
  <testcase name="test_validateMove_LetterAndAsteriskSameColumnMoveOnBlankBoard_fail{RepetitionInfo}[255]" classname="com.revature.wordsaway.services.BoardServiceTest" time="0"/>
  <testcase name="test_validateMove_LetterAndAsteriskSameColumnMoveOnBlankBoard_fail{RepetitionInfo}[256]" classname="com.revature.wordsaway.services.BoardServiceTest" time="0.001"/>
  <testcase name="test_setWorms[1]" classname="com.revature.wordsaway.services.BoardServiceTest" time="0.003"/>
  <testcase name="test_setWorms[2]" classname="com.revature.wordsaway.services.BoardServiceTest" time="0.002"/>
  <testcase name="test_setWorms[3]" classname="com.revature.wordsaway.services.BoardServiceTest" time="0.001"/>
  <testcase name="test_setWorms[4]" classname="com.revature.wordsaway.services.BoardServiceTest" time="0.001"/>
  <testcase name="test_setWorms[5]" classname="com.revature.wordsaway.services.BoardServiceTest" time="0"/>
  <testcase name="test_setWorms[6]" classname="com.revature.wordsaway.services.BoardServiceTest" time="0.001"/>
  <testcase name="test_setWorms[7]" classname="com.revature.wordsaway.services.BoardServiceTest" time="0"/>
  <testcase name="test_setWorms[8]" classname="com.revature.wordsaway.services.BoardServiceTest" time="0.002"/>
  <testcase name="test_setWorms[9]" classname="com.revature.wordsaway.services.BoardServiceTest" time="0.001"/>
  <testcase name="test_setWorms[10]" classname="com.revature.wordsaway.services.BoardServiceTest" time="0.001"/>
  <testcase name="test_setWorms[11]" classname="com.revature.wordsaway.services.BoardServiceTest" time="0"/>
  <testcase name="test_setWorms[12]" classname="com.revature.wordsaway.services.BoardServiceTest" time="0.001"/>
  <testcase name="test_setWorms[13]" classname="com.revature.wordsaway.services.BoardServiceTest" time="0"/>
  <testcase name="test_setWorms[14]" classname="com.revature.wordsaway.services.BoardServiceTest" time="0.002"/>
  <testcase name="test_setWorms[15]" classname="com.revature.wordsaway.services.BoardServiceTest" time="0.001"/>
  <testcase name="test_setWorms[16]" classname="com.revature.wordsaway.services.BoardServiceTest" time="0.003"/>
  <testcase name="test_setWorms[17]" classname="com.revature.wordsaway.services.BoardServiceTest" time="0.002"/>
  <testcase name="test_setWorms[18]" classname="com.revature.wordsaway.services.BoardServiceTest" time="0"/>
  <testcase name="test_setWorms[19]" classname="com.revature.wordsaway.services.BoardServiceTest" time="0.001"/>
  <testcase name="test_setWorms[20]" classname="com.revature.wordsaway.services.BoardServiceTest" time="0"/>
  <testcase name="test_setWorms[21]" classname="com.revature.wordsaway.services.BoardServiceTest" time="0.001"/>
  <testcase name="test_setWorms[22]" classname="com.revature.wordsaway.services.BoardServiceTest" time="0"/>
  <testcase name="test_setWorms[23]" classname="com.revature.wordsaway.services.BoardServiceTest" time="0.001"/>
  <testcase name="test_setWorms[24]" classname="com.revature.wordsaway.services.BoardServiceTest" time="0"/>
  <testcase name="test_setWorms[25]" classname="com.revature.wordsaway.services.BoardServiceTest" time="0.002"/>
  <testcase name="test_setWorms[26]" classname="com.revature.wordsaway.services.BoardServiceTest" time="0.002"/>
  <testcase name="test_setWorms[27]" classname="com.revature.wordsaway.services.BoardServiceTest" time="0.001"/>
  <testcase name="test_setWorms[28]" classname="com.revature.wordsaway.services.BoardServiceTest" time="0"/>
  <testcase name="test_setWorms[29]" classname="com.revature.wordsaway.services.BoardServiceTest" time="0.001"/>
  <testcase name="test_setWorms[30]" classname="com.revature.wordsaway.services.BoardServiceTest" time="0"/>
  <testcase name="test_setWorms[31]" classname="com.revature.wordsaway.services.BoardServiceTest" time="0.001"/>
  <testcase name="test_setWorms[32]" classname="com.revature.wordsaway.services.BoardServiceTest" time="0"/>
  <testcase name="test_setWorms[33]" classname="com.revature.wordsaway.services.BoardServiceTest" time="0"/>
  <testcase name="test_setWorms[34]" classname="com.revature.wordsaway.services.BoardServiceTest" time="0"/>
  <testcase name="test_setWorms[35]" classname="com.revature.wordsaway.services.BoardServiceTest" time="0"/>
  <testcase name="test_setWorms[36]" classname="com.revature.wordsaway.services.BoardServiceTest" time="0.001"/>
  <testcase name="test_setWorms[37]" classname="com.revature.wordsaway.services.BoardServiceTest" time="0.001"/>
  <testcase name="test_setWorms[38]" classname="com.revature.wordsaway.services.BoardServiceTest" time="0"/>
  <testcase name="test_setWorms[39]" classname="com.revature.wordsaway.services.BoardServiceTest" time="0"/>
  <testcase name="test_setWorms[40]" classname="com.revature.wordsaway.services.BoardServiceTest" time="0"/>
  <testcase name="test_setWorms[41]" classname="com.revature.wordsaway.services.BoardServiceTest" time="0.001"/>
  <testcase name="test_setWorms[42]" classname="com.revature.wordsaway.services.BoardServiceTest" time="0.001"/>
  <testcase name="test_setWorms[43]" classname="com.revature.wordsaway.services.BoardServiceTest" time="0.001"/>
  <testcase name="test_setWorms[44]" classname="com.revature.wordsaway.services.BoardServiceTest" time="0.002"/>
  <testcase name="test_setWorms[45]" classname="com.revature.wordsaway.services.BoardServiceTest" time="0"/>
  <testcase name="test_setWorms[46]" classname="com.revature.wordsaway.services.BoardServiceTest" time="0.001"/>
  <testcase name="test_setWorms[47]" classname="com.revature.wordsaway.services.BoardServiceTest" time="0"/>
  <testcase name="test_setWorms[48]" classname="com.revature.wordsaway.services.BoardServiceTest" time="0.001"/>
  <testcase name="test_setWorms[49]" classname="com.revature.wordsaway.services.BoardServiceTest" time="0"/>
  <testcase name="test_setWorms[50]" classname="com.revature.wordsaway.services.BoardServiceTest" time="0"/>
  <testcase name="test_setWorms[51]" classname="com.revature.wordsaway.services.BoardServiceTest" time="0"/>
  <testcase name="test_setWorms[52]" classname="com.revature.wordsaway.services.BoardServiceTest" time="0"/>
  <testcase name="test_setWorms[53]" classname="com.revature.wordsaway.services.BoardServiceTest" time="0.001"/>
  <testcase name="test_setWorms[54]" classname="com.revature.wordsaway.services.BoardServiceTest" time="0"/>
  <testcase name="test_setWorms[55]" classname="com.revature.wordsaway.services.BoardServiceTest" time="0"/>
  <testcase name="test_setWorms[56]" classname="com.revature.wordsaway.services.BoardServiceTest" time="0"/>
  <testcase name="test_setWorms[57]" classname="com.revature.wordsaway.services.BoardServiceTest" time="0"/>
  <testcase name="test_setWorms[58]" classname="com.revature.wordsaway.services.BoardServiceTest" time="0.001"/>
  <testcase name="test_setWorms[59]" classname="com.revature.wordsaway.services.BoardServiceTest" time="0"/>
  <testcase name="test_setWorms[60]" classname="com.revature.wordsaway.services.BoardServiceTest" time="0"/>
  <testcase name="test_setWorms[61]" classname="com.revature.wordsaway.services.BoardServiceTest" time="0"/>
  <testcase name="test_setWorms[62]" classname="com.revature.wordsaway.services.BoardServiceTest" time="0"/>
  <testcase name="test_setWorms[63]" classname="com.revature.wordsaway.services.BoardServiceTest" time="0.001"/>
  <testcase name="test_setWorms[64]" classname="com.revature.wordsaway.services.BoardServiceTest" time="0"/>
  <testcase name="test_setWorms[65]" classname="com.revature.wordsaway.services.BoardServiceTest" time="0"/>
  <testcase name="test_setWorms[66]" classname="com.revature.wordsaway.services.BoardServiceTest" time="0.001"/>
  <testcase name="test_setWorms[67]" classname="com.revature.wordsaway.services.BoardServiceTest" time="0"/>
  <testcase name="test_setWorms[68]" classname="com.revature.wordsaway.services.BoardServiceTest" time="0.001"/>
  <testcase name="test_setWorms[69]" classname="com.revature.wordsaway.services.BoardServiceTest" time="0"/>
  <testcase name="test_setWorms[70]" classname="com.revature.wordsaway.services.BoardServiceTest" time="0"/>
  <testcase name="test_setWorms[71]" classname="com.revature.wordsaway.services.BoardServiceTest" time="0.001"/>
  <testcase name="test_setWorms[72]" classname="com.revature.wordsaway.services.BoardServiceTest" time="0"/>
  <testcase name="test_setWorms[73]" classname="com.revature.wordsaway.services.BoardServiceTest" time="0.001"/>
  <testcase name="test_setWorms[74]" classname="com.revature.wordsaway.services.BoardServiceTest" time="0"/>
  <testcase name="test_setWorms[75]" classname="com.revature.wordsaway.services.BoardServiceTest" time="0"/>
  <testcase name="test_setWorms[76]" classname="com.revature.wordsaway.services.BoardServiceTest" time="0.001"/>
  <testcase name="test_setWorms[77]" classname="com.revature.wordsaway.services.BoardServiceTest" time="0"/>
  <testcase name="test_setWorms[78]" classname="com.revature.wordsaway.services.BoardServiceTest" time="0.001"/>
  <testcase name="test_setWorms[79]" classname="com.revature.wordsaway.services.BoardServiceTest" time="0"/>
  <testcase name="test_setWorms[80]" classname="com.revature.wordsaway.services.BoardServiceTest" time="0"/>
  <testcase name="test_setWorms[81]" classname="com.revature.wordsaway.services.BoardServiceTest" time="0.001"/>
  <testcase name="test_setWorms[82]" classname="com.revature.wordsaway.services.BoardServiceTest" time="0.001"/>
  <testcase name="test_setWorms[83]" classname="com.revature.wordsaway.services.BoardServiceTest" time="0.001"/>
  <testcase name="test_setWorms[84]" classname="com.revature.wordsaway.services.BoardServiceTest" time="0"/>
  <testcase name="test_setWorms[85]" classname="com.revature.wordsaway.services.BoardServiceTest" time="0"/>
  <testcase name="test_setWorms[86]" classname="com.revature.wordsaway.services.BoardServiceTest" time="0.001"/>
  <testcase name="test_setWorms[87]" classname="com.revature.wordsaway.services.BoardServiceTest" time="0.001"/>
  <testcase name="test_setWorms[88]" classname="com.revature.wordsaway.services.BoardServiceTest" time="0.001"/>
  <testcase name="test_setWorms[89]" classname="com.revature.wordsaway.services.BoardServiceTest" time="0.001"/>
  <testcase name="test_setWorms[90]" classname="com.revature.wordsaway.services.BoardServiceTest" time="0.001"/>
  <testcase name="test_setWorms[91]" classname="com.revature.wordsaway.services.BoardServiceTest" time="0.001"/>
  <testcase name="test_setWorms[92]" classname="com.revature.wordsaway.services.BoardServiceTest" time="0.001"/>
  <testcase name="test_setWorms[93]" classname="com.revature.wordsaway.services.BoardServiceTest" time="0"/>
  <testcase name="test_setWorms[94]" classname="com.revature.wordsaway.services.BoardServiceTest" time="0"/>
  <testcase name="test_setWorms[95]" classname="com.revature.wordsaway.services.BoardServiceTest" time="0.001"/>
  <testcase name="test_setWorms[96]" classname="com.revature.wordsaway.services.BoardServiceTest" time="0"/>
  <testcase name="test_setWorms[97]" classname="com.revature.wordsaway.services.BoardServiceTest" time="0.001"/>
  <testcase name="test_setWorms[98]" classname="com.revature.wordsaway.services.BoardServiceTest" time="0"/>
  <testcase name="test_setWorms[99]" classname="com.revature.wordsaway.services.BoardServiceTest" time="0.001"/>
  <testcase name="test_setWorms[100]" classname="com.revature.wordsaway.services.BoardServiceTest" time="0"/>
  <testcase name="test_validateMove_TwoDifferentRowAndColumnAsteriskMoveOnBlankBoard_fail{RepetitionInfo}[1]" classname="com.revature.wordsaway.services.BoardServiceTest" time="0.001"/>
  <testcase name="test_validateMove_TwoDifferentRowAndColumnAsteriskMoveOnBlankBoard_fail{RepetitionInfo}[2]" classname="com.revature.wordsaway.services.BoardServiceTest" time="0"/>
  <testcase name="test_validateMove_TwoDifferentRowAndColumnAsteriskMoveOnBlankBoard_fail{RepetitionInfo}[3]" classname="com.revature.wordsaway.services.BoardServiceTest" time="0"/>
  <testcase name="test_validateMove_TwoDifferentRowAndColumnAsteriskMoveOnBlankBoard_fail{RepetitionInfo}[4]" classname="com.revature.wordsaway.services.BoardServiceTest" time="0"/>
  <testcase name="test_validateMove_TwoDifferentRowAndColumnAsteriskMoveOnBlankBoard_fail{RepetitionInfo}[5]" classname="com.revature.wordsaway.services.BoardServiceTest" time="0.001"/>
  <testcase name="test_validateMove_TwoDifferentRowAndColumnAsteriskMoveOnBlankBoard_fail{RepetitionInfo}[6]" classname="com.revature.wordsaway.services.BoardServiceTest" time="0"/>
  <testcase name="test_validateMove_TwoDifferentRowAndColumnAsteriskMoveOnBlankBoard_fail{RepetitionInfo}[7]" classname="com.revature.wordsaway.services.BoardServiceTest" time="0"/>
  <testcase name="test_validateMove_TwoDifferentRowAndColumnAsteriskMoveOnBlankBoard_fail{RepetitionInfo}[8]" classname="com.revature.wordsaway.services.BoardServiceTest" time="0.001"/>
  <testcase name="test_validateMove_TwoDifferentRowAndColumnAsteriskMoveOnBlankBoard_fail{RepetitionInfo}[9]" classname="com.revature.wordsaway.services.BoardServiceTest" time="0"/>
  <testcase name="test_validateMove_TwoDifferentRowAndColumnAsteriskMoveOnBlankBoard_fail{RepetitionInfo}[10]" classname="com.revature.wordsaway.services.BoardServiceTest" time="0.001"/>
  <testcase name="test_validateMove_TwoDifferentRowAndColumnAsteriskMoveOnBlankBoard_fail{RepetitionInfo}[11]" classname="com.revature.wordsaway.services.BoardServiceTest" time="0"/>
  <testcase name="test_validateMove_TwoDifferentRowAndColumnAsteriskMoveOnBlankBoard_fail{RepetitionInfo}[12]" classname="com.revature.wordsaway.services.BoardServiceTest" time="0.001"/>
  <testcase name="test_validateMove_TwoDifferentRowAndColumnAsteriskMoveOnBlankBoard_fail{RepetitionInfo}[13]" classname="com.revature.wordsaway.services.BoardServiceTest" time="0"/>
  <testcase name="test_validateMove_TwoDifferentRowAndColumnAsteriskMoveOnBlankBoard_fail{RepetitionInfo}[14]" classname="com.revature.wordsaway.services.BoardServiceTest" time="0.001"/>
  <testcase name="test_validateMove_TwoDifferentRowAndColumnAsteriskMoveOnBlankBoard_fail{RepetitionInfo}[15]" classname="com.revature.wordsaway.services.BoardServiceTest" time="0"/>
  <testcase name="test_validateMove_TwoDifferentRowAndColumnAsteriskMoveOnBlankBoard_fail{RepetitionInfo}[16]" classname="com.revature.wordsaway.services.BoardServiceTest" time="0.002"/>
  <testcase name="test_validateMove_TwoDifferentRowAndColumnAsteriskMoveOnBlankBoard_fail{RepetitionInfo}[17]" classname="com.revature.wordsaway.services.BoardServiceTest" time="0"/>
  <testcase name="test_validateMove_TwoDifferentRowAndColumnAsteriskMoveOnBlankBoard_fail{RepetitionInfo}[18]" classname="com.revature.wordsaway.services.BoardServiceTest" time="0.011"/>
  <testcase name="test_validateMove_TwoDifferentRowAndColumnAsteriskMoveOnBlankBoard_fail{RepetitionInfo}[19]" classname="com.revature.wordsaway.services.BoardServiceTest" time="0.007"/>
  <testcase name="test_validateMove_TwoDifferentRowAndColumnAsteriskMoveOnBlankBoard_fail{RepetitionInfo}[20]" classname="com.revature.wordsaway.services.BoardServiceTest" time="0.009"/>
  <testcase name="test_validateMove_TwoDifferentRowAndColumnAsteriskMoveOnBlankBoard_fail{RepetitionInfo}[21]" classname="com.revature.wordsaway.services.BoardServiceTest" time="0.005"/>
  <testcase name="test_validateMove_TwoDifferentRowAndColumnAsteriskMoveOnBlankBoard_fail{RepetitionInfo}[22]" classname="com.revature.wordsaway.services.BoardServiceTest" time="0.004"/>
  <testcase name="test_validateMove_TwoDifferentRowAndColumnAsteriskMoveOnBlankBoard_fail{RepetitionInfo}[23]" classname="com.revature.wordsaway.services.BoardServiceTest" time="0.004"/>
  <testcase name="test_validateMove_TwoDifferentRowAndColumnAsteriskMoveOnBlankBoard_fail{RepetitionInfo}[24]" classname="com.revature.wordsaway.services.BoardServiceTest" time="0.003"/>
  <testcase name="test_validateMove_TwoDifferentRowAndColumnAsteriskMoveOnBlankBoard_fail{RepetitionInfo}[25]" classname="com.revature.wordsaway.services.BoardServiceTest" time="0.004"/>
  <testcase name="test_validateMove_TwoDifferentRowAndColumnAsteriskMoveOnBlankBoard_fail{RepetitionInfo}[26]" classname="com.revature.wordsaway.services.BoardServiceTest" time="0.003"/>
  <testcase name="test_validateMove_TwoDifferentRowAndColumnAsteriskMoveOnBlankBoard_fail{RepetitionInfo}[27]" classname="com.revature.wordsaway.services.BoardServiceTest" time="0.003"/>
  <testcase name="test_validateMove_TwoDifferentRowAndColumnAsteriskMoveOnBlankBoard_fail{RepetitionInfo}[28]" classname="com.revature.wordsaway.services.BoardServiceTest" time="0.004"/>
  <testcase name="test_validateMove_TwoDifferentRowAndColumnAsteriskMoveOnBlankBoard_fail{RepetitionInfo}[29]" classname="com.revature.wordsaway.services.BoardServiceTest" time="0.004"/>
  <testcase name="test_validateMove_TwoDifferentRowAndColumnAsteriskMoveOnBlankBoard_fail{RepetitionInfo}[30]" classname="com.revature.wordsaway.services.BoardServiceTest" time="0.003"/>
  <testcase name="test_validateMove_TwoDifferentRowAndColumnAsteriskMoveOnBlankBoard_fail{RepetitionInfo}[31]" classname="com.revature.wordsaway.services.BoardServiceTest" time="0.004"/>
  <testcase name="test_validateMove_TwoDifferentRowAndColumnAsteriskMoveOnBlankBoard_fail{RepetitionInfo}[32]" classname="com.revature.wordsaway.services.BoardServiceTest" time="0.003"/>
  <testcase name="test_validateMove_TwoDifferentRowAndColumnAsteriskMoveOnBlankBoard_fail{RepetitionInfo}[33]" classname="com.revature.wordsaway.services.BoardServiceTest" time="0"/>
  <testcase name="test_validateMove_TwoDifferentRowAndColumnAsteriskMoveOnBlankBoard_fail{RepetitionInfo}[34]" classname="com.revature.wordsaway.services.BoardServiceTest" time="0.003"/>
  <testcase name="test_validateMove_TwoDifferentRowAndColumnAsteriskMoveOnBlankBoard_fail{RepetitionInfo}[35]" classname="com.revature.wordsaway.services.BoardServiceTest" time="0.003"/>
  <testcase name="test_validateMove_TwoDifferentRowAndColumnAsteriskMoveOnBlankBoard_fail{RepetitionInfo}[36]" classname="com.revature.wordsaway.services.BoardServiceTest" time="0.004"/>
  <testcase name="test_validateMove_TwoDifferentRowAndColumnAsteriskMoveOnBlankBoard_fail{RepetitionInfo}[37]" classname="com.revature.wordsaway.services.BoardServiceTest" time="0.003"/>
  <testcase name="test_validateMove_TwoDifferentRowAndColumnAsteriskMoveOnBlankBoard_fail{RepetitionInfo}[38]" classname="com.revature.wordsaway.services.BoardServiceTest" time="0.004"/>
  <testcase name="test_validateMove_TwoDifferentRowAndColumnAsteriskMoveOnBlankBoard_fail{RepetitionInfo}[39]" classname="com.revature.wordsaway.services.BoardServiceTest" time="0.003"/>
  <testcase name="test_validateMove_TwoDifferentRowAndColumnAsteriskMoveOnBlankBoard_fail{RepetitionInfo}[40]" classname="com.revature.wordsaway.services.BoardServiceTest" time="0.004"/>
  <testcase name="test_validateMove_TwoDifferentRowAndColumnAsteriskMoveOnBlankBoard_fail{RepetitionInfo}[41]" classname="com.revature.wordsaway.services.BoardServiceTest" time="0.003"/>
  <testcase name="test_validateMove_TwoDifferentRowAndColumnAsteriskMoveOnBlankBoard_fail{RepetitionInfo}[42]" classname="com.revature.wordsaway.services.BoardServiceTest" time="0.003"/>
  <testcase name="test_validateMove_TwoDifferentRowAndColumnAsteriskMoveOnBlankBoard_fail{RepetitionInfo}[43]" classname="com.revature.wordsaway.services.BoardServiceTest" time="0.003"/>
  <testcase name="test_validateMove_TwoDifferentRowAndColumnAsteriskMoveOnBlankBoard_fail{RepetitionInfo}[44]" classname="com.revature.wordsaway.services.BoardServiceTest" time="0.003"/>
  <testcase name="test_validateMove_TwoDifferentRowAndColumnAsteriskMoveOnBlankBoard_fail{RepetitionInfo}[45]" classname="com.revature.wordsaway.services.BoardServiceTest" time="0.003"/>
  <testcase name="test_validateMove_TwoDifferentRowAndColumnAsteriskMoveOnBlankBoard_fail{RepetitionInfo}[46]" classname="com.revature.wordsaway.services.BoardServiceTest" time="0.003"/>
  <testcase name="test_validateMove_TwoDifferentRowAndColumnAsteriskMoveOnBlankBoard_fail{RepetitionInfo}[47]" classname="com.revature.wordsaway.services.BoardServiceTest" time="0.003"/>
  <testcase name="test_validateMove_TwoDifferentRowAndColumnAsteriskMoveOnBlankBoard_fail{RepetitionInfo}[48]" classname="com.revature.wordsaway.services.BoardServiceTest" time="0.004"/>
  <testcase name="test_validateMove_TwoDifferentRowAndColumnAsteriskMoveOnBlankBoard_fail{RepetitionInfo}[49]" classname="com.revature.wordsaway.services.BoardServiceTest" time="0"/>
  <testcase name="test_validateMove_TwoDifferentRowAndColumnAsteriskMoveOnBlankBoard_fail{RepetitionInfo}[50]" classname="com.revature.wordsaway.services.BoardServiceTest" time="0.003"/>
  <testcase name="test_validateMove_TwoDifferentRowAndColumnAsteriskMoveOnBlankBoard_fail{RepetitionInfo}[51]" classname="com.revature.wordsaway.services.BoardServiceTest" time="0.004"/>
  <testcase name="test_validateMove_TwoDifferentRowAndColumnAsteriskMoveOnBlankBoard_fail{RepetitionInfo}[52]" classname="com.revature.wordsaway.services.BoardServiceTest" time="0.003"/>
  <testcase name="test_validateMove_TwoDifferentRowAndColumnAsteriskMoveOnBlankBoard_fail{RepetitionInfo}[53]" classname="com.revature.wordsaway.services.BoardServiceTest" time="0.003"/>
  <testcase name="test_validateMove_TwoDifferentRowAndColumnAsteriskMoveOnBlankBoard_fail{RepetitionInfo}[54]" classname="com.revature.wordsaway.services.BoardServiceTest" time="0.003"/>
  <testcase name="test_validateMove_TwoDifferentRowAndColumnAsteriskMoveOnBlankBoard_fail{RepetitionInfo}[55]" classname="com.revature.wordsaway.services.BoardServiceTest" time="0.003"/>
  <testcase name="test_validateMove_TwoDifferentRowAndColumnAsteriskMoveOnBlankBoard_fail{RepetitionInfo}[56]" classname="com.revature.wordsaway.services.BoardServiceTest" time="0.004"/>
  <testcase name="test_validateMove_TwoDifferentRowAndColumnAsteriskMoveOnBlankBoard_fail{RepetitionInfo}[57]" classname="com.revature.wordsaway.services.BoardServiceTest" time="0.004"/>
  <testcase name="test_validateMove_TwoDifferentRowAndColumnAsteriskMoveOnBlankBoard_fail{RepetitionInfo}[58]" classname="com.revature.wordsaway.services.BoardServiceTest" time="0.004"/>
  <testcase name="test_validateMove_TwoDifferentRowAndColumnAsteriskMoveOnBlankBoard_fail{RepetitionInfo}[59]" classname="com.revature.wordsaway.services.BoardServiceTest" time="0.003"/>
  <testcase name="test_validateMove_TwoDifferentRowAndColumnAsteriskMoveOnBlankBoard_fail{RepetitionInfo}[60]" classname="com.revature.wordsaway.services.BoardServiceTest" time="0.003"/>
  <testcase name="test_validateMove_TwoDifferentRowAndColumnAsteriskMoveOnBlankBoard_fail{RepetitionInfo}[61]" classname="com.revature.wordsaway.services.BoardServiceTest" time="0.003"/>
  <testcase name="test_validateMove_TwoDifferentRowAndColumnAsteriskMoveOnBlankBoard_fail{RepetitionInfo}[62]" classname="com.revature.wordsaway.services.BoardServiceTest" time="0.003"/>
  <testcase name="test_validateMove_TwoDifferentRowAndColumnAsteriskMoveOnBlankBoard_fail{RepetitionInfo}[63]" classname="com.revature.wordsaway.services.BoardServiceTest" time="0.003"/>
  <testcase name="test_validateMove_TwoDifferentRowAndColumnAsteriskMoveOnBlankBoard_fail{RepetitionInfo}[64]" classname="com.revature.wordsaway.services.BoardServiceTest" time="0.004"/>
  <testcase name="test_validateMove_TwoDifferentRowAndColumnAsteriskMoveOnBlankBoard_fail{RepetitionInfo}[65]" classname="com.revature.wordsaway.services.BoardServiceTest" time="0.001"/>
  <testcase name="test_validateMove_TwoDifferentRowAndColumnAsteriskMoveOnBlankBoard_fail{RepetitionInfo}[66]" classname="com.revature.wordsaway.services.BoardServiceTest" time="0.003"/>
  <testcase name="test_validateMove_TwoDifferentRowAndColumnAsteriskMoveOnBlankBoard_fail{RepetitionInfo}[67]" classname="com.revature.wordsaway.services.BoardServiceTest" time="0.003"/>
  <testcase name="test_validateMove_TwoDifferentRowAndColumnAsteriskMoveOnBlankBoard_fail{RepetitionInfo}[68]" classname="com.revature.wordsaway.services.BoardServiceTest" time="0.003"/>
  <testcase name="test_validateMove_TwoDifferentRowAndColumnAsteriskMoveOnBlankBoard_fail{RepetitionInfo}[69]" classname="com.revature.wordsaway.services.BoardServiceTest" time="0.003"/>
  <testcase name="test_validateMove_TwoDifferentRowAndColumnAsteriskMoveOnBlankBoard_fail{RepetitionInfo}[70]" classname="com.revature.wordsaway.services.BoardServiceTest" time="0.003"/>
  <testcase name="test_validateMove_TwoDifferentRowAndColumnAsteriskMoveOnBlankBoard_fail{RepetitionInfo}[71]" classname="com.revature.wordsaway.services.BoardServiceTest" time="0.004"/>
  <testcase name="test_validateMove_TwoDifferentRowAndColumnAsteriskMoveOnBlankBoard_fail{RepetitionInfo}[72]" classname="com.revature.wordsaway.services.BoardServiceTest" time="0.003"/>
  <testcase name="test_validateMove_TwoDifferentRowAndColumnAsteriskMoveOnBlankBoard_fail{RepetitionInfo}[73]" classname="com.revature.wordsaway.services.BoardServiceTest" time="0.003"/>
  <testcase name="test_validateMove_TwoDifferentRowAndColumnAsteriskMoveOnBlankBoard_fail{RepetitionInfo}[74]" classname="com.revature.wordsaway.services.BoardServiceTest" time="0.004"/>
  <testcase name="test_validateMove_TwoDifferentRowAndColumnAsteriskMoveOnBlankBoard_fail{RepetitionInfo}[75]" classname="com.revature.wordsaway.services.BoardServiceTest" time="0.003"/>
  <testcase name="test_validateMove_TwoDifferentRowAndColumnAsteriskMoveOnBlankBoard_fail{RepetitionInfo}[76]" classname="com.revature.wordsaway.services.BoardServiceTest" time="0.004"/>
  <testcase name="test_validateMove_TwoDifferentRowAndColumnAsteriskMoveOnBlankBoard_fail{RepetitionInfo}[77]" classname="com.revature.wordsaway.services.BoardServiceTest" time="0.003"/>
  <testcase name="test_validateMove_TwoDifferentRowAndColumnAsteriskMoveOnBlankBoard_fail{RepetitionInfo}[78]" classname="com.revature.wordsaway.services.BoardServiceTest" time="0.004"/>
  <testcase name="test_validateMove_TwoDifferentRowAndColumnAsteriskMoveOnBlankBoard_fail{RepetitionInfo}[79]" classname="com.revature.wordsaway.services.BoardServiceTest" time="0.004"/>
  <testcase name="test_validateMove_TwoDifferentRowAndColumnAsteriskMoveOnBlankBoard_fail{RepetitionInfo}[80]" classname="com.revature.wordsaway.services.BoardServiceTest" time="0.003"/>
  <testcase name="test_validateMove_TwoDifferentRowAndColumnAsteriskMoveOnBlankBoard_fail{RepetitionInfo}[81]" classname="com.revature.wordsaway.services.BoardServiceTest" time="0.001"/>
  <testcase name="test_validateMove_TwoDifferentRowAndColumnAsteriskMoveOnBlankBoard_fail{RepetitionInfo}[82]" classname="com.revature.wordsaway.services.BoardServiceTest" time="0.003"/>
  <testcase name="test_validateMove_TwoDifferentRowAndColumnAsteriskMoveOnBlankBoard_fail{RepetitionInfo}[83]" classname="com.revature.wordsaway.services.BoardServiceTest" time="0.004"/>
  <testcase name="test_validateMove_TwoDifferentRowAndColumnAsteriskMoveOnBlankBoard_fail{RepetitionInfo}[84]" classname="com.revature.wordsaway.services.BoardServiceTest" time="0.003"/>
  <testcase name="test_validateMove_TwoDifferentRowAndColumnAsteriskMoveOnBlankBoard_fail{RepetitionInfo}[85]" classname="com.revature.wordsaway.services.BoardServiceTest" time="0.007"/>
  <testcase name="test_validateMove_TwoDifferentRowAndColumnAsteriskMoveOnBlankBoard_fail{RepetitionInfo}[86]" classname="com.revature.wordsaway.services.BoardServiceTest" time="0.004"/>
  <testcase name="test_validateMove_TwoDifferentRowAndColumnAsteriskMoveOnBlankBoard_fail{RepetitionInfo}[87]" classname="com.revature.wordsaway.services.BoardServiceTest" time="0.004"/>
  <testcase name="test_validateMove_TwoDifferentRowAndColumnAsteriskMoveOnBlankBoard_fail{RepetitionInfo}[88]" classname="com.revature.wordsaway.services.BoardServiceTest" time="0.004"/>
  <testcase name="test_validateMove_TwoDifferentRowAndColumnAsteriskMoveOnBlankBoard_fail{RepetitionInfo}[89]" classname="com.revature.wordsaway.services.BoardServiceTest" time="0.008"/>
  <testcase name="test_validateMove_TwoDifferentRowAndColumnAsteriskMoveOnBlankBoard_fail{RepetitionInfo}[90]" classname="com.revature.wordsaway.services.BoardServiceTest" time="0.004"/>
  <testcase name="test_validateMove_TwoDifferentRowAndColumnAsteriskMoveOnBlankBoard_fail{RepetitionInfo}[91]" classname="com.revature.wordsaway.services.BoardServiceTest" time="0.003"/>
  <testcase name="test_validateMove_TwoDifferentRowAndColumnAsteriskMoveOnBlankBoard_fail{RepetitionInfo}[92]" classname="com.revature.wordsaway.services.BoardServiceTest" time="0.004"/>
  <testcase name="test_validateMove_TwoDifferentRowAndColumnAsteriskMoveOnBlankBoard_fail{RepetitionInfo}[93]" classname="com.revature.wordsaway.services.BoardServiceTest" time="0.004"/>
  <testcase name="test_validateMove_TwoDifferentRowAndColumnAsteriskMoveOnBlankBoard_fail{RepetitionInfo}[94]" classname="com.revature.wordsaway.services.BoardServiceTest" time="0.004"/>
  <testcase name="test_validateMove_TwoDifferentRowAndColumnAsteriskMoveOnBlankBoard_fail{RepetitionInfo}[95]" classname="com.revature.wordsaway.services.BoardServiceTest" time="0.003"/>
  <testcase name="test_validateMove_TwoDifferentRowAndColumnAsteriskMoveOnBlankBoard_fail{RepetitionInfo}[96]" classname="com.revature.wordsaway.services.BoardServiceTest" time="0.004"/>
  <testcase name="test_validateMove_TwoDifferentRowAndColumnAsteriskMoveOnBlankBoard_fail{RepetitionInfo}[97]" classname="com.revature.wordsaway.services.BoardServiceTest" time="0.001"/>
  <testcase name="test_validateMove_TwoDifferentRowAndColumnAsteriskMoveOnBlankBoard_fail{RepetitionInfo}[98]" classname="com.revature.wordsaway.services.BoardServiceTest" time="0.004"/>
  <testcase name="test_validateMove_TwoDifferentRowAndColumnAsteriskMoveOnBlankBoard_fail{RepetitionInfo}[99]" classname="com.revature.wordsaway.services.BoardServiceTest" time="0.003"/>
  <testcase name="test_validateMove_TwoDifferentRowAndColumnAsteriskMoveOnBlankBoard_fail{RepetitionInfo}[100]" classname="com.revature.wordsaway.services.BoardServiceTest" time="0.004"/>
  <testcase name="test_validateMove_TwoDifferentRowAndColumnAsteriskMoveOnBlankBoard_fail{RepetitionInfo}[101]" classname="com.revature.wordsaway.services.BoardServiceTest" time="0.005"/>
  <testcase name="test_validateMove_TwoDifferentRowAndColumnAsteriskMoveOnBlankBoard_fail{RepetitionInfo}[102]" classname="com.revature.wordsaway.services.BoardServiceTest" time="0.005"/>
  <testcase name="test_validateMove_TwoDifferentRowAndColumnAsteriskMoveOnBlankBoard_fail{RepetitionInfo}[103]" classname="com.revature.wordsaway.services.BoardServiceTest" time="0.172"/>
  <testcase name="test_validateMove_TwoDifferentRowAndColumnAsteriskMoveOnBlankBoard_fail{RepetitionInfo}[104]" classname="com.revature.wordsaway.services.BoardServiceTest" time="0.004"/>
  <testcase name="test_validateMove_TwoDifferentRowAndColumnAsteriskMoveOnBlankBoard_fail{RepetitionInfo}[105]" classname="com.revature.wordsaway.services.BoardServiceTest" time="0.004"/>
  <testcase name="test_validateMove_TwoDifferentRowAndColumnAsteriskMoveOnBlankBoard_fail{RepetitionInfo}[106]" classname="com.revature.wordsaway.services.BoardServiceTest" time="0.004"/>
  <testcase name="test_validateMove_TwoDifferentRowAndColumnAsteriskMoveOnBlankBoard_fail{RepetitionInfo}[107]" classname="com.revature.wordsaway.services.BoardServiceTest" time="0.004"/>
  <testcase name="test_validateMove_TwoDifferentRowAndColumnAsteriskMoveOnBlankBoard_fail{RepetitionInfo}[108]" classname="com.revature.wordsaway.services.BoardServiceTest" time="0.004"/>
  <testcase name="test_validateMove_TwoDifferentRowAndColumnAsteriskMoveOnBlankBoard_fail{RepetitionInfo}[109]" classname="com.revature.wordsaway.services.BoardServiceTest" time="0.004"/>
  <testcase name="test_validateMove_TwoDifferentRowAndColumnAsteriskMoveOnBlankBoard_fail{RepetitionInfo}[110]" classname="com.revature.wordsaway.services.BoardServiceTest" time="0.004"/>
  <testcase name="test_validateMove_TwoDifferentRowAndColumnAsteriskMoveOnBlankBoard_fail{RepetitionInfo}[111]" classname="com.revature.wordsaway.services.BoardServiceTest" time="0.004"/>
  <testcase name="test_validateMove_TwoDifferentRowAndColumnAsteriskMoveOnBlankBoard_fail{RepetitionInfo}[112]" classname="com.revature.wordsaway.services.BoardServiceTest" time="0.003"/>
  <testcase name="test_validateMove_TwoDifferentRowAndColumnAsteriskMoveOnBlankBoard_fail{RepetitionInfo}[113]" classname="com.revature.wordsaway.services.BoardServiceTest" time="0"/>
  <testcase name="test_validateMove_TwoDifferentRowAndColumnAsteriskMoveOnBlankBoard_fail{RepetitionInfo}[114]" classname="com.revature.wordsaway.services.BoardServiceTest" time="0.004"/>
  <testcase name="test_validateMove_TwoDifferentRowAndColumnAsteriskMoveOnBlankBoard_fail{RepetitionInfo}[115]" classname="com.revature.wordsaway.services.BoardServiceTest" time="0.003"/>
  <testcase name="test_validateMove_TwoDifferentRowAndColumnAsteriskMoveOnBlankBoard_fail{RepetitionInfo}[116]" classname="com.revature.wordsaway.services.BoardServiceTest" time="0.003"/>
  <testcase name="test_validateMove_TwoDifferentRowAndColumnAsteriskMoveOnBlankBoard_fail{RepetitionInfo}[117]" classname="com.revature.wordsaway.services.BoardServiceTest" time="0.004"/>
  <testcase name="test_validateMove_TwoDifferentRowAndColumnAsteriskMoveOnBlankBoard_fail{RepetitionInfo}[118]" classname="com.revature.wordsaway.services.BoardServiceTest" time="0.004"/>
  <testcase name="test_validateMove_TwoDifferentRowAndColumnAsteriskMoveOnBlankBoard_fail{RepetitionInfo}[119]" classname="com.revature.wordsaway.services.BoardServiceTest" time="0.004"/>
  <testcase name="test_validateMove_TwoDifferentRowAndColumnAsteriskMoveOnBlankBoard_fail{RepetitionInfo}[120]" classname="com.revature.wordsaway.services.BoardServiceTest" time="0.008"/>
  <testcase name="test_validateMove_TwoDifferentRowAndColumnAsteriskMoveOnBlankBoard_fail{RepetitionInfo}[121]" classname="com.revature.wordsaway.services.BoardServiceTest" time="0.005"/>
  <testcase name="test_validateMove_TwoDifferentRowAndColumnAsteriskMoveOnBlankBoard_fail{RepetitionInfo}[122]" classname="com.revature.wordsaway.services.BoardServiceTest" time="0.003"/>
  <testcase name="test_validateMove_TwoDifferentRowAndColumnAsteriskMoveOnBlankBoard_fail{RepetitionInfo}[123]" classname="com.revature.wordsaway.services.BoardServiceTest" time="0.003"/>
  <testcase name="test_validateMove_TwoDifferentRowAndColumnAsteriskMoveOnBlankBoard_fail{RepetitionInfo}[124]" classname="com.revature.wordsaway.services.BoardServiceTest" time="0.004"/>
  <testcase name="test_validateMove_TwoDifferentRowAndColumnAsteriskMoveOnBlankBoard_fail{RepetitionInfo}[125]" classname="com.revature.wordsaway.services.BoardServiceTest" time="0.003"/>
  <testcase name="test_validateMove_TwoDifferentRowAndColumnAsteriskMoveOnBlankBoard_fail{RepetitionInfo}[126]" classname="com.revature.wordsaway.services.BoardServiceTest" time="0.004"/>
  <testcase name="test_validateMove_TwoDifferentRowAndColumnAsteriskMoveOnBlankBoard_fail{RepetitionInfo}[127]" classname="com.revature.wordsaway.services.BoardServiceTest" time="0.003"/>
  <testcase name="test_validateMove_TwoDifferentRowAndColumnAsteriskMoveOnBlankBoard_fail{RepetitionInfo}[128]" classname="com.revature.wordsaway.services.BoardServiceTest" time="0.004"/>
  <testcase name="test_validateMove_TwoDifferentRowAndColumnAsteriskMoveOnBlankBoard_fail{RepetitionInfo}[129]" classname="com.revature.wordsaway.services.BoardServiceTest" time="0.001"/>
  <testcase name="test_validateMove_TwoDifferentRowAndColumnAsteriskMoveOnBlankBoard_fail{RepetitionInfo}[130]" classname="com.revature.wordsaway.services.BoardServiceTest" time="0.004"/>
  <testcase name="test_validateMove_TwoDifferentRowAndColumnAsteriskMoveOnBlankBoard_fail{RepetitionInfo}[131]" classname="com.revature.wordsaway.services.BoardServiceTest" time="0.003"/>
  <testcase name="test_validateMove_TwoDifferentRowAndColumnAsteriskMoveOnBlankBoard_fail{RepetitionInfo}[132]" classname="com.revature.wordsaway.services.BoardServiceTest" time="0.004"/>
  <testcase name="test_validateMove_TwoDifferentRowAndColumnAsteriskMoveOnBlankBoard_fail{RepetitionInfo}[133]" classname="com.revature.wordsaway.services.BoardServiceTest" time="0.003"/>
  <testcase name="test_validateMove_TwoDifferentRowAndColumnAsteriskMoveOnBlankBoard_fail{RepetitionInfo}[134]" classname="com.revature.wordsaway.services.BoardServiceTest" time="0.003"/>
  <testcase name="test_validateMove_TwoDifferentRowAndColumnAsteriskMoveOnBlankBoard_fail{RepetitionInfo}[135]" classname="com.revature.wordsaway.services.BoardServiceTest" time="0.004"/>
  <testcase name="test_validateMove_TwoDifferentRowAndColumnAsteriskMoveOnBlankBoard_fail{RepetitionInfo}[136]" classname="com.revature.wordsaway.services.BoardServiceTest" time="0.003"/>
  <testcase name="test_validateMove_TwoDifferentRowAndColumnAsteriskMoveOnBlankBoard_fail{RepetitionInfo}[137]" classname="com.revature.wordsaway.services.BoardServiceTest" time="0.003"/>
  <testcase name="test_validateMove_TwoDifferentRowAndColumnAsteriskMoveOnBlankBoard_fail{RepetitionInfo}[138]" classname="com.revature.wordsaway.services.BoardServiceTest" time="0.003"/>
  <testcase name="test_validateMove_TwoDifferentRowAndColumnAsteriskMoveOnBlankBoard_fail{RepetitionInfo}[139]" classname="com.revature.wordsaway.services.BoardServiceTest" time="0.004"/>
  <testcase name="test_validateMove_TwoDifferentRowAndColumnAsteriskMoveOnBlankBoard_fail{RepetitionInfo}[140]" classname="com.revature.wordsaway.services.BoardServiceTest" time="0.003"/>
  <testcase name="test_validateMove_TwoDifferentRowAndColumnAsteriskMoveOnBlankBoard_fail{RepetitionInfo}[141]" classname="com.revature.wordsaway.services.BoardServiceTest" time="0.003"/>
  <testcase name="test_validateMove_TwoDifferentRowAndColumnAsteriskMoveOnBlankBoard_fail{RepetitionInfo}[142]" classname="com.revature.wordsaway.services.BoardServiceTest" time="0.003"/>
  <testcase name="test_validateMove_TwoDifferentRowAndColumnAsteriskMoveOnBlankBoard_fail{RepetitionInfo}[143]" classname="com.revature.wordsaway.services.BoardServiceTest" time="0.003"/>
  <testcase name="test_validateMove_TwoDifferentRowAndColumnAsteriskMoveOnBlankBoard_fail{RepetitionInfo}[144]" classname="com.revature.wordsaway.services.BoardServiceTest" time="0.004"/>
  <testcase name="test_validateMove_TwoDifferentRowAndColumnAsteriskMoveOnBlankBoard_fail{RepetitionInfo}[145]" classname="com.revature.wordsaway.services.BoardServiceTest" time="0"/>
  <testcase name="test_validateMove_TwoDifferentRowAndColumnAsteriskMoveOnBlankBoard_fail{RepetitionInfo}[146]" classname="com.revature.wordsaway.services.BoardServiceTest" time="0.003"/>
  <testcase name="test_validateMove_TwoDifferentRowAndColumnAsteriskMoveOnBlankBoard_fail{RepetitionInfo}[147]" classname="com.revature.wordsaway.services.BoardServiceTest" time="0.004"/>
  <testcase name="test_validateMove_TwoDifferentRowAndColumnAsteriskMoveOnBlankBoard_fail{RepetitionInfo}[148]" classname="com.revature.wordsaway.services.BoardServiceTest" time="0.003"/>
  <testcase name="test_validateMove_TwoDifferentRowAndColumnAsteriskMoveOnBlankBoard_fail{RepetitionInfo}[149]" classname="com.revature.wordsaway.services.BoardServiceTest" time="0.003"/>
  <testcase name="test_validateMove_TwoDifferentRowAndColumnAsteriskMoveOnBlankBoard_fail{RepetitionInfo}[150]" classname="com.revature.wordsaway.services.BoardServiceTest" time="0.004"/>
  <testcase name="test_validateMove_TwoDifferentRowAndColumnAsteriskMoveOnBlankBoard_fail{RepetitionInfo}[151]" classname="com.revature.wordsaway.services.BoardServiceTest" time="0.003"/>
  <testcase name="test_validateMove_TwoDifferentRowAndColumnAsteriskMoveOnBlankBoard_fail{RepetitionInfo}[152]" classname="com.revature.wordsaway.services.BoardServiceTest" time="0.004"/>
  <testcase name="test_validateMove_TwoDifferentRowAndColumnAsteriskMoveOnBlankBoard_fail{RepetitionInfo}[153]" classname="com.revature.wordsaway.services.BoardServiceTest" time="0.003"/>
  <testcase name="test_validateMove_TwoDifferentRowAndColumnAsteriskMoveOnBlankBoard_fail{RepetitionInfo}[154]" classname="com.revature.wordsaway.services.BoardServiceTest" time="0.003"/>
  <testcase name="test_validateMove_TwoDifferentRowAndColumnAsteriskMoveOnBlankBoard_fail{RepetitionInfo}[155]" classname="com.revature.wordsaway.services.BoardServiceTest" time="0.004"/>
  <testcase name="test_validateMove_TwoDifferentRowAndColumnAsteriskMoveOnBlankBoard_fail{RepetitionInfo}[156]" classname="com.revature.wordsaway.services.BoardServiceTest" time="0.003"/>
  <testcase name="test_validateMove_TwoDifferentRowAndColumnAsteriskMoveOnBlankBoard_fail{RepetitionInfo}[157]" classname="com.revature.wordsaway.services.BoardServiceTest" time="0.004"/>
  <testcase name="test_validateMove_TwoDifferentRowAndColumnAsteriskMoveOnBlankBoard_fail{RepetitionInfo}[158]" classname="com.revature.wordsaway.services.BoardServiceTest" time="0.004"/>
  <testcase name="test_validateMove_TwoDifferentRowAndColumnAsteriskMoveOnBlankBoard_fail{RepetitionInfo}[159]" classname="com.revature.wordsaway.services.BoardServiceTest" time="0.004"/>
  <testcase name="test_validateMove_TwoDifferentRowAndColumnAsteriskMoveOnBlankBoard_fail{RepetitionInfo}[160]" classname="com.revature.wordsaway.services.BoardServiceTest" time="0.003"/>
  <testcase name="test_validateMove_TwoDifferentRowAndColumnAsteriskMoveOnBlankBoard_fail{RepetitionInfo}[161]" classname="com.revature.wordsaway.services.BoardServiceTest" time="0"/>
  <testcase name="test_validateMove_TwoDifferentRowAndColumnAsteriskMoveOnBlankBoard_fail{RepetitionInfo}[162]" classname="com.revature.wordsaway.services.BoardServiceTest" time="0.004"/>
  <testcase name="test_validateMove_TwoDifferentRowAndColumnAsteriskMoveOnBlankBoard_fail{RepetitionInfo}[163]" classname="com.revature.wordsaway.services.BoardServiceTest" time="0.003"/>
  <testcase name="test_validateMove_TwoDifferentRowAndColumnAsteriskMoveOnBlankBoard_fail{RepetitionInfo}[164]" classname="com.revature.wordsaway.services.BoardServiceTest" time="0.004"/>
  <testcase name="test_validateMove_TwoDifferentRowAndColumnAsteriskMoveOnBlankBoard_fail{RepetitionInfo}[165]" classname="com.revature.wordsaway.services.BoardServiceTest" time="0.003"/>
  <testcase name="test_validateMove_TwoDifferentRowAndColumnAsteriskMoveOnBlankBoard_fail{RepetitionInfo}[166]" classname="com.revature.wordsaway.services.BoardServiceTest" time="0.003"/>
  <testcase name="test_validateMove_TwoDifferentRowAndColumnAsteriskMoveOnBlankBoard_fail{RepetitionInfo}[167]" classname="com.revature.wordsaway.services.BoardServiceTest" time="0.004"/>
  <testcase name="test_validateMove_TwoDifferentRowAndColumnAsteriskMoveOnBlankBoard_fail{RepetitionInfo}[168]" classname="com.revature.wordsaway.services.BoardServiceTest" time="0.003"/>
  <testcase name="test_validateMove_TwoDifferentRowAndColumnAsteriskMoveOnBlankBoard_fail{RepetitionInfo}[169]" classname="com.revature.wordsaway.services.BoardServiceTest" time="0.003"/>
  <testcase name="test_validateMove_TwoDifferentRowAndColumnAsteriskMoveOnBlankBoard_fail{RepetitionInfo}[170]" classname="com.revature.wordsaway.services.BoardServiceTest" time="0.004"/>
  <testcase name="test_validateMove_TwoDifferentRowAndColumnAsteriskMoveOnBlankBoard_fail{RepetitionInfo}[171]" classname="com.revature.wordsaway.services.BoardServiceTest" time="0.003"/>
  <testcase name="test_validateMove_TwoDifferentRowAndColumnAsteriskMoveOnBlankBoard_fail{RepetitionInfo}[172]" classname="com.revature.wordsaway.services.BoardServiceTest" time="0.004"/>
  <testcase name="test_validateMove_TwoDifferentRowAndColumnAsteriskMoveOnBlankBoard_fail{RepetitionInfo}[173]" classname="com.revature.wordsaway.services.BoardServiceTest" time="0.003"/>
  <testcase name="test_validateMove_TwoDifferentRowAndColumnAsteriskMoveOnBlankBoard_fail{RepetitionInfo}[174]" classname="com.revature.wordsaway.services.BoardServiceTest" time="0.004"/>
  <testcase name="test_validateMove_TwoDifferentRowAndColumnAsteriskMoveOnBlankBoard_fail{RepetitionInfo}[175]" classname="com.revature.wordsaway.services.BoardServiceTest" time="0.003"/>
  <testcase name="test_validateMove_TwoDifferentRowAndColumnAsteriskMoveOnBlankBoard_fail{RepetitionInfo}[176]" classname="com.revature.wordsaway.services.BoardServiceTest" time="0.003"/>
  <testcase name="test_validateMove_TwoDifferentRowAndColumnAsteriskMoveOnBlankBoard_fail{RepetitionInfo}[177]" classname="com.revature.wordsaway.services.BoardServiceTest" time="0"/>
  <testcase name="test_validateMove_TwoDifferentRowAndColumnAsteriskMoveOnBlankBoard_fail{RepetitionInfo}[178]" classname="com.revature.wordsaway.services.BoardServiceTest" time="0.004"/>
  <testcase name="test_validateMove_TwoDifferentRowAndColumnAsteriskMoveOnBlankBoard_fail{RepetitionInfo}[179]" classname="com.revature.wordsaway.services.BoardServiceTest" time="0.003"/>
  <testcase name="test_validateMove_TwoDifferentRowAndColumnAsteriskMoveOnBlankBoard_fail{RepetitionInfo}[180]" classname="com.revature.wordsaway.services.BoardServiceTest" time="0.004"/>
  <testcase name="test_validateMove_TwoDifferentRowAndColumnAsteriskMoveOnBlankBoard_fail{RepetitionInfo}[181]" classname="com.revature.wordsaway.services.BoardServiceTest" time="0.003"/>
  <testcase name="test_validateMove_TwoDifferentRowAndColumnAsteriskMoveOnBlankBoard_fail{RepetitionInfo}[182]" classname="com.revature.wordsaway.services.BoardServiceTest" time="0.004"/>
  <testcase name="test_validateMove_TwoDifferentRowAndColumnAsteriskMoveOnBlankBoard_fail{RepetitionInfo}[183]" classname="com.revature.wordsaway.services.BoardServiceTest" time="0.003"/>
  <testcase name="test_validateMove_TwoDifferentRowAndColumnAsteriskMoveOnBlankBoard_fail{RepetitionInfo}[184]" classname="com.revature.wordsaway.services.BoardServiceTest" time="0.003"/>
  <testcase name="test_validateMove_TwoDifferentRowAndColumnAsteriskMoveOnBlankBoard_fail{RepetitionInfo}[185]" classname="com.revature.wordsaway.services.BoardServiceTest" time="0.003"/>
  <testcase name="test_validateMove_TwoDifferentRowAndColumnAsteriskMoveOnBlankBoard_fail{RepetitionInfo}[186]" classname="com.revature.wordsaway.services.BoardServiceTest" time="0.004"/>
  <testcase name="test_validateMove_TwoDifferentRowAndColumnAsteriskMoveOnBlankBoard_fail{RepetitionInfo}[187]" classname="com.revature.wordsaway.services.BoardServiceTest" time="0.004"/>
  <testcase name="test_validateMove_TwoDifferentRowAndColumnAsteriskMoveOnBlankBoard_fail{RepetitionInfo}[188]" classname="com.revature.wordsaway.services.BoardServiceTest" time="0.003"/>
  <testcase name="test_validateMove_TwoDifferentRowAndColumnAsteriskMoveOnBlankBoard_fail{RepetitionInfo}[189]" classname="com.revature.wordsaway.services.BoardServiceTest" time="0.004"/>
  <testcase name="test_validateMove_TwoDifferentRowAndColumnAsteriskMoveOnBlankBoard_fail{RepetitionInfo}[190]" classname="com.revature.wordsaway.services.BoardServiceTest" time="0.003"/>
  <testcase name="test_validateMove_TwoDifferentRowAndColumnAsteriskMoveOnBlankBoard_fail{RepetitionInfo}[191]" classname="com.revature.wordsaway.services.BoardServiceTest" time="0.003"/>
  <testcase name="test_validateMove_TwoDifferentRowAndColumnAsteriskMoveOnBlankBoard_fail{RepetitionInfo}[192]" classname="com.revature.wordsaway.services.BoardServiceTest" time="0.004"/>
  <testcase name="test_validateMove_TwoDifferentRowAndColumnAsteriskMoveOnBlankBoard_fail{RepetitionInfo}[193]" classname="com.revature.wordsaway.services.BoardServiceTest" time="0"/>
  <testcase name="test_validateMove_TwoDifferentRowAndColumnAsteriskMoveOnBlankBoard_fail{RepetitionInfo}[194]" classname="com.revature.wordsaway.services.BoardServiceTest" time="0.003"/>
  <testcase name="test_validateMove_TwoDifferentRowAndColumnAsteriskMoveOnBlankBoard_fail{RepetitionInfo}[195]" classname="com.revature.wordsaway.services.BoardServiceTest" time="0.004"/>
  <testcase name="test_validateMove_TwoDifferentRowAndColumnAsteriskMoveOnBlankBoard_fail{RepetitionInfo}[196]" classname="com.revature.wordsaway.services.BoardServiceTest" time="0.003"/>
  <testcase name="test_validateMove_TwoDifferentRowAndColumnAsteriskMoveOnBlankBoard_fail{RepetitionInfo}[197]" classname="com.revature.wordsaway.services.BoardServiceTest" time="0.004"/>
  <testcase name="test_validateMove_TwoDifferentRowAndColumnAsteriskMoveOnBlankBoard_fail{RepetitionInfo}[198]" classname="com.revature.wordsaway.services.BoardServiceTest" time="0.003"/>
  <testcase name="test_validateMove_TwoDifferentRowAndColumnAsteriskMoveOnBlankBoard_fail{RepetitionInfo}[199]" classname="com.revature.wordsaway.services.BoardServiceTest" time="0.003"/>
  <testcase name="test_validateMove_TwoDifferentRowAndColumnAsteriskMoveOnBlankBoard_fail{RepetitionInfo}[200]" classname="com.revature.wordsaway.services.BoardServiceTest" time="0.004"/>
  <testcase name="test_validateMove_TwoDifferentRowAndColumnAsteriskMoveOnBlankBoard_fail{RepetitionInfo}[201]" classname="com.revature.wordsaway.services.BoardServiceTest" time="0.003"/>
  <testcase name="test_validateMove_TwoDifferentRowAndColumnAsteriskMoveOnBlankBoard_fail{RepetitionInfo}[202]" classname="com.revature.wordsaway.services.BoardServiceTest" time="0.004"/>
  <testcase name="test_validateMove_TwoDifferentRowAndColumnAsteriskMoveOnBlankBoard_fail{RepetitionInfo}[203]" classname="com.revature.wordsaway.services.BoardServiceTest" time="0.004"/>
  <testcase name="test_validateMove_TwoDifferentRowAndColumnAsteriskMoveOnBlankBoard_fail{RepetitionInfo}[204]" classname="com.revature.wordsaway.services.BoardServiceTest" time="0.003"/>
  <testcase name="test_validateMove_TwoDifferentRowAndColumnAsteriskMoveOnBlankBoard_fail{RepetitionInfo}[205]" classname="com.revature.wordsaway.services.BoardServiceTest" time="0.004"/>
  <testcase name="test_validateMove_TwoDifferentRowAndColumnAsteriskMoveOnBlankBoard_fail{RepetitionInfo}[206]" classname="com.revature.wordsaway.services.BoardServiceTest" time="0.003"/>
  <testcase name="test_validateMove_TwoDifferentRowAndColumnAsteriskMoveOnBlankBoard_fail{RepetitionInfo}[207]" classname="com.revature.wordsaway.services.BoardServiceTest" time="0.003"/>
  <testcase name="test_validateMove_TwoDifferentRowAndColumnAsteriskMoveOnBlankBoard_fail{RepetitionInfo}[208]" classname="com.revature.wordsaway.services.BoardServiceTest" time="0.004"/>
  <testcase name="test_validateMove_TwoDifferentRowAndColumnAsteriskMoveOnBlankBoard_fail{RepetitionInfo}[209]" classname="com.revature.wordsaway.services.BoardServiceTest" time="0"/>
  <testcase name="test_validateMove_TwoDifferentRowAndColumnAsteriskMoveOnBlankBoard_fail{RepetitionInfo}[210]" classname="com.revature.wordsaway.services.BoardServiceTest" time="0.003"/>
  <testcase name="test_validateMove_TwoDifferentRowAndColumnAsteriskMoveOnBlankBoard_fail{RepetitionInfo}[211]" classname="com.revature.wordsaway.services.BoardServiceTest" time="0.003"/>
  <testcase name="test_validateMove_TwoDifferentRowAndColumnAsteriskMoveOnBlankBoard_fail{RepetitionInfo}[212]" classname="com.revature.wordsaway.services.BoardServiceTest" time="0.003"/>
  <testcase name="test_validateMove_TwoDifferentRowAndColumnAsteriskMoveOnBlankBoard_fail{RepetitionInfo}[213]" classname="com.revature.wordsaway.services.BoardServiceTest" time="0.004"/>
  <testcase name="test_validateMove_TwoDifferentRowAndColumnAsteriskMoveOnBlankBoard_fail{RepetitionInfo}[214]" classname="com.revature.wordsaway.services.BoardServiceTest" time="0.004"/>
  <testcase name="test_validateMove_TwoDifferentRowAndColumnAsteriskMoveOnBlankBoard_fail{RepetitionInfo}[215]" classname="com.revature.wordsaway.services.BoardServiceTest" time="0.003"/>
  <testcase name="test_validateMove_TwoDifferentRowAndColumnAsteriskMoveOnBlankBoard_fail{RepetitionInfo}[216]" classname="com.revature.wordsaway.services.BoardServiceTest" time="0.003"/>
  <testcase name="test_validateMove_TwoDifferentRowAndColumnAsteriskMoveOnBlankBoard_fail{RepetitionInfo}[217]" classname="com.revature.wordsaway.services.BoardServiceTest" time="0.004"/>
  <testcase name="test_validateMove_TwoDifferentRowAndColumnAsteriskMoveOnBlankBoard_fail{RepetitionInfo}[218]" classname="com.revature.wordsaway.services.BoardServiceTest" time="0.003"/>
  <testcase name="test_validateMove_TwoDifferentRowAndColumnAsteriskMoveOnBlankBoard_fail{RepetitionInfo}[219]" classname="com.revature.wordsaway.services.BoardServiceTest" time="0.003"/>
  <testcase name="test_validateMove_TwoDifferentRowAndColumnAsteriskMoveOnBlankBoard_fail{RepetitionInfo}[220]" classname="com.revature.wordsaway.services.BoardServiceTest" time="0.003"/>
  <testcase name="test_validateMove_TwoDifferentRowAndColumnAsteriskMoveOnBlankBoard_fail{RepetitionInfo}[221]" classname="com.revature.wordsaway.services.BoardServiceTest" time="0.003"/>
  <testcase name="test_validateMove_TwoDifferentRowAndColumnAsteriskMoveOnBlankBoard_fail{RepetitionInfo}[222]" classname="com.revature.wordsaway.services.BoardServiceTest" time="0.004"/>
  <testcase name="test_validateMove_TwoDifferentRowAndColumnAsteriskMoveOnBlankBoard_fail{RepetitionInfo}[223]" classname="com.revature.wordsaway.services.BoardServiceTest" time="0.003"/>
  <testcase name="test_validateMove_TwoDifferentRowAndColumnAsteriskMoveOnBlankBoard_fail{RepetitionInfo}[224]" classname="com.revature.wordsaway.services.BoardServiceTest" time="0.003"/>
  <testcase name="test_validateMove_TwoDifferentRowAndColumnAsteriskMoveOnBlankBoard_fail{RepetitionInfo}[225]" classname="com.revature.wordsaway.services.BoardServiceTest" time="0"/>
  <testcase name="test_validateMove_TwoDifferentRowAndColumnAsteriskMoveOnBlankBoard_fail{RepetitionInfo}[226]" classname="com.revature.wordsaway.services.BoardServiceTest" time="0.004"/>
  <testcase name="test_validateMove_TwoDifferentRowAndColumnAsteriskMoveOnBlankBoard_fail{RepetitionInfo}[227]" classname="com.revature.wordsaway.services.BoardServiceTest" time="0.003"/>
  <testcase name="test_validateMove_TwoDifferentRowAndColumnAsteriskMoveOnBlankBoard_fail{RepetitionInfo}[228]" classname="com.revature.wordsaway.services.BoardServiceTest" time="0.003"/>
  <testcase name="test_validateMove_TwoDifferentRowAndColumnAsteriskMoveOnBlankBoard_fail{RepetitionInfo}[229]" classname="com.revature.wordsaway.services.BoardServiceTest" time="0.003"/>
  <testcase name="test_validateMove_TwoDifferentRowAndColumnAsteriskMoveOnBlankBoard_fail{RepetitionInfo}[230]" classname="com.revature.wordsaway.services.BoardServiceTest" time="0.004"/>
  <testcase name="test_validateMove_TwoDifferentRowAndColumnAsteriskMoveOnBlankBoard_fail{RepetitionInfo}[231]" classname="com.revature.wordsaway.services.BoardServiceTest" time="0.004"/>
  <testcase name="test_validateMove_TwoDifferentRowAndColumnAsteriskMoveOnBlankBoard_fail{RepetitionInfo}[232]" classname="com.revature.wordsaway.services.BoardServiceTest" time="0.003"/>
  <testcase name="test_validateMove_TwoDifferentRowAndColumnAsteriskMoveOnBlankBoard_fail{RepetitionInfo}[233]" classname="com.revature.wordsaway.services.BoardServiceTest" time="0.003"/>
  <testcase name="test_validateMove_TwoDifferentRowAndColumnAsteriskMoveOnBlankBoard_fail{RepetitionInfo}[234]" classname="com.revature.wordsaway.services.BoardServiceTest" time="0.003"/>
  <testcase name="test_validateMove_TwoDifferentRowAndColumnAsteriskMoveOnBlankBoard_fail{RepetitionInfo}[235]" classname="com.revature.wordsaway.services.BoardServiceTest" time="0.004"/>
  <testcase name="test_validateMove_TwoDifferentRowAndColumnAsteriskMoveOnBlankBoard_fail{RepetitionInfo}[236]" classname="com.revature.wordsaway.services.BoardServiceTest" time="0.003"/>
  <testcase name="test_validateMove_TwoDifferentRowAndColumnAsteriskMoveOnBlankBoard_fail{RepetitionInfo}[237]" classname="com.revature.wordsaway.services.BoardServiceTest" time="0.003"/>
  <testcase name="test_validateMove_TwoDifferentRowAndColumnAsteriskMoveOnBlankBoard_fail{RepetitionInfo}[238]" classname="com.revature.wordsaway.services.BoardServiceTest" time="0.004"/>
  <testcase name="test_validateMove_TwoDifferentRowAndColumnAsteriskMoveOnBlankBoard_fail{RepetitionInfo}[239]" classname="com.revature.wordsaway.services.BoardServiceTest" time="0.004"/>
  <testcase name="test_validateMove_TwoDifferentRowAndColumnAsteriskMoveOnBlankBoard_fail{RepetitionInfo}[240]" classname="com.revature.wordsaway.services.BoardServiceTest" time="0.004"/>
  <testcase name="test_validateMove_TwoDifferentRowAndColumnAsteriskMoveOnBlankBoard_fail{RepetitionInfo}[241]" classname="com.revature.wordsaway.services.BoardServiceTest" time="0"/>
  <testcase name="test_validateMove_TwoDifferentRowAndColumnAsteriskMoveOnBlankBoard_fail{RepetitionInfo}[242]" classname="com.revature.wordsaway.services.BoardServiceTest" time="0.003"/>
  <testcase name="test_validateMove_TwoDifferentRowAndColumnAsteriskMoveOnBlankBoard_fail{RepetitionInfo}[243]" classname="com.revature.wordsaway.services.BoardServiceTest" time="0.004"/>
  <testcase name="test_validateMove_TwoDifferentRowAndColumnAsteriskMoveOnBlankBoard_fail{RepetitionInfo}[244]" classname="com.revature.wordsaway.services.BoardServiceTest" time="0.003"/>
  <testcase name="test_validateMove_TwoDifferentRowAndColumnAsteriskMoveOnBlankBoard_fail{RepetitionInfo}[245]" classname="com.revature.wordsaway.services.BoardServiceTest" time="0.004"/>
  <testcase name="test_validateMove_TwoDifferentRowAndColumnAsteriskMoveOnBlankBoard_fail{RepetitionInfo}[246]" classname="com.revature.wordsaway.services.BoardServiceTest" time="0.003"/>
  <testcase name="test_validateMove_TwoDifferentRowAndColumnAsteriskMoveOnBlankBoard_fail{RepetitionInfo}[247]" classname="com.revature.wordsaway.services.BoardServiceTest" time="0.004"/>
  <testcase name="test_validateMove_TwoDifferentRowAndColumnAsteriskMoveOnBlankBoard_fail{RepetitionInfo}[248]" classname="com.revature.wordsaway.services.BoardServiceTest" time="0.003"/>
  <testcase name="test_validateMove_TwoDifferentRowAndColumnAsteriskMoveOnBlankBoard_fail{RepetitionInfo}[249]" classname="com.revature.wordsaway.services.BoardServiceTest" time="0.003"/>
  <testcase name="test_validateMove_TwoDifferentRowAndColumnAsteriskMoveOnBlankBoard_fail{RepetitionInfo}[250]" classname="com.revature.wordsaway.services.BoardServiceTest" time="0.003"/>
  <testcase name="test_validateMove_TwoDifferentRowAndColumnAsteriskMoveOnBlankBoard_fail{RepetitionInfo}[251]" classname="com.revature.wordsaway.services.BoardServiceTest" time="0.003"/>
  <testcase name="test_validateMove_TwoDifferentRowAndColumnAsteriskMoveOnBlankBoard_fail{RepetitionInfo}[252]" classname="com.revature.wordsaway.services.BoardServiceTest" time="0.004"/>
  <testcase name="test_validateMove_TwoDifferentRowAndColumnAsteriskMoveOnBlankBoard_fail{RepetitionInfo}[253]" classname="com.revature.wordsaway.services.BoardServiceTest" time="0.003"/>
  <testcase name="test_validateMove_TwoDifferentRowAndColumnAsteriskMoveOnBlankBoard_fail{RepetitionInfo}[254]" classname="com.revature.wordsaway.services.BoardServiceTest" time="0.004"/>
  <testcase name="test_validateMove_TwoDifferentRowAndColumnAsteriskMoveOnBlankBoard_fail{RepetitionInfo}[255]" classname="com.revature.wordsaway.services.BoardServiceTest" time="0.003"/>
  <testcase name="test_validateMove_TwoDifferentRowAndColumnAsteriskMoveOnBlankBoard_fail{RepetitionInfo}[256]" classname="com.revature.wordsaway.services.BoardServiceTest" time="0.005"/>
  <testcase name="test_calculateELO_WinWithEqualELO_succeed" classname="com.revature.wordsaway.services.BoardServiceTest" time="0.001"/>
  <testcase name="test_validateMove_TwoLongSameColumnWithAsteriskMoveOnBlankBoard_succeed" classname="com.revature.wordsaway.services.BoardServiceTest" time="0.009"/>
  <testcase name="test_validateMove_ConnectedLongHorizontalBetweenMoveOnBoardWithThreeAsterisks_succeed" classname="com.revature.wordsaway.services.BoardServiceTest" time="0.011"/>
  <testcase name="test_validateMove_ConnectedLongVerticalBackMoveOnBoardWithOneAsterisk_succeed" classname="com.revature.wordsaway.services.BoardServiceTest" time="0.006"/>
  <testcase name="test_getCheckedOn_HorizontalMoveBoardWithA3PointLetter_succeed" classname="com.revature.wordsaway.services.BoardServiceTest" time="0"/>
  <testcase name="test_validateMove_LetterAndAsteriskSameRowMoveOnBlankBoard_fail{RepetitionInfo}[1]" classname="com.revature.wordsaway.services.BoardServiceTest" time="0.004"/>
  <testcase name="test_validateMove_LetterAndAsteriskSameRowMoveOnBlankBoard_fail{RepetitionInfo}[2]" classname="com.revature.wordsaway.services.BoardServiceTest" time="0.003"/>
  <testcase name="test_validateMove_LetterAndAsteriskSameRowMoveOnBlankBoard_fail{RepetitionInfo}[3]" classname="com.revature.wordsaway.services.BoardServiceTest" time="0.004"/>
  <testcase name="test_validateMove_LetterAndAsteriskSameRowMoveOnBlankBoard_fail{RepetitionInfo}[4]" classname="com.revature.wordsaway.services.BoardServiceTest" time="0.003"/>
  <testcase name="test_validateMove_LetterAndAsteriskSameRowMoveOnBlankBoard_fail{RepetitionInfo}[5]" classname="com.revature.wordsaway.services.BoardServiceTest" time="0.004"/>
  <testcase name="test_validateMove_LetterAndAsteriskSameRowMoveOnBlankBoard_fail{RepetitionInfo}[6]" classname="com.revature.wordsaway.services.BoardServiceTest" time="0.003"/>
  <testcase name="test_validateMove_LetterAndAsteriskSameRowMoveOnBlankBoard_fail{RepetitionInfo}[7]" classname="com.revature.wordsaway.services.BoardServiceTest" time="0.004"/>
  <testcase name="test_validateMove_LetterAndAsteriskSameRowMoveOnBlankBoard_fail{RepetitionInfo}[8]" classname="com.revature.wordsaway.services.BoardServiceTest" time="0.003"/>
  <testcase name="test_validateMove_LetterAndAsteriskSameRowMoveOnBlankBoard_fail{RepetitionInfo}[9]" classname="com.revature.wordsaway.services.BoardServiceTest" time="0.003"/>
  <testcase name="test_validateMove_LetterAndAsteriskSameRowMoveOnBlankBoard_fail{RepetitionInfo}[10]" classname="com.revature.wordsaway.services.BoardServiceTest" time="0.003"/>
  <testcase name="test_validateMove_LetterAndAsteriskSameRowMoveOnBlankBoard_fail{RepetitionInfo}[11]" classname="com.revature.wordsaway.services.BoardServiceTest" time="0.003"/>
  <testcase name="test_validateMove_LetterAndAsteriskSameRowMoveOnBlankBoard_fail{RepetitionInfo}[12]" classname="com.revature.wordsaway.services.BoardServiceTest" time="0.004"/>
  <testcase name="test_validateMove_LetterAndAsteriskSameRowMoveOnBlankBoard_fail{RepetitionInfo}[13]" classname="com.revature.wordsaway.services.BoardServiceTest" time="0.003"/>
  <testcase name="test_validateMove_LetterAndAsteriskSameRowMoveOnBlankBoard_fail{RepetitionInfo}[14]" classname="com.revature.wordsaway.services.BoardServiceTest" time="0.004"/>
  <testcase name="test_validateMove_LetterAndAsteriskSameRowMoveOnBlankBoard_fail{RepetitionInfo}[15]" classname="com.revature.wordsaway.services.BoardServiceTest" time="0.003"/>
  <testcase name="test_validateMove_LetterAndAsteriskSameRowMoveOnBlankBoard_fail{RepetitionInfo}[16]" classname="com.revature.wordsaway.services.BoardServiceTest" time="0.002"/>
  <testcase name="test_validateMove_LetterAndAsteriskSameRowMoveOnBlankBoard_fail{RepetitionInfo}[17]" classname="com.revature.wordsaway.services.BoardServiceTest" time="0.003"/>
  <testcase name="test_validateMove_LetterAndAsteriskSameRowMoveOnBlankBoard_fail{RepetitionInfo}[18]" classname="com.revature.wordsaway.services.BoardServiceTest" time="0.004"/>
  <testcase name="test_validateMove_LetterAndAsteriskSameRowMoveOnBlankBoard_fail{RepetitionInfo}[19]" classname="com.revature.wordsaway.services.BoardServiceTest" time="0.003"/>
  <testcase name="test_validateMove_LetterAndAsteriskSameRowMoveOnBlankBoard_fail{RepetitionInfo}[20]" classname="com.revature.wordsaway.services.BoardServiceTest" time="0.004"/>
  <testcase name="test_validateMove_LetterAndAsteriskSameRowMoveOnBlankBoard_fail{RepetitionInfo}[21]" classname="com.revature.wordsaway.services.BoardServiceTest" time="0.003"/>
  <testcase name="test_validateMove_LetterAndAsteriskSameRowMoveOnBlankBoard_fail{RepetitionInfo}[22]" classname="com.revature.wordsaway.services.BoardServiceTest" time="0.004"/>
  <testcase name="test_validateMove_LetterAndAsteriskSameRowMoveOnBlankBoard_fail{RepetitionInfo}[23]" classname="com.revature.wordsaway.services.BoardServiceTest" time="0.003"/>
  <testcase name="test_validateMove_LetterAndAsteriskSameRowMoveOnBlankBoard_fail{RepetitionInfo}[24]" classname="com.revature.wordsaway.services.BoardServiceTest" time="0.003"/>
  <testcase name="test_validateMove_LetterAndAsteriskSameRowMoveOnBlankBoard_fail{RepetitionInfo}[25]" classname="com.revature.wordsaway.services.BoardServiceTest" time="0.003"/>
  <testcase name="test_validateMove_LetterAndAsteriskSameRowMoveOnBlankBoard_fail{RepetitionInfo}[26]" classname="com.revature.wordsaway.services.BoardServiceTest" time="0.004"/>
  <testcase name="test_validateMove_LetterAndAsteriskSameRowMoveOnBlankBoard_fail{RepetitionInfo}[27]" classname="com.revature.wordsaway.services.BoardServiceTest" time="0.003"/>
  <testcase name="test_validateMove_LetterAndAsteriskSameRowMoveOnBlankBoard_fail{RepetitionInfo}[28]" classname="com.revature.wordsaway.services.BoardServiceTest" time="0.004"/>
  <testcase name="test_validateMove_LetterAndAsteriskSameRowMoveOnBlankBoard_fail{RepetitionInfo}[29]" classname="com.revature.wordsaway.services.BoardServiceTest" time="0.003"/>
  <testcase name="test_validateMove_LetterAndAsteriskSameRowMoveOnBlankBoard_fail{RepetitionInfo}[30]" classname="com.revature.wordsaway.services.BoardServiceTest" time="0.004"/>
  <testcase name="test_validateMove_LetterAndAsteriskSameRowMoveOnBlankBoard_fail{RepetitionInfo}[31]" classname="com.revature.wordsaway.services.BoardServiceTest" time="0.003"/>
  <testcase name="test_validateMove_LetterAndAsteriskSameRowMoveOnBlankBoard_fail{RepetitionInfo}[32]" classname="com.revature.wordsaway.services.BoardServiceTest" time="0.001"/>
  <testcase name="test_validateMove_LetterAndAsteriskSameRowMoveOnBlankBoard_fail{RepetitionInfo}[33]" classname="com.revature.wordsaway.services.BoardServiceTest" time="0.003"/>
  <testcase name="test_validateMove_LetterAndAsteriskSameRowMoveOnBlankBoard_fail{RepetitionInfo}[34]" classname="com.revature.wordsaway.services.BoardServiceTest" time="0.003"/>
  <testcase name="test_validateMove_LetterAndAsteriskSameRowMoveOnBlankBoard_fail{RepetitionInfo}[35]" classname="com.revature.wordsaway.services.BoardServiceTest" time="0.004"/>
  <testcase name="test_validateMove_LetterAndAsteriskSameRowMoveOnBlankBoard_fail{RepetitionInfo}[36]" classname="com.revature.wordsaway.services.BoardServiceTest" time="0.003"/>
  <testcase name="test_validateMove_LetterAndAsteriskSameRowMoveOnBlankBoard_fail{RepetitionInfo}[37]" classname="com.revature.wordsaway.services.BoardServiceTest" time="0.004"/>
  <testcase name="test_validateMove_LetterAndAsteriskSameRowMoveOnBlankBoard_fail{RepetitionInfo}[38]" classname="com.revature.wordsaway.services.BoardServiceTest" time="0.003"/>
  <testcase name="test_validateMove_LetterAndAsteriskSameRowMoveOnBlankBoard_fail{RepetitionInfo}[39]" classname="com.revature.wordsaway.services.BoardServiceTest" time="0.004"/>
  <testcase name="test_validateMove_LetterAndAsteriskSameRowMoveOnBlankBoard_fail{RepetitionInfo}[40]" classname="com.revature.wordsaway.services.BoardServiceTest" time="0.003"/>
  <testcase name="test_validateMove_LetterAndAsteriskSameRowMoveOnBlankBoard_fail{RepetitionInfo}[41]" classname="com.revature.wordsaway.services.BoardServiceTest" time="0.004"/>
  <testcase name="test_validateMove_LetterAndAsteriskSameRowMoveOnBlankBoard_fail{RepetitionInfo}[42]" classname="com.revature.wordsaway.services.BoardServiceTest" time="0.003"/>
  <testcase name="test_validateMove_LetterAndAsteriskSameRowMoveOnBlankBoard_fail{RepetitionInfo}[43]" classname="com.revature.wordsaway.services.BoardServiceTest" time="0.004"/>
  <testcase name="test_validateMove_LetterAndAsteriskSameRowMoveOnBlankBoard_fail{RepetitionInfo}[44]" classname="com.revature.wordsaway.services.BoardServiceTest" time="0.003"/>
  <testcase name="test_validateMove_LetterAndAsteriskSameRowMoveOnBlankBoard_fail{RepetitionInfo}[45]" classname="com.revature.wordsaway.services.BoardServiceTest" time="0.004"/>
  <testcase name="test_validateMove_LetterAndAsteriskSameRowMoveOnBlankBoard_fail{RepetitionInfo}[46]" classname="com.revature.wordsaway.services.BoardServiceTest" time="0.003"/>
  <testcase name="test_validateMove_LetterAndAsteriskSameRowMoveOnBlankBoard_fail{RepetitionInfo}[47]" classname="com.revature.wordsaway.services.BoardServiceTest" time="0.004"/>
  <testcase name="test_validateMove_LetterAndAsteriskSameRowMoveOnBlankBoard_fail{RepetitionInfo}[48]" classname="com.revature.wordsaway.services.BoardServiceTest" time="0.001"/>
  <testcase name="test_validateMove_LetterAndAsteriskSameRowMoveOnBlankBoard_fail{RepetitionInfo}[49]" classname="com.revature.wordsaway.services.BoardServiceTest" time="0.004"/>
  <testcase name="test_validateMove_LetterAndAsteriskSameRowMoveOnBlankBoard_fail{RepetitionInfo}[50]" classname="com.revature.wordsaway.services.BoardServiceTest" time="0.004"/>
  <testcase name="test_validateMove_LetterAndAsteriskSameRowMoveOnBlankBoard_fail{RepetitionInfo}[51]" classname="com.revature.wordsaway.services.BoardServiceTest" time="0.003"/>
  <testcase name="test_validateMove_LetterAndAsteriskSameRowMoveOnBlankBoard_fail{RepetitionInfo}[52]" classname="com.revature.wordsaway.services.BoardServiceTest" time="0.004"/>
  <testcase name="test_validateMove_LetterAndAsteriskSameRowMoveOnBlankBoard_fail{RepetitionInfo}[53]" classname="com.revature.wordsaway.services.BoardServiceTest" time="0.003"/>
  <testcase name="test_validateMove_LetterAndAsteriskSameRowMoveOnBlankBoard_fail{RepetitionInfo}[54]" classname="com.revature.wordsaway.services.BoardServiceTest" time="0.004"/>
  <testcase name="test_validateMove_LetterAndAsteriskSameRowMoveOnBlankBoard_fail{RepetitionInfo}[55]" classname="com.revature.wordsaway.services.BoardServiceTest" time="0.003"/>
  <testcase name="test_validateMove_LetterAndAsteriskSameRowMoveOnBlankBoard_fail{RepetitionInfo}[56]" classname="com.revature.wordsaway.services.BoardServiceTest" time="0.003"/>
  <testcase name="test_validateMove_LetterAndAsteriskSameRowMoveOnBlankBoard_fail{RepetitionInfo}[57]" classname="com.revature.wordsaway.services.BoardServiceTest" time="0.004"/>
  <testcase name="test_validateMove_LetterAndAsteriskSameRowMoveOnBlankBoard_fail{RepetitionInfo}[58]" classname="com.revature.wordsaway.services.BoardServiceTest" time="0.003"/>
  <testcase name="test_validateMove_LetterAndAsteriskSameRowMoveOnBlankBoard_fail{RepetitionInfo}[59]" classname="com.revature.wordsaway.services.BoardServiceTest" time="0.004"/>
  <testcase name="test_validateMove_LetterAndAsteriskSameRowMoveOnBlankBoard_fail{RepetitionInfo}[60]" classname="com.revature.wordsaway.services.BoardServiceTest" time="0.003"/>
  <testcase name="test_validateMove_LetterAndAsteriskSameRowMoveOnBlankBoard_fail{RepetitionInfo}[61]" classname="com.revature.wordsaway.services.BoardServiceTest" time="0.003"/>
  <testcase name="test_validateMove_LetterAndAsteriskSameRowMoveOnBlankBoard_fail{RepetitionInfo}[62]" classname="com.revature.wordsaway.services.BoardServiceTest" time="0.004"/>
  <testcase name="test_validateMove_LetterAndAsteriskSameRowMoveOnBlankBoard_fail{RepetitionInfo}[63]" classname="com.revature.wordsaway.services.BoardServiceTest" time="0.003"/>
  <testcase name="test_validateMove_LetterAndAsteriskSameRowMoveOnBlankBoard_fail{RepetitionInfo}[64]" classname="com.revature.wordsaway.services.BoardServiceTest" time="0"/>
  <testcase name="test_validateMove_LetterAndAsteriskSameRowMoveOnBlankBoard_fail{RepetitionInfo}[65]" classname="com.revature.wordsaway.services.BoardServiceTest" time="0.003"/>
  <testcase name="test_validateMove_LetterAndAsteriskSameRowMoveOnBlankBoard_fail{RepetitionInfo}[66]" classname="com.revature.wordsaway.services.BoardServiceTest" time="0.003"/>
  <testcase name="test_validateMove_LetterAndAsteriskSameRowMoveOnBlankBoard_fail{RepetitionInfo}[67]" classname="com.revature.wordsaway.services.BoardServiceTest" time="0.004"/>
  <testcase name="test_validateMove_LetterAndAsteriskSameRowMoveOnBlankBoard_fail{RepetitionInfo}[68]" classname="com.revature.wordsaway.services.BoardServiceTest" time="0.003"/>
  <testcase name="test_validateMove_LetterAndAsteriskSameRowMoveOnBlankBoard_fail{RepetitionInfo}[69]" classname="com.revature.wordsaway.services.BoardServiceTest" time="0.004"/>
  <testcase name="test_validateMove_LetterAndAsteriskSameRowMoveOnBlankBoard_fail{RepetitionInfo}[70]" classname="com.revature.wordsaway.services.BoardServiceTest" time="0.004"/>
  <testcase name="test_validateMove_LetterAndAsteriskSameRowMoveOnBlankBoard_fail{RepetitionInfo}[71]" classname="com.revature.wordsaway.services.BoardServiceTest" time="0.004"/>
  <testcase name="test_validateMove_LetterAndAsteriskSameRowMoveOnBlankBoard_fail{RepetitionInfo}[72]" classname="com.revature.wordsaway.services.BoardServiceTest" time="0.008"/>
  <testcase name="test_validateMove_LetterAndAsteriskSameRowMoveOnBlankBoard_fail{RepetitionInfo}[73]" classname="com.revature.wordsaway.services.BoardServiceTest" time="0.006"/>
  <testcase name="test_validateMove_LetterAndAsteriskSameRowMoveOnBlankBoard_fail{RepetitionInfo}[74]" classname="com.revature.wordsaway.services.BoardServiceTest" time="0.004"/>
  <testcase name="test_validateMove_LetterAndAsteriskSameRowMoveOnBlankBoard_fail{RepetitionInfo}[75]" classname="com.revature.wordsaway.services.BoardServiceTest" time="0.004"/>
  <testcase name="test_validateMove_LetterAndAsteriskSameRowMoveOnBlankBoard_fail{RepetitionInfo}[76]" classname="com.revature.wordsaway.services.BoardServiceTest" time="0.003"/>
  <testcase name="test_validateMove_LetterAndAsteriskSameRowMoveOnBlankBoard_fail{RepetitionInfo}[77]" classname="com.revature.wordsaway.services.BoardServiceTest" time="0.004"/>
  <testcase name="test_validateMove_LetterAndAsteriskSameRowMoveOnBlankBoard_fail{RepetitionInfo}[78]" classname="com.revature.wordsaway.services.BoardServiceTest" time="0.003"/>
  <testcase name="test_validateMove_LetterAndAsteriskSameRowMoveOnBlankBoard_fail{RepetitionInfo}[79]" classname="com.revature.wordsaway.services.BoardServiceTest" time="0.004"/>
  <testcase name="test_validateMove_LetterAndAsteriskSameRowMoveOnBlankBoard_fail{RepetitionInfo}[80]" classname="com.revature.wordsaway.services.BoardServiceTest" time="0"/>
  <testcase name="test_validateMove_LetterAndAsteriskSameRowMoveOnBlankBoard_fail{RepetitionInfo}[81]" classname="com.revature.wordsaway.services.BoardServiceTest" time="0.003"/>
  <testcase name="test_validateMove_LetterAndAsteriskSameRowMoveOnBlankBoard_fail{RepetitionInfo}[82]" classname="com.revature.wordsaway.services.BoardServiceTest" time="0.004"/>
  <testcase name="test_validateMove_LetterAndAsteriskSameRowMoveOnBlankBoard_fail{RepetitionInfo}[83]" classname="com.revature.wordsaway.services.BoardServiceTest" time="0.003"/>
  <testcase name="test_validateMove_LetterAndAsteriskSameRowMoveOnBlankBoard_fail{RepetitionInfo}[84]" classname="com.revature.wordsaway.services.BoardServiceTest" time="0.005"/>
  <testcase name="test_validateMove_LetterAndAsteriskSameRowMoveOnBlankBoard_fail{RepetitionInfo}[85]" classname="com.revature.wordsaway.services.BoardServiceTest" time="0.004"/>
  <testcase name="test_validateMove_LetterAndAsteriskSameRowMoveOnBlankBoard_fail{RepetitionInfo}[86]" classname="com.revature.wordsaway.services.BoardServiceTest" time="0.003"/>
  <testcase name="test_validateMove_LetterAndAsteriskSameRowMoveOnBlankBoard_fail{RepetitionInfo}[87]" classname="com.revature.wordsaway.services.BoardServiceTest" time="0.003"/>
  <testcase name="test_validateMove_LetterAndAsteriskSameRowMoveOnBlankBoard_fail{RepetitionInfo}[88]" classname="com.revature.wordsaway.services.BoardServiceTest" time="0.004"/>
  <testcase name="test_validateMove_LetterAndAsteriskSameRowMoveOnBlankBoard_fail{RepetitionInfo}[89]" classname="com.revature.wordsaway.services.BoardServiceTest" time="0.003"/>
  <testcase name="test_validateMove_LetterAndAsteriskSameRowMoveOnBlankBoard_fail{RepetitionInfo}[90]" classname="com.revature.wordsaway.services.BoardServiceTest" time="0.004"/>
  <testcase name="test_validateMove_LetterAndAsteriskSameRowMoveOnBlankBoard_fail{RepetitionInfo}[91]" classname="com.revature.wordsaway.services.BoardServiceTest" time="0.003"/>
  <testcase name="test_validateMove_LetterAndAsteriskSameRowMoveOnBlankBoard_fail{RepetitionInfo}[92]" classname="com.revature.wordsaway.services.BoardServiceTest" time="0.004"/>
  <testcase name="test_validateMove_LetterAndAsteriskSameRowMoveOnBlankBoard_fail{RepetitionInfo}[93]" classname="com.revature.wordsaway.services.BoardServiceTest" time="0.003"/>
  <testcase name="test_validateMove_LetterAndAsteriskSameRowMoveOnBlankBoard_fail{RepetitionInfo}[94]" classname="com.revature.wordsaway.services.BoardServiceTest" time="0.004"/>
  <testcase name="test_validateMove_LetterAndAsteriskSameRowMoveOnBlankBoard_fail{RepetitionInfo}[95]" classname="com.revature.wordsaway.services.BoardServiceTest" time="0.003"/>
  <testcase name="test_validateMove_LetterAndAsteriskSameRowMoveOnBlankBoard_fail{RepetitionInfo}[96]" classname="com.revature.wordsaway.services.BoardServiceTest" time="0.001"/>
  <testcase name="test_validateMove_LetterAndAsteriskSameRowMoveOnBlankBoard_fail{RepetitionInfo}[97]" classname="com.revature.wordsaway.services.BoardServiceTest" time="0.003"/>
  <testcase name="test_validateMove_LetterAndAsteriskSameRowMoveOnBlankBoard_fail{RepetitionInfo}[98]" classname="com.revature.wordsaway.services.BoardServiceTest" time="0.004"/>
  <testcase name="test_validateMove_LetterAndAsteriskSameRowMoveOnBlankBoard_fail{RepetitionInfo}[99]" classname="com.revature.wordsaway.services.BoardServiceTest" time="0.005"/>
  <testcase name="test_validateMove_LetterAndAsteriskSameRowMoveOnBlankBoard_fail{RepetitionInfo}[100]" classname="com.revature.wordsaway.services.BoardServiceTest" time="0.004"/>
  <testcase name="test_validateMove_LetterAndAsteriskSameRowMoveOnBlankBoard_fail{RepetitionInfo}[101]" classname="com.revature.wordsaway.services.BoardServiceTest" time="0.004"/>
  <testcase name="test_validateMove_LetterAndAsteriskSameRowMoveOnBlankBoard_fail{RepetitionInfo}[102]" classname="com.revature.wordsaway.services.BoardServiceTest" time="0.003"/>
  <testcase name="test_validateMove_LetterAndAsteriskSameRowMoveOnBlankBoard_fail{RepetitionInfo}[103]" classname="com.revature.wordsaway.services.BoardServiceTest" time="0.003"/>
  <testcase name="test_validateMove_LetterAndAsteriskSameRowMoveOnBlankBoard_fail{RepetitionInfo}[104]" classname="com.revature.wordsaway.services.BoardServiceTest" time="0.003"/>
  <testcase name="test_validateMove_LetterAndAsteriskSameRowMoveOnBlankBoard_fail{RepetitionInfo}[105]" classname="com.revature.wordsaway.services.BoardServiceTest" time="0.004"/>
  <testcase name="test_validateMove_LetterAndAsteriskSameRowMoveOnBlankBoard_fail{RepetitionInfo}[106]" classname="com.revature.wordsaway.services.BoardServiceTest" time="0.003"/>
  <testcase name="test_validateMove_LetterAndAsteriskSameRowMoveOnBlankBoard_fail{RepetitionInfo}[107]" classname="com.revature.wordsaway.services.BoardServiceTest" time="0.003"/>
  <testcase name="test_validateMove_LetterAndAsteriskSameRowMoveOnBlankBoard_fail{RepetitionInfo}[108]" classname="com.revature.wordsaway.services.BoardServiceTest" time="0.003"/>
  <testcase name="test_validateMove_LetterAndAsteriskSameRowMoveOnBlankBoard_fail{RepetitionInfo}[109]" classname="com.revature.wordsaway.services.BoardServiceTest" time="0.004"/>
  <testcase name="test_validateMove_LetterAndAsteriskSameRowMoveOnBlankBoard_fail{RepetitionInfo}[110]" classname="com.revature.wordsaway.services.BoardServiceTest" time="0.005"/>
  <testcase name="test_validateMove_LetterAndAsteriskSameRowMoveOnBlankBoard_fail{RepetitionInfo}[111]" classname="com.revature.wordsaway.services.BoardServiceTest" time="0.004"/>
  <testcase name="test_validateMove_LetterAndAsteriskSameRowMoveOnBlankBoard_fail{RepetitionInfo}[112]" classname="com.revature.wordsaway.services.BoardServiceTest" time="0"/>
  <testcase name="test_validateMove_LetterAndAsteriskSameRowMoveOnBlankBoard_fail{RepetitionInfo}[113]" classname="com.revature.wordsaway.services.BoardServiceTest" time="0.004"/>
  <testcase name="test_validateMove_LetterAndAsteriskSameRowMoveOnBlankBoard_fail{RepetitionInfo}[114]" classname="com.revature.wordsaway.services.BoardServiceTest" time="0.003"/>
  <testcase name="test_validateMove_LetterAndAsteriskSameRowMoveOnBlankBoard_fail{RepetitionInfo}[115]" classname="com.revature.wordsaway.services.BoardServiceTest" time="0.004"/>
  <testcase name="test_validateMove_LetterAndAsteriskSameRowMoveOnBlankBoard_fail{RepetitionInfo}[116]" classname="com.revature.wordsaway.services.BoardServiceTest" time="0.004"/>
  <testcase name="test_validateMove_LetterAndAsteriskSameRowMoveOnBlankBoard_fail{RepetitionInfo}[117]" classname="com.revature.wordsaway.services.BoardServiceTest" time="0.005"/>
  <testcase name="test_validateMove_LetterAndAsteriskSameRowMoveOnBlankBoard_fail{RepetitionInfo}[118]" classname="com.revature.wordsaway.services.BoardServiceTest" time="0.004"/>
  <testcase name="test_validateMove_LetterAndAsteriskSameRowMoveOnBlankBoard_fail{RepetitionInfo}[119]" classname="com.revature.wordsaway.services.BoardServiceTest" time="0.003"/>
  <testcase name="test_validateMove_LetterAndAsteriskSameRowMoveOnBlankBoard_fail{RepetitionInfo}[120]" classname="com.revature.wordsaway.services.BoardServiceTest" time="0.004"/>
  <testcase name="test_validateMove_LetterAndAsteriskSameRowMoveOnBlankBoard_fail{RepetitionInfo}[121]" classname="com.revature.wordsaway.services.BoardServiceTest" time="0.003"/>
  <testcase name="test_validateMove_LetterAndAsteriskSameRowMoveOnBlankBoard_fail{RepetitionInfo}[122]" classname="com.revature.wordsaway.services.BoardServiceTest" time="0.004"/>
  <testcase name="test_validateMove_LetterAndAsteriskSameRowMoveOnBlankBoard_fail{RepetitionInfo}[123]" classname="com.revature.wordsaway.services.BoardServiceTest" time="0.003"/>
  <testcase name="test_validateMove_LetterAndAsteriskSameRowMoveOnBlankBoard_fail{RepetitionInfo}[124]" classname="com.revature.wordsaway.services.BoardServiceTest" time="0.004"/>
  <testcase name="test_validateMove_LetterAndAsteriskSameRowMoveOnBlankBoard_fail{RepetitionInfo}[125]" classname="com.revature.wordsaway.services.BoardServiceTest" time="0.004"/>
  <testcase name="test_validateMove_LetterAndAsteriskSameRowMoveOnBlankBoard_fail{RepetitionInfo}[126]" classname="com.revature.wordsaway.services.BoardServiceTest" time="0.006"/>
  <testcase name="test_validateMove_LetterAndAsteriskSameRowMoveOnBlankBoard_fail{RepetitionInfo}[127]" classname="com.revature.wordsaway.services.BoardServiceTest" time="0.004"/>
  <testcase name="test_validateMove_LetterAndAsteriskSameRowMoveOnBlankBoard_fail{RepetitionInfo}[128]" classname="com.revature.wordsaway.services.BoardServiceTest" time="0"/>
  <testcase name="test_validateMove_LetterAndAsteriskSameRowMoveOnBlankBoard_fail{RepetitionInfo}[129]" classname="com.revature.wordsaway.services.BoardServiceTest" time="0.003"/>
  <testcase name="test_validateMove_LetterAndAsteriskSameRowMoveOnBlankBoard_fail{RepetitionInfo}[130]" classname="com.revature.wordsaway.services.BoardServiceTest" time="0.003"/>
  <testcase name="test_validateMove_LetterAndAsteriskSameRowMoveOnBlankBoard_fail{RepetitionInfo}[131]" classname="com.revature.wordsaway.services.BoardServiceTest" time="0.004"/>
  <testcase name="test_validateMove_LetterAndAsteriskSameRowMoveOnBlankBoard_fail{RepetitionInfo}[132]" classname="com.revature.wordsaway.services.BoardServiceTest" time="0.004"/>
  <testcase name="test_validateMove_LetterAndAsteriskSameRowMoveOnBlankBoard_fail{RepetitionInfo}[133]" classname="com.revature.wordsaway.services.BoardServiceTest" time="0.003"/>
  <testcase name="test_validateMove_LetterAndAsteriskSameRowMoveOnBlankBoard_fail{RepetitionInfo}[134]" classname="com.revature.wordsaway.services.BoardServiceTest" time="0.004"/>
  <testcase name="test_validateMove_LetterAndAsteriskSameRowMoveOnBlankBoard_fail{RepetitionInfo}[135]" classname="com.revature.wordsaway.services.BoardServiceTest" time="0.004"/>
  <testcase name="test_validateMove_LetterAndAsteriskSameRowMoveOnBlankBoard_fail{RepetitionInfo}[136]" classname="com.revature.wordsaway.services.BoardServiceTest" time="0.003"/>
  <testcase name="test_validateMove_LetterAndAsteriskSameRowMoveOnBlankBoard_fail{RepetitionInfo}[137]" classname="com.revature.wordsaway.services.BoardServiceTest" time="0.004"/>
  <testcase name="test_validateMove_LetterAndAsteriskSameRowMoveOnBlankBoard_fail{RepetitionInfo}[138]" classname="com.revature.wordsaway.services.BoardServiceTest" time="0.003"/>
  <testcase name="test_validateMove_LetterAndAsteriskSameRowMoveOnBlankBoard_fail{RepetitionInfo}[139]" classname="com.revature.wordsaway.services.BoardServiceTest" time="0.003"/>
  <testcase name="test_validateMove_LetterAndAsteriskSameRowMoveOnBlankBoard_fail{RepetitionInfo}[140]" classname="com.revature.wordsaway.services.BoardServiceTest" time="0.003"/>
  <testcase name="test_validateMove_LetterAndAsteriskSameRowMoveOnBlankBoard_fail{RepetitionInfo}[141]" classname="com.revature.wordsaway.services.BoardServiceTest" time="0.003"/>
  <testcase name="test_validateMove_LetterAndAsteriskSameRowMoveOnBlankBoard_fail{RepetitionInfo}[142]" classname="com.revature.wordsaway.services.BoardServiceTest" time="0.004"/>
  <testcase name="test_validateMove_LetterAndAsteriskSameRowMoveOnBlankBoard_fail{RepetitionInfo}[143]" classname="com.revature.wordsaway.services.BoardServiceTest" time="0.003"/>
  <testcase name="test_validateMove_LetterAndAsteriskSameRowMoveOnBlankBoard_fail{RepetitionInfo}[144]" classname="com.revature.wordsaway.services.BoardServiceTest" time="0.001"/>
  <testcase name="test_validateMove_LetterAndAsteriskSameRowMoveOnBlankBoard_fail{RepetitionInfo}[145]" classname="com.revature.wordsaway.services.BoardServiceTest" time="0.003"/>
  <testcase name="test_validateMove_LetterAndAsteriskSameRowMoveOnBlankBoard_fail{RepetitionInfo}[146]" classname="com.revature.wordsaway.services.BoardServiceTest" time="0.003"/>
  <testcase name="test_validateMove_LetterAndAsteriskSameRowMoveOnBlankBoard_fail{RepetitionInfo}[147]" classname="com.revature.wordsaway.services.BoardServiceTest" time="0.004"/>
  <testcase name="test_validateMove_LetterAndAsteriskSameRowMoveOnBlankBoard_fail{RepetitionInfo}[148]" classname="com.revature.wordsaway.services.BoardServiceTest" time="0.004"/>
  <testcase name="test_validateMove_LetterAndAsteriskSameRowMoveOnBlankBoard_fail{RepetitionInfo}[149]" classname="com.revature.wordsaway.services.BoardServiceTest" time="0.003"/>
  <testcase name="test_validateMove_LetterAndAsteriskSameRowMoveOnBlankBoard_fail{RepetitionInfo}[150]" classname="com.revature.wordsaway.services.BoardServiceTest" time="0.003"/>
  <testcase name="test_validateMove_LetterAndAsteriskSameRowMoveOnBlankBoard_fail{RepetitionInfo}[151]" classname="com.revature.wordsaway.services.BoardServiceTest" time="0.004"/>
  <testcase name="test_validateMove_LetterAndAsteriskSameRowMoveOnBlankBoard_fail{RepetitionInfo}[152]" classname="com.revature.wordsaway.services.BoardServiceTest" time="0.003"/>
  <testcase name="test_validateMove_LetterAndAsteriskSameRowMoveOnBlankBoard_fail{RepetitionInfo}[153]" classname="com.revature.wordsaway.services.BoardServiceTest" time="0.003"/>
  <testcase name="test_validateMove_LetterAndAsteriskSameRowMoveOnBlankBoard_fail{RepetitionInfo}[154]" classname="com.revature.wordsaway.services.BoardServiceTest" time="0.004"/>
  <testcase name="test_validateMove_LetterAndAsteriskSameRowMoveOnBlankBoard_fail{RepetitionInfo}[155]" classname="com.revature.wordsaway.services.BoardServiceTest" time="0.004"/>
  <testcase name="test_validateMove_LetterAndAsteriskSameRowMoveOnBlankBoard_fail{RepetitionInfo}[156]" classname="com.revature.wordsaway.services.BoardServiceTest" time="0.003"/>
  <testcase name="test_validateMove_LetterAndAsteriskSameRowMoveOnBlankBoard_fail{RepetitionInfo}[157]" classname="com.revature.wordsaway.services.BoardServiceTest" time="0.003"/>
  <testcase name="test_validateMove_LetterAndAsteriskSameRowMoveOnBlankBoard_fail{RepetitionInfo}[158]" classname="com.revature.wordsaway.services.BoardServiceTest" time="0.003"/>
  <testcase name="test_validateMove_LetterAndAsteriskSameRowMoveOnBlankBoard_fail{RepetitionInfo}[159]" classname="com.revature.wordsaway.services.BoardServiceTest" time="0.004"/>
  <testcase name="test_validateMove_LetterAndAsteriskSameRowMoveOnBlankBoard_fail{RepetitionInfo}[160]" classname="com.revature.wordsaway.services.BoardServiceTest" time="0"/>
  <testcase name="test_validateMove_LetterAndAsteriskSameRowMoveOnBlankBoard_fail{RepetitionInfo}[161]" classname="com.revature.wordsaway.services.BoardServiceTest" time="0.003"/>
  <testcase name="test_validateMove_LetterAndAsteriskSameRowMoveOnBlankBoard_fail{RepetitionInfo}[162]" classname="com.revature.wordsaway.services.BoardServiceTest" time="0.007"/>
  <testcase name="test_validateMove_LetterAndAsteriskSameRowMoveOnBlankBoard_fail{RepetitionInfo}[163]" classname="com.revature.wordsaway.services.BoardServiceTest" time="0.008"/>
  <testcase name="test_validateMove_LetterAndAsteriskSameRowMoveOnBlankBoard_fail{RepetitionInfo}[164]" classname="com.revature.wordsaway.services.BoardServiceTest" time="0.004"/>
  <testcase name="test_validateMove_LetterAndAsteriskSameRowMoveOnBlankBoard_fail{RepetitionInfo}[165]" classname="com.revature.wordsaway.services.BoardServiceTest" time="0.003"/>
  <testcase name="test_validateMove_LetterAndAsteriskSameRowMoveOnBlankBoard_fail{RepetitionInfo}[166]" classname="com.revature.wordsaway.services.BoardServiceTest" time="0.004"/>
  <testcase name="test_validateMove_LetterAndAsteriskSameRowMoveOnBlankBoard_fail{RepetitionInfo}[167]" classname="com.revature.wordsaway.services.BoardServiceTest" time="0.004"/>
  <testcase name="test_validateMove_LetterAndAsteriskSameRowMoveOnBlankBoard_fail{RepetitionInfo}[168]" classname="com.revature.wordsaway.services.BoardServiceTest" time="0.003"/>
  <testcase name="test_validateMove_LetterAndAsteriskSameRowMoveOnBlankBoard_fail{RepetitionInfo}[169]" classname="com.revature.wordsaway.services.BoardServiceTest" time="0.004"/>
  <testcase name="test_validateMove_LetterAndAsteriskSameRowMoveOnBlankBoard_fail{RepetitionInfo}[170]" classname="com.revature.wordsaway.services.BoardServiceTest" time="0.003"/>
  <testcase name="test_validateMove_LetterAndAsteriskSameRowMoveOnBlankBoard_fail{RepetitionInfo}[171]" classname="com.revature.wordsaway.services.BoardServiceTest" time="0.004"/>
  <testcase name="test_validateMove_LetterAndAsteriskSameRowMoveOnBlankBoard_fail{RepetitionInfo}[172]" classname="com.revature.wordsaway.services.BoardServiceTest" time="0.003"/>
  <testcase name="test_validateMove_LetterAndAsteriskSameRowMoveOnBlankBoard_fail{RepetitionInfo}[173]" classname="com.revature.wordsaway.services.BoardServiceTest" time="0.003"/>
  <testcase name="test_validateMove_LetterAndAsteriskSameRowMoveOnBlankBoard_fail{RepetitionInfo}[174]" classname="com.revature.wordsaway.services.BoardServiceTest" time="0.004"/>
  <testcase name="test_validateMove_LetterAndAsteriskSameRowMoveOnBlankBoard_fail{RepetitionInfo}[175]" classname="com.revature.wordsaway.services.BoardServiceTest" time="0.003"/>
  <testcase name="test_validateMove_LetterAndAsteriskSameRowMoveOnBlankBoard_fail{RepetitionInfo}[176]" classname="com.revature.wordsaway.services.BoardServiceTest" time="0"/>
  <testcase name="test_validateMove_LetterAndAsteriskSameRowMoveOnBlankBoard_fail{RepetitionInfo}[177]" classname="com.revature.wordsaway.services.BoardServiceTest" time="0.004"/>
  <testcase name="test_validateMove_LetterAndAsteriskSameRowMoveOnBlankBoard_fail{RepetitionInfo}[178]" classname="com.revature.wordsaway.services.BoardServiceTest" time="0.003"/>
  <testcase name="test_validateMove_LetterAndAsteriskSameRowMoveOnBlankBoard_fail{RepetitionInfo}[179]" classname="com.revature.wordsaway.services.BoardServiceTest" time="0.004"/>
  <testcase name="test_validateMove_LetterAndAsteriskSameRowMoveOnBlankBoard_fail{RepetitionInfo}[180]" classname="com.revature.wordsaway.services.BoardServiceTest" time="0.003"/>
  <testcase name="test_validateMove_LetterAndAsteriskSameRowMoveOnBlankBoard_fail{RepetitionInfo}[181]" classname="com.revature.wordsaway.services.BoardServiceTest" time="0.003"/>
  <testcase name="test_validateMove_LetterAndAsteriskSameRowMoveOnBlankBoard_fail{RepetitionInfo}[182]" classname="com.revature.wordsaway.services.BoardServiceTest" time="0.004"/>
  <testcase name="test_validateMove_LetterAndAsteriskSameRowMoveOnBlankBoard_fail{RepetitionInfo}[183]" classname="com.revature.wordsaway.services.BoardServiceTest" time="0.003"/>
  <testcase name="test_validateMove_LetterAndAsteriskSameRowMoveOnBlankBoard_fail{RepetitionInfo}[184]" classname="com.revature.wordsaway.services.BoardServiceTest" time="0.004"/>
  <testcase name="test_validateMove_LetterAndAsteriskSameRowMoveOnBlankBoard_fail{RepetitionInfo}[185]" classname="com.revature.wordsaway.services.BoardServiceTest" time="0.003"/>
  <testcase name="test_validateMove_LetterAndAsteriskSameRowMoveOnBlankBoard_fail{RepetitionInfo}[186]" classname="com.revature.wordsaway.services.BoardServiceTest" time="0.003"/>
  <testcase name="test_validateMove_LetterAndAsteriskSameRowMoveOnBlankBoard_fail{RepetitionInfo}[187]" classname="com.revature.wordsaway.services.BoardServiceTest" time="0.003"/>
  <testcase name="test_validateMove_LetterAndAsteriskSameRowMoveOnBlankBoard_fail{RepetitionInfo}[188]" classname="com.revature.wordsaway.services.BoardServiceTest" time="0.003"/>
  <testcase name="test_validateMove_LetterAndAsteriskSameRowMoveOnBlankBoard_fail{RepetitionInfo}[189]" classname="com.revature.wordsaway.services.BoardServiceTest" time="0.003"/>
  <testcase name="test_validateMove_LetterAndAsteriskSameRowMoveOnBlankBoard_fail{RepetitionInfo}[190]" classname="com.revature.wordsaway.services.BoardServiceTest" time="0.004"/>
  <testcase name="test_validateMove_LetterAndAsteriskSameRowMoveOnBlankBoard_fail{RepetitionInfo}[191]" classname="com.revature.wordsaway.services.BoardServiceTest" time="0.003"/>
  <testcase name="test_validateMove_LetterAndAsteriskSameRowMoveOnBlankBoard_fail{RepetitionInfo}[192]" classname="com.revature.wordsaway.services.BoardServiceTest" time="0"/>
  <testcase name="test_validateMove_LetterAndAsteriskSameRowMoveOnBlankBoard_fail{RepetitionInfo}[193]" classname="com.revature.wordsaway.services.BoardServiceTest" time="0.003"/>
  <testcase name="test_validateMove_LetterAndAsteriskSameRowMoveOnBlankBoard_fail{RepetitionInfo}[194]" classname="com.revature.wordsaway.services.BoardServiceTest" time="0.004"/>
  <testcase name="test_validateMove_LetterAndAsteriskSameRowMoveOnBlankBoard_fail{RepetitionInfo}[195]" classname="com.revature.wordsaway.services.BoardServiceTest" time="0.003"/>
  <testcase name="test_validateMove_LetterAndAsteriskSameRowMoveOnBlankBoard_fail{RepetitionInfo}[196]" classname="com.revature.wordsaway.services.BoardServiceTest" time="0.004"/>
  <testcase name="test_validateMove_LetterAndAsteriskSameRowMoveOnBlankBoard_fail{RepetitionInfo}[197]" classname="com.revature.wordsaway.services.BoardServiceTest" time="0.003"/>
  <testcase name="test_validateMove_LetterAndAsteriskSameRowMoveOnBlankBoard_fail{RepetitionInfo}[198]" classname="com.revature.wordsaway.services.BoardServiceTest" time="0.003"/>
  <testcase name="test_validateMove_LetterAndAsteriskSameRowMoveOnBlankBoard_fail{RepetitionInfo}[199]" classname="com.revature.wordsaway.services.BoardServiceTest" time="0.004"/>
  <testcase name="test_validateMove_LetterAndAsteriskSameRowMoveOnBlankBoard_fail{RepetitionInfo}[200]" classname="com.revature.wordsaway.services.BoardServiceTest" time="0.003"/>
  <testcase name="test_validateMove_LetterAndAsteriskSameRowMoveOnBlankBoard_fail{RepetitionInfo}[201]" classname="com.revature.wordsaway.services.BoardServiceTest" time="0.004"/>
  <testcase name="test_validateMove_LetterAndAsteriskSameRowMoveOnBlankBoard_fail{RepetitionInfo}[202]" classname="com.revature.wordsaway.services.BoardServiceTest" time="0.003"/>
  <testcase name="test_validateMove_LetterAndAsteriskSameRowMoveOnBlankBoard_fail{RepetitionInfo}[203]" classname="com.revature.wordsaway.services.BoardServiceTest" time="0.004"/>
  <testcase name="test_validateMove_LetterAndAsteriskSameRowMoveOnBlankBoard_fail{RepetitionInfo}[204]" classname="com.revature.wordsaway.services.BoardServiceTest" time="0.003"/>
  <testcase name="test_validateMove_LetterAndAsteriskSameRowMoveOnBlankBoard_fail{RepetitionInfo}[205]" classname="com.revature.wordsaway.services.BoardServiceTest" time="0.004"/>
  <testcase name="test_validateMove_LetterAndAsteriskSameRowMoveOnBlankBoard_fail{RepetitionInfo}[206]" classname="com.revature.wordsaway.services.BoardServiceTest" time="0.003"/>
  <testcase name="test_validateMove_LetterAndAsteriskSameRowMoveOnBlankBoard_fail{RepetitionInfo}[207]" classname="com.revature.wordsaway.services.BoardServiceTest" time="0.003"/>
  <testcase name="test_validateMove_LetterAndAsteriskSameRowMoveOnBlankBoard_fail{RepetitionInfo}[208]" classname="com.revature.wordsaway.services.BoardServiceTest" time="0"/>
  <testcase name="test_validateMove_LetterAndAsteriskSameRowMoveOnBlankBoard_fail{RepetitionInfo}[209]" classname="com.revature.wordsaway.services.BoardServiceTest" time="0.004"/>
  <testcase name="test_validateMove_LetterAndAsteriskSameRowMoveOnBlankBoard_fail{RepetitionInfo}[210]" classname="com.revature.wordsaway.services.BoardServiceTest" time="0.003"/>
  <testcase name="test_validateMove_LetterAndAsteriskSameRowMoveOnBlankBoard_fail{RepetitionInfo}[211]" classname="com.revature.wordsaway.services.BoardServiceTest" time="0.003"/>
  <testcase name="test_validateMove_LetterAndAsteriskSameRowMoveOnBlankBoard_fail{RepetitionInfo}[212]" classname="com.revature.wordsaway.services.BoardServiceTest" time="0.004"/>
  <testcase name="test_validateMove_LetterAndAsteriskSameRowMoveOnBlankBoard_fail{RepetitionInfo}[213]" classname="com.revature.wordsaway.services.BoardServiceTest" time="0.003"/>
  <testcase name="test_validateMove_LetterAndAsteriskSameRowMoveOnBlankBoard_fail{RepetitionInfo}[214]" classname="com.revature.wordsaway.services.BoardServiceTest" time="0.005"/>
  <testcase name="test_validateMove_LetterAndAsteriskSameRowMoveOnBlankBoard_fail{RepetitionInfo}[215]" classname="com.revature.wordsaway.services.BoardServiceTest" time="0.004"/>
  <testcase name="test_validateMove_LetterAndAsteriskSameRowMoveOnBlankBoard_fail{RepetitionInfo}[216]" classname="com.revature.wordsaway.services.BoardServiceTest" time="0.004"/>
  <testcase name="test_validateMove_LetterAndAsteriskSameRowMoveOnBlankBoard_fail{RepetitionInfo}[217]" classname="com.revature.wordsaway.services.BoardServiceTest" time="0.003"/>
  <testcase name="test_validateMove_LetterAndAsteriskSameRowMoveOnBlankBoard_fail{RepetitionInfo}[218]" classname="com.revature.wordsaway.services.BoardServiceTest" time="0.004"/>
  <testcase name="test_validateMove_LetterAndAsteriskSameRowMoveOnBlankBoard_fail{RepetitionInfo}[219]" classname="com.revature.wordsaway.services.BoardServiceTest" time="0.003"/>
  <testcase name="test_validateMove_LetterAndAsteriskSameRowMoveOnBlankBoard_fail{RepetitionInfo}[220]" classname="com.revature.wordsaway.services.BoardServiceTest" time="0.004"/>
  <testcase name="test_validateMove_LetterAndAsteriskSameRowMoveOnBlankBoard_fail{RepetitionInfo}[221]" classname="com.revature.wordsaway.services.BoardServiceTest" time="0.003"/>
  <testcase name="test_validateMove_LetterAndAsteriskSameRowMoveOnBlankBoard_fail{RepetitionInfo}[222]" classname="com.revature.wordsaway.services.BoardServiceTest" time="0.004"/>
  <testcase name="test_validateMove_LetterAndAsteriskSameRowMoveOnBlankBoard_fail{RepetitionInfo}[223]" classname="com.revature.wordsaway.services.BoardServiceTest" time="0.003"/>
  <testcase name="test_validateMove_LetterAndAsteriskSameRowMoveOnBlankBoard_fail{RepetitionInfo}[224]" classname="com.revature.wordsaway.services.BoardServiceTest" time="0.001"/>
  <testcase name="test_validateMove_LetterAndAsteriskSameRowMoveOnBlankBoard_fail{RepetitionInfo}[225]" classname="com.revature.wordsaway.services.BoardServiceTest" time="0.003"/>
  <testcase name="test_validateMove_LetterAndAsteriskSameRowMoveOnBlankBoard_fail{RepetitionInfo}[226]" classname="com.revature.wordsaway.services.BoardServiceTest" time="0.003"/>
  <testcase name="test_validateMove_LetterAndAsteriskSameRowMoveOnBlankBoard_fail{RepetitionInfo}[227]" classname="com.revature.wordsaway.services.BoardServiceTest" time="0.004"/>
  <testcase name="test_validateMove_LetterAndAsteriskSameRowMoveOnBlankBoard_fail{RepetitionInfo}[228]" classname="com.revature.wordsaway.services.BoardServiceTest" time="0.003"/>
  <testcase name="test_validateMove_LetterAndAsteriskSameRowMoveOnBlankBoard_fail{RepetitionInfo}[229]" classname="com.revature.wordsaway.services.BoardServiceTest" time="0.004"/>
  <testcase name="test_validateMove_LetterAndAsteriskSameRowMoveOnBlankBoard_fail{RepetitionInfo}[230]" classname="com.revature.wordsaway.services.BoardServiceTest" time="0.003"/>
  <testcase name="test_validateMove_LetterAndAsteriskSameRowMoveOnBlankBoard_fail{RepetitionInfo}[231]" classname="com.revature.wordsaway.services.BoardServiceTest" time="0.004"/>
  <testcase name="test_validateMove_LetterAndAsteriskSameRowMoveOnBlankBoard_fail{RepetitionInfo}[232]" classname="com.revature.wordsaway.services.BoardServiceTest" time="0.004"/>
  <testcase name="test_validateMove_LetterAndAsteriskSameRowMoveOnBlankBoard_fail{RepetitionInfo}[233]" classname="com.revature.wordsaway.services.BoardServiceTest" time="0.005"/>
  <testcase name="test_validateMove_LetterAndAsteriskSameRowMoveOnBlankBoard_fail{RepetitionInfo}[234]" classname="com.revature.wordsaway.services.BoardServiceTest" time="0.004"/>
  <testcase name="test_validateMove_LetterAndAsteriskSameRowMoveOnBlankBoard_fail{RepetitionInfo}[235]" classname="com.revature.wordsaway.services.BoardServiceTest" time="0.003"/>
  <testcase name="test_validateMove_LetterAndAsteriskSameRowMoveOnBlankBoard_fail{RepetitionInfo}[236]" classname="com.revature.wordsaway.services.BoardServiceTest" time="0.003"/>
  <testcase name="test_validateMove_LetterAndAsteriskSameRowMoveOnBlankBoard_fail{RepetitionInfo}[237]" classname="com.revature.wordsaway.services.BoardServiceTest" time="0.003"/>
  <testcase name="test_validateMove_LetterAndAsteriskSameRowMoveOnBlankBoard_fail{RepetitionInfo}[238]" classname="com.revature.wordsaway.services.BoardServiceTest" time="0.004"/>
  <testcase name="test_validateMove_LetterAndAsteriskSameRowMoveOnBlankBoard_fail{RepetitionInfo}[239]" classname="com.revature.wordsaway.services.BoardServiceTest" time="0.003"/>
  <testcase name="test_validateMove_LetterAndAsteriskSameRowMoveOnBlankBoard_fail{RepetitionInfo}[240]" classname="com.revature.wordsaway.services.BoardServiceTest" time="0.001"/>
  <testcase name="test_validateMove_LetterAndAsteriskSameRowMoveOnBlankBoard_fail{RepetitionInfo}[241]" classname="com.revature.wordsaway.services.BoardServiceTest" time="0.003"/>
  <testcase name="test_validateMove_LetterAndAsteriskSameRowMoveOnBlankBoard_fail{RepetitionInfo}[242]" classname="com.revature.wordsaway.services.BoardServiceTest" time="0.004"/>
  <testcase name="test_validateMove_LetterAndAsteriskSameRowMoveOnBlankBoard_fail{RepetitionInfo}[243]" classname="com.revature.wordsaway.services.BoardServiceTest" time="0.003"/>
  <testcase name="test_validateMove_LetterAndAsteriskSameRowMoveOnBlankBoard_fail{RepetitionInfo}[244]" classname="com.revature.wordsaway.services.BoardServiceTest" time="0.004"/>
  <testcase name="test_validateMove_LetterAndAsteriskSameRowMoveOnBlankBoard_fail{RepetitionInfo}[245]" classname="com.revature.wordsaway.services.BoardServiceTest" time="0.003"/>
  <testcase name="test_validateMove_LetterAndAsteriskSameRowMoveOnBlankBoard_fail{RepetitionInfo}[246]" classname="com.revature.wordsaway.services.BoardServiceTest" time="0.003"/>
  <testcase name="test_validateMove_LetterAndAsteriskSameRowMoveOnBlankBoard_fail{RepetitionInfo}[247]" classname="com.revature.wordsaway.services.BoardServiceTest" time="0.004"/>
  <testcase name="test_validateMove_LetterAndAsteriskSameRowMoveOnBlankBoard_fail{RepetitionInfo}[248]" classname="com.revature.wordsaway.services.BoardServiceTest" time="0.003"/>
  <testcase name="test_validateMove_LetterAndAsteriskSameRowMoveOnBlankBoard_fail{RepetitionInfo}[249]" classname="com.revature.wordsaway.services.BoardServiceTest" time="0.004"/>
  <testcase name="test_validateMove_LetterAndAsteriskSameRowMoveOnBlankBoard_fail{RepetitionInfo}[250]" classname="com.revature.wordsaway.services.BoardServiceTest" time="0.003"/>
  <testcase name="test_validateMove_LetterAndAsteriskSameRowMoveOnBlankBoard_fail{RepetitionInfo}[251]" classname="com.revature.wordsaway.services.BoardServiceTest" time="0.003"/>
  <testcase name="test_validateMove_LetterAndAsteriskSameRowMoveOnBlankBoard_fail{RepetitionInfo}[252]" classname="com.revature.wordsaway.services.BoardServiceTest" time="0.004"/>
  <testcase name="test_validateMove_LetterAndAsteriskSameRowMoveOnBlankBoard_fail{RepetitionInfo}[253]" classname="com.revature.wordsaway.services.BoardServiceTest" time="0.003"/>
  <testcase name="test_validateMove_LetterAndAsteriskSameRowMoveOnBlankBoard_fail{RepetitionInfo}[254]" classname="com.revature.wordsaway.services.BoardServiceTest" time="0.003"/>
  <testcase name="test_validateMove_LetterAndAsteriskSameRowMoveOnBlankBoard_fail{RepetitionInfo}[255]" classname="com.revature.wordsaway.services.BoardServiceTest" time="0.004"/>
  <testcase name="test_validateMove_LetterAndAsteriskSameRowMoveOnBlankBoard_fail{RepetitionInfo}[256]" classname="com.revature.wordsaway.services.BoardServiceTest" time="0"/>
  <testcase name="test_getChecked_VerticalMoveOnBoardWith1PointLetters_succeed" classname="com.revature.wordsaway.services.BoardServiceTest" time="0.001"/>
  <testcase name="test_getGame_success" classname="com.revature.wordsaway.services.BoardServiceTest" time="0.003"/>
  <testcase name="test_getByID_fail" classname="com.revature.wordsaway.services.BoardServiceTest" time="0.008"/>
  <testcase name="test_calculateELO_LossWithLessELO_succeed" classname="com.revature.wordsaway.services.BoardServiceTest" time="0.001"/>
  <testcase name="test_validateMove_ConnectedShortVerticalBackMoveOnBoardWithOneAsterisk_succeed" classname="com.revature.wordsaway.services.BoardServiceTest" time="0.005"/>
  <testcase name="test_validateMove_UnconnectedLongVerticalMoveOnBoardWithOneLetter_succeed{RepetitionInfo}[1]" classname="com.revature.wordsaway.services.BoardServiceTest" time="0.004"/>
  <testcase name="test_validateMove_UnconnectedLongVerticalMoveOnBoardWithOneLetter_succeed{RepetitionInfo}[2]" classname="com.revature.wordsaway.services.BoardServiceTest" time="0.004"/>
  <testcase name="test_validateMove_UnconnectedLongVerticalMoveOnBoardWithOneLetter_succeed{RepetitionInfo}[3]" classname="com.revature.wordsaway.services.BoardServiceTest" time="0.003"/>
  <testcase name="test_validateMove_UnconnectedLongVerticalMoveOnBoardWithOneLetter_succeed{RepetitionInfo}[4]" classname="com.revature.wordsaway.services.BoardServiceTest" time="0.004"/>
  <testcase name="test_validateMove_UnconnectedLongVerticalMoveOnBoardWithOneLetter_succeed{RepetitionInfo}[5]" classname="com.revature.wordsaway.services.BoardServiceTest" time="0.004"/>
  <testcase name="test_validateMove_UnconnectedLongVerticalMoveOnBoardWithOneLetter_succeed{RepetitionInfo}[6]" classname="com.revature.wordsaway.services.BoardServiceTest" time="0.003"/>
  <testcase name="test_validateMove_UnconnectedLongVerticalMoveOnBoardWithOneLetter_succeed{RepetitionInfo}[7]" classname="com.revature.wordsaway.services.BoardServiceTest" time="0.004"/>
  <testcase name="test_validateMove_UnconnectedLongVerticalMoveOnBoardWithOneLetter_succeed{RepetitionInfo}[8]" classname="com.revature.wordsaway.services.BoardServiceTest" time="0.005"/>
  <testcase name="test_validateMove_UnconnectedLongVerticalMoveOnBoardWithOneLetter_succeed{RepetitionInfo}[9]" classname="com.revature.wordsaway.services.BoardServiceTest" time="0.004"/>
  <testcase name="test_validateMove_UnconnectedLongVerticalMoveOnBoardWithOneLetter_succeed{RepetitionInfo}[10]" classname="com.revature.wordsaway.services.BoardServiceTest" time="0.003"/>
  <testcase name="test_validateMove_UnconnectedLongVerticalMoveOnBoardWithOneLetter_succeed{RepetitionInfo}[11]" classname="com.revature.wordsaway.services.BoardServiceTest" time="0.004"/>
  <testcase name="test_validateMove_UnconnectedLongVerticalMoveOnBoardWithOneLetter_succeed{RepetitionInfo}[12]" classname="com.revature.wordsaway.services.BoardServiceTest" time="0.004"/>
  <testcase name="test_validateMove_UnconnectedLongVerticalMoveOnBoardWithOneLetter_succeed{RepetitionInfo}[13]" classname="com.revature.wordsaway.services.BoardServiceTest" time="0.003"/>
  <testcase name="test_validateMove_UnconnectedLongVerticalMoveOnBoardWithOneLetter_succeed{RepetitionInfo}[14]" classname="com.revature.wordsaway.services.BoardServiceTest" time="0.004"/>
  <testcase name="test_validateMove_UnconnectedLongVerticalMoveOnBoardWithOneLetter_succeed{RepetitionInfo}[15]" classname="com.revature.wordsaway.services.BoardServiceTest" time="0.003"/>
  <testcase name="test_validateMove_UnconnectedLongVerticalMoveOnBoardWithOneLetter_succeed{RepetitionInfo}[16]" classname="com.revature.wordsaway.services.BoardServiceTest" time="0.005"/>
  <testcase name="test_validateMove_UnconnectedLongVerticalMoveOnBoardWithOneLetter_succeed{RepetitionInfo}[17]" classname="com.revature.wordsaway.services.BoardServiceTest" time="0.004"/>
  <testcase name="test_validateMove_UnconnectedLongVerticalMoveOnBoardWithOneLetter_succeed{RepetitionInfo}[18]" classname="com.revature.wordsaway.services.BoardServiceTest" time="0.003"/>
  <testcase name="test_validateMove_UnconnectedLongVerticalMoveOnBoardWithOneLetter_succeed{RepetitionInfo}[19]" classname="com.revature.wordsaway.services.BoardServiceTest" time="0.004"/>
  <testcase name="test_validateMove_UnconnectedLongVerticalMoveOnBoardWithOneLetter_succeed{RepetitionInfo}[20]" classname="com.revature.wordsaway.services.BoardServiceTest" time="0.003"/>
  <testcase name="test_validateMove_UnconnectedLongVerticalMoveOnBoardWithOneLetter_succeed{RepetitionInfo}[21]" classname="com.revature.wordsaway.services.BoardServiceTest" time="0.004"/>
  <testcase name="test_validateMove_UnconnectedLongVerticalMoveOnBoardWithOneLetter_succeed{RepetitionInfo}[22]" classname="com.revature.wordsaway.services.BoardServiceTest" time="0.003"/>
  <testcase name="test_validateMove_UnconnectedLongVerticalMoveOnBoardWithOneLetter_succeed{RepetitionInfo}[23]" classname="com.revature.wordsaway.services.BoardServiceTest" time="0.004"/>
  <testcase name="test_validateMove_UnconnectedLongVerticalMoveOnBoardWithOneLetter_succeed{RepetitionInfo}[24]" classname="com.revature.wordsaway.services.BoardServiceTest" time="0.003"/>
  <testcase name="test_validateMove_UnconnectedLongVerticalMoveOnBoardWithOneLetter_succeed{RepetitionInfo}[25]" classname="com.revature.wordsaway.services.BoardServiceTest" time="0.004"/>
  <testcase name="test_validateMove_UnconnectedLongVerticalMoveOnBoardWithOneLetter_succeed{RepetitionInfo}[26]" classname="com.revature.wordsaway.services.BoardServiceTest" time="0.003"/>
  <testcase name="test_validateMove_UnconnectedLongVerticalMoveOnBoardWithOneLetter_succeed{RepetitionInfo}[27]" classname="com.revature.wordsaway.services.BoardServiceTest" time="0.003"/>
  <testcase name="test_validateMove_UnconnectedLongVerticalMoveOnBoardWithOneLetter_succeed{RepetitionInfo}[28]" classname="com.revature.wordsaway.services.BoardServiceTest" time="0.003"/>
  <testcase name="test_validateMove_UnconnectedLongVerticalMoveOnBoardWithOneLetter_succeed{RepetitionInfo}[29]" classname="com.revature.wordsaway.services.BoardServiceTest" time="0.003"/>
  <testcase name="test_validateMove_UnconnectedLongVerticalMoveOnBoardWithOneLetter_succeed{RepetitionInfo}[30]" classname="com.revature.wordsaway.services.BoardServiceTest" time="0.003"/>
  <testcase name="test_validateMove_UnconnectedLongVerticalMoveOnBoardWithOneLetter_succeed{RepetitionInfo}[31]" classname="com.revature.wordsaway.services.BoardServiceTest" time="0.004"/>
  <testcase name="test_validateMove_UnconnectedLongVerticalMoveOnBoardWithOneLetter_succeed{RepetitionInfo}[32]" classname="com.revature.wordsaway.services.BoardServiceTest" time="0.005"/>
  <testcase name="test_validateMove_UnconnectedLongVerticalMoveOnBoardWithOneLetter_succeed{RepetitionInfo}[33]" classname="com.revature.wordsaway.services.BoardServiceTest" time="0.004"/>
  <testcase name="test_validateMove_UnconnectedLongVerticalMoveOnBoardWithOneLetter_succeed{RepetitionInfo}[34]" classname="com.revature.wordsaway.services.BoardServiceTest" time="0.003"/>
  <testcase name="test_validateMove_UnconnectedLongVerticalMoveOnBoardWithOneLetter_succeed{RepetitionInfo}[35]" classname="com.revature.wordsaway.services.BoardServiceTest" time="0.004"/>
  <testcase name="test_validateMove_UnconnectedLongVerticalMoveOnBoardWithOneLetter_succeed{RepetitionInfo}[36]" classname="com.revature.wordsaway.services.BoardServiceTest" time="0.003"/>
  <testcase name="test_validateMove_UnconnectedLongVerticalMoveOnBoardWithOneLetter_succeed{RepetitionInfo}[37]" classname="com.revature.wordsaway.services.BoardServiceTest" time="0.004"/>
  <testcase name="test_validateMove_UnconnectedLongVerticalMoveOnBoardWithOneLetter_succeed{RepetitionInfo}[38]" classname="com.revature.wordsaway.services.BoardServiceTest" time="0.003"/>
  <testcase name="test_validateMove_UnconnectedLongVerticalMoveOnBoardWithOneLetter_succeed{RepetitionInfo}[39]" classname="com.revature.wordsaway.services.BoardServiceTest" time="0.004"/>
  <testcase name="test_validateMove_UnconnectedLongVerticalMoveOnBoardWithOneLetter_succeed{RepetitionInfo}[40]" classname="com.revature.wordsaway.services.BoardServiceTest" time="0.003"/>
  <testcase name="test_validateMove_UnconnectedLongVerticalMoveOnBoardWithOneLetter_succeed{RepetitionInfo}[41]" classname="com.revature.wordsaway.services.BoardServiceTest" time="0.004"/>
  <testcase name="test_validateMove_UnconnectedLongVerticalMoveOnBoardWithOneLetter_succeed{RepetitionInfo}[42]" classname="com.revature.wordsaway.services.BoardServiceTest" time="0.003"/>
  <testcase name="test_validateMove_UnconnectedLongVerticalMoveOnBoardWithOneLetter_succeed{RepetitionInfo}[43]" classname="com.revature.wordsaway.services.BoardServiceTest" time="0.004"/>
  <testcase name="test_validateMove_UnconnectedLongVerticalMoveOnBoardWithOneLetter_succeed{RepetitionInfo}[44]" classname="com.revature.wordsaway.services.BoardServiceTest" time="0.003"/>
  <testcase name="test_validateMove_UnconnectedLongVerticalMoveOnBoardWithOneLetter_succeed{RepetitionInfo}[45]" classname="com.revature.wordsaway.services.BoardServiceTest" time="0.003"/>
  <testcase name="test_validateMove_UnconnectedLongVerticalMoveOnBoardWithOneLetter_succeed{RepetitionInfo}[46]" classname="com.revature.wordsaway.services.BoardServiceTest" time="0.004"/>
  <testcase name="test_validateMove_UnconnectedLongVerticalMoveOnBoardWithOneLetter_succeed{RepetitionInfo}[47]" classname="com.revature.wordsaway.services.BoardServiceTest" time="0.003"/>
  <testcase name="test_validateMove_UnconnectedLongVerticalMoveOnBoardWithOneLetter_succeed{RepetitionInfo}[48]" classname="com.revature.wordsaway.services.BoardServiceTest" time="0.004"/>
  <testcase name="test_validateMove_UnconnectedLongVerticalMoveOnBoardWithOneLetter_succeed{RepetitionInfo}[49]" classname="com.revature.wordsaway.services.BoardServiceTest" time="0.004"/>
  <testcase name="test_validateMove_UnconnectedLongVerticalMoveOnBoardWithOneLetter_succeed{RepetitionInfo}[50]" classname="com.revature.wordsaway.services.BoardServiceTest" time="0.003"/>
  <testcase name="test_validateMove_UnconnectedLongVerticalMoveOnBoardWithOneLetter_succeed{RepetitionInfo}[51]" classname="com.revature.wordsaway.services.BoardServiceTest" time="0.004"/>
  <testcase name="test_validateMove_UnconnectedLongVerticalMoveOnBoardWithOneLetter_succeed{RepetitionInfo}[52]" classname="com.revature.wordsaway.services.BoardServiceTest" time="0.003"/>
  <testcase name="test_validateMove_UnconnectedLongVerticalMoveOnBoardWithOneLetter_succeed{RepetitionInfo}[53]" classname="com.revature.wordsaway.services.BoardServiceTest" time="0.003"/>
  <testcase name="test_validateMove_UnconnectedLongVerticalMoveOnBoardWithOneLetter_succeed{RepetitionInfo}[54]" classname="com.revature.wordsaway.services.BoardServiceTest" time="0.003"/>
  <testcase name="test_validateMove_UnconnectedLongVerticalMoveOnBoardWithOneLetter_succeed{RepetitionInfo}[55]" classname="com.revature.wordsaway.services.BoardServiceTest" time="0.003"/>
  <testcase name="test_validateMove_UnconnectedLongVerticalMoveOnBoardWithOneLetter_succeed{RepetitionInfo}[56]" classname="com.revature.wordsaway.services.BoardServiceTest" time="0.001"/>
  <testcase name="test_validateMove_UnconnectedLongVerticalMoveOnBoardWithOneLetter_succeed{RepetitionInfo}[57]" classname="com.revature.wordsaway.services.BoardServiceTest" time="0.003"/>
  <testcase name="test_validateMove_UnconnectedLongVerticalMoveOnBoardWithOneLetter_succeed{RepetitionInfo}[58]" classname="com.revature.wordsaway.services.BoardServiceTest" time="0.004"/>
  <testcase name="test_validateMove_UnconnectedLongVerticalMoveOnBoardWithOneLetter_succeed{RepetitionInfo}[59]" classname="com.revature.wordsaway.services.BoardServiceTest" time="0.004"/>
  <testcase name="test_validateMove_UnconnectedLongVerticalMoveOnBoardWithOneLetter_succeed{RepetitionInfo}[60]" classname="com.revature.wordsaway.services.BoardServiceTest" time="0.004"/>
  <testcase name="test_validateMove_UnconnectedLongVerticalMoveOnBoardWithOneLetter_succeed{RepetitionInfo}[61]" classname="com.revature.wordsaway.services.BoardServiceTest" time="0.005"/>
  <testcase name="test_validateMove_UnconnectedLongVerticalMoveOnBoardWithOneLetter_succeed{RepetitionInfo}[62]" classname="com.revature.wordsaway.services.BoardServiceTest" time="0.004"/>
  <testcase name="test_validateMove_UnconnectedLongVerticalMoveOnBoardWithOneLetter_succeed{RepetitionInfo}[63]" classname="com.revature.wordsaway.services.BoardServiceTest" time="0.003"/>
  <testcase name="test_validateMove_UnconnectedLongVerticalMoveOnBoardWithOneLetter_succeed{RepetitionInfo}[64]" classname="com.revature.wordsaway.services.BoardServiceTest" time="0.004"/>
  <testcase name="test_validateMove_UnconnectedLongVerticalMoveOnBoardWithOneLetter_succeed{RepetitionInfo}[65]" classname="com.revature.wordsaway.services.BoardServiceTest" time="0.003"/>
  <testcase name="test_validateMove_UnconnectedLongVerticalMoveOnBoardWithOneLetter_succeed{RepetitionInfo}[66]" classname="com.revature.wordsaway.services.BoardServiceTest" time="0.004"/>
  <testcase name="test_validateMove_UnconnectedLongVerticalMoveOnBoardWithOneLetter_succeed{RepetitionInfo}[67]" classname="com.revature.wordsaway.services.BoardServiceTest" time="0.003"/>
  <testcase name="test_validateMove_UnconnectedLongVerticalMoveOnBoardWithOneLetter_succeed{RepetitionInfo}[68]" classname="com.revature.wordsaway.services.BoardServiceTest" time="0.004"/>
  <testcase name="test_validateMove_UnconnectedLongVerticalMoveOnBoardWithOneLetter_succeed{RepetitionInfo}[69]" classname="com.revature.wordsaway.services.BoardServiceTest" time="0.004"/>
  <testcase name="test_validateMove_UnconnectedLongVerticalMoveOnBoardWithOneLetter_succeed{RepetitionInfo}[70]" classname="com.revature.wordsaway.services.BoardServiceTest" time="0.004"/>
  <testcase name="test_validateMove_UnconnectedLongVerticalMoveOnBoardWithOneLetter_succeed{RepetitionInfo}[71]" classname="com.revature.wordsaway.services.BoardServiceTest" time="0"/>
  <testcase name="test_validateMove_UnconnectedLongVerticalMoveOnBoardWithOneLetter_succeed{RepetitionInfo}[72]" classname="com.revature.wordsaway.services.BoardServiceTest" time="0"/>
  <testcase name="test_validateMove_UnconnectedLongVerticalMoveOnBoardWithOneLetter_succeed{RepetitionInfo}[73]" classname="com.revature.wordsaway.services.BoardServiceTest" time="0.001"/>
  <testcase name="test_validateMove_UnconnectedLongVerticalMoveOnBoardWithOneLetter_succeed{RepetitionInfo}[74]" classname="com.revature.wordsaway.services.BoardServiceTest" time="0.003"/>
  <testcase name="test_validateMove_UnconnectedLongVerticalMoveOnBoardWithOneLetter_succeed{RepetitionInfo}[75]" classname="com.revature.wordsaway.services.BoardServiceTest" time="0.004"/>
  <testcase name="test_validateMove_UnconnectedLongVerticalMoveOnBoardWithOneLetter_succeed{RepetitionInfo}[76]" classname="com.revature.wordsaway.services.BoardServiceTest" time="0.003"/>
  <testcase name="test_validateMove_UnconnectedLongVerticalMoveOnBoardWithOneLetter_succeed{RepetitionInfo}[77]" classname="com.revature.wordsaway.services.BoardServiceTest" time="0.003"/>
  <testcase name="test_validateMove_UnconnectedLongVerticalMoveOnBoardWithOneLetter_succeed{RepetitionInfo}[78]" classname="com.revature.wordsaway.services.BoardServiceTest" time="0.004"/>
  <testcase name="test_validateMove_UnconnectedLongVerticalMoveOnBoardWithOneLetter_succeed{RepetitionInfo}[79]" classname="com.revature.wordsaway.services.BoardServiceTest" time="0.003"/>
  <testcase name="test_validateMove_UnconnectedLongVerticalMoveOnBoardWithOneLetter_succeed{RepetitionInfo}[80]" classname="com.revature.wordsaway.services.BoardServiceTest" time="0.004"/>
  <testcase name="test_validateMove_UnconnectedLongVerticalMoveOnBoardWithOneLetter_succeed{RepetitionInfo}[81]" classname="com.revature.wordsaway.services.BoardServiceTest" time="0.003"/>
  <testcase name="test_validateMove_UnconnectedLongVerticalMoveOnBoardWithOneLetter_succeed{RepetitionInfo}[82]" classname="com.revature.wordsaway.services.BoardServiceTest" time="0.003"/>
  <testcase name="test_validateMove_UnconnectedLongVerticalMoveOnBoardWithOneLetter_succeed{RepetitionInfo}[83]" classname="com.revature.wordsaway.services.BoardServiceTest" time="0.003"/>
  <testcase name="test_validateMove_UnconnectedLongVerticalMoveOnBoardWithOneLetter_succeed{RepetitionInfo}[84]" classname="com.revature.wordsaway.services.BoardServiceTest" time="0.003"/>
  <testcase name="test_validateMove_UnconnectedLongVerticalMoveOnBoardWithOneLetter_succeed{RepetitionInfo}[85]" classname="com.revature.wordsaway.services.BoardServiceTest" time="0.004"/>
  <testcase name="test_validateMove_UnconnectedLongVerticalMoveOnBoardWithOneLetter_succeed{RepetitionInfo}[86]" classname="com.revature.wordsaway.services.BoardServiceTest" time="0.003"/>
  <testcase name="test_validateMove_UnconnectedLongVerticalMoveOnBoardWithOneLetter_succeed{RepetitionInfo}[87]" classname="com.revature.wordsaway.services.BoardServiceTest" time="0.001"/>
  <testcase name="test_validateMove_UnconnectedLongVerticalMoveOnBoardWithOneLetter_succeed{RepetitionInfo}[88]" classname="com.revature.wordsaway.services.BoardServiceTest" time="0"/>
  <testcase name="test_validateMove_UnconnectedLongVerticalMoveOnBoardWithOneLetter_succeed{RepetitionInfo}[89]" classname="com.revature.wordsaway.services.BoardServiceTest" time="0"/>
  <testcase name="test_validateMove_UnconnectedLongVerticalMoveOnBoardWithOneLetter_succeed{RepetitionInfo}[90]" classname="com.revature.wordsaway.services.BoardServiceTest" time="0.004"/>
  <testcase name="test_validateMove_UnconnectedLongVerticalMoveOnBoardWithOneLetter_succeed{RepetitionInfo}[91]" classname="com.revature.wordsaway.services.BoardServiceTest" time="0.003"/>
  <testcase name="test_validateMove_UnconnectedLongVerticalMoveOnBoardWithOneLetter_succeed{RepetitionInfo}[92]" classname="com.revature.wordsaway.services.BoardServiceTest" time="0.004"/>
  <testcase name="test_validateMove_UnconnectedLongVerticalMoveOnBoardWithOneLetter_succeed{RepetitionInfo}[93]" classname="com.revature.wordsaway.services.BoardServiceTest" time="0.003"/>
  <testcase name="test_validateMove_UnconnectedLongVerticalMoveOnBoardWithOneLetter_succeed{RepetitionInfo}[94]" classname="com.revature.wordsaway.services.BoardServiceTest" time="0.004"/>
  <testcase name="test_validateMove_UnconnectedLongVerticalMoveOnBoardWithOneLetter_succeed{RepetitionInfo}[95]" classname="com.revature.wordsaway.services.BoardServiceTest" time="0.004"/>
  <testcase name="test_validateMove_UnconnectedLongVerticalMoveOnBoardWithOneLetter_succeed{RepetitionInfo}[96]" classname="com.revature.wordsaway.services.BoardServiceTest" time="0.004"/>
  <testcase name="test_validateMove_UnconnectedLongVerticalMoveOnBoardWithOneLetter_succeed{RepetitionInfo}[97]" classname="com.revature.wordsaway.services.BoardServiceTest" time="0.003"/>
  <testcase name="test_validateMove_UnconnectedLongVerticalMoveOnBoardWithOneLetter_succeed{RepetitionInfo}[98]" classname="com.revature.wordsaway.services.BoardServiceTest" time="0.007"/>
  <testcase name="test_validateMove_UnconnectedLongVerticalMoveOnBoardWithOneLetter_succeed{RepetitionInfo}[99]" classname="com.revature.wordsaway.services.BoardServiceTest" time="0.005"/>
  <testcase name="test_validateMove_UnconnectedLongVerticalMoveOnBoardWithOneLetter_succeed{RepetitionInfo}[100]" classname="com.revature.wordsaway.services.BoardServiceTest" time="0.004"/>
  <testcase name="test_validateMove_UnconnectedLongVerticalMoveOnBoardWithOneLetter_succeed{RepetitionInfo}[101]" classname="com.revature.wordsaway.services.BoardServiceTest" time="0.009"/>
  <testcase name="test_validateMove_UnconnectedLongVerticalMoveOnBoardWithOneLetter_succeed{RepetitionInfo}[102]" classname="com.revature.wordsaway.services.BoardServiceTest" time="0.004"/>
  <testcase name="test_validateMove_UnconnectedLongVerticalMoveOnBoardWithOneLetter_succeed{RepetitionInfo}[103]" classname="com.revature.wordsaway.services.BoardServiceTest" time="0"/>
  <testcase name="test_validateMove_UnconnectedLongVerticalMoveOnBoardWithOneLetter_succeed{RepetitionInfo}[104]" classname="com.revature.wordsaway.services.BoardServiceTest" time="0.001"/>
  <testcase name="test_validateMove_UnconnectedLongVerticalMoveOnBoardWithOneLetter_succeed{RepetitionInfo}[105]" classname="com.revature.wordsaway.services.BoardServiceTest" time="0"/>
  <testcase name="test_validateMove_UnconnectedLongVerticalMoveOnBoardWithOneLetter_succeed{RepetitionInfo}[106]" classname="com.revature.wordsaway.services.BoardServiceTest" time="0.004"/>
  <testcase name="test_validateMove_UnconnectedLongVerticalMoveOnBoardWithOneLetter_succeed{RepetitionInfo}[107]" classname="com.revature.wordsaway.services.BoardServiceTest" time="0.003"/>
  <testcase name="test_validateMove_UnconnectedLongVerticalMoveOnBoardWithOneLetter_succeed{RepetitionInfo}[108]" classname="com.revature.wordsaway.services.BoardServiceTest" time="0.004"/>
  <testcase name="test_validateMove_UnconnectedLongVerticalMoveOnBoardWithOneLetter_succeed{RepetitionInfo}[109]" classname="com.revature.wordsaway.services.BoardServiceTest" time="0.003"/>
  <testcase name="test_validateMove_UnconnectedLongVerticalMoveOnBoardWithOneLetter_succeed{RepetitionInfo}[110]" classname="com.revature.wordsaway.services.BoardServiceTest" time="0.004"/>
  <testcase name="test_validateMove_UnconnectedLongVerticalMoveOnBoardWithOneLetter_succeed{RepetitionInfo}[111]" classname="com.revature.wordsaway.services.BoardServiceTest" time="0.003"/>
  <testcase name="test_validateMove_UnconnectedLongVerticalMoveOnBoardWithOneLetter_succeed{RepetitionInfo}[112]" classname="com.revature.wordsaway.services.BoardServiceTest" time="0.004"/>
  <testcase name="test_validateMove_UnconnectedLongVerticalMoveOnBoardWithOneLetter_succeed{RepetitionInfo}[113]" classname="com.revature.wordsaway.services.BoardServiceTest" time="0.003"/>
  <testcase name="test_validateMove_UnconnectedLongVerticalMoveOnBoardWithOneLetter_succeed{RepetitionInfo}[114]" classname="com.revature.wordsaway.services.BoardServiceTest" time="0.003"/>
  <testcase name="test_validateMove_UnconnectedLongVerticalMoveOnBoardWithOneLetter_succeed{RepetitionInfo}[115]" classname="com.revature.wordsaway.services.BoardServiceTest" time="0.004"/>
  <testcase name="test_validateMove_UnconnectedLongVerticalMoveOnBoardWithOneLetter_succeed{RepetitionInfo}[116]" classname="com.revature.wordsaway.services.BoardServiceTest" time="0.003"/>
  <testcase name="test_validateMove_UnconnectedLongVerticalMoveOnBoardWithOneLetter_succeed{RepetitionInfo}[117]" classname="com.revature.wordsaway.services.BoardServiceTest" time="0.004"/>
  <testcase name="test_validateMove_UnconnectedLongVerticalMoveOnBoardWithOneLetter_succeed{RepetitionInfo}[118]" classname="com.revature.wordsaway.services.BoardServiceTest" time="0.003"/>
  <testcase name="test_validateMove_UnconnectedLongVerticalMoveOnBoardWithOneLetter_succeed{RepetitionInfo}[119]" classname="com.revature.wordsaway.services.BoardServiceTest" time="0"/>
  <testcase name="test_validateMove_UnconnectedLongVerticalMoveOnBoardWithOneLetter_succeed{RepetitionInfo}[120]" classname="com.revature.wordsaway.services.BoardServiceTest" time="0.001"/>
  <testcase name="test_validateMove_UnconnectedLongVerticalMoveOnBoardWithOneLetter_succeed{RepetitionInfo}[121]" classname="com.revature.wordsaway.services.BoardServiceTest" time="0.001"/>
  <testcase name="test_validateMove_UnconnectedLongVerticalMoveOnBoardWithOneLetter_succeed{RepetitionInfo}[122]" classname="com.revature.wordsaway.services.BoardServiceTest" time="0.004"/>
  <testcase name="test_validateMove_UnconnectedLongVerticalMoveOnBoardWithOneLetter_succeed{RepetitionInfo}[123]" classname="com.revature.wordsaway.services.BoardServiceTest" time="0.003"/>
  <testcase name="test_validateMove_UnconnectedLongVerticalMoveOnBoardWithOneLetter_succeed{RepetitionInfo}[124]" classname="com.revature.wordsaway.services.BoardServiceTest" time="0.004"/>
  <testcase name="test_validateMove_UnconnectedLongVerticalMoveOnBoardWithOneLetter_succeed{RepetitionInfo}[125]" classname="com.revature.wordsaway.services.BoardServiceTest" time="0.003"/>
  <testcase name="test_validateMove_UnconnectedLongVerticalMoveOnBoardWithOneLetter_succeed{RepetitionInfo}[126]" classname="com.revature.wordsaway.services.BoardServiceTest" time="0.004"/>
  <testcase name="test_validateMove_UnconnectedLongVerticalMoveOnBoardWithOneLetter_succeed{RepetitionInfo}[127]" classname="com.revature.wordsaway.services.BoardServiceTest" time="0.004"/>
  <testcase name="test_validateMove_UnconnectedLongVerticalMoveOnBoardWithOneLetter_succeed{RepetitionInfo}[128]" classname="com.revature.wordsaway.services.BoardServiceTest" time="0.003"/>
  <testcase name="test_validateMove_UnconnectedLongVerticalMoveOnBoardWithOneLetter_succeed{RepetitionInfo}[129]" classname="com.revature.wordsaway.services.BoardServiceTest" time="0.004"/>
  <testcase name="test_validateMove_UnconnectedLongVerticalMoveOnBoardWithOneLetter_succeed{RepetitionInfo}[130]" classname="com.revature.wordsaway.services.BoardServiceTest" time="0.003"/>
  <testcase name="test_validateMove_UnconnectedLongVerticalMoveOnBoardWithOneLetter_succeed{RepetitionInfo}[131]" classname="com.revature.wordsaway.services.BoardServiceTest" time="0.003"/>
  <testcase name="test_validateMove_UnconnectedLongVerticalMoveOnBoardWithOneLetter_succeed{RepetitionInfo}[132]" classname="com.revature.wordsaway.services.BoardServiceTest" time="0.004"/>
  <testcase name="test_validateMove_UnconnectedLongVerticalMoveOnBoardWithOneLetter_succeed{RepetitionInfo}[133]" classname="com.revature.wordsaway.services.BoardServiceTest" time="0.003"/>
  <testcase name="test_validateMove_UnconnectedLongVerticalMoveOnBoardWithOneLetter_succeed{RepetitionInfo}[134]" classname="com.revature.wordsaway.services.BoardServiceTest" time="0.003"/>
  <testcase name="test_validateMove_UnconnectedLongVerticalMoveOnBoardWithOneLetter_succeed{RepetitionInfo}[135]" classname="com.revature.wordsaway.services.BoardServiceTest" time="0"/>
  <testcase name="test_validateMove_UnconnectedLongVerticalMoveOnBoardWithOneLetter_succeed{RepetitionInfo}[136]" classname="com.revature.wordsaway.services.BoardServiceTest" time="0"/>
  <testcase name="test_validateMove_UnconnectedLongVerticalMoveOnBoardWithOneLetter_succeed{RepetitionInfo}[137]" classname="com.revature.wordsaway.services.BoardServiceTest" time="0.001"/>
  <testcase name="test_validateMove_UnconnectedLongVerticalMoveOnBoardWithOneLetter_succeed{RepetitionInfo}[138]" classname="com.revature.wordsaway.services.BoardServiceTest" time="0.003"/>
  <testcase name="test_validateMove_UnconnectedLongVerticalMoveOnBoardWithOneLetter_succeed{RepetitionInfo}[139]" classname="com.revature.wordsaway.services.BoardServiceTest" time="0.003"/>
  <testcase name="test_validateMove_UnconnectedLongVerticalMoveOnBoardWithOneLetter_succeed{RepetitionInfo}[140]" classname="com.revature.wordsaway.services.BoardServiceTest" time="0.004"/>
  <testcase name="test_validateMove_UnconnectedLongVerticalMoveOnBoardWithOneLetter_succeed{RepetitionInfo}[141]" classname="com.revature.wordsaway.services.BoardServiceTest" time="0.003"/>
  <testcase name="test_validateMove_UnconnectedLongVerticalMoveOnBoardWithOneLetter_succeed{RepetitionInfo}[142]" classname="com.revature.wordsaway.services.BoardServiceTest" time="0.004"/>
  <testcase name="test_validateMove_UnconnectedLongVerticalMoveOnBoardWithOneLetter_succeed{RepetitionInfo}[143]" classname="com.revature.wordsaway.services.BoardServiceTest" time="0.003"/>
  <testcase name="test_validateMove_UnconnectedLongVerticalMoveOnBoardWithOneLetter_succeed{RepetitionInfo}[144]" classname="com.revature.wordsaway.services.BoardServiceTest" time="0.004"/>
  <testcase name="test_validateMove_UnconnectedLongVerticalMoveOnBoardWithOneLetter_succeed{RepetitionInfo}[145]" classname="com.revature.wordsaway.services.BoardServiceTest" time="0.003"/>
  <testcase name="test_validateMove_UnconnectedLongVerticalMoveOnBoardWithOneLetter_succeed{RepetitionInfo}[146]" classname="com.revature.wordsaway.services.BoardServiceTest" time="0.004"/>
  <testcase name="test_validateMove_UnconnectedLongVerticalMoveOnBoardWithOneLetter_succeed{RepetitionInfo}[147]" classname="com.revature.wordsaway.services.BoardServiceTest" time="0.003"/>
  <testcase name="test_validateMove_UnconnectedLongVerticalMoveOnBoardWithOneLetter_succeed{RepetitionInfo}[148]" classname="com.revature.wordsaway.services.BoardServiceTest" time="0.003"/>
  <testcase name="test_validateMove_UnconnectedLongVerticalMoveOnBoardWithOneLetter_succeed{RepetitionInfo}[149]" classname="com.revature.wordsaway.services.BoardServiceTest" time="0.003"/>
  <testcase name="test_validateMove_UnconnectedLongVerticalMoveOnBoardWithOneLetter_succeed{RepetitionInfo}[150]" classname="com.revature.wordsaway.services.BoardServiceTest" time="0.004"/>
  <testcase name="test_validateMove_UnconnectedLongVerticalMoveOnBoardWithOneLetter_succeed{RepetitionInfo}[151]" classname="com.revature.wordsaway.services.BoardServiceTest" time="0.003"/>
  <testcase name="test_validateMove_UnconnectedLongVerticalMoveOnBoardWithOneLetter_succeed{RepetitionInfo}[152]" classname="com.revature.wordsaway.services.BoardServiceTest" time="0.004"/>
  <testcase name="test_validateMove_UnconnectedLongVerticalMoveOnBoardWithOneLetter_succeed{RepetitionInfo}[153]" classname="com.revature.wordsaway.services.BoardServiceTest" time="0.003"/>
  <testcase name="test_validateMove_UnconnectedLongVerticalMoveOnBoardWithOneLetter_succeed{RepetitionInfo}[154]" classname="com.revature.wordsaway.services.BoardServiceTest" time="0.004"/>
  <testcase name="test_validateMove_UnconnectedLongVerticalMoveOnBoardWithOneLetter_succeed{RepetitionInfo}[155]" classname="com.revature.wordsaway.services.BoardServiceTest" time="0.004"/>
  <testcase name="test_validateMove_UnconnectedLongVerticalMoveOnBoardWithOneLetter_succeed{RepetitionInfo}[156]" classname="com.revature.wordsaway.services.BoardServiceTest" time="0.003"/>
  <testcase name="test_validateMove_UnconnectedLongVerticalMoveOnBoardWithOneLetter_succeed{RepetitionInfo}[157]" classname="com.revature.wordsaway.services.BoardServiceTest" time="0.004"/>
  <testcase name="test_validateMove_UnconnectedLongVerticalMoveOnBoardWithOneLetter_succeed{RepetitionInfo}[158]" classname="com.revature.wordsaway.services.BoardServiceTest" time="0.003"/>
  <testcase name="test_validateMove_UnconnectedLongVerticalMoveOnBoardWithOneLetter_succeed{RepetitionInfo}[159]" classname="com.revature.wordsaway.services.BoardServiceTest" time="0.004"/>
  <testcase name="test_validateMove_UnconnectedLongVerticalMoveOnBoardWithOneLetter_succeed{RepetitionInfo}[160]" classname="com.revature.wordsaway.services.BoardServiceTest" time="0.003"/>
  <testcase name="test_validateMove_UnconnectedLongVerticalMoveOnBoardWithOneLetter_succeed{RepetitionInfo}[161]" classname="com.revature.wordsaway.services.BoardServiceTest" time="0.004"/>
  <testcase name="test_validateMove_UnconnectedLongVerticalMoveOnBoardWithOneLetter_succeed{RepetitionInfo}[162]" classname="com.revature.wordsaway.services.BoardServiceTest" time="0.003"/>
  <testcase name="test_validateMove_UnconnectedLongVerticalMoveOnBoardWithOneLetter_succeed{RepetitionInfo}[163]" classname="com.revature.wordsaway.services.BoardServiceTest" time="0.003"/>
  <testcase name="test_validateMove_UnconnectedLongVerticalMoveOnBoardWithOneLetter_succeed{RepetitionInfo}[164]" classname="com.revature.wordsaway.services.BoardServiceTest" time="0.004"/>
  <testcase name="test_validateMove_UnconnectedLongVerticalMoveOnBoardWithOneLetter_succeed{RepetitionInfo}[165]" classname="com.revature.wordsaway.services.BoardServiceTest" time="0.003"/>
  <testcase name="test_validateMove_UnconnectedLongVerticalMoveOnBoardWithOneLetter_succeed{RepetitionInfo}[166]" classname="com.revature.wordsaway.services.BoardServiceTest" time="0.004"/>
  <testcase name="test_validateMove_UnconnectedLongVerticalMoveOnBoardWithOneLetter_succeed{RepetitionInfo}[167]" classname="com.revature.wordsaway.services.BoardServiceTest" time="0.004"/>
  <testcase name="test_validateMove_UnconnectedLongVerticalMoveOnBoardWithOneLetter_succeed{RepetitionInfo}[168]" classname="com.revature.wordsaway.services.BoardServiceTest" time="0.004"/>
  <testcase name="test_validateMove_UnconnectedLongVerticalMoveOnBoardWithOneLetter_succeed{RepetitionInfo}[169]" classname="com.revature.wordsaway.services.BoardServiceTest" time="0.004"/>
  <testcase name="test_validateMove_UnconnectedLongVerticalMoveOnBoardWithOneLetter_succeed{RepetitionInfo}[170]" classname="com.revature.wordsaway.services.BoardServiceTest" time="0.004"/>
  <testcase name="test_validateMove_UnconnectedLongVerticalMoveOnBoardWithOneLetter_succeed{RepetitionInfo}[171]" classname="com.revature.wordsaway.services.BoardServiceTest" time="0.003"/>
  <testcase name="test_validateMove_UnconnectedLongVerticalMoveOnBoardWithOneLetter_succeed{RepetitionInfo}[172]" classname="com.revature.wordsaway.services.BoardServiceTest" time="0.004"/>
  <testcase name="test_validateMove_UnconnectedLongVerticalMoveOnBoardWithOneLetter_succeed{RepetitionInfo}[173]" classname="com.revature.wordsaway.services.BoardServiceTest" time="0.003"/>
  <testcase name="test_validateMove_UnconnectedLongVerticalMoveOnBoardWithOneLetter_succeed{RepetitionInfo}[174]" classname="com.revature.wordsaway.services.BoardServiceTest" time="0.004"/>
  <testcase name="test_validateMove_UnconnectedLongVerticalMoveOnBoardWithOneLetter_succeed{RepetitionInfo}[175]" classname="com.revature.wordsaway.services.BoardServiceTest" time="0.003"/>
  <testcase name="test_validateMove_UnconnectedLongVerticalMoveOnBoardWithOneLetter_succeed{RepetitionInfo}[176]" classname="com.revature.wordsaway.services.BoardServiceTest" time="0.003"/>
  <testcase name="test_validateMove_UnconnectedLongVerticalMoveOnBoardWithOneLetter_succeed{RepetitionInfo}[177]" classname="com.revature.wordsaway.services.BoardServiceTest" time="0.003"/>
  <testcase name="test_validateMove_UnconnectedLongVerticalMoveOnBoardWithOneLetter_succeed{RepetitionInfo}[178]" classname="com.revature.wordsaway.services.BoardServiceTest" time="0.003"/>
  <testcase name="test_validateMove_UnconnectedLongVerticalMoveOnBoardWithOneLetter_succeed{RepetitionInfo}[179]" classname="com.revature.wordsaway.services.BoardServiceTest" time="0.004"/>
  <testcase name="test_validateMove_UnconnectedLongVerticalMoveOnBoardWithOneLetter_succeed{RepetitionInfo}[180]" classname="com.revature.wordsaway.services.BoardServiceTest" time="0.003"/>
  <testcase name="test_validateMove_UnconnectedLongVerticalMoveOnBoardWithOneLetter_succeed{RepetitionInfo}[181]" classname="com.revature.wordsaway.services.BoardServiceTest" time="0.004"/>
  <testcase name="test_validateMove_UnconnectedLongVerticalMoveOnBoardWithOneLetter_succeed{RepetitionInfo}[182]" classname="com.revature.wordsaway.services.BoardServiceTest" time="0.003"/>
  <testcase name="test_validateMove_UnconnectedLongVerticalMoveOnBoardWithOneLetter_succeed{RepetitionInfo}[183]" classname="com.revature.wordsaway.services.BoardServiceTest" time="0.004"/>
  <testcase name="test_validateMove_UnconnectedLongVerticalMoveOnBoardWithOneLetter_succeed{RepetitionInfo}[184]" classname="com.revature.wordsaway.services.BoardServiceTest" time="0.003"/>
  <testcase name="test_validateMove_UnconnectedLongVerticalMoveOnBoardWithOneLetter_succeed{RepetitionInfo}[185]" classname="com.revature.wordsaway.services.BoardServiceTest" time="0.004"/>
  <testcase name="test_validateMove_UnconnectedLongVerticalMoveOnBoardWithOneLetter_succeed{RepetitionInfo}[186]" classname="com.revature.wordsaway.services.BoardServiceTest" time="0.004"/>
  <testcase name="test_validateMove_UnconnectedLongVerticalMoveOnBoardWithOneLetter_succeed{RepetitionInfo}[187]" classname="com.revature.wordsaway.services.BoardServiceTest" time="0.003"/>
  <testcase name="test_validateMove_UnconnectedLongVerticalMoveOnBoardWithOneLetter_succeed{RepetitionInfo}[188]" classname="com.revature.wordsaway.services.BoardServiceTest" time="0.004"/>
  <testcase name="test_validateMove_UnconnectedLongVerticalMoveOnBoardWithOneLetter_succeed{RepetitionInfo}[189]" classname="com.revature.wordsaway.services.BoardServiceTest" time="0.003"/>
  <testcase name="test_validateMove_UnconnectedLongVerticalMoveOnBoardWithOneLetter_succeed{RepetitionInfo}[190]" classname="com.revature.wordsaway.services.BoardServiceTest" time="0.004"/>
  <testcase name="test_validateMove_UnconnectedLongVerticalMoveOnBoardWithOneLetter_succeed{RepetitionInfo}[191]" classname="com.revature.wordsaway.services.BoardServiceTest" time="0.003"/>
  <testcase name="test_validateMove_UnconnectedLongVerticalMoveOnBoardWithOneLetter_succeed{RepetitionInfo}[192]" classname="com.revature.wordsaway.services.BoardServiceTest" time="0.004"/>
  <testcase name="test_validateMove_UnconnectedLongVerticalMoveOnBoardWithOneLetter_succeed{RepetitionInfo}[193]" classname="com.revature.wordsaway.services.BoardServiceTest" time="0.004"/>
  <testcase name="test_validateMove_UnconnectedLongVerticalMoveOnBoardWithOneLetter_succeed{RepetitionInfo}[194]" classname="com.revature.wordsaway.services.BoardServiceTest" time="0.003"/>
  <testcase name="test_validateMove_UnconnectedLongVerticalMoveOnBoardWithOneLetter_succeed{RepetitionInfo}[195]" classname="com.revature.wordsaway.services.BoardServiceTest" time="0.004"/>
  <testcase name="test_validateMove_UnconnectedLongVerticalMoveOnBoardWithOneLetter_succeed{RepetitionInfo}[196]" classname="com.revature.wordsaway.services.BoardServiceTest" time="0.003"/>
  <testcase name="test_validateMove_UnconnectedLongVerticalMoveOnBoardWithOneLetter_succeed{RepetitionInfo}[197]" classname="com.revature.wordsaway.services.BoardServiceTest" time="0.004"/>
  <testcase name="test_validateMove_UnconnectedLongVerticalMoveOnBoardWithOneLetter_succeed{RepetitionInfo}[198]" classname="com.revature.wordsaway.services.BoardServiceTest" time="0.003"/>
  <testcase name="test_validateMove_UnconnectedLongVerticalMoveOnBoardWithOneLetter_succeed{RepetitionInfo}[199]" classname="com.revature.wordsaway.services.BoardServiceTest" time="0.004"/>
  <testcase name="test_validateMove_UnconnectedLongVerticalMoveOnBoardWithOneLetter_succeed{RepetitionInfo}[200]" classname="com.revature.wordsaway.services.BoardServiceTest" time="0.003"/>
  <testcase name="test_validateMove_UnconnectedLongVerticalMoveOnBoardWithOneLetter_succeed{RepetitionInfo}[201]" classname="com.revature.wordsaway.services.BoardServiceTest" time="0.003"/>
  <testcase name="test_validateMove_UnconnectedLongVerticalMoveOnBoardWithOneLetter_succeed{RepetitionInfo}[202]" classname="com.revature.wordsaway.services.BoardServiceTest" time="0.004"/>
  <testcase name="test_validateMove_UnconnectedLongVerticalMoveOnBoardWithOneLetter_succeed{RepetitionInfo}[203]" classname="com.revature.wordsaway.services.BoardServiceTest" time="0.003"/>
  <testcase name="test_validateMove_UnconnectedLongVerticalMoveOnBoardWithOneLetter_succeed{RepetitionInfo}[204]" classname="com.revature.wordsaway.services.BoardServiceTest" time="0.003"/>
  <testcase name="test_validateMove_UnconnectedLongVerticalMoveOnBoardWithOneLetter_succeed{RepetitionInfo}[205]" classname="com.revature.wordsaway.services.BoardServiceTest" time="0.003"/>
  <testcase name="test_validateMove_UnconnectedLongVerticalMoveOnBoardWithOneLetter_succeed{RepetitionInfo}[206]" classname="com.revature.wordsaway.services.BoardServiceTest" time="0.004"/>
  <testcase name="test_validateMove_UnconnectedLongVerticalMoveOnBoardWithOneLetter_succeed{RepetitionInfo}[207]" classname="com.revature.wordsaway.services.BoardServiceTest" time="0.003"/>
  <testcase name="test_validateMove_UnconnectedLongVerticalMoveOnBoardWithOneLetter_succeed{RepetitionInfo}[208]" classname="com.revature.wordsaway.services.BoardServiceTest" time="0.004"/>
  <testcase name="test_validateMove_UnconnectedLongVerticalMoveOnBoardWithOneLetter_succeed{RepetitionInfo}[209]" classname="com.revature.wordsaway.services.BoardServiceTest" time="0"/>
  <testcase name="test_validateMove_UnconnectedLongVerticalMoveOnBoardWithOneLetter_succeed{RepetitionInfo}[210]" classname="com.revature.wordsaway.services.BoardServiceTest" time="0"/>
  <testcase name="test_validateMove_UnconnectedLongVerticalMoveOnBoardWithOneLetter_succeed{RepetitionInfo}[211]" classname="com.revature.wordsaway.services.BoardServiceTest" time="0.001"/>
  <testcase name="test_validateMove_UnconnectedLongVerticalMoveOnBoardWithOneLetter_succeed{RepetitionInfo}[212]" classname="com.revature.wordsaway.services.BoardServiceTest" time="0"/>
  <testcase name="test_validateMove_UnconnectedLongVerticalMoveOnBoardWithOneLetter_succeed{RepetitionInfo}[213]" classname="com.revature.wordsaway.services.BoardServiceTest" time="0"/>
  <testcase name="test_validateMove_UnconnectedLongVerticalMoveOnBoardWithOneLetter_succeed{RepetitionInfo}[214]" classname="com.revature.wordsaway.services.BoardServiceTest" time="0.001"/>
  <testcase name="test_validateMove_UnconnectedLongVerticalMoveOnBoardWithOneLetter_succeed{RepetitionInfo}[215]" classname="com.revature.wordsaway.services.BoardServiceTest" time="0"/>
  <testcase name="test_validateMove_UnconnectedLongVerticalMoveOnBoardWithOneLetter_succeed{RepetitionInfo}[216]" classname="com.revature.wordsaway.services.BoardServiceTest" time="0"/>
  <testcase name="test_validateMove_UnconnectedLongVerticalMoveOnBoardWithOneLetter_succeed{RepetitionInfo}[217]" classname="com.revature.wordsaway.services.BoardServiceTest" time="0.001"/>
  <testcase name="test_validateMove_UnconnectedLongVerticalMoveOnBoardWithOneLetter_succeed{RepetitionInfo}[218]" classname="com.revature.wordsaway.services.BoardServiceTest" time="0"/>
  <testcase name="test_validateMove_UnconnectedLongVerticalMoveOnBoardWithOneLetter_succeed{RepetitionInfo}[219]" classname="com.revature.wordsaway.services.BoardServiceTest" time="0"/>
  <testcase name="test_validateMove_UnconnectedLongVerticalMoveOnBoardWithOneLetter_succeed{RepetitionInfo}[220]" classname="com.revature.wordsaway.services.BoardServiceTest" time="0.001"/>
  <testcase name="test_validateMove_UnconnectedLongVerticalMoveOnBoardWithOneLetter_succeed{RepetitionInfo}[221]" classname="com.revature.wordsaway.services.BoardServiceTest" time="0"/>
  <testcase name="test_validateMove_UnconnectedLongVerticalMoveOnBoardWithOneLetter_succeed{RepetitionInfo}[222]" classname="com.revature.wordsaway.services.BoardServiceTest" time="0"/>
  <testcase name="test_validateMove_UnconnectedLongVerticalMoveOnBoardWithOneLetter_succeed{RepetitionInfo}[223]" classname="com.revature.wordsaway.services.BoardServiceTest" time="0"/>
  <testcase name="test_validateMove_UnconnectedLongVerticalMoveOnBoardWithOneLetter_succeed{RepetitionInfo}[224]" classname="com.revature.wordsaway.services.BoardServiceTest" time="0"/>
  <testcase name="test_validateMove_UnconnectedLongVerticalMoveOnBoardWithOneLetter_succeed{RepetitionInfo}[225]" classname="com.revature.wordsaway.services.BoardServiceTest" time="0.001"/>
  <testcase name="test_validateMove_UnconnectedLongVerticalMoveOnBoardWithOneLetter_succeed{RepetitionInfo}[226]" classname="com.revature.wordsaway.services.BoardServiceTest" time="0"/>
  <testcase name="test_validateMove_UnconnectedLongVerticalMoveOnBoardWithOneLetter_succeed{RepetitionInfo}[227]" classname="com.revature.wordsaway.services.BoardServiceTest" time="0"/>
  <testcase name="test_validateMove_UnconnectedLongVerticalMoveOnBoardWithOneLetter_succeed{RepetitionInfo}[228]" classname="com.revature.wordsaway.services.BoardServiceTest" time="0.001"/>
  <testcase name="test_validateMove_UnconnectedLongVerticalMoveOnBoardWithOneLetter_succeed{RepetitionInfo}[229]" classname="com.revature.wordsaway.services.BoardServiceTest" time="0"/>
  <testcase name="test_validateMove_UnconnectedLongVerticalMoveOnBoardWithOneLetter_succeed{RepetitionInfo}[230]" classname="com.revature.wordsaway.services.BoardServiceTest" time="0"/>
  <testcase name="test_validateMove_UnconnectedLongVerticalMoveOnBoardWithOneLetter_succeed{RepetitionInfo}[231]" classname="com.revature.wordsaway.services.BoardServiceTest" time="0.001"/>
  <testcase name="test_validateMove_UnconnectedLongVerticalMoveOnBoardWithOneLetter_succeed{RepetitionInfo}[232]" classname="com.revature.wordsaway.services.BoardServiceTest" time="0"/>
  <testcase name="test_validateMove_UnconnectedLongVerticalMoveOnBoardWithOneLetter_succeed{RepetitionInfo}[233]" classname="com.revature.wordsaway.services.BoardServiceTest" time="0"/>
  <testcase name="test_validateMove_UnconnectedLongVerticalMoveOnBoardWithOneLetter_succeed{RepetitionInfo}[234]" classname="com.revature.wordsaway.services.BoardServiceTest" time="0.001"/>
  <testcase name="test_validateMove_UnconnectedLongVerticalMoveOnBoardWithOneLetter_succeed{RepetitionInfo}[235]" classname="com.revature.wordsaway.services.BoardServiceTest" time="0"/>
  <testcase name="test_validateMove_UnconnectedLongVerticalMoveOnBoardWithOneLetter_succeed{RepetitionInfo}[236]" classname="com.revature.wordsaway.services.BoardServiceTest" time="0"/>
  <testcase name="test_validateMove_UnconnectedLongVerticalMoveOnBoardWithOneLetter_succeed{RepetitionInfo}[237]" classname="com.revature.wordsaway.services.BoardServiceTest" time="0.001"/>
  <testcase name="test_validateMove_UnconnectedLongVerticalMoveOnBoardWithOneLetter_succeed{RepetitionInfo}[238]" classname="com.revature.wordsaway.services.BoardServiceTest" time="0"/>
  <testcase name="test_validateMove_UnconnectedLongVerticalMoveOnBoardWithOneLetter_succeed{RepetitionInfo}[239]" classname="com.revature.wordsaway.services.BoardServiceTest" time="0"/>
  <testcase name="test_validateMove_UnconnectedLongVerticalMoveOnBoardWithOneLetter_succeed{RepetitionInfo}[240]" classname="com.revature.wordsaway.services.BoardServiceTest" time="0.001"/>
  <testcase name="test_validateMove_UnconnectedLongVerticalMoveOnBoardWithOneLetter_succeed{RepetitionInfo}[241]" classname="com.revature.wordsaway.services.BoardServiceTest" time="0"/>
  <testcase name="test_validateMove_UnconnectedLongVerticalMoveOnBoardWithOneLetter_succeed{RepetitionInfo}[242]" classname="com.revature.wordsaway.services.BoardServiceTest" time="0"/>
  <testcase name="test_validateMove_UnconnectedLongVerticalMoveOnBoardWithOneLetter_succeed{RepetitionInfo}[243]" classname="com.revature.wordsaway.services.BoardServiceTest" time="0.001"/>
  <testcase name="test_validateMove_UnconnectedLongVerticalMoveOnBoardWithOneLetter_succeed{RepetitionInfo}[244]" classname="com.revature.wordsaway.services.BoardServiceTest" time="0"/>
  <testcase name="test_validateMove_UnconnectedLongVerticalMoveOnBoardWithOneLetter_succeed{RepetitionInfo}[245]" classname="com.revature.wordsaway.services.BoardServiceTest" time="0"/>
  <testcase name="test_validateMove_UnconnectedLongVerticalMoveOnBoardWithOneLetter_succeed{RepetitionInfo}[246]" classname="com.revature.wordsaway.services.BoardServiceTest" time="0.001"/>
  <testcase name="test_validateMove_UnconnectedLongVerticalMoveOnBoardWithOneLetter_succeed{RepetitionInfo}[247]" classname="com.revature.wordsaway.services.BoardServiceTest" time="0"/>
  <testcase name="test_validateMove_UnconnectedLongVerticalMoveOnBoardWithOneLetter_succeed{RepetitionInfo}[248]" classname="com.revature.wordsaway.services.BoardServiceTest" time="0"/>
  <testcase name="test_validateMove_UnconnectedLongVerticalMoveOnBoardWithOneLetter_succeed{RepetitionInfo}[249]" classname="com.revature.wordsaway.services.BoardServiceTest" time="0"/>
  <testcase name="test_validateMove_UnconnectedLongVerticalMoveOnBoardWithOneLetter_succeed{RepetitionInfo}[250]" classname="com.revature.wordsaway.services.BoardServiceTest" time="0"/>
  <testcase name="test_validateMove_UnconnectedLongVerticalMoveOnBoardWithOneLetter_succeed{RepetitionInfo}[251]" classname="com.revature.wordsaway.services.BoardServiceTest" time="0"/>
  <testcase name="test_validateMove_UnconnectedLongVerticalMoveOnBoardWithOneLetter_succeed{RepetitionInfo}[252]" classname="com.revature.wordsaway.services.BoardServiceTest" time="0"/>
  <testcase name="test_validateMove_UnconnectedLongVerticalMoveOnBoardWithOneLetter_succeed{RepetitionInfo}[253]" classname="com.revature.wordsaway.services.BoardServiceTest" time="0"/>
  <testcase name="test_validateMove_UnconnectedLongVerticalMoveOnBoardWithOneLetter_succeed{RepetitionInfo}[254]" classname="com.revature.wordsaway.services.BoardServiceTest" time="0"/>
  <testcase name="test_validateMove_UnconnectedLongVerticalMoveOnBoardWithOneLetter_succeed{RepetitionInfo}[255]" classname="com.revature.wordsaway.services.BoardServiceTest" time="0.001"/>
  <testcase name="test_validateMove_UnconnectedLongVerticalMoveOnBoardWithOneLetter_succeed{RepetitionInfo}[256]" classname="com.revature.wordsaway.services.BoardServiceTest" time="0"/>
  <testcase name="test_getChecked_VerticalMoveOnBoardWithSome2PointLetters_succeed" classname="com.revature.wordsaway.services.BoardServiceTest" time="0.001"/>
  <testcase name="test_getCheckedOn_VerticalMoveBoardWithA3PointLetter_succeed" classname="com.revature.wordsaway.services.BoardServiceTest" time="0"/>
  <testcase name="test_getByGameID_succeed" classname="com.revature.wordsaway.services.BoardServiceTest" time="0.002"/>
  <testcase name="test_validateMove_ConnectedLongHorizontalBackMoveOnBoardWithOneLetter_succeed" classname="com.revature.wordsaway.services.BoardServiceTest" time="0.004"/>
  <testcase name="test_getCheckedOnBoardWithOneAsterisk_succeed" classname="com.revature.wordsaway.services.BoardServiceTest" time="0"/>
  <testcase name="test_validateMove_ConnectedAsteriskHorizontalBackMoveOnBoardWithOneLetter_succeed" classname="com.revature.wordsaway.services.BoardServiceTest" time="0.004"/>
  <testcase name="test_validateMove_ConnectedShortHorizontalBackMoveOnBoardWithOneLetter_succeed" classname="com.revature.wordsaway.services.BoardServiceTest" time="0.004"/>
  <testcase name="test_calculateELO_WinWithMoreELO_succeed" classname="com.revature.wordsaway.services.BoardServiceTest" time="0.001"/>
  <testcase name="test_getOpposingBoard_fail" classname="com.revature.wordsaway.services.BoardServiceTest" time="0.001"/>
  <testcase name="test_validateMove_ConnectedLongVerticalAroundMoveOnBoardWithOneLetter_succeed" classname="com.revature.wordsaway.services.BoardServiceTest" time="0.004"/>
  <testcase name="test_validateMove_ConnectedLongVerticalBetweenMoveOnBoardWithThreeAsterisks_succeed" classname="com.revature.wordsaway.services.BoardServiceTest" time="0.004"/>
  <testcase name="test_validateMove_ConnectedAsteriskHorizontalFrontMoveOnBoardWithOneLetter_succeed" classname="com.revature.wordsaway.services.BoardServiceTest" time="0.003"/>
</testsuite>