<?xml version="1.0" encoding="UTF-8"?>
<testsuite xmlns:xsi="http://www.w3.org/2001/XMLSchema-instance" xsi:noNamespaceSchemaLocation="https://maven.apache.org/surefire/maven-surefire-plugin/xsd/surefire-test-report.xsd" name="com.revature.wordsaway.services.AIServiceTest" time="0" tests="4" errors="0" skipped="0" failures="0">
  <properties>
    <property name="gopherProxySet" value="false"/>
    <property name="awt.toolkit" value="sun.lwawt.macosx.LWCToolkit"/>
    <property name="file.encoding.pkg" value="sun.io"/>
    <property name="java.specification.version" value="1.8"/>
    <property name="sun.cpu.isalist" value=""/>
    <property name="sun.jnu.encoding" value="UTF-8"/>
    <property name="java.class.path" value="/Users/koukaakiva/Work/WordsAway-P2-Backend/target/test-classes:/Users/koukaakiva/Work/WordsAway-P2-Backend/target/classes:/Users/koukaakiva/.m2/repository/org/springframework/boot/spring-boot-starter-web/2.7.3/spring-boot-starter-web-2.7.3.jar:/Users/koukaakiva/.m2/repository/org/springframework/boot/spring-boot-starter/2.7.3/spring-boot-starter-2.7.3.jar:/Users/koukaakiva/.m2/repository/org/springframework/boot/spring-boot/2.7.3/spring-boot-2.7.3.jar:/Users/koukaakiva/.m2/repository/org/springframework/boot/spring-boot-autoconfigure/2.7.3/spring-boot-autoconfigure-2.7.3.jar:/Users/koukaakiva/.m2/repository/org/springframework/boot/spring-boot-starter-logging/2.7.3/spring-boot-starter-logging-2.7.3.jar:/Users/koukaakiva/.m2/repository/ch/qos/logback/logback-classic/1.2.11/logback-classic-1.2.11.jar:/Users/koukaakiva/.m2/repository/ch/qos/logback/logback-core/1.2.11/logback-core-1.2.11.jar:/Users/koukaakiva/.m2/repository/org/apache/logging/log4j/log4j-to-slf4j/2.17.2/log4j-to-slf4j-2.17.2.jar:/Users/koukaakiva/.m2/repository/org/apache/logging/log4j/log4j-api/2.17.2/log4j-api-2.17.2.jar:/Users/koukaakiva/.m2/repository/org/slf4j/jul-to-slf4j/1.7.36/jul-to-slf4j-1.7.36.jar:/Users/koukaakiva/.m2/repository/jakarta/annotation/jakarta.annotation-api/1.3.5/jakarta.annotation-api-1.3.5.jar:/Users/koukaakiva/.m2/repository/org/springframework/spring-core/5.3.22/spring-core-5.3.22.jar:/Users/koukaakiva/.m2/repository/org/springframework/spring-jcl/5.3.22/spring-jcl-5.3.22.jar:/Users/koukaakiva/.m2/repository/org/yaml/snakeyaml/1.30/snakeyaml-1.30.jar:/Users/koukaakiva/.m2/repository/org/springframework/boot/spring-boot-starter-json/2.7.3/spring-boot-starter-json-2.7.3.jar:/Users/koukaakiva/.m2/repository/com/fasterxml/jackson/datatype/jackson-datatype-jdk8/2.13.3/jackson-datatype-jdk8-2.13.3.jar:/Users/koukaakiva/.m2/repository/com/fasterxml/jackson/datatype/jackson-datatype-jsr310/2.13.3/jackson-datatype-jsr310-2.13.3.jar:/Users/koukaakiva/.m2/repository/com/fasterxml/jackson/module/jackson-module-parameter-names/2.13.3/jackson-module-parameter-names-2.13.3.jar:/Users/koukaakiva/.m2/repository/org/springframework/boot/spring-boot-starter-tomcat/2.7.3/spring-boot-starter-tomcat-2.7.3.jar:/Users/koukaakiva/.m2/repository/org/apache/tomcat/embed/tomcat-embed-core/9.0.65/tomcat-embed-core-9.0.65.jar:/Users/koukaakiva/.m2/repository/org/apache/tomcat/embed/tomcat-embed-el/9.0.65/tomcat-embed-el-9.0.65.jar:/Users/koukaakiva/.m2/repository/org/apache/tomcat/embed/tomcat-embed-websocket/9.0.65/tomcat-embed-websocket-9.0.65.jar:/Users/koukaakiva/.m2/repository/org/springframework/spring-web/5.3.22/spring-web-5.3.22.jar:/Users/koukaakiva/.m2/repository/org/springframework/spring-beans/5.3.22/spring-beans-5.3.22.jar:/Users/koukaakiva/.m2/repository/org/springframework/spring-webmvc/5.3.22/spring-webmvc-5.3.22.jar:/Users/koukaakiva/.m2/repository/org/springframework/spring-aop/5.3.22/spring-aop-5.3.22.jar:/Users/koukaakiva/.m2/repository/org/springframework/spring-context/5.3.22/spring-context-5.3.22.jar:/Users/koukaakiva/.m2/repository/org/springframework/spring-expression/5.3.22/spring-expression-5.3.22.jar:/Users/koukaakiva/.m2/repository/org/springframework/boot/spring-boot-starter-data-jpa/2.7.3/spring-boot-starter-data-jpa-2.7.3.jar:/Users/koukaakiva/.m2/repository/org/springframework/boot/spring-boot-starter-aop/2.7.3/spring-boot-starter-aop-2.7.3.jar:/Users/koukaakiva/.m2/repository/org/aspectj/aspectjweaver/1.9.7/aspectjweaver-1.9.7.jar:/Users/koukaakiva/.m2/repository/org/springframework/boot/spring-boot-starter-jdbc/2.7.3/spring-boot-starter-jdbc-2.7.3.jar:/Users/koukaakiva/.m2/repository/com/zaxxer/HikariCP/4.0.3/HikariCP-4.0.3.jar:/Users/koukaakiva/.m2/repository/org/springframework/spring-jdbc/5.3.22/spring-jdbc-5.3.22.jar:/Users/koukaakiva/.m2/repository/jakarta/transaction/jakarta.transaction-api/1.3.3/jakarta.transaction-api-1.3.3.jar:/Users/koukaakiva/.m2/repository/jakarta/persistence/jakarta.persistence-api/2.2.3/jakarta.persistence-api-2.2.3.jar:/Users/koukaakiva/.m2/repository/org/hibernate/hibernate-core/5.6.10.Final/hibernate-core-5.6.10.Final.jar:/Users/koukaakiva/.m2/repository/org/jboss/logging/jboss-logging/3.4.3.Final/jboss-logging-3.4.3.Final.jar:/Users/koukaakiva/.m2/repository/net/bytebuddy/byte-buddy/1.12.13/byte-buddy-1.12.13.jar:/Users/koukaakiva/.m2/repository/antlr/antlr/2.7.7/antlr-2.7.7.jar:/Users/koukaakiva/.m2/repository/org/jboss/jandex/2.4.2.Final/jandex-2.4.2.Final.jar:/Users/koukaakiva/.m2/repository/com/fasterxml/classmate/1.5.1/classmate-1.5.1.jar:/Users/koukaakiva/.m2/repository/org/hibernate/common/hibernate-commons-annotations/5.1.2.Final/hibernate-commons-annotations-5.1.2.Final.jar:/Users/koukaakiva/.m2/repository/org/glassfish/jaxb/jaxb-runtime/2.3.6/jaxb-runtime-2.3.6.jar:/Users/koukaakiva/.m2/repository/jakarta/xml/bind/jakarta.xml.bind-api/2.3.3/jakarta.xml.bind-api-2.3.3.jar:/Users/koukaakiva/.m2/repository/org/glassfish/jaxb/txw2/2.3.6/txw2-2.3.6.jar:/Users/koukaakiva/.m2/repository/com/sun/istack/istack-commons-runtime/3.0.12/istack-commons-runtime-3.0.12.jar:/Users/koukaakiva/.m2/repository/com/sun/activation/jakarta.activation/1.2.2/jakarta.activation-1.2.2.jar:/Users/koukaakiva/.m2/repository/org/springframework/data/spring-data-jpa/2.7.2/spring-data-jpa-2.7.2.jar:/Users/koukaakiva/.m2/repository/org/springframework/data/spring-data-commons/2.7.2/spring-data-commons-2.7.2.jar:/Users/koukaakiva/.m2/repository/org/springframework/spring-orm/5.3.22/spring-orm-5.3.22.jar:/Users/koukaakiva/.m2/repository/org/springframework/spring-tx/5.3.22/spring-tx-5.3.22.jar:/Users/koukaakiva/.m2/repository/org/slf4j/slf4j-api/1.7.36/slf4j-api-1.7.36.jar:/Users/koukaakiva/.m2/repository/org/springframework/spring-aspects/5.3.22/spring-aspects-5.3.22.jar:/Users/koukaakiva/.m2/repository/org/postgresql/postgresql/42.5.0/postgresql-42.5.0.jar:/Users/koukaakiva/.m2/repository/org/checkerframework/checker-qual/3.5.0/checker-qual-3.5.0.jar:/Users/koukaakiva/.m2/repository/io/jsonwebtoken/jjwt/0.9.1/jjwt-0.9.1.jar:/Users/koukaakiva/.m2/repository/net/sourceforge/htmlunit/htmlunit/2.64.0/htmlunit-2.64.0.jar:/Users/koukaakiva/.m2/repository/xalan/xalan/2.7.2/xalan-2.7.2.jar:/Users/koukaakiva/.m2/repository/xalan/serializer/2.7.2/serializer-2.7.2.jar:/Users/koukaakiva/.m2/repository/org/apache/httpcomponents/httpmime/4.5.13/httpmime-4.5.13.jar:/Users/koukaakiva/.m2/repository/org/apache/httpcomponents/httpclient/4.5.13/httpclient-4.5.13.jar:/Users/koukaakiva/.m2/repository/org/apache/httpcomponents/httpcore/4.4.15/httpcore-4.4.15.jar:/Users/koukaakiva/.m2/repository/net/sourceforge/htmlunit/htmlunit-core-js/2.64.0/htmlunit-core-js-2.64.0.jar:/Users/koukaakiva/.m2/repository/net/sourceforge/htmlunit/neko-htmlunit/2.64.0/neko-htmlunit-2.64.0.jar:/Users/koukaakiva/.m2/repository/xerces/xercesImpl/2.12.2/xercesImpl-2.12.2.jar:/Users/koukaakiva/.m2/repository/xml-apis/xml-apis/1.4.01/xml-apis-1.4.01.jar:/Users/koukaakiva/.m2/repository/net/sourceforge/htmlunit/htmlunit-cssparser/1.12.0/htmlunit-cssparser-1.12.0.jar:/Users/koukaakiva/.m2/repository/org/apache/commons/commons-lang3/3.12.0/commons-lang3-3.12.0.jar:/Users/koukaakiva/.m2/repository/org/apache/commons/commons-text/1.9/commons-text-1.9.jar:/Users/koukaakiva/.m2/repository/commons-io/commons-io/2.10.0/commons-io-2.10.0.jar:/Users/koukaakiva/.m2/repository/commons-net/commons-net/3.8.0/commons-net-3.8.0.jar:/Users/koukaakiva/.m2/repository/commons-codec/commons-codec/1.15/commons-codec-1.15.jar:/Users/koukaakiva/.m2/repository/org/brotli/dec/0.1.2/dec-0.1.2.jar:/Users/koukaakiva/.m2/repository/com/shapesecurity/salvation2/3.0.1/salvation2-3.0.1.jar:/Users/koukaakiva/.m2/repository/org/eclipse/jetty/websocket/websocket-client/9.4.48.v20220622/websocket-client-9.4.48.v20220622.jar:/Users/koukaakiva/.m2/repository/org/eclipse/jetty/jetty-client/9.4.48.v20220622/jetty-client-9.4.48.v20220622.jar:/Users/koukaakiva/.m2/repository/org/eclipse/jetty/jetty-http/9.4.48.v20220622/jetty-http-9.4.48.v20220622.jar:/Users/koukaakiva/.m2/repository/org/eclipse/jetty/jetty-util/9.4.48.v20220622/jetty-util-9.4.48.v20220622.jar:/Users/koukaakiva/.m2/repository/org/eclipse/jetty/jetty-io/9.4.48.v20220622/jetty-io-9.4.48.v20220622.jar:/Users/koukaakiva/.m2/repository/org/eclipse/jetty/websocket/websocket-common/9.4.48.v20220622/websocket-common-9.4.48.v20220622.jar:/Users/koukaakiva/.m2/repository/org/eclipse/jetty/websocket/websocket-api/9.4.48.v20220622/websocket-api-9.4.48.v20220622.jar:/Users/koukaakiva/.m2/repository/com/fasterxml/jackson/core/jackson-databind/2.13.4/jackson-databind-2.13.4.jar:/Users/koukaakiva/.m2/repository/com/fasterxml/jackson/core/jackson-annotations/2.13.3/jackson-annotations-2.13.3.jar:/Users/koukaakiva/.m2/repository/com/fasterxml/jackson/core/jackson-core/2.13.3/jackson-core-2.13.3.jar:/Users/koukaakiva/.m2/repository/org/mockito/mockito-inline/4.8.0/mockito-inline-4.8.0.jar:/Users/koukaakiva/.m2/repository/org/mockito/mockito-core/4.5.1/mockito-core-4.5.1.jar:/Users/koukaakiva/.m2/repository/net/bytebuddy/byte-buddy-agent/1.12.13/byte-buddy-agent-1.12.13.jar:/Users/koukaakiva/.m2/repository/org/objenesis/objenesis/3.2/objenesis-3.2.jar:/Users/koukaakiva/.m2/repository/org/junit/jupiter/junit-jupiter/5.8.2/junit-jupiter-5.8.2.jar:/Users/koukaakiva/.m2/repository/org/junit/jupiter/junit-jupiter-api/5.8.2/junit-jupiter-api-5.8.2.jar:/Users/koukaakiva/.m2/repository/org/opentest4j/opentest4j/1.2.0/opentest4j-1.2.0.jar:/Users/koukaakiva/.m2/repository/org/junit/platform/junit-platform-commons/1.8.2/junit-platform-commons-1.8.2.jar:/Users/koukaakiva/.m2/repository/org/apiguardian/apiguardian-api/1.1.2/apiguardian-api-1.1.2.jar:/Users/koukaakiva/.m2/repository/org/junit/jupiter/junit-jupiter-params/5.8.2/junit-jupiter-params-5.8.2.jar:/Users/koukaakiva/.m2/repository/org/junit/jupiter/junit-jupiter-engine/5.8.2/junit-jupiter-engine-5.8.2.jar:/Users/koukaakiva/.m2/repository/org/junit/platform/junit-platform-engine/1.8.2/junit-platform-engine-1.8.2.jar:/Users/koukaakiva/.m2/repository/junit/junit/4.13.2/junit-4.13.2.jar:/Users/koukaakiva/.m2/repository/org/hamcrest/hamcrest-core/2.2/hamcrest-core-2.2.jar:/Users/koukaakiva/.m2/repository/org/hamcrest/hamcrest/2.2/hamcrest-2.2.jar:"/>
    <property name="java.vm.vendor" value="Oracle Corporation"/>
    <property name="sun.arch.data.model" value="64"/>
    <property name="java.vendor.url" value="http://java.oracle.com/"/>
    <property name="user.timezone" value=""/>
    <property name="java.vm.specification.version" value="1.8"/>
    <property name="os.name" value="Mac OS X"/>
    <property name="user.country" value="US"/>
    <property name="sun.java.launcher" value="SUN_STANDARD"/>
    <property name="sun.boot.library.path" value="/Library/Java/JavaVirtualMachines/jdk1.8.0_341.jdk/Contents/Home/jre/lib"/>
    <property name="sun.java.command" value="/Users/koukaakiva/Work/WordsAway-P2-Backend/target/surefire/surefirebooter5457933327870683720.jar /Users/koukaakiva/Work/WordsAway-P2-Backend/target/surefire 2022-09-25T12-35-55_434-jvmRun1 surefire7840432337027338559tmp surefire_06519017811042233585tmp"/>
    <property name="http.nonProxyHosts" value="local|*.local|169.254/16|*.169.254/16"/>
    <property name="surefire.test.class.path" value="/Users/koukaakiva/Work/WordsAway-P2-Backend/target/test-classes:/Users/koukaakiva/Work/WordsAway-P2-Backend/target/classes:/Users/koukaakiva/.m2/repository/org/springframework/boot/spring-boot-starter-web/2.7.3/spring-boot-starter-web-2.7.3.jar:/Users/koukaakiva/.m2/repository/org/springframework/boot/spring-boot-starter/2.7.3/spring-boot-starter-2.7.3.jar:/Users/koukaakiva/.m2/repository/org/springframework/boot/spring-boot/2.7.3/spring-boot-2.7.3.jar:/Users/koukaakiva/.m2/repository/org/springframework/boot/spring-boot-autoconfigure/2.7.3/spring-boot-autoconfigure-2.7.3.jar:/Users/koukaakiva/.m2/repository/org/springframework/boot/spring-boot-starter-logging/2.7.3/spring-boot-starter-logging-2.7.3.jar:/Users/koukaakiva/.m2/repository/ch/qos/logback/logback-classic/1.2.11/logback-classic-1.2.11.jar:/Users/koukaakiva/.m2/repository/ch/qos/logback/logback-core/1.2.11/logback-core-1.2.11.jar:/Users/koukaakiva/.m2/repository/org/apache/logging/log4j/log4j-to-slf4j/2.17.2/log4j-to-slf4j-2.17.2.jar:/Users/koukaakiva/.m2/repository/org/apache/logging/log4j/log4j-api/2.17.2/log4j-api-2.17.2.jar:/Users/koukaakiva/.m2/repository/org/slf4j/jul-to-slf4j/1.7.36/jul-to-slf4j-1.7.36.jar:/Users/koukaakiva/.m2/repository/jakarta/annotation/jakarta.annotation-api/1.3.5/jakarta.annotation-api-1.3.5.jar:/Users/koukaakiva/.m2/repository/org/springframework/spring-core/5.3.22/spring-core-5.3.22.jar:/Users/koukaakiva/.m2/repository/org/springframework/spring-jcl/5.3.22/spring-jcl-5.3.22.jar:/Users/koukaakiva/.m2/repository/org/yaml/snakeyaml/1.30/snakeyaml-1.30.jar:/Users/koukaakiva/.m2/repository/org/springframework/boot/spring-boot-starter-json/2.7.3/spring-boot-starter-json-2.7.3.jar:/Users/koukaakiva/.m2/repository/com/fasterxml/jackson/datatype/jackson-datatype-jdk8/2.13.3/jackson-datatype-jdk8-2.13.3.jar:/Users/koukaakiva/.m2/repository/com/fasterxml/jackson/datatype/jackson-datatype-jsr310/2.13.3/jackson-datatype-jsr310-2.13.3.jar:/Users/koukaakiva/.m2/repository/com/fasterxml/jackson/module/jackson-module-parameter-names/2.13.3/jackson-module-parameter-names-2.13.3.jar:/Users/koukaakiva/.m2/repository/org/springframework/boot/spring-boot-starter-tomcat/2.7.3/spring-boot-starter-tomcat-2.7.3.jar:/Users/koukaakiva/.m2/repository/org/apache/tomcat/embed/tomcat-embed-core/9.0.65/tomcat-embed-core-9.0.65.jar:/Users/koukaakiva/.m2/repository/org/apache/tomcat/embed/tomcat-embed-el/9.0.65/tomcat-embed-el-9.0.65.jar:/Users/koukaakiva/.m2/repository/org/apache/tomcat/embed/tomcat-embed-websocket/9.0.65/tomcat-embed-websocket-9.0.65.jar:/Users/koukaakiva/.m2/repository/org/springframework/spring-web/5.3.22/spring-web-5.3.22.jar:/Users/koukaakiva/.m2/repository/org/springframework/spring-beans/5.3.22/spring-beans-5.3.22.jar:/Users/koukaakiva/.m2/repository/org/springframework/spring-webmvc/5.3.22/spring-webmvc-5.3.22.jar:/Users/koukaakiva/.m2/repository/org/springframework/spring-aop/5.3.22/spring-aop-5.3.22.jar:/Users/koukaakiva/.m2/repository/org/springframework/spring-context/5.3.22/spring-context-5.3.22.jar:/Users/koukaakiva/.m2/repository/org/springframework/spring-expression/5.3.22/spring-expression-5.3.22.jar:/Users/koukaakiva/.m2/repository/org/springframework/boot/spring-boot-starter-data-jpa/2.7.3/spring-boot-starter-data-jpa-2.7.3.jar:/Users/koukaakiva/.m2/repository/org/springframework/boot/spring-boot-starter-aop/2.7.3/spring-boot-starter-aop-2.7.3.jar:/Users/koukaakiva/.m2/repository/org/aspectj/aspectjweaver/1.9.7/aspectjweaver-1.9.7.jar:/Users/koukaakiva/.m2/repository/org/springframework/boot/spring-boot-starter-jdbc/2.7.3/spring-boot-starter-jdbc-2.7.3.jar:/Users/koukaakiva/.m2/repository/com/zaxxer/HikariCP/4.0.3/HikariCP-4.0.3.jar:/Users/koukaakiva/.m2/repository/org/springframework/spring-jdbc/5.3.22/spring-jdbc-5.3.22.jar:/Users/koukaakiva/.m2/repository/jakarta/transaction/jakarta.transaction-api/1.3.3/jakarta.transaction-api-1.3.3.jar:/Users/koukaakiva/.m2/repository/jakarta/persistence/jakarta.persistence-api/2.2.3/jakarta.persistence-api-2.2.3.jar:/Users/koukaakiva/.m2/repository/org/hibernate/hibernate-core/5.6.10.Final/hibernate-core-5.6.10.Final.jar:/Users/koukaakiva/.m2/repository/org/jboss/logging/jboss-logging/3.4.3.Final/jboss-logging-3.4.3.Final.jar:/Users/koukaakiva/.m2/repository/net/bytebuddy/byte-buddy/1.12.13/byte-buddy-1.12.13.jar:/Users/koukaakiva/.m2/repository/antlr/antlr/2.7.7/antlr-2.7.7.jar:/Users/koukaakiva/.m2/repository/org/jboss/jandex/2.4.2.Final/jandex-2.4.2.Final.jar:/Users/koukaakiva/.m2/repository/com/fasterxml/classmate/1.5.1/classmate-1.5.1.jar:/Users/koukaakiva/.m2/repository/org/hibernate/common/hibernate-commons-annotations/5.1.2.Final/hibernate-commons-annotations-5.1.2.Final.jar:/Users/koukaakiva/.m2/repository/org/glassfish/jaxb/jaxb-runtime/2.3.6/jaxb-runtime-2.3.6.jar:/Users/koukaakiva/.m2/repository/jakarta/xml/bind/jakarta.xml.bind-api/2.3.3/jakarta.xml.bind-api-2.3.3.jar:/Users/koukaakiva/.m2/repository/org/glassfish/jaxb/txw2/2.3.6/txw2-2.3.6.jar:/Users/koukaakiva/.m2/repository/com/sun/istack/istack-commons-runtime/3.0.12/istack-commons-runtime-3.0.12.jar:/Users/koukaakiva/.m2/repository/com/sun/activation/jakarta.activation/1.2.2/jakarta.activation-1.2.2.jar:/Users/koukaakiva/.m2/repository/org/springframework/data/spring-data-jpa/2.7.2/spring-data-jpa-2.7.2.jar:/Users/koukaakiva/.m2/repository/org/springframework/data/spring-data-commons/2.7.2/spring-data-commons-2.7.2.jar:/Users/koukaakiva/.m2/repository/org/springframework/spring-orm/5.3.22/spring-orm-5.3.22.jar:/Users/koukaakiva/.m2/repository/org/springframework/spring-tx/5.3.22/spring-tx-5.3.22.jar:/Users/koukaakiva/.m2/repository/org/slf4j/slf4j-api/1.7.36/slf4j-api-1.7.36.jar:/Users/koukaakiva/.m2/repository/org/springframework/spring-aspects/5.3.22/spring-aspects-5.3.22.jar:/Users/koukaakiva/.m2/repository/org/postgresql/postgresql/42.5.0/postgresql-42.5.0.jar:/Users/koukaakiva/.m2/repository/org/checkerframework/checker-qual/3.5.0/checker-qual-3.5.0.jar:/Users/koukaakiva/.m2/repository/io/jsonwebtoken/jjwt/0.9.1/jjwt-0.9.1.jar:/Users/koukaakiva/.m2/repository/net/sourceforge/htmlunit/htmlunit/2.64.0/htmlunit-2.64.0.jar:/Users/koukaakiva/.m2/repository/xalan/xalan/2.7.2/xalan-2.7.2.jar:/Users/koukaakiva/.m2/repository/xalan/serializer/2.7.2/serializer-2.7.2.jar:/Users/koukaakiva/.m2/repository/org/apache/httpcomponents/httpmime/4.5.13/httpmime-4.5.13.jar:/Users/koukaakiva/.m2/repository/org/apache/httpcomponents/httpclient/4.5.13/httpclient-4.5.13.jar:/Users/koukaakiva/.m2/repository/org/apache/httpcomponents/httpcore/4.4.15/httpcore-4.4.15.jar:/Users/koukaakiva/.m2/repository/net/sourceforge/htmlunit/htmlunit-core-js/2.64.0/htmlunit-core-js-2.64.0.jar:/Users/koukaakiva/.m2/repository/net/sourceforge/htmlunit/neko-htmlunit/2.64.0/neko-htmlunit-2.64.0.jar:/Users/koukaakiva/.m2/repository/xerces/xercesImpl/2.12.2/xercesImpl-2.12.2.jar:/Users/koukaakiva/.m2/repository/xml-apis/xml-apis/1.4.01/xml-apis-1.4.01.jar:/Users/koukaakiva/.m2/repository/net/sourceforge/htmlunit/htmlunit-cssparser/1.12.0/htmlunit-cssparser-1.12.0.jar:/Users/koukaakiva/.m2/repository/org/apache/commons/commons-lang3/3.12.0/commons-lang3-3.12.0.jar:/Users/koukaakiva/.m2/repository/org/apache/commons/commons-text/1.9/commons-text-1.9.jar:/Users/koukaakiva/.m2/repository/commons-io/commons-io/2.10.0/commons-io-2.10.0.jar:/Users/koukaakiva/.m2/repository/commons-net/commons-net/3.8.0/commons-net-3.8.0.jar:/Users/koukaakiva/.m2/repository/commons-codec/commons-codec/1.15/commons-codec-1.15.jar:/Users/koukaakiva/.m2/repository/org/brotli/dec/0.1.2/dec-0.1.2.jar:/Users/koukaakiva/.m2/repository/com/shapesecurity/salvation2/3.0.1/salvation2-3.0.1.jar:/Users/koukaakiva/.m2/repository/org/eclipse/jetty/websocket/websocket-client/9.4.48.v20220622/websocket-client-9.4.48.v20220622.jar:/Users/koukaakiva/.m2/repository/org/eclipse/jetty/jetty-client/9.4.48.v20220622/jetty-client-9.4.48.v20220622.jar:/Users/koukaakiva/.m2/repository/org/eclipse/jetty/jetty-http/9.4.48.v20220622/jetty-http-9.4.48.v20220622.jar:/Users/koukaakiva/.m2/repository/org/eclipse/jetty/jetty-util/9.4.48.v20220622/jetty-util-9.4.48.v20220622.jar:/Users/koukaakiva/.m2/repository/org/eclipse/jetty/jetty-io/9.4.48.v20220622/jetty-io-9.4.48.v20220622.jar:/Users/koukaakiva/.m2/repository/org/eclipse/jetty/websocket/websocket-common/9.4.48.v20220622/websocket-common-9.4.48.v20220622.jar:/Users/koukaakiva/.m2/repository/org/eclipse/jetty/websocket/websocket-api/9.4.48.v20220622/websocket-api-9.4.48.v20220622.jar:/Users/koukaakiva/.m2/repository/com/fasterxml/jackson/core/jackson-databind/2.13.4/jackson-databind-2.13.4.jar:/Users/koukaakiva/.m2/repository/com/fasterxml/jackson/core/jackson-annotations/2.13.3/jackson-annotations-2.13.3.jar:/Users/koukaakiva/.m2/repository/com/fasterxml/jackson/core/jackson-core/2.13.3/jackson-core-2.13.3.jar:/Users/koukaakiva/.m2/repository/org/mockito/mockito-inline/4.8.0/mockito-inline-4.8.0.jar:/Users/koukaakiva/.m2/repository/org/mockito/mockito-core/4.5.1/mockito-core-4.5.1.jar:/Users/koukaakiva/.m2/repository/net/bytebuddy/byte-buddy-agent/1.12.13/byte-buddy-agent-1.12.13.jar:/Users/koukaakiva/.m2/repository/org/objenesis/objenesis/3.2/objenesis-3.2.jar:/Users/koukaakiva/.m2/repository/org/junit/jupiter/junit-jupiter/5.8.2/junit-jupiter-5.8.2.jar:/Users/koukaakiva/.m2/repository/org/junit/jupiter/junit-jupiter-api/5.8.2/junit-jupiter-api-5.8.2.jar:/Users/koukaakiva/.m2/repository/org/opentest4j/opentest4j/1.2.0/opentest4j-1.2.0.jar:/Users/koukaakiva/.m2/repository/org/junit/platform/junit-platform-commons/1.8.2/junit-platform-commons-1.8.2.jar:/Users/koukaakiva/.m2/repository/org/apiguardian/apiguardian-api/1.1.2/apiguardian-api-1.1.2.jar:/Users/koukaakiva/.m2/repository/org/junit/jupiter/junit-jupiter-params/5.8.2/junit-jupiter-params-5.8.2.jar:/Users/koukaakiva/.m2/repository/org/junit/jupiter/junit-jupiter-engine/5.8.2/junit-jupiter-engine-5.8.2.jar:/Users/koukaakiva/.m2/repository/org/junit/platform/junit-platform-engine/1.8.2/junit-platform-engine-1.8.2.jar:/Users/koukaakiva/.m2/repository/junit/junit/4.13.2/junit-4.13.2.jar:/Users/koukaakiva/.m2/repository/org/hamcrest/hamcrest-core/2.2/hamcrest-core-2.2.jar:/Users/koukaakiva/.m2/repository/org/hamcrest/hamcrest/2.2/hamcrest-2.2.jar:"/>
    <property name="sun.cpu.endian" value="little"/>
    <property name="user.home" value="/Users/koukaakiva"/>
    <property name="user.language" value="en"/>
    <property name="java.specification.vendor" value="Oracle Corporation"/>
    <property name="java.home" value="/Library/Java/JavaVirtualMachines/jdk1.8.0_341.jdk/Contents/Home/jre"/>
    <property name="basedir" value="/Users/koukaakiva/Work/WordsAway-P2-Backend"/>
    <property name="file.separator" value="/"/>
    <property name="line.separator" value="&#10;"/>
    <property name="java.vm.specification.vendor" value="Oracle Corporation"/>
    <property name="java.specification.name" value="Java Platform API Specification"/>
    <property name="java.awt.graphicsenv" value="sun.awt.CGraphicsEnvironment"/>
    <property name="surefire.real.class.path" value="/Users/koukaakiva/Work/WordsAway-P2-Backend/target/surefire/surefirebooter5457933327870683720.jar"/>
    <property name="sun.boot.class.path" value="/Library/Java/JavaVirtualMachines/jdk1.8.0_341.jdk/Contents/Home/jre/lib/resources.jar:/Library/Java/JavaVirtualMachines/jdk1.8.0_341.jdk/Contents/Home/jre/lib/rt.jar:/Library/Java/JavaVirtualMachines/jdk1.8.0_341.jdk/Contents/Home/jre/lib/jsse.jar:/Library/Java/JavaVirtualMachines/jdk1.8.0_341.jdk/Contents/Home/jre/lib/jce.jar:/Library/Java/JavaVirtualMachines/jdk1.8.0_341.jdk/Contents/Home/jre/lib/charsets.jar:/Library/Java/JavaVirtualMachines/jdk1.8.0_341.jdk/Contents/Home/jre/lib/jfr.jar:/Library/Java/JavaVirtualMachines/jdk1.8.0_341.jdk/Contents/Home/jre/classes"/>
    <property name="sun.management.compiler" value="HotSpot 64-Bit Tiered Compilers"/>
    <property name="ftp.nonProxyHosts" value="local|*.local|169.254/16|*.169.254/16"/>
    <property name="java.runtime.version" value="1.8.0_341-b10"/>
    <property name="user.name" value="koukaakiva"/>
    <property name="path.separator" value=":"/>
    <property name="os.version" value="12.6"/>
    <property name="java.endorsed.dirs" value="/Library/Java/JavaVirtualMachines/jdk1.8.0_341.jdk/Contents/Home/jre/lib/endorsed"/>
    <property name="java.runtime.name" value="Java(TM) SE Runtime Environment"/>
    <property name="file.encoding" value="UTF-8"/>
    <property name="java.vm.name" value="Java HotSpot(TM) 64-Bit Server VM"/>
    <property name="localRepository" value="/Users/koukaakiva/.m2/repository"/>
    <property name="java.vendor.url.bug" value="http://bugreport.sun.com/bugreport/"/>
    <property name="java.io.tmpdir" value="/var/folders/jy/s_6n9hvj4gzfv7zp6hyd_h7c0000gn/T/"/>
    <property name="java.version" value="1.8.0_341"/>
    <property name="user.dir" value="/Users/koukaakiva/Work/WordsAway-P2-Backend"/>
    <property name="os.arch" value="x86_64"/>
    <property name="java.vm.specification.name" value="Java Virtual Machine Specification"/>
    <property name="java.awt.printerjob" value="sun.lwawt.macosx.CPrinterJob"/>
    <property name="sun.os.patch.level" value="unknown"/>
    <property name="java.library.path" value="/Users/koukaakiva/Library/Java/Extensions:/Library/Java/Extensions:/Network/Library/Java/Extensions:/System/Library/Java/Extensions:/usr/lib/java:."/>
    <property name="java.vm.info" value="mixed mode"/>
    <property name="java.vendor" value="Oracle Corporation"/>
    <property name="java.vm.version" value="25.341-b10"/>
    <property name="java.ext.dirs" value="/Users/koukaakiva/Library/Java/Extensions:/Library/Java/JavaVirtualMachines/jdk1.8.0_341.jdk/Contents/Home/jre/lib/ext:/Library/Java/Extensions:/Network/Library/Java/Extensions:/System/Library/Java/Extensions:/usr/lib/java"/>
    <property name="sun.io.unicode.encoding" value="UnicodeBig"/>
    <property name="java.class.version" value="52.0"/>
    <property name="socksNonProxyHosts" value="local|*.local|169.254/16|*.169.254/16"/>
  </properties>
  <testcase name="test_easyBot_emptyBoard" classname="com.revature.wordsaway.services.AIServiceTest" time="0"/>
  <testcase name="test_easyBot_fireball" classname="com.revature.wordsaway.services.AIServiceTest" time="0"/>
  <testcase name="test_easyBot_forceNoMove" classname="com.revature.wordsaway.services.AIServiceTest" time="0"/>
  <testcase name="test_easyBot_twentyMovesIn" classname="com.revature.wordsaway.services.AIServiceTest" time="0"/>
</testsuite>